[ 2017-06-06T08:11:16+08:00 ] ::1 /TPvideo/index.php/Home/Carton/%E5%94%8F%E9%87%8C%E5%94%8F%E9%87%8C%E5%8A%A8%E7%94%BB_%E5%8D%A1%E9%80%9A%E5%8A%A8%E6%BC%AB_files/u=4080195901,2013295905&fm=20
ERR: 非法操作:唏里唏里动画_卡通动漫_files

[ 2017-06-06T08:11:17+08:00 ] ::1 /TPvideo/index.php/Home/Carton/%E5%94%8F%E9%87%8C%E5%94%8F%E9%87%8C%E5%8A%A8%E7%94%BB_%E5%8D%A1%E9%80%9A%E5%8A%A8%E6%BC%AB_files/u=811654722,130101203&fm=20
ERR: 非法操作:唏里唏里动画_卡通动漫_files

[ 2017-06-06T08:11:17+08:00 ] ::1 /TPvideo/index.php/Home/Carton/%E5%94%8F%E9%87%8C%E5%94%8F%E9%87%8C%E5%8A%A8%E7%94%BB_%E5%8D%A1%E9%80%9A%E5%8A%A8%E6%BC%AB_files/u=1286010796,1762813222&fm=20
ERR: 非法操作:唏里唏里动画_卡通动漫_files

[ 2017-06-06T08:11:17+08:00 ] ::1 /TPvideo/index.php/Home/Carton/%E5%94%8F%E9%87%8C%E5%94%8F%E9%87%8C%E5%8A%A8%E7%94%BB_%E5%8D%A1%E9%80%9A%E5%8A%A8%E6%BC%AB_files/u=4241987513,3789419715&fm=20
ERR: 非法操作:唏里唏里动画_卡通动漫_files

[ 2017-06-06T08:11:17+08:00 ] ::1 /TPvideo/index.php/Home/Carton/%E5%94%8F%E9%87%8C%E5%94%8F%E9%87%8C%E5%8A%A8%E7%94%BB_%E5%8D%A1%E9%80%9A%E5%8A%A8%E6%BC%AB_files/u=2557811826,2007786970&fm=20
ERR: 非法操作:唏里唏里动画_卡通动漫_files

[ 2017-06-06T08:11:17+08:00 ] ::1 /TPvideo/index.php/Home/Carton/%E5%94%8F%E9%87%8C%E5%94%8F%E9%87%8C%E5%8A%A8%E7%94%BB_%E5%8D%A1%E9%80%9A%E5%8A%A8%E6%BC%AB_files/u=3986239096,2714751997&fm=20
ERR: 非法操作:唏里唏里动画_卡通动漫_files

[ 2017-06-06T08:11:17+08:00 ] ::1 /TPvideo/index.php/Home/Carton/%E5%94%8F%E9%87%8C%E5%94%8F%E9%87%8C%E5%8A%A8%E7%94%BB_%E5%8D%A1%E9%80%9A%E5%8A%A8%E6%BC%AB_files/u=1618794280,2578314300&fm=20
ERR: 非法操作:唏里唏里动画_卡通动漫_files

[ 2017-06-06T08:11:17+08:00 ] ::1 /TPvideo/index.php/Home/Carton/%E5%94%8F%E9%87%8C%E5%94%8F%E9%87%8C%E5%8A%A8%E7%94%BB_%E5%8D%A1%E9%80%9A%E5%8A%A8%E6%BC%AB_files/u=1344325322,3246165502&fm=20
ERR: 非法操作:唏里唏里动画_卡通动漫_files

[ 2017-06-06T08:11:17+08:00 ] ::1 /TPvideo/index.php/Home/Carton/%E5%94%8F%E9%87%8C%E5%94%8F%E9%87%8C%E5%8A%A8%E7%94%BB_%E5%8D%A1%E9%80%9A%E5%8A%A8%E6%BC%AB_files/u=593616858,2597100286&fm=20
ERR: 非法操作:唏里唏里动画_卡通动漫_files

[ 2017-06-06T08:11:17+08:00 ] ::1 /TPvideo/index.php/Home/Carton/%E5%94%8F%E9%87%8C%E5%94%8F%E9%87%8C%E5%8A%A8%E7%94%BB_%E5%8D%A1%E9%80%9A%E5%8A%A8%E6%BC%AB_files/u=2216158858,2922819176&fm=20
ERR: 非法操作:唏里唏里动画_卡通动漫_files

[ 2017-06-06T08:11:17+08:00 ] ::1 /TPvideo/index.php/Home/Carton/%E5%94%8F%E9%87%8C%E5%94%8F%E9%87%8C%E5%8A%A8%E7%94%BB_%E5%8D%A1%E9%80%9A%E5%8A%A8%E6%BC%AB_files/u=1493723840,2405594587&fm=20
ERR: 非法操作:唏里唏里动画_卡通动漫_files

[ 2017-06-06T08:11:17+08:00 ] ::1 /TPvideo/index.php/Home/Carton/%E5%94%8F%E9%87%8C%E5%94%8F%E9%87%8C%E5%8A%A8%E7%94%BB_%E5%8D%A1%E9%80%9A%E5%8A%A8%E6%BC%AB_files/u=783138555,3487996589&fm=20
ERR: 非法操作:唏里唏里动画_卡通动漫_files

[ 2017-06-06T08:11:17+08:00 ] ::1 /TPvideo/index.php/Home/Carton/%E5%94%8F%E9%87%8C%E5%94%8F%E9%87%8C%E5%8A%A8%E7%94%BB_%E5%8D%A1%E9%80%9A%E5%8A%A8%E6%BC%AB_files/u=2835012470,3957468117&fm=20
ERR: 非法操作:唏里唏里动画_卡通动漫_files

[ 2017-06-06T08:11:17+08:00 ] ::1 /TPvideo/index.php/Home/Carton/%E5%94%8F%E9%87%8C%E5%94%8F%E9%87%8C%E5%8A%A8%E7%94%BB_%E5%8D%A1%E9%80%9A%E5%8A%A8%E6%BC%AB_files/u=3334375866,3406600830&fm=20
ERR: 非法操作:唏里唏里动画_卡通动漫_files

[ 2017-06-06T08:11:17+08:00 ] ::1 /TPvideo/index.php/Home/Carton/%E5%94%8F%E9%87%8C%E5%94%8F%E9%87%8C%E5%8A%A8%E7%94%BB_%E5%8D%A1%E9%80%9A%E5%8A%A8%E6%BC%AB_files/u=1402296845,1515441770&fm=20
ERR: 非法操作:唏里唏里动画_卡通动漫_files

[ 2017-06-06T08:11:17+08:00 ] ::1 /TPvideo/index.php/Home/Carton/%E5%94%8F%E9%87%8C%E5%94%8F%E9%87%8C%E5%8A%A8%E7%94%BB_%E5%8D%A1%E9%80%9A%E5%8A%A8%E6%BC%AB_files/u=3839103291,3088484477&fm=20
ERR: 非法操作:唏里唏里动画_卡通动漫_files

[ 2017-06-06T08:11:17+08:00 ] ::1 /TPvideo/index.php/Home/Carton/%E5%94%8F%E9%87%8C%E5%94%8F%E9%87%8C%E5%8A%A8%E7%94%BB_%E5%8D%A1%E9%80%9A%E5%8A%A8%E6%BC%AB_files/u=924311981,2305963323&fm=20
ERR: 非法操作:唏里唏里动画_卡通动漫_files

[ 2017-06-06T08:11:17+08:00 ] ::1 /TPvideo/index.php/Home/Carton/%E5%94%8F%E9%87%8C%E5%94%8F%E9%87%8C%E5%8A%A8%E7%94%BB_%E5%8D%A1%E9%80%9A%E5%8A%A8%E6%BC%AB_files/u=466111325,46442140&fm=20
ERR: 非法操作:唏里唏里动画_卡通动漫_files

[ 2017-06-06T08:11:17+08:00 ] ::1 /TPvideo/index.php/Home/Carton/%E5%94%8F%E9%87%8C%E5%94%8F%E9%87%8C%E5%8A%A8%E7%94%BB_%E5%8D%A1%E9%80%9A%E5%8A%A8%E6%BC%AB_files/u=2372709731,1127054541&fm=20
ERR: 非法操作:唏里唏里动画_卡通动漫_files

[ 2017-06-06T08:11:17+08:00 ] ::1 /TPvideo/index.php/Home/Carton/%E5%94%8F%E9%87%8C%E5%94%8F%E9%87%8C%E5%8A%A8%E7%94%BB_%E5%8D%A1%E9%80%9A%E5%8A%A8%E6%BC%AB_files/u=1286010796,1762813222&fm=20
ERR: 非法操作:唏里唏里动画_卡通动漫_files

[ 2017-06-06T08:11:17+08:00 ] ::1 /TPvideo/index.php/Home/Carton/%E5%94%8F%E9%87%8C%E5%94%8F%E9%87%8C%E5%8A%A8%E7%94%BB_%E5%8D%A1%E9%80%9A%E5%8A%A8%E6%BC%AB_files/u=4241987513,3789419715&fm=20
ERR: 非法操作:唏里唏里动画_卡通动漫_files

[ 2017-06-06T08:11:17+08:00 ] ::1 /TPvideo/index.php/Home/Carton/%E5%94%8F%E9%87%8C%E5%94%8F%E9%87%8C%E5%8A%A8%E7%94%BB_%E5%8D%A1%E9%80%9A%E5%8A%A8%E6%BC%AB_files/u=4080195901,2013295905&fm=20
ERR: 非法操作:唏里唏里动画_卡通动漫_files

[ 2017-06-06T08:11:17+08:00 ] ::1 /TPvideo/index.php/Home/Carton/%E5%94%8F%E9%87%8C%E5%94%8F%E9%87%8C%E5%8A%A8%E7%94%BB_%E5%8D%A1%E9%80%9A%E5%8A%A8%E6%BC%AB_files/u=2557811826,2007786970&fm=20
ERR: 非法操作:唏里唏里动画_卡通动漫_files

[ 2017-06-06T08:11:17+08:00 ] ::1 /TPvideo/index.php/Home/Carton/%E5%94%8F%E9%87%8C%E5%94%8F%E9%87%8C%E5%8A%A8%E7%94%BB_%E5%8D%A1%E9%80%9A%E5%8A%A8%E6%BC%AB_files/u=811654722,130101203&fm=20
ERR: 非法操作:唏里唏里动画_卡通动漫_files

[ 2017-06-06T08:11:17+08:00 ] ::1 /TPvideo/index.php/Home/Carton/%E5%94%8F%E9%87%8C%E5%94%8F%E9%87%8C%E5%8A%A8%E7%94%BB_%E5%8D%A1%E9%80%9A%E5%8A%A8%E6%BC%AB_files/u=901004293,2058047111&fm=20
ERR: 非法操作:唏里唏里动画_卡通动漫_files

[ 2017-06-06T08:11:17+08:00 ] ::1 /TPvideo/index.php/Home/Carton/%E5%94%8F%E9%87%8C%E5%94%8F%E9%87%8C%E5%8A%A8%E7%94%BB_%E5%8D%A1%E9%80%9A%E5%8A%A8%E6%BC%AB_files/u=494003402,2545047587&fm=20
ERR: 非法操作:唏里唏里动画_卡通动漫_files

[ 2017-06-06T08:11:17+08:00 ] ::1 /TPvideo/index.php/Home/Carton/%E5%94%8F%E9%87%8C%E5%94%8F%E9%87%8C%E5%8A%A8%E7%94%BB_%E5%8D%A1%E9%80%9A%E5%8A%A8%E6%BC%AB_files/u=3530237116,3165818344&fm=20
ERR: 非法操作:唏里唏里动画_卡通动漫_files

[ 2017-06-06T08:11:17+08:00 ] ::1 /TPvideo/index.php/Home/Carton/%E5%94%8F%E9%87%8C%E5%94%8F%E9%87%8C%E5%8A%A8%E7%94%BB_%E5%8D%A1%E9%80%9A%E5%8A%A8%E6%BC%AB_files/u=633454111,3978737681&fm=20
ERR: 非法操作:唏里唏里动画_卡通动漫_files

[ 2017-06-06T08:11:17+08:00 ] ::1 /TPvideo/index.php/Home/Carton/%E5%94%8F%E9%87%8C%E5%94%8F%E9%87%8C%E5%8A%A8%E7%94%BB_%E5%8D%A1%E9%80%9A%E5%8A%A8%E6%BC%AB_files/u=3320019772,2272156840&fm=20
ERR: 非法操作:唏里唏里动画_卡通动漫_files

[ 2017-06-06T08:11:17+08:00 ] ::1 /TPvideo/index.php/Home/Carton/%E5%94%8F%E9%87%8C%E5%94%8F%E9%87%8C%E5%8A%A8%E7%94%BB_%E5%8D%A1%E9%80%9A%E5%8A%A8%E6%BC%AB_files/u=4048047381,1491292599&fm=20
ERR: 非法操作:唏里唏里动画_卡通动漫_files

[ 2017-06-06T08:11:17+08:00 ] ::1 /TPvideo/index.php/Home/Carton/%E5%94%8F%E9%87%8C%E5%94%8F%E9%87%8C%E5%8A%A8%E7%94%BB_%E5%8D%A1%E9%80%9A%E5%8A%A8%E6%BC%AB_files/u=2862545432,2436871935&fm=20
ERR: 非法操作:唏里唏里动画_卡通动漫_files

[ 2017-06-06T08:11:17+08:00 ] ::1 /TPvideo/index.php/Home/Carton/%E5%94%8F%E9%87%8C%E5%94%8F%E9%87%8C%E5%8A%A8%E7%94%BB_%E5%8D%A1%E9%80%9A%E5%8A%A8%E6%BC%AB_files/u=3306499429,3524902413&fm=20
ERR: 非法操作:唏里唏里动画_卡通动漫_files

[ 2017-06-06T08:11:17+08:00 ] ::1 /TPvideo/index.php/Home/Carton/%E5%94%8F%E9%87%8C%E5%94%8F%E9%87%8C%E5%8A%A8%E7%94%BB_%E5%8D%A1%E9%80%9A%E5%8A%A8%E6%BC%AB_files/u=4270036784,507209928&fm=20
ERR: 非法操作:唏里唏里动画_卡通动漫_files

[ 2017-06-06T08:11:17+08:00 ] ::1 /TPvideo/index.php/Home/Carton/%E5%94%8F%E9%87%8C%E5%94%8F%E9%87%8C%E5%8A%A8%E7%94%BB_%E5%8D%A1%E9%80%9A%E5%8A%A8%E6%BC%AB_files/u=3631029309,2307412310&fm=20
ERR: 非法操作:唏里唏里动画_卡通动漫_files

[ 2017-06-06T08:11:17+08:00 ] ::1 /TPvideo/index.php/Home/Carton/%E5%94%8F%E9%87%8C%E5%94%8F%E9%87%8C%E5%8A%A8%E7%94%BB_%E5%8D%A1%E9%80%9A%E5%8A%A8%E6%BC%AB_files/u=2140195506,2204143411&fm=20
ERR: 非法操作:唏里唏里动画_卡通动漫_files

[ 2017-06-06T08:11:17+08:00 ] ::1 /TPvideo/index.php/Home/Carton/%E5%94%8F%E9%87%8C%E5%94%8F%E9%87%8C%E5%8A%A8%E7%94%BB_%E5%8D%A1%E9%80%9A%E5%8A%A8%E6%BC%AB_files/u=3986239096,2714751997&fm=20
ERR: 非法操作:唏里唏里动画_卡通动漫_files

[ 2017-06-06T08:11:17+08:00 ] ::1 /TPvideo/index.php/Home/Carton/%E5%94%8F%E9%87%8C%E5%94%8F%E9%87%8C%E5%8A%A8%E7%94%BB_%E5%8D%A1%E9%80%9A%E5%8A%A8%E6%BC%AB_files/u=1618794280,2578314300&fm=20
ERR: 非法操作:唏里唏里动画_卡通动漫_files

[ 2017-06-06T08:36:01+08:00 ] ::1 /TPvideo/index.php/Home/Carton/%E5%94%8F%E9%87%8C%E5%94%8F%E9%87%8C%E5%8A%A8%E7%94%BB_%E5%8D%A1%E9%80%9A%E5%8A%A8%E6%BC%AB_files/u=2557811826,2007786970&fm=20
ERR: 非法操作:唏里唏里动画_卡通动漫_files

[ 2017-06-06T08:36:01+08:00 ] ::1 /TPvideo/index.php/Home/Carton/%E5%94%8F%E9%87%8C%E5%94%8F%E9%87%8C%E5%8A%A8%E7%94%BB_%E5%8D%A1%E9%80%9A%E5%8A%A8%E6%BC%AB_files/u=4080195901,2013295905&fm=20
ERR: 非法操作:唏里唏里动画_卡通动漫_files

[ 2017-06-06T08:36:01+08:00 ] ::1 /TPvideo/index.php/Home/Carton/%E5%94%8F%E9%87%8C%E5%94%8F%E9%87%8C%E5%8A%A8%E7%94%BB_%E5%8D%A1%E9%80%9A%E5%8A%A8%E6%BC%AB_files/u=811654722,130101203&fm=20
ERR: 非法操作:唏里唏里动画_卡通动漫_files

[ 2017-06-06T08:36:01+08:00 ] ::1 /TPvideo/index.php/Home/Carton/%E5%94%8F%E9%87%8C%E5%94%8F%E9%87%8C%E5%8A%A8%E7%94%BB_%E5%8D%A1%E9%80%9A%E5%8A%A8%E6%BC%AB_files/u=1286010796,1762813222&fm=20
ERR: 非法操作:唏里唏里动画_卡通动漫_files

[ 2017-06-06T08:36:01+08:00 ] ::1 /TPvideo/index.php/Home/Carton/%E5%94%8F%E9%87%8C%E5%94%8F%E9%87%8C%E5%8A%A8%E7%94%BB_%E5%8D%A1%E9%80%9A%E5%8A%A8%E6%BC%AB_files/u=3986239096,2714751997&fm=20
ERR: 非法操作:唏里唏里动画_卡通动漫_files

[ 2017-06-06T08:36:01+08:00 ] ::1 /TPvideo/index.php/Home/Carton/%E5%94%8F%E9%87%8C%E5%94%8F%E9%87%8C%E5%8A%A8%E7%94%BB_%E5%8D%A1%E9%80%9A%E5%8A%A8%E6%BC%AB_files/u=4241987513,3789419715&fm=20
ERR: 非法操作:唏里唏里动画_卡通动漫_files

[ 2017-06-06T08:36:01+08:00 ] ::1 /TPvideo/index.php/Home/Carton/%E5%94%8F%E9%87%8C%E5%94%8F%E9%87%8C%E5%8A%A8%E7%94%BB_%E5%8D%A1%E9%80%9A%E5%8A%A8%E6%BC%AB_files/u=593616858,2597100286&fm=20
ERR: 非法操作:唏里唏里动画_卡通动漫_files

[ 2017-06-06T08:36:01+08:00 ] ::1 /TPvideo/index.php/Home/Carton/%E5%94%8F%E9%87%8C%E5%94%8F%E9%87%8C%E5%8A%A8%E7%94%BB_%E5%8D%A1%E9%80%9A%E5%8A%A8%E6%BC%AB_files/u=1618794280,2578314300&fm=20
ERR: 非法操作:唏里唏里动画_卡通动漫_files

[ 2017-06-06T08:36:01+08:00 ] ::1 /TPvideo/index.php/Home/Carton/%E5%94%8F%E9%87%8C%E5%94%8F%E9%87%8C%E5%8A%A8%E7%94%BB_%E5%8D%A1%E9%80%9A%E5%8A%A8%E6%BC%AB_files/u=2216158858,2922819176&fm=20
ERR: 非法操作:唏里唏里动画_卡通动漫_files

[ 2017-06-06T08:36:01+08:00 ] ::1 /TPvideo/index.php/Home/Carton/%E5%94%8F%E9%87%8C%E5%94%8F%E9%87%8C%E5%8A%A8%E7%94%BB_%E5%8D%A1%E9%80%9A%E5%8A%A8%E6%BC%AB_files/u=1344325322,3246165502&fm=20
ERR: 非法操作:唏里唏里动画_卡通动漫_files

[ 2017-06-06T08:36:01+08:00 ] ::1 /TPvideo/index.php/Home/Carton/%E5%94%8F%E9%87%8C%E5%94%8F%E9%87%8C%E5%8A%A8%E7%94%BB_%E5%8D%A1%E9%80%9A%E5%8A%A8%E6%BC%AB_files/u=1493723840,2405594587&fm=20
ERR: 非法操作:唏里唏里动画_卡通动漫_files

[ 2017-06-06T08:36:01+08:00 ] ::1 /TPvideo/index.php/Home/Carton/%E5%94%8F%E9%87%8C%E5%94%8F%E9%87%8C%E5%8A%A8%E7%94%BB_%E5%8D%A1%E9%80%9A%E5%8A%A8%E6%BC%AB_files/u=811654722,130101203&fm=20
ERR: 非法操作:唏里唏里动画_卡通动漫_files

[ 2017-06-06T08:36:01+08:00 ] ::1 /TPvideo/index.php/Home/Carton/%E5%94%8F%E9%87%8C%E5%94%8F%E9%87%8C%E5%8A%A8%E7%94%BB_%E5%8D%A1%E9%80%9A%E5%8A%A8%E6%BC%AB_files/u=4080195901,2013295905&fm=20
ERR: 非法操作:唏里唏里动画_卡通动漫_files

[ 2017-06-06T08:36:01+08:00 ] ::1 /TPvideo/index.php/Home/Carton/%E5%94%8F%E9%87%8C%E5%94%8F%E9%87%8C%E5%8A%A8%E7%94%BB_%E5%8D%A1%E9%80%9A%E5%8A%A8%E6%BC%AB_files/u=783138555,3487996589&fm=20
ERR: 非法操作:唏里唏里动画_卡通动漫_files

[ 2017-06-06T08:36:01+08:00 ] ::1 /TPvideo/index.php/Home/Carton/%E5%94%8F%E9%87%8C%E5%94%8F%E9%87%8C%E5%8A%A8%E7%94%BB_%E5%8D%A1%E9%80%9A%E5%8A%A8%E6%BC%AB_files/u=2557811826,2007786970&fm=20
ERR: 非法操作:唏里唏里动画_卡通动漫_files

[ 2017-06-06T08:36:01+08:00 ] ::1 /TPvideo/index.php/Home/Carton/%E5%94%8F%E9%87%8C%E5%94%8F%E9%87%8C%E5%8A%A8%E7%94%BB_%E5%8D%A1%E9%80%9A%E5%8A%A8%E6%BC%AB_files/u=3334375866,3406600830&fm=20
ERR: 非法操作:唏里唏里动画_卡通动漫_files

[ 2017-06-06T08:36:01+08:00 ] ::1 /TPvideo/index.php/Home/Carton/%E5%94%8F%E9%87%8C%E5%94%8F%E9%87%8C%E5%8A%A8%E7%94%BB_%E5%8D%A1%E9%80%9A%E5%8A%A8%E6%BC%AB_files/u=1402296845,1515441770&fm=20
ERR: 非法操作:唏里唏里动画_卡通动漫_files

[ 2017-06-06T08:36:01+08:00 ] ::1 /TPvideo/index.php/Home/Carton/%E5%94%8F%E9%87%8C%E5%94%8F%E9%87%8C%E5%8A%A8%E7%94%BB_%E5%8D%A1%E9%80%9A%E5%8A%A8%E6%BC%AB_files/u=2835012470,3957468117&fm=20
ERR: 非法操作:唏里唏里动画_卡通动漫_files

[ 2017-06-06T08:36:01+08:00 ] ::1 /TPvideo/index.php/Home/Carton/%E5%94%8F%E9%87%8C%E5%94%8F%E9%87%8C%E5%8A%A8%E7%94%BB_%E5%8D%A1%E9%80%9A%E5%8A%A8%E6%BC%AB_files/u=466111325,46442140&fm=20
ERR: 非法操作:唏里唏里动画_卡通动漫_files

[ 2017-06-06T08:36:01+08:00 ] ::1 /TPvideo/index.php/Home/Carton/%E5%94%8F%E9%87%8C%E5%94%8F%E9%87%8C%E5%8A%A8%E7%94%BB_%E5%8D%A1%E9%80%9A%E5%8A%A8%E6%BC%AB_files/u=924311981,2305963323&fm=20
ERR: 非法操作:唏里唏里动画_卡通动漫_files

[ 2017-06-06T08:36:01+08:00 ] ::1 /TPvideo/index.php/Home/Carton/%E5%94%8F%E9%87%8C%E5%94%8F%E9%87%8C%E5%8A%A8%E7%94%BB_%E5%8D%A1%E9%80%9A%E5%8A%A8%E6%BC%AB_files/u=3839103291,3088484477&fm=20
ERR: 非法操作:唏里唏里动画_卡通动漫_files

[ 2017-06-06T08:36:01+08:00 ] ::1 /TPvideo/index.php/Home/Carton/%E5%94%8F%E9%87%8C%E5%94%8F%E9%87%8C%E5%8A%A8%E7%94%BB_%E5%8D%A1%E9%80%9A%E5%8A%A8%E6%BC%AB_files/u=901004293,2058047111&fm=20
ERR: 非法操作:唏里唏里动画_卡通动漫_files

[ 2017-06-06T08:36:01+08:00 ] ::1 /TPvideo/index.php/Home/Carton/%E5%94%8F%E9%87%8C%E5%94%8F%E9%87%8C%E5%8A%A8%E7%94%BB_%E5%8D%A1%E9%80%9A%E5%8A%A8%E6%BC%AB_files/u=494003402,2545047587&fm=20
ERR: 非法操作:唏里唏里动画_卡通动漫_files

[ 2017-06-06T08:36:01+08:00 ] ::1 /TPvideo/index.php/Home/Carton/%E5%94%8F%E9%87%8C%E5%94%8F%E9%87%8C%E5%8A%A8%E7%94%BB_%E5%8D%A1%E9%80%9A%E5%8A%A8%E6%BC%AB_files/u=3530237116,3165818344&fm=20
ERR: 非法操作:唏里唏里动画_卡通动漫_files

[ 2017-06-06T08:36:01+08:00 ] ::1 /TPvideo/index.php/Home/Carton/%E5%94%8F%E9%87%8C%E5%94%8F%E9%87%8C%E5%8A%A8%E7%94%BB_%E5%8D%A1%E9%80%9A%E5%8A%A8%E6%BC%AB_files/u=633454111,3978737681&fm=20
ERR: 非法操作:唏里唏里动画_卡通动漫_files

[ 2017-06-06T08:36:01+08:00 ] ::1 /TPvideo/index.php/Home/Carton/%E5%94%8F%E9%87%8C%E5%94%8F%E9%87%8C%E5%8A%A8%E7%94%BB_%E5%8D%A1%E9%80%9A%E5%8A%A8%E6%BC%AB_files/u=2372709731,1127054541&fm=20
ERR: 非法操作:唏里唏里动画_卡通动漫_files

[ 2017-06-06T08:36:01+08:00 ] ::1 /TPvideo/index.php/Home/Carton/%E5%94%8F%E9%87%8C%E5%94%8F%E9%87%8C%E5%8A%A8%E7%94%BB_%E5%8D%A1%E9%80%9A%E5%8A%A8%E6%BC%AB_files/u=4048047381,1491292599&fm=20
ERR: 非法操作:唏里唏里动画_卡通动漫_files

[ 2017-06-06T08:36:01+08:00 ] ::1 /TPvideo/index.php/Home/Carton/%E5%94%8F%E9%87%8C%E5%94%8F%E9%87%8C%E5%8A%A8%E7%94%BB_%E5%8D%A1%E9%80%9A%E5%8A%A8%E6%BC%AB_files/u=4270036784,507209928&fm=20
ERR: 非法操作:唏里唏里动画_卡通动漫_files

[ 2017-06-06T08:36:01+08:00 ] ::1 /TPvideo/index.php/Home/Carton/%E5%94%8F%E9%87%8C%E5%94%8F%E9%87%8C%E5%8A%A8%E7%94%BB_%E5%8D%A1%E9%80%9A%E5%8A%A8%E6%BC%AB_files/u=3320019772,2272156840&fm=20
ERR: 非法操作:唏里唏里动画_卡通动漫_files

[ 2017-06-06T08:36:01+08:00 ] ::1 /TPvideo/index.php/Home/Carton/%E5%94%8F%E9%87%8C%E5%94%8F%E9%87%8C%E5%8A%A8%E7%94%BB_%E5%8D%A1%E9%80%9A%E5%8A%A8%E6%BC%AB_files/u=2862545432,2436871935&fm=20
ERR: 非法操作:唏里唏里动画_卡通动漫_files

[ 2017-06-06T08:36:01+08:00 ] ::1 /TPvideo/index.php/Home/Carton/%E5%94%8F%E9%87%8C%E5%94%8F%E9%87%8C%E5%8A%A8%E7%94%BB_%E5%8D%A1%E9%80%9A%E5%8A%A8%E6%BC%AB_files/u=3631029309,2307412310&fm=20
ERR: 非法操作:唏里唏里动画_卡通动漫_files

[ 2017-06-06T08:36:01+08:00 ] ::1 /TPvideo/index.php/Home/Carton/%E5%94%8F%E9%87%8C%E5%94%8F%E9%87%8C%E5%8A%A8%E7%94%BB_%E5%8D%A1%E9%80%9A%E5%8A%A8%E6%BC%AB_files/u=3306499429,3524902413&fm=20
ERR: 非法操作:唏里唏里动画_卡通动漫_files

[ 2017-06-06T08:36:01+08:00 ] ::1 /TPvideo/index.php/Home/Carton/%E5%94%8F%E9%87%8C%E5%94%8F%E9%87%8C%E5%8A%A8%E7%94%BB_%E5%8D%A1%E9%80%9A%E5%8A%A8%E6%BC%AB_files/u=2140195506,2204143411&fm=20
ERR: 非法操作:唏里唏里动画_卡通动漫_files

[ 2017-06-06T09:27:48+08:00 ] ::1 /TPvideo/index.php/Home/Index/index.html
ERR: 1146:Table 'video_web.film' doesn't exist
 [ SQL语句 ] : SHOW COLUMNS FROM `film`

[ 2017-06-06T09:28:25+08:00 ] ::1 /TPvideo/index.php/Home/Index/index.html
ERR: Syntax Error in template "./Template/default/Home\Index\index.html"  on line 311 "{foreach}" missing "from" attribute

[ 2017-06-06T09:45:02+08:00 ] ::1 /TPvideo/index.php/Home/Index/index.html
ERR: Syntax Error in template "./Template/default/Home\Index\index.html"  on line 599 "&lt;/html&gt;" unclosed {foreach} tag

[ 2017-06-06T18:50:58+08:00 ] ::1 /TPvideo/index.php/Home/Carton/%E5%94%8F%E9%87%8C%E5%94%8F%E9%87%8C%E5%8A%A8%E7%94%BB_%E5%8D%A1%E9%80%9A%E5%8A%A8%E6%BC%AB_files/u=4080195901,2013295905&fm=20
ERR: 非法操作:唏里唏里动画_卡通动漫_files

[ 2017-06-06T18:50:58+08:00 ] ::1 /TPvideo/index.php/Home/Carton/%E5%94%8F%E9%87%8C%E5%94%8F%E9%87%8C%E5%8A%A8%E7%94%BB_%E5%8D%A1%E9%80%9A%E5%8A%A8%E6%BC%AB_files/u=811654722,130101203&fm=20
ERR: 非法操作:唏里唏里动画_卡通动漫_files

[ 2017-06-06T18:50:58+08:00 ] ::1 /TPvideo/index.php/Home/Carton/%E5%94%8F%E9%87%8C%E5%94%8F%E9%87%8C%E5%8A%A8%E7%94%BB_%E5%8D%A1%E9%80%9A%E5%8A%A8%E6%BC%AB_files/u=4241987513,3789419715&fm=20
ERR: 非法操作:唏里唏里动画_卡通动漫_files

[ 2017-06-06T18:50:58+08:00 ] ::1 /TPvideo/index.php/Home/Carton/%E5%94%8F%E9%87%8C%E5%94%8F%E9%87%8C%E5%8A%A8%E7%94%BB_%E5%8D%A1%E9%80%9A%E5%8A%A8%E6%BC%AB_files/u=1286010796,1762813222&fm=20
ERR: 非法操作:唏里唏里动画_卡通动漫_files

[ 2017-06-06T18:50:58+08:00 ] ::1 /TPvideo/index.php/Home/Carton/%E5%94%8F%E9%87%8C%E5%94%8F%E9%87%8C%E5%8A%A8%E7%94%BB_%E5%8D%A1%E9%80%9A%E5%8A%A8%E6%BC%AB_files/u=3986239096,2714751997&fm=20
ERR: 非法操作:唏里唏里动画_卡通动漫_files

[ 2017-06-06T18:50:58+08:00 ] ::1 /TPvideo/index.php/Home/Carton/%E5%94%8F%E9%87%8C%E5%94%8F%E9%87%8C%E5%8A%A8%E7%94%BB_%E5%8D%A1%E9%80%9A%E5%8A%A8%E6%BC%AB_files/u=2557811826,2007786970&fm=20
ERR: 非法操作:唏里唏里动画_卡通动漫_files

[ 2017-06-06T18:50:58+08:00 ] ::1 /TPvideo/index.php/Home/Carton/%E5%94%8F%E9%87%8C%E5%94%8F%E9%87%8C%E5%8A%A8%E7%94%BB_%E5%8D%A1%E9%80%9A%E5%8A%A8%E6%BC%AB_files/u=1618794280,2578314300&fm=20
ERR: 非法操作:唏里唏里动画_卡通动漫_files

[ 2017-06-06T18:50:58+08:00 ] ::1 /TPvideo/index.php/Home/Carton/%E5%94%8F%E9%87%8C%E5%94%8F%E9%87%8C%E5%8A%A8%E7%94%BB_%E5%8D%A1%E9%80%9A%E5%8A%A8%E6%BC%AB_files/u=593616858,2597100286&fm=20
ERR: 非法操作:唏里唏里动画_卡通动漫_files

[ 2017-06-06T18:50:58+08:00 ] ::1 /TPvideo/index.php/Home/Carton/%E5%94%8F%E9%87%8C%E5%94%8F%E9%87%8C%E5%8A%A8%E7%94%BB_%E5%8D%A1%E9%80%9A%E5%8A%A8%E6%BC%AB_files/u=2216158858,2922819176&fm=20
ERR: 非法操作:唏里唏里动画_卡通动漫_files

[ 2017-06-06T18:50:58+08:00 ] ::1 /TPvideo/index.php/Home/Carton/%E5%94%8F%E9%87%8C%E5%94%8F%E9%87%8C%E5%8A%A8%E7%94%BB_%E5%8D%A1%E9%80%9A%E5%8A%A8%E6%BC%AB_files/u=1344325322,3246165502&fm=20
ERR: 非法操作:唏里唏里动画_卡通动漫_files

[ 2017-06-06T18:50:58+08:00 ] ::1 /TPvideo/index.php/Home/Carton/%E5%94%8F%E9%87%8C%E5%94%8F%E9%87%8C%E5%8A%A8%E7%94%BB_%E5%8D%A1%E9%80%9A%E5%8A%A8%E6%BC%AB_files/u=1493723840,2405594587&fm=20
ERR: 非法操作:唏里唏里动画_卡通动漫_files

[ 2017-06-06T18:50:58+08:00 ] ::1 /TPvideo/index.php/Home/Carton/%E5%94%8F%E9%87%8C%E5%94%8F%E9%87%8C%E5%8A%A8%E7%94%BB_%E5%8D%A1%E9%80%9A%E5%8A%A8%E6%BC%AB_files/u=3334375866,3406600830&fm=20
ERR: 非法操作:唏里唏里动画_卡通动漫_files

[ 2017-06-06T18:50:58+08:00 ] ::1 /TPvideo/index.php/Home/Carton/%E5%94%8F%E9%87%8C%E5%94%8F%E9%87%8C%E5%8A%A8%E7%94%BB_%E5%8D%A1%E9%80%9A%E5%8A%A8%E6%BC%AB_files/u=783138555,3487996589&fm=20
ERR: 非法操作:唏里唏里动画_卡通动漫_files

[ 2017-06-06T18:50:58+08:00 ] ::1 /TPvideo/index.php/Home/Carton/%E5%94%8F%E9%87%8C%E5%94%8F%E9%87%8C%E5%8A%A8%E7%94%BB_%E5%8D%A1%E9%80%9A%E5%8A%A8%E6%BC%AB_files/u=2835012470,3957468117&fm=20
ERR: 非法操作:唏里唏里动画_卡通动漫_files

[ 2017-06-06T18:50:58+08:00 ] ::1 /TPvideo/index.php/Home/Carton/%E5%94%8F%E9%87%8C%E5%94%8F%E9%87%8C%E5%8A%A8%E7%94%BB_%E5%8D%A1%E9%80%9A%E5%8A%A8%E6%BC%AB_files/u=1402296845,1515441770&fm=20
ERR: 非法操作:唏里唏里动画_卡通动漫_files

[ 2017-06-06T18:50:58+08:00 ] ::1 /TPvideo/index.php/Home/Carton/%E5%94%8F%E9%87%8C%E5%94%8F%E9%87%8C%E5%8A%A8%E7%94%BB_%E5%8D%A1%E9%80%9A%E5%8A%A8%E6%BC%AB_files/u=466111325,46442140&fm=20
ERR: 非法操作:唏里唏里动画_卡通动漫_files

[ 2017-06-06T18:50:58+08:00 ] ::1 /TPvideo/index.php/Home/Carton/%E5%94%8F%E9%87%8C%E5%94%8F%E9%87%8C%E5%8A%A8%E7%94%BB_%E5%8D%A1%E9%80%9A%E5%8A%A8%E6%BC%AB_files/u=924311981,2305963323&fm=20
ERR: 非法操作:唏里唏里动画_卡通动漫_files

[ 2017-06-06T18:50:58+08:00 ] ::1 /TPvideo/index.php/Home/Carton/%E5%94%8F%E9%87%8C%E5%94%8F%E9%87%8C%E5%8A%A8%E7%94%BB_%E5%8D%A1%E9%80%9A%E5%8A%A8%E6%BC%AB_files/u=3839103291,3088484477&fm=20
ERR: 非法操作:唏里唏里动画_卡通动漫_files

[ 2017-06-06T18:50:58+08:00 ] ::1 /TPvideo/index.php/Home/Carton/%E5%94%8F%E9%87%8C%E5%94%8F%E9%87%8C%E5%8A%A8%E7%94%BB_%E5%8D%A1%E9%80%9A%E5%8A%A8%E6%BC%AB_files/u=811654722,130101203&fm=20
ERR: 非法操作:唏里唏里动画_卡通动漫_files

[ 2017-06-06T18:50:58+08:00 ] ::1 /TPvideo/index.php/Home/Carton/%E5%94%8F%E9%87%8C%E5%94%8F%E9%87%8C%E5%8A%A8%E7%94%BB_%E5%8D%A1%E9%80%9A%E5%8A%A8%E6%BC%AB_files/u=4241987513,3789419715&fm=20
ERR: 非法操作:唏里唏里动画_卡通动漫_files

[ 2017-06-06T18:50:58+08:00 ] ::1 /TPvideo/index.php/Home/Carton/%E5%94%8F%E9%87%8C%E5%94%8F%E9%87%8C%E5%8A%A8%E7%94%BB_%E5%8D%A1%E9%80%9A%E5%8A%A8%E6%BC%AB_files/u=4080195901,2013295905&fm=20
ERR: 非法操作:唏里唏里动画_卡通动漫_files

[ 2017-06-06T18:50:58+08:00 ] ::1 /TPvideo/index.php/Home/Carton/%E5%94%8F%E9%87%8C%E5%94%8F%E9%87%8C%E5%8A%A8%E7%94%BB_%E5%8D%A1%E9%80%9A%E5%8A%A8%E6%BC%AB_files/u=1286010796,1762813222&fm=20
ERR: 非法操作:唏里唏里动画_卡通动漫_files

[ 2017-06-06T18:50:58+08:00 ] ::1 /TPvideo/index.php/Home/Carton/%E5%94%8F%E9%87%8C%E5%94%8F%E9%87%8C%E5%8A%A8%E7%94%BB_%E5%8D%A1%E9%80%9A%E5%8A%A8%E6%BC%AB_files/u=2372709731,1127054541&fm=20
ERR: 非法操作:唏里唏里动画_卡通动漫_files

[ 2017-06-06T18:50:58+08:00 ] ::1 /TPvideo/index.php/Home/Carton/%E5%94%8F%E9%87%8C%E5%94%8F%E9%87%8C%E5%8A%A8%E7%94%BB_%E5%8D%A1%E9%80%9A%E5%8A%A8%E6%BC%AB_files/u=901004293,2058047111&fm=20
ERR: 非法操作:唏里唏里动画_卡通动漫_files

[ 2017-06-06T18:50:58+08:00 ] ::1 /TPvideo/index.php/Home/Carton/%E5%94%8F%E9%87%8C%E5%94%8F%E9%87%8C%E5%8A%A8%E7%94%BB_%E5%8D%A1%E9%80%9A%E5%8A%A8%E6%BC%AB_files/u=3320019772,2272156840&fm=20
ERR: 非法操作:唏里唏里动画_卡通动漫_files

[ 2017-06-06T18:50:58+08:00 ] ::1 /TPvideo/index.php/Home/Carton/%E5%94%8F%E9%87%8C%E5%94%8F%E9%87%8C%E5%8A%A8%E7%94%BB_%E5%8D%A1%E9%80%9A%E5%8A%A8%E6%BC%AB_files/u=494003402,2545047587&fm=20
ERR: 非法操作:唏里唏里动画_卡通动漫_files

[ 2017-06-06T18:50:58+08:00 ] ::1 /TPvideo/index.php/Home/Carton/%E5%94%8F%E9%87%8C%E5%94%8F%E9%87%8C%E5%8A%A8%E7%94%BB_%E5%8D%A1%E9%80%9A%E5%8A%A8%E6%BC%AB_files/u=633454111,3978737681&fm=20
ERR: 非法操作:唏里唏里动画_卡通动漫_files

[ 2017-06-06T18:50:58+08:00 ] ::1 /TPvideo/index.php/Home/Carton/%E5%94%8F%E9%87%8C%E5%94%8F%E9%87%8C%E5%8A%A8%E7%94%BB_%E5%8D%A1%E9%80%9A%E5%8A%A8%E6%BC%AB_files/u=4270036784,507209928&fm=20
ERR: 非法操作:唏里唏里动画_卡通动漫_files

[ 2017-06-06T18:50:58+08:00 ] ::1 /TPvideo/index.php/Home/Carton/%E5%94%8F%E9%87%8C%E5%94%8F%E9%87%8C%E5%8A%A8%E7%94%BB_%E5%8D%A1%E9%80%9A%E5%8A%A8%E6%BC%AB_files/u=3530237116,3165818344&fm=20
ERR: 非法操作:唏里唏里动画_卡通动漫_files

[ 2017-06-06T18:50:58+08:00 ] ::1 /TPvideo/index.php/Home/Carton/%E5%94%8F%E9%87%8C%E5%94%8F%E9%87%8C%E5%8A%A8%E7%94%BB_%E5%8D%A1%E9%80%9A%E5%8A%A8%E6%BC%AB_files/u=4048047381,1491292599&fm=20
ERR: 非法操作:唏里唏里动画_卡通动漫_files

[ 2017-06-06T18:50:58+08:00 ] ::1 /TPvideo/index.php/Home/Carton/%E5%94%8F%E9%87%8C%E5%94%8F%E9%87%8C%E5%8A%A8%E7%94%BB_%E5%8D%A1%E9%80%9A%E5%8A%A8%E6%BC%AB_files/u=2862545432,2436871935&fm=20
ERR: 非法操作:唏里唏里动画_卡通动漫_files

[ 2017-06-06T18:50:58+08:00 ] ::1 /TPvideo/index.php/Home/Carton/%E5%94%8F%E9%87%8C%E5%94%8F%E9%87%8C%E5%8A%A8%E7%94%BB_%E5%8D%A1%E9%80%9A%E5%8A%A8%E6%BC%AB_files/u=3306499429,3524902413&fm=20
ERR: 非法操作:唏里唏里动画_卡通动漫_files

[ 2017-06-06T18:50:58+08:00 ] ::1 /TPvideo/index.php/Home/Carton/%E5%94%8F%E9%87%8C%E5%94%8F%E9%87%8C%E5%8A%A8%E7%94%BB_%E5%8D%A1%E9%80%9A%E5%8A%A8%E6%BC%AB_files/u=2140195506,2204143411&fm=20
ERR: 非法操作:唏里唏里动画_卡通动漫_files

[ 2017-06-06T18:50:58+08:00 ] ::1 /TPvideo/index.php/Home/Carton/%E5%94%8F%E9%87%8C%E5%94%8F%E9%87%8C%E5%8A%A8%E7%94%BB_%E5%8D%A1%E9%80%9A%E5%8A%A8%E6%BC%AB_files/u=3631029309,2307412310&fm=20
ERR: 非法操作:唏里唏里动画_卡通动漫_files

[ 2017-06-06T23:06:11+08:00 ] ::1 /TPvideo/index.php/Home/Carton/%E5%94%8F%E9%87%8C%E5%94%8F%E9%87%8C%E5%8A%A8%E7%94%BB_%E5%8D%A1%E9%80%9A%E5%8A%A8%E6%BC%AB_files/u=811654722,130101203&fm=20
ERR: 非法操作:唏里唏里动画_卡通动漫_files

[ 2017-06-06T23:06:11+08:00 ] ::1 /TPvideo/index.php/Home/Carton/%E5%94%8F%E9%87%8C%E5%94%8F%E9%87%8C%E5%8A%A8%E7%94%BB_%E5%8D%A1%E9%80%9A%E5%8A%A8%E6%BC%AB_files/u=4080195901,2013295905&fm=20
ERR: 非法操作:唏里唏里动画_卡通动漫_files

[ 2017-06-06T23:06:11+08:00 ] ::1 /TPvideo/index.php/Home/Carton/%E5%94%8F%E9%87%8C%E5%94%8F%E9%87%8C%E5%8A%A8%E7%94%BB_%E5%8D%A1%E9%80%9A%E5%8A%A8%E6%BC%AB_files/u=1286010796,1762813222&fm=20
ERR: 非法操作:唏里唏里动画_卡通动漫_files

[ 2017-06-06T23:06:11+08:00 ] ::1 /TPvideo/index.php/Home/Carton/%E5%94%8F%E9%87%8C%E5%94%8F%E9%87%8C%E5%8A%A8%E7%94%BB_%E5%8D%A1%E9%80%9A%E5%8A%A8%E6%BC%AB_files/u=3986239096,2714751997&fm=20
ERR: 非法操作:唏里唏里动画_卡通动漫_files

[ 2017-06-06T23:06:11+08:00 ] ::1 /TPvideo/index.php/Home/Carton/%E5%94%8F%E9%87%8C%E5%94%8F%E9%87%8C%E5%8A%A8%E7%94%BB_%E5%8D%A1%E9%80%9A%E5%8A%A8%E6%BC%AB_files/u=4241987513,3789419715&fm=20
ERR: 非法操作:唏里唏里动画_卡通动漫_files

[ 2017-06-06T23:06:11+08:00 ] ::1 /TPvideo/index.php/Home/Carton/%E5%94%8F%E9%87%8C%E5%94%8F%E9%87%8C%E5%8A%A8%E7%94%BB_%E5%8D%A1%E9%80%9A%E5%8A%A8%E6%BC%AB_files/u=2557811826,2007786970&fm=20
ERR: 非法操作:唏里唏里动画_卡通动漫_files

[ 2017-06-06T23:06:11+08:00 ] ::1 /TPvideo/index.php/Home/Carton/%E5%94%8F%E9%87%8C%E5%94%8F%E9%87%8C%E5%8A%A8%E7%94%BB_%E5%8D%A1%E9%80%9A%E5%8A%A8%E6%BC%AB_files/u=1618794280,2578314300&fm=20
ERR: 非法操作:唏里唏里动画_卡通动漫_files

[ 2017-06-06T23:06:11+08:00 ] ::1 /TPvideo/index.php/Home/Carton/%E5%94%8F%E9%87%8C%E5%94%8F%E9%87%8C%E5%8A%A8%E7%94%BB_%E5%8D%A1%E9%80%9A%E5%8A%A8%E6%BC%AB_files/u=593616858,2597100286&fm=20
ERR: 非法操作:唏里唏里动画_卡通动漫_files

[ 2017-06-06T23:06:11+08:00 ] ::1 /TPvideo/index.php/Home/Carton/%E5%94%8F%E9%87%8C%E5%94%8F%E9%87%8C%E5%8A%A8%E7%94%BB_%E5%8D%A1%E9%80%9A%E5%8A%A8%E6%BC%AB_files/u=1344325322,3246165502&fm=20
ERR: 非法操作:唏里唏里动画_卡通动漫_files

[ 2017-06-06T23:06:11+08:00 ] ::1 /TPvideo/index.php/Home/Carton/%E5%94%8F%E9%87%8C%E5%94%8F%E9%87%8C%E5%8A%A8%E7%94%BB_%E5%8D%A1%E9%80%9A%E5%8A%A8%E6%BC%AB_files/u=2216158858,2922819176&fm=20
ERR: 非法操作:唏里唏里动画_卡通动漫_files

[ 2017-06-06T23:06:11+08:00 ] ::1 /TPvideo/index.php/Home/Carton/%E5%94%8F%E9%87%8C%E5%94%8F%E9%87%8C%E5%8A%A8%E7%94%BB_%E5%8D%A1%E9%80%9A%E5%8A%A8%E6%BC%AB_files/u=1493723840,2405594587&fm=20
ERR: 非法操作:唏里唏里动画_卡通动漫_files

[ 2017-06-06T23:06:11+08:00 ] ::1 /TPvideo/index.php/Home/Carton/%E5%94%8F%E9%87%8C%E5%94%8F%E9%87%8C%E5%8A%A8%E7%94%BB_%E5%8D%A1%E9%80%9A%E5%8A%A8%E6%BC%AB_files/u=783138555,3487996589&fm=20
ERR: 非法操作:唏里唏里动画_卡通动漫_files

[ 2017-06-06T23:06:11+08:00 ] ::1 /TPvideo/index.php/Home/Carton/%E5%94%8F%E9%87%8C%E5%94%8F%E9%87%8C%E5%8A%A8%E7%94%BB_%E5%8D%A1%E9%80%9A%E5%8A%A8%E6%BC%AB_files/u=924311981,2305963323&fm=20
ERR: 非法操作:唏里唏里动画_卡通动漫_files

[ 2017-06-06T23:06:11+08:00 ] ::1 /TPvideo/index.php/Home/Carton/%E5%94%8F%E9%87%8C%E5%94%8F%E9%87%8C%E5%8A%A8%E7%94%BB_%E5%8D%A1%E9%80%9A%E5%8A%A8%E6%BC%AB_files/u=3334375866,3406600830&fm=20
ERR: 非法操作:唏里唏里动画_卡通动漫_files

[ 2017-06-06T23:06:11+08:00 ] ::1 /TPvideo/index.php/Home/Carton/%E5%94%8F%E9%87%8C%E5%94%8F%E9%87%8C%E5%8A%A8%E7%94%BB_%E5%8D%A1%E9%80%9A%E5%8A%A8%E6%BC%AB_files/u=3839103291,3088484477&fm=20
ERR: 非法操作:唏里唏里动画_卡通动漫_files

[ 2017-06-06T23:06:11+08:00 ] ::1 /TPvideo/index.php/Home/Carton/%E5%94%8F%E9%87%8C%E5%94%8F%E9%87%8C%E5%8A%A8%E7%94%BB_%E5%8D%A1%E9%80%9A%E5%8A%A8%E6%BC%AB_files/u=1402296845,1515441770&fm=20
ERR: 非法操作:唏里唏里动画_卡通动漫_files

[ 2017-06-06T23:06:11+08:00 ] ::1 /TPvideo/index.php/Home/Carton/%E5%94%8F%E9%87%8C%E5%94%8F%E9%87%8C%E5%8A%A8%E7%94%BB_%E5%8D%A1%E9%80%9A%E5%8A%A8%E6%BC%AB_files/u=466111325,46442140&fm=20
ERR: 非法操作:唏里唏里动画_卡通动漫_files

[ 2017-06-06T23:06:11+08:00 ] ::1 /TPvideo/index.php/Home/Carton/%E5%94%8F%E9%87%8C%E5%94%8F%E9%87%8C%E5%8A%A8%E7%94%BB_%E5%8D%A1%E9%80%9A%E5%8A%A8%E6%BC%AB_files/u=2835012470,3957468117&fm=20
ERR: 非法操作:唏里唏里动画_卡通动漫_files

[ 2017-06-06T23:06:11+08:00 ] ::1 /TPvideo/index.php/Home/Carton/%E5%94%8F%E9%87%8C%E5%94%8F%E9%87%8C%E5%8A%A8%E7%94%BB_%E5%8D%A1%E9%80%9A%E5%8A%A8%E6%BC%AB_files/u=2372709731,1127054541&fm=20
ERR: 非法操作:唏里唏里动画_卡通动漫_files

[ 2017-06-06T23:06:11+08:00 ] ::1 /TPvideo/index.php/Home/Carton/%E5%94%8F%E9%87%8C%E5%94%8F%E9%87%8C%E5%8A%A8%E7%94%BB_%E5%8D%A1%E9%80%9A%E5%8A%A8%E6%BC%AB_files/u=901004293,2058047111&fm=20
ERR: 非法操作:唏里唏里动画_卡通动漫_files

[ 2017-06-06T23:06:11+08:00 ] ::1 /TPvideo/index.php/Home/Carton/%E5%94%8F%E9%87%8C%E5%94%8F%E9%87%8C%E5%8A%A8%E7%94%BB_%E5%8D%A1%E9%80%9A%E5%8A%A8%E6%BC%AB_files/u=494003402,2545047587&fm=20
ERR: 非法操作:唏里唏里动画_卡通动漫_files

[ 2017-06-06T23:06:11+08:00 ] ::1 /TPvideo/index.php/Home/Carton/%E5%94%8F%E9%87%8C%E5%94%8F%E9%87%8C%E5%8A%A8%E7%94%BB_%E5%8D%A1%E9%80%9A%E5%8A%A8%E6%BC%AB_files/u=3530237116,3165818344&fm=20
ERR: 非法操作:唏里唏里动画_卡通动漫_files

[ 2017-06-06T23:06:11+08:00 ] ::1 /TPvideo/index.php/Home/Carton/%E5%94%8F%E9%87%8C%E5%94%8F%E9%87%8C%E5%8A%A8%E7%94%BB_%E5%8D%A1%E9%80%9A%E5%8A%A8%E6%BC%AB_files/u=633454111,3978737681&fm=20
ERR: 非法操作:唏里唏里动画_卡通动漫_files

[ 2017-06-06T23:06:11+08:00 ] ::1 /TPvideo/index.php/Home/Carton/%E5%94%8F%E9%87%8C%E5%94%8F%E9%87%8C%E5%8A%A8%E7%94%BB_%E5%8D%A1%E9%80%9A%E5%8A%A8%E6%BC%AB_files/u=4048047381,1491292599&fm=20
ERR: 非法操作:唏里唏里动画_卡通动漫_files

[ 2017-06-06T23:06:11+08:00 ] ::1 /TPvideo/index.php/Home/Carton/%E5%94%8F%E9%87%8C%E5%94%8F%E9%87%8C%E5%8A%A8%E7%94%BB_%E5%8D%A1%E9%80%9A%E5%8A%A8%E6%BC%AB_files/u=3320019772,2272156840&fm=20
ERR: 非法操作:唏里唏里动画_卡通动漫_files

[ 2017-06-06T23:06:11+08:00 ] ::1 /TPvideo/index.php/Home/Carton/%E5%94%8F%E9%87%8C%E5%94%8F%E9%87%8C%E5%8A%A8%E7%94%BB_%E5%8D%A1%E9%80%9A%E5%8A%A8%E6%BC%AB_files/u=4270036784,507209928&fm=20
ERR: 非法操作:唏里唏里动画_卡通动漫_files

[ 2017-06-06T23:06:11+08:00 ] ::1 /TPvideo/index.php/Home/Carton/%E5%94%8F%E9%87%8C%E5%94%8F%E9%87%8C%E5%8A%A8%E7%94%BB_%E5%8D%A1%E9%80%9A%E5%8A%A8%E6%BC%AB_files/u=2557811826,2007786970&fm=20
ERR: 非法操作:唏里唏里动画_卡通动漫_files

[ 2017-06-06T23:06:12+08:00 ] ::1 /TPvideo/index.php/Home/Carton/%E5%94%8F%E9%87%8C%E5%94%8F%E9%87%8C%E5%8A%A8%E7%94%BB_%E5%8D%A1%E9%80%9A%E5%8A%A8%E6%BC%AB_files/u=3306499429,3524902413&fm=20
ERR: 非法操作:唏里唏里动画_卡通动漫_files

[ 2017-06-06T23:06:12+08:00 ] ::1 /TPvideo/index.php/Home/Carton/%E5%94%8F%E9%87%8C%E5%94%8F%E9%87%8C%E5%8A%A8%E7%94%BB_%E5%8D%A1%E9%80%9A%E5%8A%A8%E6%BC%AB_files/u=4080195901,2013295905&fm=20
ERR: 非法操作:唏里唏里动画_卡通动漫_files

[ 2017-06-06T23:06:12+08:00 ] ::1 /TPvideo/index.php/Home/Carton/%E5%94%8F%E9%87%8C%E5%94%8F%E9%87%8C%E5%8A%A8%E7%94%BB_%E5%8D%A1%E9%80%9A%E5%8A%A8%E6%BC%AB_files/u=811654722,130101203&fm=20
ERR: 非法操作:唏里唏里动画_卡通动漫_files

[ 2017-06-06T23:06:12+08:00 ] ::1 /TPvideo/index.php/Home/Carton/%E5%94%8F%E9%87%8C%E5%94%8F%E9%87%8C%E5%8A%A8%E7%94%BB_%E5%8D%A1%E9%80%9A%E5%8A%A8%E6%BC%AB_files/u=4241987513,3789419715&fm=20
ERR: 非法操作:唏里唏里动画_卡通动漫_files

[ 2017-06-06T23:06:12+08:00 ] ::1 /TPvideo/index.php/Home/Carton/%E5%94%8F%E9%87%8C%E5%94%8F%E9%87%8C%E5%8A%A8%E7%94%BB_%E5%8D%A1%E9%80%9A%E5%8A%A8%E6%BC%AB_files/u=2862545432,2436871935&fm=20
ERR: 非法操作:唏里唏里动画_卡通动漫_files

[ 2017-06-06T23:06:12+08:00 ] ::1 /TPvideo/index.php/Home/Carton/%E5%94%8F%E9%87%8C%E5%94%8F%E9%87%8C%E5%8A%A8%E7%94%BB_%E5%8D%A1%E9%80%9A%E5%8A%A8%E6%BC%AB_files/u=1286010796,1762813222&fm=20
ERR: 非法操作:唏里唏里动画_卡通动漫_files

[ 2017-06-06T23:06:12+08:00 ] ::1 /TPvideo/index.php/Home/Carton/%E5%94%8F%E9%87%8C%E5%94%8F%E9%87%8C%E5%8A%A8%E7%94%BB_%E5%8D%A1%E9%80%9A%E5%8A%A8%E6%BC%AB_files/u=2140195506,2204143411&fm=20
ERR: 非法操作:唏里唏里动画_卡通动漫_files

[ 2017-06-06T23:06:12+08:00 ] ::1 /TPvideo/index.php/Home/Carton/%E5%94%8F%E9%87%8C%E5%94%8F%E9%87%8C%E5%8A%A8%E7%94%BB_%E5%8D%A1%E9%80%9A%E5%8A%A8%E6%BC%AB_files/u=3986239096,2714751997&fm=20
ERR: 非法操作:唏里唏里动画_卡通动漫_files

[ 2017-06-06T23:06:12+08:00 ] ::1 /TPvideo/index.php/Home/Carton/%E5%94%8F%E9%87%8C%E5%94%8F%E9%87%8C%E5%8A%A8%E7%94%BB_%E5%8D%A1%E9%80%9A%E5%8A%A8%E6%BC%AB_files/u=3631029309,2307412310&fm=20
ERR: 非法操作:唏里唏里动画_卡通动漫_files

[ 2017-06-06T23:06:12+08:00 ] ::1 /TPvideo/index.php/Home/Carton/%E5%94%8F%E9%87%8C%E5%94%8F%E9%87%8C%E5%8A%A8%E7%94%BB_%E5%8D%A1%E9%80%9A%E5%8A%A8%E6%BC%AB_files/u=1618794280,2578314300&fm=20
ERR: 非法操作:唏里唏里动画_卡通动漫_files

[ 2017-06-06T23:06:12+08:00 ] ::1 /TPvideo/index.php/Home/Carton/%E5%94%8F%E9%87%8C%E5%94%8F%E9%87%8C%E5%8A%A8%E7%94%BB_%E5%8D%A1%E9%80%9A%E5%8A%A8%E6%BC%AB_files/u=593616858,2597100286&fm=20
ERR: 非法操作:唏里唏里动画_卡通动漫_files

[ 2017-06-06T23:06:12+08:00 ] ::1 /TPvideo/index.php/Home/Carton/%E5%94%8F%E9%87%8C%E5%94%8F%E9%87%8C%E5%8A%A8%E7%94%BB_%E5%8D%A1%E9%80%9A%E5%8A%A8%E6%BC%AB_files/u=2216158858,2922819176&fm=20
ERR: 非法操作:唏里唏里动画_卡通动漫_files

[ 2017-06-06T23:06:12+08:00 ] ::1 /TPvideo/index.php/Home/Carton/%E5%94%8F%E9%87%8C%E5%94%8F%E9%87%8C%E5%8A%A8%E7%94%BB_%E5%8D%A1%E9%80%9A%E5%8A%A8%E6%BC%AB_files/u=1493723840,2405594587&fm=20
ERR: 非法操作:唏里唏里动画_卡通动漫_files

[ 2017-06-06T23:06:12+08:00 ] ::1 /TPvideo/index.php/Home/Carton/%E5%94%8F%E9%87%8C%E5%94%8F%E9%87%8C%E5%8A%A8%E7%94%BB_%E5%8D%A1%E9%80%9A%E5%8A%A8%E6%BC%AB_files/u=783138555,3487996589&fm=20
ERR: 非法操作:唏里唏里动画_卡通动漫_files

[ 2017-06-06T23:06:12+08:00 ] ::1 /TPvideo/index.php/Home/Carton/%E5%94%8F%E9%87%8C%E5%94%8F%E9%87%8C%E5%8A%A8%E7%94%BB_%E5%8D%A1%E9%80%9A%E5%8A%A8%E6%BC%AB_files/u=3334375866,3406600830&fm=20
ERR: 非法操作:唏里唏里动画_卡通动漫_files

[ 2017-06-06T23:06:12+08:00 ] ::1 /TPvideo/index.php/Home/Carton/%E5%94%8F%E9%87%8C%E5%94%8F%E9%87%8C%E5%8A%A8%E7%94%BB_%E5%8D%A1%E9%80%9A%E5%8A%A8%E6%BC%AB_files/u=1344325322,3246165502&fm=20
ERR: 非法操作:唏里唏里动画_卡通动漫_files

[ 2017-06-06T23:06:12+08:00 ] ::1 /TPvideo/index.php/Home/Carton/%E5%94%8F%E9%87%8C%E5%94%8F%E9%87%8C%E5%8A%A8%E7%94%BB_%E5%8D%A1%E9%80%9A%E5%8A%A8%E6%BC%AB_files/u=3839103291,3088484477&fm=20
ERR: 非法操作:唏里唏里动画_卡通动漫_files

[ 2017-06-06T23:06:12+08:00 ] ::1 /TPvideo/index.php/Home/Carton/%E5%94%8F%E9%87%8C%E5%94%8F%E9%87%8C%E5%8A%A8%E7%94%BB_%E5%8D%A1%E9%80%9A%E5%8A%A8%E6%BC%AB_files/u=924311981,2305963323&fm=20
ERR: 非法操作:唏里唏里动画_卡通动漫_files

[ 2017-06-06T23:06:12+08:00 ] ::1 /TPvideo/index.php/Home/Carton/%E5%94%8F%E9%87%8C%E5%94%8F%E9%87%8C%E5%8A%A8%E7%94%BB_%E5%8D%A1%E9%80%9A%E5%8A%A8%E6%BC%AB_files/u=2372709731,1127054541&fm=20
ERR: 非法操作:唏里唏里动画_卡通动漫_files

[ 2017-06-06T23:06:12+08:00 ] ::1 /TPvideo/index.php/Home/Carton/%E5%94%8F%E9%87%8C%E5%94%8F%E9%87%8C%E5%8A%A8%E7%94%BB_%E5%8D%A1%E9%80%9A%E5%8A%A8%E6%BC%AB_files/u=1402296845,1515441770&fm=20
ERR: 非法操作:唏里唏里动画_卡通动漫_files

[ 2017-06-06T23:06:12+08:00 ] ::1 /TPvideo/index.php/Home/Carton/%E5%94%8F%E9%87%8C%E5%94%8F%E9%87%8C%E5%8A%A8%E7%94%BB_%E5%8D%A1%E9%80%9A%E5%8A%A8%E6%BC%AB_files/u=901004293,2058047111&fm=20
ERR: 非法操作:唏里唏里动画_卡通动漫_files

[ 2017-06-06T23:06:12+08:00 ] ::1 /TPvideo/index.php/Home/Carton/%E5%94%8F%E9%87%8C%E5%94%8F%E9%87%8C%E5%8A%A8%E7%94%BB_%E5%8D%A1%E9%80%9A%E5%8A%A8%E6%BC%AB_files/u=494003402,2545047587&fm=20
ERR: 非法操作:唏里唏里动画_卡通动漫_files

[ 2017-06-06T23:06:12+08:00 ] ::1 /TPvideo/index.php/Home/Carton/%E5%94%8F%E9%87%8C%E5%94%8F%E9%87%8C%E5%8A%A8%E7%94%BB_%E5%8D%A1%E9%80%9A%E5%8A%A8%E6%BC%AB_files/u=3530237116,3165818344&fm=20
ERR: 非法操作:唏里唏里动画_卡通动漫_files

[ 2017-06-06T23:06:12+08:00 ] ::1 /TPvideo/index.php/Home/Carton/%E5%94%8F%E9%87%8C%E5%94%8F%E9%87%8C%E5%8A%A8%E7%94%BB_%E5%8D%A1%E9%80%9A%E5%8A%A8%E6%BC%AB_files/u=4048047381,1491292599&fm=20
ERR: 非法操作:唏里唏里动画_卡通动漫_files

[ 2017-06-06T23:06:12+08:00 ] ::1 /TPvideo/index.php/Home/Carton/%E5%94%8F%E9%87%8C%E5%94%8F%E9%87%8C%E5%8A%A8%E7%94%BB_%E5%8D%A1%E9%80%9A%E5%8A%A8%E6%BC%AB_files/u=2862545432,2436871935&fm=20
ERR: 非法操作:唏里唏里动画_卡通动漫_files

[ 2017-06-06T23:06:12+08:00 ] ::1 /TPvideo/index.php/Home/Carton/%E5%94%8F%E9%87%8C%E5%94%8F%E9%87%8C%E5%8A%A8%E7%94%BB_%E5%8D%A1%E9%80%9A%E5%8A%A8%E6%BC%AB_files/u=3320019772,2272156840&fm=20
ERR: 非法操作:唏里唏里动画_卡通动漫_files

[ 2017-06-06T23:06:12+08:00 ] ::1 /TPvideo/index.php/Home/Carton/%E5%94%8F%E9%87%8C%E5%94%8F%E9%87%8C%E5%8A%A8%E7%94%BB_%E5%8D%A1%E9%80%9A%E5%8A%A8%E6%BC%AB_files/u=3306499429,3524902413&fm=20
ERR: 非法操作:唏里唏里动画_卡通动漫_files

[ 2017-06-06T23:06:12+08:00 ] ::1 /TPvideo/index.php/Home/Carton/%E5%94%8F%E9%87%8C%E5%94%8F%E9%87%8C%E5%8A%A8%E7%94%BB_%E5%8D%A1%E9%80%9A%E5%8A%A8%E6%BC%AB_files/u=3631029309,2307412310&fm=20
ERR: 非法操作:唏里唏里动画_卡通动漫_files

[ 2017-06-06T23:06:19+08:00 ] ::1 /TPvideo/index.php/Home/Film/movies.html
ERR: unable to write file ./Runtime/Cache\b3e4968031174015301215b450707cd482c4a2d1.file.movies.html.php

[ 2017-06-06T23:15:22+08:00 ] ::1 /TPvideo/index.php/Home/Film/movies.html
ERR: unable to write file ./Runtime/Cache\b3e4968031174015301215b450707cd482c4a2d1.file.movies.html.php

