[ 2017-06-08T11:01:01+08:00 ] ::1 /TPvideo/index.php/Home/Variety/zongyi.html
ERR: Think\Controller:construct方法不存在！

[ 2017-06-08T12:22:58+08:00 ] ::1 /TPvideo/index.php/Home/Variety/zongyi.html
ERR: 1054:Unknown column 'Cate_vt_level' in 'where clause'
 [ SQL语句 ] : SELECT * FROM `video` WHERE ( isDelete=0 and isPassed=1 and Cate_vt_level=1 ) 

[ 2017-06-08T12:23:09+08:00 ] ::1 /TPvideo/index.php/Home/Variety/zongyi.html
ERR: 1054:Unknown column 'Cate.vt_level' in 'where clause'
 [ SQL语句 ] : SELECT * FROM `video` WHERE ( isDelete=0 and isPassed=1 and Cate.vt_level=1 ) 

[ 2017-06-08T12:39:48+08:00 ] ::1 /TPvideo/index.php/Home/Variety/zongyi.html
ERR: 1054:Unknown column 'level' in 'where clause'
 [ SQL语句 ] : SELECT * FROM `video` WHERE ( isDelete=0 and isPassed=1 and level=1 ) 

[ 2017-06-08T12:40:05+08:00 ] ::1 /TPvideo/index.php/Home/Variety/zongyi.html
ERR: 1054:Unknown column 'Cate.level' in 'where clause'
 [ SQL语句 ] : SELECT * FROM `video` WHERE ( isDelete=0 and isPassed=1 and Cate.level=1 ) 

[ 2017-06-08T12:50:52+08:00 ] ::1 /TPvideo/index.php/Home/Variety/zongyi.html
ERR: 1054:Unknown column 'Cate.level' in 'where clause'
 [ SQL语句 ] : SELECT * FROM `video` WHERE ( isDelete=0 and isPassed=1 and Cate.level=0 ) 

[ 2017-06-08T12:51:27+08:00 ] ::1 /TPvideo/index.php/Home/Film/movies/p/2.html
ERR: 1064:You have an error in your SQL syntax; check the manual that corresponds to your MySQL server version for the right syntax to use near ') LIMIT 1' at line 1
 [ SQL语句 ] : SELECT COUNT(*) AS tp_count FROM `video` WHERE ( isDelete=0 and isPassed=1 and  ) LIMIT 1  

[ 2017-06-08T12:51:28+08:00 ] ::1 /TPvideo/index.php/Home/Film/movies/p/2.html
ERR: 1064:You have an error in your SQL syntax; check the manual that corresponds to your MySQL server version for the right syntax to use near ') LIMIT 1' at line 1
 [ SQL语句 ] : SELECT COUNT(*) AS tp_count FROM `video` WHERE ( isDelete=0 and isPassed=1 and  ) LIMIT 1  

[ 2017-06-08T12:52:23+08:00 ] ::1 /TPvideo/index.php/Home/Film/movies/p/2.html
ERR: 1064:You have an error in your SQL syntax; check the manual that corresponds to your MySQL server version for the right syntax to use near ') LIMIT 1' at line 1
 [ SQL语句 ] : SELECT COUNT(*) AS tp_count FROM `video` WHERE ( isDelete=0 and isPassed=1 and  ) LIMIT 1  

[ 2017-06-08T12:52:31+08:00 ] ::1 /TPvideo/index.php/Home/Film/movies/p/2.html
ERR: 1064:You have an error in your SQL syntax; check the manual that corresponds to your MySQL server version for the right syntax to use near ') LIMIT 1' at line 1
 [ SQL语句 ] : SELECT COUNT(*) AS tp_count FROM `video` WHERE ( isDelete=0 and isPassed=1 and  ) LIMIT 1  

[ 2017-06-08T12:54:05+08:00 ] ::1 /TPvideo/index.php/Home/Film/movies/p/2.html
ERR: 1064:You have an error in your SQL syntax; check the manual that corresponds to your MySQL server version for the right syntax to use near ') LIMIT 1' at line 1
 [ SQL语句 ] : SELECT COUNT(*) AS tp_count FROM `video` WHERE ( isDelete=0 and isPassed=1 and  ) LIMIT 1  

[ 2017-06-08T12:54:06+08:00 ] ::1 /TPvideo/index.php/Home/Film/movies/p/2.html
ERR: 1064:You have an error in your SQL syntax; check the manual that corresponds to your MySQL server version for the right syntax to use near ') LIMIT 1' at line 1
 [ SQL语句 ] : SELECT COUNT(*) AS tp_count FROM `video` WHERE ( isDelete=0 and isPassed=1 and  ) LIMIT 1  

[ 2017-06-08T12:54:08+08:00 ] ::1 /TPvideo/index.php/Home/Film/movies/p/2.html
ERR: 1064:You have an error in your SQL syntax; check the manual that corresponds to your MySQL server version for the right syntax to use near ') LIMIT 1' at line 1
 [ SQL语句 ] : SELECT COUNT(*) AS tp_count FROM `video` WHERE ( isDelete=0 and isPassed=1 and  ) LIMIT 1  

[ 2017-06-08T12:54:33+08:00 ] ::1 /TPvideo/index.php/Home/Variety/zongyi.html
ERR: 1064:You have an error in your SQL syntax; check the manual that corresponds to your MySQL server version for the right syntax to use near 'Cate.level=1 )' at line 1
 [ SQL语句 ] : SELECT * FROM `video` WHERE ( isDelete=0 and isPassed=1 Cate.level=1 ) 

[ 2017-06-08T12:54:34+08:00 ] ::1 /TPvideo/index.php/Home/Variety/zongyi.html
ERR: 1064:You have an error in your SQL syntax; check the manual that corresponds to your MySQL server version for the right syntax to use near 'Cate.level=1 )' at line 1
 [ SQL语句 ] : SELECT * FROM `video` WHERE ( isDelete=0 and isPassed=1 Cate.level=1 ) 

[ 2017-06-08T12:54:44+08:00 ] ::1 /TPvideo/index.php/Home/Variety/zongyi.html
ERR: 1064:You have an error in your SQL syntax; check the manual that corresponds to your MySQL server version for the right syntax to use near 'level=1 )' at line 1
 [ SQL语句 ] : SELECT * FROM `video` WHERE ( isDelete=0 and isPassed=1 level=1 ) 

[ 2017-06-08T12:54:45+08:00 ] ::1 /TPvideo/index.php/Home/Variety/zongyi.html
ERR: 1064:You have an error in your SQL syntax; check the manual that corresponds to your MySQL server version for the right syntax to use near 'level=1 )' at line 1
 [ SQL语句 ] : SELECT * FROM `video` WHERE ( isDelete=0 and isPassed=1 level=1 ) 

[ 2017-06-08T12:54:45+08:00 ] ::1 /TPvideo/index.php/Home/Variety/zongyi.html
ERR: 1064:You have an error in your SQL syntax; check the manual that corresponds to your MySQL server version for the right syntax to use near 'level=1 )' at line 1
 [ SQL语句 ] : SELECT * FROM `video` WHERE ( isDelete=0 and isPassed=1 level=1 ) 

[ 2017-06-08T12:54:46+08:00 ] ::1 /TPvideo/index.php/Home/Variety/zongyi.html
ERR: 1064:You have an error in your SQL syntax; check the manual that corresponds to your MySQL server version for the right syntax to use near 'level=1 )' at line 1
 [ SQL语句 ] : SELECT * FROM `video` WHERE ( isDelete=0 and isPassed=1 level=1 ) 

[ 2017-06-08T12:54:46+08:00 ] ::1 /TPvideo/index.php/Home/Variety/zongyi.html
ERR: 1064:You have an error in your SQL syntax; check the manual that corresponds to your MySQL server version for the right syntax to use near 'level=1 )' at line 1
 [ SQL语句 ] : SELECT * FROM `video` WHERE ( isDelete=0 and isPassed=1 level=1 ) 

[ 2017-06-08T12:54:49+08:00 ] ::1 /TPvideo/index.php/Home/Variety/zongyi.html
ERR: 1064:You have an error in your SQL syntax; check the manual that corresponds to your MySQL server version for the right syntax to use near 'level=1 )' at line 1
 [ SQL语句 ] : SELECT * FROM `video` WHERE ( isDelete=0 and isPassed=1 level=1 ) 

[ 2017-06-08T12:54:58+08:00 ] ::1 /TPvideo/index.php/Home/Variety/zongyi.html
ERR: 1054:Unknown column 'level' in 'where clause'
 [ SQL语句 ] : SELECT * FROM `video` WHERE ( isDelete=0 and isPassed=1 and level=1 ) 

[ 2017-06-08T12:54:59+08:00 ] ::1 /TPvideo/index.php/Home/Variety/zongyi.html
ERR: 1054:Unknown column 'level' in 'where clause'
 [ SQL语句 ] : SELECT * FROM `video` WHERE ( isDelete=0 and isPassed=1 and level=1 ) 

[ 2017-06-08T12:54:59+08:00 ] ::1 /TPvideo/index.php/Home/Variety/zongyi.html
ERR: 1054:Unknown column 'level' in 'where clause'
 [ SQL语句 ] : SELECT * FROM `video` WHERE ( isDelete=0 and isPassed=1 and level=1 ) 

[ 2017-06-08T12:54:59+08:00 ] ::1 /TPvideo/index.php/Home/Variety/zongyi.html
ERR: 1054:Unknown column 'level' in 'where clause'
 [ SQL语句 ] : SELECT * FROM `video` WHERE ( isDelete=0 and isPassed=1 and level=1 ) 

[ 2017-06-08T12:55:08+08:00 ] ::1 /TPvideo/index.php/Home/Variety/zongyi.html
ERR: 1054:Unknown column 'Cate.level' in 'where clause'
 [ SQL语句 ] : SELECT * FROM `video` WHERE ( isDelete=0 and isPassed=1 and Cate.level=1 ) 

[ 2017-06-08T12:55:09+08:00 ] ::1 /TPvideo/index.php/Home/Variety/zongyi.html
ERR: 1054:Unknown column 'Cate.level' in 'where clause'
 [ SQL语句 ] : SELECT * FROM `video` WHERE ( isDelete=0 and isPassed=1 and Cate.level=1 ) 

[ 2017-06-08T12:55:09+08:00 ] ::1 /TPvideo/index.php/Home/Variety/zongyi.html
ERR: 1054:Unknown column 'Cate.level' in 'where clause'
 [ SQL语句 ] : SELECT * FROM `video` WHERE ( isDelete=0 and isPassed=1 and Cate.level=1 ) 

[ 2017-06-08T12:55:09+08:00 ] ::1 /TPvideo/index.php/Home/Variety/zongyi.html
ERR: 1054:Unknown column 'Cate.level' in 'where clause'
 [ SQL语句 ] : SELECT * FROM `video` WHERE ( isDelete=0 and isPassed=1 and Cate.level=1 ) 

[ 2017-06-08T12:55:09+08:00 ] ::1 /TPvideo/index.php/Home/Variety/zongyi.html
ERR: 1054:Unknown column 'Cate.level' in 'where clause'
 [ SQL语句 ] : SELECT * FROM `video` WHERE ( isDelete=0 and isPassed=1 and Cate.level=1 ) 

[ 2017-06-08T12:55:09+08:00 ] ::1 /TPvideo/index.php/Home/Variety/zongyi.html
ERR: 1054:Unknown column 'Cate.level' in 'where clause'
 [ SQL语句 ] : SELECT * FROM `video` WHERE ( isDelete=0 and isPassed=1 and Cate.level=1 ) 

[ 2017-06-08T12:55:09+08:00 ] ::1 /TPvideo/index.php/Home/Variety/zongyi.html
ERR: 1054:Unknown column 'Cate.level' in 'where clause'
 [ SQL语句 ] : SELECT * FROM `video` WHERE ( isDelete=0 and isPassed=1 and Cate.level=1 ) 

[ 2017-06-08T16:15:06+08:00 ] ::1 /TPvideo/index.php/Home/Film/movies/p/2.html
ERR: 1054:Unknown column '电影' in 'where clause'
 [ SQL语句 ] : SELECT COUNT(*) AS tp_count FROM `video` INNER JOIN Cate on video.vt_id=Cate.vt_id  WHERE ( isDelete=0 and isPassed=1 and Cate.typeName=电影 ) LIMIT 1  

[ 2017-06-08T16:40:32+08:00 ] ::1 /TPvideo/index.php/Home/Variety/zongyi.html
ERR: 1064:You have an error in your SQL syntax; check the manual that corresponds to your MySQL server version for the right syntax to use near 'desc LIMIT 0,12' at line 1
 [ SQL语句 ] : SELECT * FROM `video` INNER JOIN Cate on video.vt_id=Cate.vt_id  WHERE ( isDelete=0 and isPassed=1 and Cate.level=15 ) ORDER BY  desc LIMIT 0,12  

[ 2017-06-08T16:40:38+08:00 ] ::1 /TPvideo/index.php/Home/Variety/zongyi.html
ERR: 1064:You have an error in your SQL syntax; check the manual that corresponds to your MySQL server version for the right syntax to use near 'desc LIMIT 0,12' at line 1
 [ SQL语句 ] : SELECT * FROM `video` INNER JOIN Cate on video.vt_id=Cate.vt_id  WHERE ( isDelete=0 and isPassed=1 and Cate.level=15 ) ORDER BY  desc LIMIT 0,12  

[ 2017-06-08T16:41:02+08:00 ] ::1 /TPvideo/index.php/Home/Variety/zongyi.html
ERR: 1064:You have an error in your SQL syntax; check the manual that corresponds to your MySQL server version for the right syntax to use near 'desc LIMIT 0,12' at line 1
 [ SQL语句 ] : SELECT * FROM `video` INNER JOIN Cate on video.vt_id=Cate.vt_id  WHERE ( isDelete=0 and isPassed=1 and Cate.level=15 ) ORDER BY  desc LIMIT 0,12  

[ 2017-06-08T16:41:03+08:00 ] ::1 /TPvideo/index.php/Home/Variety/zongyi.html
ERR: 1064:You have an error in your SQL syntax; check the manual that corresponds to your MySQL server version for the right syntax to use near 'desc LIMIT 0,12' at line 1
 [ SQL语句 ] : SELECT * FROM `video` INNER JOIN Cate on video.vt_id=Cate.vt_id  WHERE ( isDelete=0 and isPassed=1 and Cate.level=15 ) ORDER BY  desc LIMIT 0,12  

[ 2017-06-08T17:46:49+08:00 ] ::1 /TPvideo/index.php/Home/TV/dianshiju.html
ERR: Syntax Error in template "./Template/default/Home\TV\dianshiju.html"  on line 439 "&lt;/html&gt;" unclosed {foreach} tag

[ 2017-06-08T18:00:10+08:00 ] ::1 /TPvideo/index.php/Home/Carton/%E5%94%8F%E9%87%8C%E5%94%8F%E9%87%8C%E5%8A%A8%E7%94%BB_%E5%8D%A1%E9%80%9A%E5%8A%A8%E6%BC%AB_files/u=4080195901,2013295905&fm=20
ERR: 非法操作:唏里唏里动画_卡通动漫_files

[ 2017-06-08T18:00:10+08:00 ] ::1 /TPvideo/index.php/Home/Carton/%E5%94%8F%E9%87%8C%E5%94%8F%E9%87%8C%E5%8A%A8%E7%94%BB_%E5%8D%A1%E9%80%9A%E5%8A%A8%E6%BC%AB_files/u=811654722,130101203&fm=20
ERR: 非法操作:唏里唏里动画_卡通动漫_files

[ 2017-06-08T18:00:10+08:00 ] ::1 /TPvideo/index.php/Home/Carton/%E5%94%8F%E9%87%8C%E5%94%8F%E9%87%8C%E5%8A%A8%E7%94%BB_%E5%8D%A1%E9%80%9A%E5%8A%A8%E6%BC%AB_files/u=1286010796,1762813222&fm=20
ERR: 非法操作:唏里唏里动画_卡通动漫_files

[ 2017-06-08T18:00:10+08:00 ] ::1 /TPvideo/index.php/Home/Carton/%E5%94%8F%E9%87%8C%E5%94%8F%E9%87%8C%E5%8A%A8%E7%94%BB_%E5%8D%A1%E9%80%9A%E5%8A%A8%E6%BC%AB_files/u=3986239096,2714751997&fm=20
ERR: 非法操作:唏里唏里动画_卡通动漫_files

[ 2017-06-08T18:00:10+08:00 ] ::1 /TPvideo/index.php/Home/Carton/%E5%94%8F%E9%87%8C%E5%94%8F%E9%87%8C%E5%8A%A8%E7%94%BB_%E5%8D%A1%E9%80%9A%E5%8A%A8%E6%BC%AB_files/u=2557811826,2007786970&fm=20
ERR: 非法操作:唏里唏里动画_卡通动漫_files

[ 2017-06-08T18:00:10+08:00 ] ::1 /TPvideo/index.php/Home/Carton/%E5%94%8F%E9%87%8C%E5%94%8F%E9%87%8C%E5%8A%A8%E7%94%BB_%E5%8D%A1%E9%80%9A%E5%8A%A8%E6%BC%AB_files/u=1618794280,2578314300&fm=20
ERR: 非法操作:唏里唏里动画_卡通动漫_files

[ 2017-06-08T18:00:10+08:00 ] ::1 /TPvideo/index.php/Home/Carton/%E5%94%8F%E9%87%8C%E5%94%8F%E9%87%8C%E5%8A%A8%E7%94%BB_%E5%8D%A1%E9%80%9A%E5%8A%A8%E6%BC%AB_files/u=4241987513,3789419715&fm=20
ERR: 非法操作:唏里唏里动画_卡通动漫_files

[ 2017-06-08T18:00:10+08:00 ] ::1 /TPvideo/index.php/Home/Carton/%E5%94%8F%E9%87%8C%E5%94%8F%E9%87%8C%E5%8A%A8%E7%94%BB_%E5%8D%A1%E9%80%9A%E5%8A%A8%E6%BC%AB_files/u=593616858,2597100286&fm=20
ERR: 非法操作:唏里唏里动画_卡通动漫_files

[ 2017-06-08T18:00:10+08:00 ] ::1 /TPvideo/index.php/Home/Carton/%E5%94%8F%E9%87%8C%E5%94%8F%E9%87%8C%E5%8A%A8%E7%94%BB_%E5%8D%A1%E9%80%9A%E5%8A%A8%E6%BC%AB_files/u=2216158858,2922819176&fm=20
ERR: 非法操作:唏里唏里动画_卡通动漫_files

[ 2017-06-08T18:00:10+08:00 ] ::1 /TPvideo/index.php/Home/Carton/%E5%94%8F%E9%87%8C%E5%94%8F%E9%87%8C%E5%8A%A8%E7%94%BB_%E5%8D%A1%E9%80%9A%E5%8A%A8%E6%BC%AB_files/u=1344325322,3246165502&fm=20
ERR: 非法操作:唏里唏里动画_卡通动漫_files

[ 2017-06-08T18:00:10+08:00 ] ::1 /TPvideo/index.php/Home/Carton/%E5%94%8F%E9%87%8C%E5%94%8F%E9%87%8C%E5%8A%A8%E7%94%BB_%E5%8D%A1%E9%80%9A%E5%8A%A8%E6%BC%AB_files/u=1493723840,2405594587&fm=20
ERR: 非法操作:唏里唏里动画_卡通动漫_files

[ 2017-06-08T18:00:10+08:00 ] ::1 /TPvideo/index.php/Home/Carton/%E5%94%8F%E9%87%8C%E5%94%8F%E9%87%8C%E5%8A%A8%E7%94%BB_%E5%8D%A1%E9%80%9A%E5%8A%A8%E6%BC%AB_files/u=783138555,3487996589&fm=20
ERR: 非法操作:唏里唏里动画_卡通动漫_files

[ 2017-06-08T18:00:10+08:00 ] ::1 /TPvideo/index.php/Home/Carton/%E5%94%8F%E9%87%8C%E5%94%8F%E9%87%8C%E5%8A%A8%E7%94%BB_%E5%8D%A1%E9%80%9A%E5%8A%A8%E6%BC%AB_files/u=1402296845,1515441770&fm=20
ERR: 非法操作:唏里唏里动画_卡通动漫_files

[ 2017-06-08T18:00:10+08:00 ] ::1 /TPvideo/index.php/Home/Carton/%E5%94%8F%E9%87%8C%E5%94%8F%E9%87%8C%E5%8A%A8%E7%94%BB_%E5%8D%A1%E9%80%9A%E5%8A%A8%E6%BC%AB_files/u=2835012470,3957468117&fm=20
ERR: 非法操作:唏里唏里动画_卡通动漫_files

[ 2017-06-08T18:00:10+08:00 ] ::1 /TPvideo/index.php/Home/Carton/%E5%94%8F%E9%87%8C%E5%94%8F%E9%87%8C%E5%8A%A8%E7%94%BB_%E5%8D%A1%E9%80%9A%E5%8A%A8%E6%BC%AB_files/u=811654722,130101203&fm=20
ERR: 非法操作:唏里唏里动画_卡通动漫_files

[ 2017-06-08T18:00:10+08:00 ] ::1 /TPvideo/index.php/Home/Carton/%E5%94%8F%E9%87%8C%E5%94%8F%E9%87%8C%E5%8A%A8%E7%94%BB_%E5%8D%A1%E9%80%9A%E5%8A%A8%E6%BC%AB_files/u=3334375866,3406600830&fm=20
ERR: 非法操作:唏里唏里动画_卡通动漫_files

[ 2017-06-08T18:00:10+08:00 ] ::1 /TPvideo/index.php/Home/Carton/%E5%94%8F%E9%87%8C%E5%94%8F%E9%87%8C%E5%8A%A8%E7%94%BB_%E5%8D%A1%E9%80%9A%E5%8A%A8%E6%BC%AB_files/u=466111325,46442140&fm=20
ERR: 非法操作:唏里唏里动画_卡通动漫_files

[ 2017-06-08T18:00:10+08:00 ] ::1 /TPvideo/index.php/Home/Carton/%E5%94%8F%E9%87%8C%E5%94%8F%E9%87%8C%E5%8A%A8%E7%94%BB_%E5%8D%A1%E9%80%9A%E5%8A%A8%E6%BC%AB_files/u=4080195901,2013295905&fm=20
ERR: 非法操作:唏里唏里动画_卡通动漫_files

[ 2017-06-08T18:00:10+08:00 ] ::1 /TPvideo/index.php/Home/Carton/%E5%94%8F%E9%87%8C%E5%94%8F%E9%87%8C%E5%8A%A8%E7%94%BB_%E5%8D%A1%E9%80%9A%E5%8A%A8%E6%BC%AB_files/u=924311981,2305963323&fm=20
ERR: 非法操作:唏里唏里动画_卡通动漫_files

[ 2017-06-08T18:00:10+08:00 ] ::1 /TPvideo/index.php/Home/Carton/%E5%94%8F%E9%87%8C%E5%94%8F%E9%87%8C%E5%8A%A8%E7%94%BB_%E5%8D%A1%E9%80%9A%E5%8A%A8%E6%BC%AB_files/u=3839103291,3088484477&fm=20
ERR: 非法操作:唏里唏里动画_卡通动漫_files

[ 2017-06-08T18:00:10+08:00 ] ::1 /TPvideo/index.php/Home/Carton/%E5%94%8F%E9%87%8C%E5%94%8F%E9%87%8C%E5%8A%A8%E7%94%BB_%E5%8D%A1%E9%80%9A%E5%8A%A8%E6%BC%AB_files/u=2372709731,1127054541&fm=20
ERR: 非法操作:唏里唏里动画_卡通动漫_files

[ 2017-06-08T18:00:10+08:00 ] ::1 /TPvideo/index.php/Home/Carton/%E5%94%8F%E9%87%8C%E5%94%8F%E9%87%8C%E5%8A%A8%E7%94%BB_%E5%8D%A1%E9%80%9A%E5%8A%A8%E6%BC%AB_files/u=901004293,2058047111&fm=20
ERR: 非法操作:唏里唏里动画_卡通动漫_files

[ 2017-06-08T18:00:10+08:00 ] ::1 /TPvideo/index.php/Home/Carton/%E5%94%8F%E9%87%8C%E5%94%8F%E9%87%8C%E5%8A%A8%E7%94%BB_%E5%8D%A1%E9%80%9A%E5%8A%A8%E6%BC%AB_files/u=3530237116,3165818344&fm=20
ERR: 非法操作:唏里唏里动画_卡通动漫_files

[ 2017-06-08T18:00:10+08:00 ] ::1 /TPvideo/index.php/Home/Carton/%E5%94%8F%E9%87%8C%E5%94%8F%E9%87%8C%E5%8A%A8%E7%94%BB_%E5%8D%A1%E9%80%9A%E5%8A%A8%E6%BC%AB_files/u=633454111,3978737681&fm=20
ERR: 非法操作:唏里唏里动画_卡通动漫_files

[ 2017-06-08T18:00:10+08:00 ] ::1 /TPvideo/index.php/Home/Carton/%E5%94%8F%E9%87%8C%E5%94%8F%E9%87%8C%E5%8A%A8%E7%94%BB_%E5%8D%A1%E9%80%9A%E5%8A%A8%E6%BC%AB_files/u=4048047381,1491292599&fm=20
ERR: 非法操作:唏里唏里动画_卡通动漫_files

[ 2017-06-08T18:00:10+08:00 ] ::1 /TPvideo/index.php/Home/Carton/%E5%94%8F%E9%87%8C%E5%94%8F%E9%87%8C%E5%8A%A8%E7%94%BB_%E5%8D%A1%E9%80%9A%E5%8A%A8%E6%BC%AB_files/u=494003402,2545047587&fm=20
ERR: 非法操作:唏里唏里动画_卡通动漫_files

[ 2017-06-08T18:00:10+08:00 ] ::1 /TPvideo/index.php/Home/Carton/%E5%94%8F%E9%87%8C%E5%94%8F%E9%87%8C%E5%8A%A8%E7%94%BB_%E5%8D%A1%E9%80%9A%E5%8A%A8%E6%BC%AB_files/u=4270036784,507209928&fm=20
ERR: 非法操作:唏里唏里动画_卡通动漫_files

[ 2017-06-08T18:00:10+08:00 ] ::1 /TPvideo/index.php/Home/Carton/%E5%94%8F%E9%87%8C%E5%94%8F%E9%87%8C%E5%8A%A8%E7%94%BB_%E5%8D%A1%E9%80%9A%E5%8A%A8%E6%BC%AB_files/u=3320019772,2272156840&fm=20
ERR: 非法操作:唏里唏里动画_卡通动漫_files

[ 2017-06-08T18:00:10+08:00 ] ::1 /TPvideo/index.php/Home/Carton/%E5%94%8F%E9%87%8C%E5%94%8F%E9%87%8C%E5%8A%A8%E7%94%BB_%E5%8D%A1%E9%80%9A%E5%8A%A8%E6%BC%AB_files/u=3306499429,3524902413&fm=20
ERR: 非法操作:唏里唏里动画_卡通动漫_files

[ 2017-06-08T18:00:10+08:00 ] ::1 /TPvideo/index.php/Home/Carton/%E5%94%8F%E9%87%8C%E5%94%8F%E9%87%8C%E5%8A%A8%E7%94%BB_%E5%8D%A1%E9%80%9A%E5%8A%A8%E6%BC%AB_files/u=2862545432,2436871935&fm=20
ERR: 非法操作:唏里唏里动画_卡通动漫_files

[ 2017-06-08T18:00:10+08:00 ] ::1 /TPvideo/index.php/Home/Carton/%E5%94%8F%E9%87%8C%E5%94%8F%E9%87%8C%E5%8A%A8%E7%94%BB_%E5%8D%A1%E9%80%9A%E5%8A%A8%E6%BC%AB_files/u=3631029309,2307412310&fm=20
ERR: 非法操作:唏里唏里动画_卡通动漫_files

[ 2017-06-08T18:00:10+08:00 ] ::1 /TPvideo/index.php/Home/Carton/%E5%94%8F%E9%87%8C%E5%94%8F%E9%87%8C%E5%8A%A8%E7%94%BB_%E5%8D%A1%E9%80%9A%E5%8A%A8%E6%BC%AB_files/u=2140195506,2204143411&fm=20
ERR: 非法操作:唏里唏里动画_卡通动漫_files

[ 2017-06-08T18:06:13+08:00 ] ::1 /TPvideo/index.php/Home/Carton/%E5%94%8F%E9%87%8C%E5%94%8F%E9%87%8C%E5%8A%A8%E7%94%BB_%E5%8D%A1%E9%80%9A%E5%8A%A8%E6%BC%AB_files/u=4080195901,2013295905&fm=20
ERR: 非法操作:唏里唏里动画_卡通动漫_files

[ 2017-06-08T18:06:13+08:00 ] ::1 /TPvideo/index.php/Home/Carton/%E5%94%8F%E9%87%8C%E5%94%8F%E9%87%8C%E5%8A%A8%E7%94%BB_%E5%8D%A1%E9%80%9A%E5%8A%A8%E6%BC%AB_files/u=811654722,130101203&fm=20
ERR: 非法操作:唏里唏里动画_卡通动漫_files

[ 2017-06-08T18:06:13+08:00 ] ::1 /TPvideo/index.php/Home/Carton/%E5%94%8F%E9%87%8C%E5%94%8F%E9%87%8C%E5%8A%A8%E7%94%BB_%E5%8D%A1%E9%80%9A%E5%8A%A8%E6%BC%AB_files/u=4241987513,3789419715&fm=20
ERR: 非法操作:唏里唏里动画_卡通动漫_files

[ 2017-06-08T18:06:13+08:00 ] ::1 /TPvideo/index.php/Home/Carton/%E5%94%8F%E9%87%8C%E5%94%8F%E9%87%8C%E5%8A%A8%E7%94%BB_%E5%8D%A1%E9%80%9A%E5%8A%A8%E6%BC%AB_files/u=1618794280,2578314300&fm=20
ERR: 非法操作:唏里唏里动画_卡通动漫_files

[ 2017-06-08T18:06:13+08:00 ] ::1 /TPvideo/index.php/Home/Carton/%E5%94%8F%E9%87%8C%E5%94%8F%E9%87%8C%E5%8A%A8%E7%94%BB_%E5%8D%A1%E9%80%9A%E5%8A%A8%E6%BC%AB_files/u=3986239096,2714751997&fm=20
ERR: 非法操作:唏里唏里动画_卡通动漫_files

[ 2017-06-08T18:06:13+08:00 ] ::1 /TPvideo/index.php/Home/Carton/%E5%94%8F%E9%87%8C%E5%94%8F%E9%87%8C%E5%8A%A8%E7%94%BB_%E5%8D%A1%E9%80%9A%E5%8A%A8%E6%BC%AB_files/u=1286010796,1762813222&fm=20
ERR: 非法操作:唏里唏里动画_卡通动漫_files

[ 2017-06-08T18:06:13+08:00 ] ::1 /TPvideo/index.php/Home/Carton/%E5%94%8F%E9%87%8C%E5%94%8F%E9%87%8C%E5%8A%A8%E7%94%BB_%E5%8D%A1%E9%80%9A%E5%8A%A8%E6%BC%AB_files/u=2557811826,2007786970&fm=20
ERR: 非法操作:唏里唏里动画_卡通动漫_files

[ 2017-06-08T18:06:13+08:00 ] ::1 /TPvideo/index.php/Home/Carton/%E5%94%8F%E9%87%8C%E5%94%8F%E9%87%8C%E5%8A%A8%E7%94%BB_%E5%8D%A1%E9%80%9A%E5%8A%A8%E6%BC%AB_files/u=593616858,2597100286&fm=20
ERR: 非法操作:唏里唏里动画_卡通动漫_files

[ 2017-06-08T18:06:13+08:00 ] ::1 /TPvideo/index.php/Home/Carton/%E5%94%8F%E9%87%8C%E5%94%8F%E9%87%8C%E5%8A%A8%E7%94%BB_%E5%8D%A1%E9%80%9A%E5%8A%A8%E6%BC%AB_files/u=2216158858,2922819176&fm=20
ERR: 非法操作:唏里唏里动画_卡通动漫_files

[ 2017-06-08T18:06:13+08:00 ] ::1 /TPvideo/index.php/Home/Carton/%E5%94%8F%E9%87%8C%E5%94%8F%E9%87%8C%E5%8A%A8%E7%94%BB_%E5%8D%A1%E9%80%9A%E5%8A%A8%E6%BC%AB_files/u=1344325322,3246165502&fm=20
ERR: 非法操作:唏里唏里动画_卡通动漫_files

[ 2017-06-08T18:06:13+08:00 ] ::1 /TPvideo/index.php/Home/Carton/%E5%94%8F%E9%87%8C%E5%94%8F%E9%87%8C%E5%8A%A8%E7%94%BB_%E5%8D%A1%E9%80%9A%E5%8A%A8%E6%BC%AB_files/u=4080195901,2013295905&fm=20
ERR: 非法操作:唏里唏里动画_卡通动漫_files

[ 2017-06-08T18:06:13+08:00 ] ::1 /TPvideo/index.php/Home/Carton/%E5%94%8F%E9%87%8C%E5%94%8F%E9%87%8C%E5%8A%A8%E7%94%BB_%E5%8D%A1%E9%80%9A%E5%8A%A8%E6%BC%AB_files/u=3334375866,3406600830&fm=20
ERR: 非法操作:唏里唏里动画_卡通动漫_files

[ 2017-06-08T18:06:13+08:00 ] ::1 /TPvideo/index.php/Home/Carton/%E5%94%8F%E9%87%8C%E5%94%8F%E9%87%8C%E5%8A%A8%E7%94%BB_%E5%8D%A1%E9%80%9A%E5%8A%A8%E6%BC%AB_files/u=783138555,3487996589&fm=20
ERR: 非法操作:唏里唏里动画_卡通动漫_files

[ 2017-06-08T18:06:13+08:00 ] ::1 /TPvideo/index.php/Home/Carton/%E5%94%8F%E9%87%8C%E5%94%8F%E9%87%8C%E5%8A%A8%E7%94%BB_%E5%8D%A1%E9%80%9A%E5%8A%A8%E6%BC%AB_files/u=1493723840,2405594587&fm=20
ERR: 非法操作:唏里唏里动画_卡通动漫_files

[ 2017-06-08T18:06:13+08:00 ] ::1 /TPvideo/index.php/Home/Carton/%E5%94%8F%E9%87%8C%E5%94%8F%E9%87%8C%E5%8A%A8%E7%94%BB_%E5%8D%A1%E9%80%9A%E5%8A%A8%E6%BC%AB_files/u=4241987513,3789419715&fm=20
ERR: 非法操作:唏里唏里动画_卡通动漫_files

[ 2017-06-08T18:06:13+08:00 ] ::1 /TPvideo/index.php/Home/Carton/%E5%94%8F%E9%87%8C%E5%94%8F%E9%87%8C%E5%8A%A8%E7%94%BB_%E5%8D%A1%E9%80%9A%E5%8A%A8%E6%BC%AB_files/u=811654722,130101203&fm=20
ERR: 非法操作:唏里唏里动画_卡通动漫_files

[ 2017-06-08T18:06:13+08:00 ] ::1 /TPvideo/index.php/Home/Carton/%E5%94%8F%E9%87%8C%E5%94%8F%E9%87%8C%E5%8A%A8%E7%94%BB_%E5%8D%A1%E9%80%9A%E5%8A%A8%E6%BC%AB_files/u=1402296845,1515441770&fm=20
ERR: 非法操作:唏里唏里动画_卡通动漫_files

[ 2017-06-08T18:06:13+08:00 ] ::1 /TPvideo/index.php/Home/Carton/%E5%94%8F%E9%87%8C%E5%94%8F%E9%87%8C%E5%8A%A8%E7%94%BB_%E5%8D%A1%E9%80%9A%E5%8A%A8%E6%BC%AB_files/u=466111325,46442140&fm=20
ERR: 非法操作:唏里唏里动画_卡通动漫_files

[ 2017-06-08T18:06:13+08:00 ] ::1 /TPvideo/index.php/Home/Carton/%E5%94%8F%E9%87%8C%E5%94%8F%E9%87%8C%E5%8A%A8%E7%94%BB_%E5%8D%A1%E9%80%9A%E5%8A%A8%E6%BC%AB_files/u=494003402,2545047587&fm=20
ERR: 非法操作:唏里唏里动画_卡通动漫_files

[ 2017-06-08T18:06:13+08:00 ] ::1 /TPvideo/index.php/Home/Carton/%E5%94%8F%E9%87%8C%E5%94%8F%E9%87%8C%E5%8A%A8%E7%94%BB_%E5%8D%A1%E9%80%9A%E5%8A%A8%E6%BC%AB_files/u=2835012470,3957468117&fm=20
ERR: 非法操作:唏里唏里动画_卡通动漫_files

[ 2017-06-08T18:06:13+08:00 ] ::1 /TPvideo/index.php/Home/Carton/%E5%94%8F%E9%87%8C%E5%94%8F%E9%87%8C%E5%8A%A8%E7%94%BB_%E5%8D%A1%E9%80%9A%E5%8A%A8%E6%BC%AB_files/u=901004293,2058047111&fm=20
ERR: 非法操作:唏里唏里动画_卡通动漫_files

[ 2017-06-08T18:06:13+08:00 ] ::1 /TPvideo/index.php/Home/Carton/%E5%94%8F%E9%87%8C%E5%94%8F%E9%87%8C%E5%8A%A8%E7%94%BB_%E5%8D%A1%E9%80%9A%E5%8A%A8%E6%BC%AB_files/u=924311981,2305963323&fm=20
ERR: 非法操作:唏里唏里动画_卡通动漫_files

[ 2017-06-08T18:06:13+08:00 ] ::1 /TPvideo/index.php/Home/Carton/%E5%94%8F%E9%87%8C%E5%94%8F%E9%87%8C%E5%8A%A8%E7%94%BB_%E5%8D%A1%E9%80%9A%E5%8A%A8%E6%BC%AB_files/u=2372709731,1127054541&fm=20
ERR: 非法操作:唏里唏里动画_卡通动漫_files

[ 2017-06-08T18:06:13+08:00 ] ::1 /TPvideo/index.php/Home/Carton/%E5%94%8F%E9%87%8C%E5%94%8F%E9%87%8C%E5%8A%A8%E7%94%BB_%E5%8D%A1%E9%80%9A%E5%8A%A8%E6%BC%AB_files/u=3839103291,3088484477&fm=20
ERR: 非法操作:唏里唏里动画_卡通动漫_files

[ 2017-06-08T18:06:13+08:00 ] ::1 /TPvideo/index.php/Home/Carton/%E5%94%8F%E9%87%8C%E5%94%8F%E9%87%8C%E5%8A%A8%E7%94%BB_%E5%8D%A1%E9%80%9A%E5%8A%A8%E6%BC%AB_files/u=3530237116,3165818344&fm=20
ERR: 非法操作:唏里唏里动画_卡通动漫_files

[ 2017-06-08T18:06:13+08:00 ] ::1 /TPvideo/index.php/Home/Carton/%E5%94%8F%E9%87%8C%E5%94%8F%E9%87%8C%E5%8A%A8%E7%94%BB_%E5%8D%A1%E9%80%9A%E5%8A%A8%E6%BC%AB_files/u=4270036784,507209928&fm=20
ERR: 非法操作:唏里唏里动画_卡通动漫_files

[ 2017-06-08T18:06:13+08:00 ] ::1 /TPvideo/index.php/Home/Carton/%E5%94%8F%E9%87%8C%E5%94%8F%E9%87%8C%E5%8A%A8%E7%94%BB_%E5%8D%A1%E9%80%9A%E5%8A%A8%E6%BC%AB_files/u=4048047381,1491292599&fm=20
ERR: 非法操作:唏里唏里动画_卡通动漫_files

[ 2017-06-08T18:06:13+08:00 ] ::1 /TPvideo/index.php/Home/Carton/%E5%94%8F%E9%87%8C%E5%94%8F%E9%87%8C%E5%8A%A8%E7%94%BB_%E5%8D%A1%E9%80%9A%E5%8A%A8%E6%BC%AB_files/u=3320019772,2272156840&fm=20
ERR: 非法操作:唏里唏里动画_卡通动漫_files

[ 2017-06-08T18:06:13+08:00 ] ::1 /TPvideo/index.php/Home/Carton/%E5%94%8F%E9%87%8C%E5%94%8F%E9%87%8C%E5%8A%A8%E7%94%BB_%E5%8D%A1%E9%80%9A%E5%8A%A8%E6%BC%AB_files/u=633454111,3978737681&fm=20
ERR: 非法操作:唏里唏里动画_卡通动漫_files

[ 2017-06-08T18:06:13+08:00 ] ::1 /TPvideo/index.php/Home/Carton/%E5%94%8F%E9%87%8C%E5%94%8F%E9%87%8C%E5%8A%A8%E7%94%BB_%E5%8D%A1%E9%80%9A%E5%8A%A8%E6%BC%AB_files/u=2862545432,2436871935&fm=20
ERR: 非法操作:唏里唏里动画_卡通动漫_files

[ 2017-06-08T18:06:13+08:00 ] ::1 /TPvideo/index.php/Home/Carton/%E5%94%8F%E9%87%8C%E5%94%8F%E9%87%8C%E5%8A%A8%E7%94%BB_%E5%8D%A1%E9%80%9A%E5%8A%A8%E6%BC%AB_files/u=3306499429,3524902413&fm=20
ERR: 非法操作:唏里唏里动画_卡通动漫_files

[ 2017-06-08T18:06:13+08:00 ] ::1 /TPvideo/index.php/Home/Carton/%E5%94%8F%E9%87%8C%E5%94%8F%E9%87%8C%E5%8A%A8%E7%94%BB_%E5%8D%A1%E9%80%9A%E5%8A%A8%E6%BC%AB_files/u=3631029309,2307412310&fm=20
ERR: 非法操作:唏里唏里动画_卡通动漫_files

[ 2017-06-08T18:06:13+08:00 ] ::1 /TPvideo/index.php/Home/Carton/%E5%94%8F%E9%87%8C%E5%94%8F%E9%87%8C%E5%8A%A8%E7%94%BB_%E5%8D%A1%E9%80%9A%E5%8A%A8%E6%BC%AB_files/u=1618794280,2578314300&fm=20
ERR: 非法操作:唏里唏里动画_卡通动漫_files

[ 2017-06-08T18:06:13+08:00 ] ::1 /TPvideo/index.php/Home/Carton/%E5%94%8F%E9%87%8C%E5%94%8F%E9%87%8C%E5%8A%A8%E7%94%BB_%E5%8D%A1%E9%80%9A%E5%8A%A8%E6%BC%AB_files/u=2140195506,2204143411&fm=20
ERR: 非法操作:唏里唏里动画_卡通动漫_files

[ 2017-06-08T18:06:42+08:00 ] ::1 /TPvideo/index.php/Home/Carton/%E5%94%8F%E9%87%8C%E5%94%8F%E9%87%8C%E5%8A%A8%E7%94%BB_%E5%8D%A1%E9%80%9A%E5%8A%A8%E6%BC%AB_files/u=1286010796,1762813222&fm=20
ERR: 非法操作:唏里唏里动画_卡通动漫_files

[ 2017-06-08T18:06:42+08:00 ] ::1 /TPvideo/index.php/Home/Carton/%E5%94%8F%E9%87%8C%E5%94%8F%E9%87%8C%E5%8A%A8%E7%94%BB_%E5%8D%A1%E9%80%9A%E5%8A%A8%E6%BC%AB_files/u=2557811826,2007786970&fm=20
ERR: 非法操作:唏里唏里动画_卡通动漫_files

[ 2017-06-08T18:06:42+08:00 ] ::1 /TPvideo/index.php/Home/Carton/%E5%94%8F%E9%87%8C%E5%94%8F%E9%87%8C%E5%8A%A8%E7%94%BB_%E5%8D%A1%E9%80%9A%E5%8A%A8%E6%BC%AB_files/u=811654722,130101203&fm=20
ERR: 非法操作:唏里唏里动画_卡通动漫_files

[ 2017-06-08T18:06:42+08:00 ] ::1 /TPvideo/index.php/Home/Carton/%E5%94%8F%E9%87%8C%E5%94%8F%E9%87%8C%E5%8A%A8%E7%94%BB_%E5%8D%A1%E9%80%9A%E5%8A%A8%E6%BC%AB_files/u=4080195901,2013295905&fm=20
ERR: 非法操作:唏里唏里动画_卡通动漫_files

[ 2017-06-08T18:06:42+08:00 ] ::1 /TPvideo/index.php/Home/Carton/%E5%94%8F%E9%87%8C%E5%94%8F%E9%87%8C%E5%8A%A8%E7%94%BB_%E5%8D%A1%E9%80%9A%E5%8A%A8%E6%BC%AB_files/u=3986239096,2714751997&fm=20
ERR: 非法操作:唏里唏里动画_卡通动漫_files

[ 2017-06-08T18:06:42+08:00 ] ::1 /TPvideo/index.php/Home/Carton/%E5%94%8F%E9%87%8C%E5%94%8F%E9%87%8C%E5%8A%A8%E7%94%BB_%E5%8D%A1%E9%80%9A%E5%8A%A8%E6%BC%AB_files/u=4241987513,3789419715&fm=20
ERR: 非法操作:唏里唏里动画_卡通动漫_files

[ 2017-06-08T18:06:43+08:00 ] ::1 /TPvideo/index.php/Home/Carton/%E5%94%8F%E9%87%8C%E5%94%8F%E9%87%8C%E5%8A%A8%E7%94%BB_%E5%8D%A1%E9%80%9A%E5%8A%A8%E6%BC%AB_files/u=1618794280,2578314300&fm=20
ERR: 非法操作:唏里唏里动画_卡通动漫_files

[ 2017-06-08T18:06:43+08:00 ] ::1 /TPvideo/index.php/Home/Carton/%E5%94%8F%E9%87%8C%E5%94%8F%E9%87%8C%E5%8A%A8%E7%94%BB_%E5%8D%A1%E9%80%9A%E5%8A%A8%E6%BC%AB_files/u=593616858,2597100286&fm=20
ERR: 非法操作:唏里唏里动画_卡通动漫_files

[ 2017-06-08T18:06:43+08:00 ] ::1 /TPvideo/index.php/Home/Carton/%E5%94%8F%E9%87%8C%E5%94%8F%E9%87%8C%E5%8A%A8%E7%94%BB_%E5%8D%A1%E9%80%9A%E5%8A%A8%E6%BC%AB_files/u=2216158858,2922819176&fm=20
ERR: 非法操作:唏里唏里动画_卡通动漫_files

[ 2017-06-08T18:06:43+08:00 ] ::1 /TPvideo/index.php/Home/Carton/%E5%94%8F%E9%87%8C%E5%94%8F%E9%87%8C%E5%8A%A8%E7%94%BB_%E5%8D%A1%E9%80%9A%E5%8A%A8%E6%BC%AB_files/u=2557811826,2007786970&fm=20
ERR: 非法操作:唏里唏里动画_卡通动漫_files

[ 2017-06-08T18:06:43+08:00 ] ::1 /TPvideo/index.php/Home/Carton/%E5%94%8F%E9%87%8C%E5%94%8F%E9%87%8C%E5%8A%A8%E7%94%BB_%E5%8D%A1%E9%80%9A%E5%8A%A8%E6%BC%AB_files/u=1286010796,1762813222&fm=20
ERR: 非法操作:唏里唏里动画_卡通动漫_files

[ 2017-06-08T18:06:43+08:00 ] ::1 /TPvideo/index.php/Home/Carton/%E5%94%8F%E9%87%8C%E5%94%8F%E9%87%8C%E5%8A%A8%E7%94%BB_%E5%8D%A1%E9%80%9A%E5%8A%A8%E6%BC%AB_files/u=1344325322,3246165502&fm=20
ERR: 非法操作:唏里唏里动画_卡通动漫_files

[ 2017-06-08T18:06:43+08:00 ] ::1 /TPvideo/index.php/Home/Carton/%E5%94%8F%E9%87%8C%E5%94%8F%E9%87%8C%E5%8A%A8%E7%94%BB_%E5%8D%A1%E9%80%9A%E5%8A%A8%E6%BC%AB_files/u=1493723840,2405594587&fm=20
ERR: 非法操作:唏里唏里动画_卡通动漫_files

[ 2017-06-08T18:06:43+08:00 ] ::1 /TPvideo/index.php/Home/Carton/%E5%94%8F%E9%87%8C%E5%94%8F%E9%87%8C%E5%8A%A8%E7%94%BB_%E5%8D%A1%E9%80%9A%E5%8A%A8%E6%BC%AB_files/u=783138555,3487996589&fm=20
ERR: 非法操作:唏里唏里动画_卡通动漫_files

[ 2017-06-08T18:06:43+08:00 ] ::1 /TPvideo/index.php/Home/Carton/%E5%94%8F%E9%87%8C%E5%94%8F%E9%87%8C%E5%8A%A8%E7%94%BB_%E5%8D%A1%E9%80%9A%E5%8A%A8%E6%BC%AB_files/u=3334375866,3406600830&fm=20
ERR: 非法操作:唏里唏里动画_卡通动漫_files

[ 2017-06-08T18:06:43+08:00 ] ::1 /TPvideo/index.php/Home/Carton/%E5%94%8F%E9%87%8C%E5%94%8F%E9%87%8C%E5%8A%A8%E7%94%BB_%E5%8D%A1%E9%80%9A%E5%8A%A8%E6%BC%AB_files/u=1402296845,1515441770&fm=20
ERR: 非法操作:唏里唏里动画_卡通动漫_files

[ 2017-06-08T18:06:43+08:00 ] ::1 /TPvideo/index.php/Home/Carton/%E5%94%8F%E9%87%8C%E5%94%8F%E9%87%8C%E5%8A%A8%E7%94%BB_%E5%8D%A1%E9%80%9A%E5%8A%A8%E6%BC%AB_files/u=2835012470,3957468117&fm=20
ERR: 非法操作:唏里唏里动画_卡通动漫_files

[ 2017-06-08T18:06:43+08:00 ] ::1 /TPvideo/index.php/Home/Carton/%E5%94%8F%E9%87%8C%E5%94%8F%E9%87%8C%E5%8A%A8%E7%94%BB_%E5%8D%A1%E9%80%9A%E5%8A%A8%E6%BC%AB_files/u=466111325,46442140&fm=20
ERR: 非法操作:唏里唏里动画_卡通动漫_files

[ 2017-06-08T18:06:43+08:00 ] ::1 /TPvideo/index.php/Home/Carton/%E5%94%8F%E9%87%8C%E5%94%8F%E9%87%8C%E5%8A%A8%E7%94%BB_%E5%8D%A1%E9%80%9A%E5%8A%A8%E6%BC%AB_files/u=924311981,2305963323&fm=20
ERR: 非法操作:唏里唏里动画_卡通动漫_files

[ 2017-06-08T18:06:43+08:00 ] ::1 /TPvideo/index.php/Home/Carton/%E5%94%8F%E9%87%8C%E5%94%8F%E9%87%8C%E5%8A%A8%E7%94%BB_%E5%8D%A1%E9%80%9A%E5%8A%A8%E6%BC%AB_files/u=3839103291,3088484477&fm=20
ERR: 非法操作:唏里唏里动画_卡通动漫_files

[ 2017-06-08T18:06:43+08:00 ] ::1 /TPvideo/index.php/Home/Carton/%E5%94%8F%E9%87%8C%E5%94%8F%E9%87%8C%E5%8A%A8%E7%94%BB_%E5%8D%A1%E9%80%9A%E5%8A%A8%E6%BC%AB_files/u=2372709731,1127054541&fm=20
ERR: 非法操作:唏里唏里动画_卡通动漫_files

[ 2017-06-08T18:06:43+08:00 ] ::1 /TPvideo/index.php/Home/Carton/%E5%94%8F%E9%87%8C%E5%94%8F%E9%87%8C%E5%8A%A8%E7%94%BB_%E5%8D%A1%E9%80%9A%E5%8A%A8%E6%BC%AB_files/u=901004293,2058047111&fm=20
ERR: 非法操作:唏里唏里动画_卡通动漫_files

[ 2017-06-08T18:06:43+08:00 ] ::1 /TPvideo/index.php/Home/Carton/%E5%94%8F%E9%87%8C%E5%94%8F%E9%87%8C%E5%8A%A8%E7%94%BB_%E5%8D%A1%E9%80%9A%E5%8A%A8%E6%BC%AB_files/u=494003402,2545047587&fm=20
ERR: 非法操作:唏里唏里动画_卡通动漫_files

[ 2017-06-08T18:06:43+08:00 ] ::1 /TPvideo/index.php/Home/Carton/%E5%94%8F%E9%87%8C%E5%94%8F%E9%87%8C%E5%8A%A8%E7%94%BB_%E5%8D%A1%E9%80%9A%E5%8A%A8%E6%BC%AB_files/u=3530237116,3165818344&fm=20
ERR: 非法操作:唏里唏里动画_卡通动漫_files

[ 2017-06-08T18:06:43+08:00 ] ::1 /TPvideo/index.php/Home/Carton/%E5%94%8F%E9%87%8C%E5%94%8F%E9%87%8C%E5%8A%A8%E7%94%BB_%E5%8D%A1%E9%80%9A%E5%8A%A8%E6%BC%AB_files/u=633454111,3978737681&fm=20
ERR: 非法操作:唏里唏里动画_卡通动漫_files

[ 2017-06-08T18:06:43+08:00 ] ::1 /TPvideo/index.php/Home/Carton/%E5%94%8F%E9%87%8C%E5%94%8F%E9%87%8C%E5%8A%A8%E7%94%BB_%E5%8D%A1%E9%80%9A%E5%8A%A8%E6%BC%AB_files/u=4048047381,1491292599&fm=20
ERR: 非法操作:唏里唏里动画_卡通动漫_files

[ 2017-06-08T18:06:43+08:00 ] ::1 /TPvideo/index.php/Home/Carton/%E5%94%8F%E9%87%8C%E5%94%8F%E9%87%8C%E5%8A%A8%E7%94%BB_%E5%8D%A1%E9%80%9A%E5%8A%A8%E6%BC%AB_files/u=3320019772,2272156840&fm=20
ERR: 非法操作:唏里唏里动画_卡通动漫_files

[ 2017-06-08T18:06:43+08:00 ] ::1 /TPvideo/index.php/Home/Carton/%E5%94%8F%E9%87%8C%E5%94%8F%E9%87%8C%E5%8A%A8%E7%94%BB_%E5%8D%A1%E9%80%9A%E5%8A%A8%E6%BC%AB_files/u=4270036784,507209928&fm=20
ERR: 非法操作:唏里唏里动画_卡通动漫_files

[ 2017-06-08T18:06:43+08:00 ] ::1 /TPvideo/index.php/Home/Carton/%E5%94%8F%E9%87%8C%E5%94%8F%E9%87%8C%E5%8A%A8%E7%94%BB_%E5%8D%A1%E9%80%9A%E5%8A%A8%E6%BC%AB_files/u=3306499429,3524902413&fm=20
ERR: 非法操作:唏里唏里动画_卡通动漫_files

[ 2017-06-08T18:06:43+08:00 ] ::1 /TPvideo/index.php/Home/Carton/%E5%94%8F%E9%87%8C%E5%94%8F%E9%87%8C%E5%8A%A8%E7%94%BB_%E5%8D%A1%E9%80%9A%E5%8A%A8%E6%BC%AB_files/u=2862545432,2436871935&fm=20
ERR: 非法操作:唏里唏里动画_卡通动漫_files

[ 2017-06-08T18:06:44+08:00 ] ::1 /TPvideo/index.php/Home/Carton/%E5%94%8F%E9%87%8C%E5%94%8F%E9%87%8C%E5%8A%A8%E7%94%BB_%E5%8D%A1%E9%80%9A%E5%8A%A8%E6%BC%AB_files/u=3631029309,2307412310&fm=20
ERR: 非法操作:唏里唏里动画_卡通动漫_files

[ 2017-06-08T18:06:44+08:00 ] ::1 /TPvideo/index.php/Home/Carton/%E5%94%8F%E9%87%8C%E5%94%8F%E9%87%8C%E5%8A%A8%E7%94%BB_%E5%8D%A1%E9%80%9A%E5%8A%A8%E6%BC%AB_files/u=2140195506,2204143411&fm=20
ERR: 非法操作:唏里唏里动画_卡通动漫_files

[ 2017-06-08T18:12:05+08:00 ] ::1 /TPvideo/index.php/Home/Carton/%E5%94%8F%E9%87%8C%E5%94%8F%E9%87%8C%E5%8A%A8%E7%94%BB_%E5%8D%A1%E9%80%9A%E5%8A%A8%E6%BC%AB_files/u=811654722,130101203&fm=20
ERR: 非法操作:唏里唏里动画_卡通动漫_files

[ 2017-06-08T18:12:05+08:00 ] ::1 /TPvideo/index.php/Home/Carton/%E5%94%8F%E9%87%8C%E5%94%8F%E9%87%8C%E5%8A%A8%E7%94%BB_%E5%8D%A1%E9%80%9A%E5%8A%A8%E6%BC%AB_files/u=4080195901,2013295905&fm=20
ERR: 非法操作:唏里唏里动画_卡通动漫_files

[ 2017-06-08T18:12:05+08:00 ] ::1 /TPvideo/index.php/Home/Carton/%E5%94%8F%E9%87%8C%E5%94%8F%E9%87%8C%E5%8A%A8%E7%94%BB_%E5%8D%A1%E9%80%9A%E5%8A%A8%E6%BC%AB_files/u=1286010796,1762813222&fm=20
ERR: 非法操作:唏里唏里动画_卡通动漫_files

[ 2017-06-08T18:12:05+08:00 ] ::1 /TPvideo/index.php/Home/Carton/%E5%94%8F%E9%87%8C%E5%94%8F%E9%87%8C%E5%8A%A8%E7%94%BB_%E5%8D%A1%E9%80%9A%E5%8A%A8%E6%BC%AB_files/u=4241987513,3789419715&fm=20
ERR: 非法操作:唏里唏里动画_卡通动漫_files

[ 2017-06-08T18:12:05+08:00 ] ::1 /TPvideo/index.php/Home/Carton/%E5%94%8F%E9%87%8C%E5%94%8F%E9%87%8C%E5%8A%A8%E7%94%BB_%E5%8D%A1%E9%80%9A%E5%8A%A8%E6%BC%AB_files/u=3986239096,2714751997&fm=20
ERR: 非法操作:唏里唏里动画_卡通动漫_files

[ 2017-06-08T18:12:06+08:00 ] ::1 /TPvideo/index.php/Home/Carton/%E5%94%8F%E9%87%8C%E5%94%8F%E9%87%8C%E5%8A%A8%E7%94%BB_%E5%8D%A1%E9%80%9A%E5%8A%A8%E6%BC%AB_files/u=2557811826,2007786970&fm=20
ERR: 非法操作:唏里唏里动画_卡通动漫_files

[ 2017-06-08T18:12:06+08:00 ] ::1 /TPvideo/index.php/Home/Carton/%E5%94%8F%E9%87%8C%E5%94%8F%E9%87%8C%E5%8A%A8%E7%94%BB_%E5%8D%A1%E9%80%9A%E5%8A%A8%E6%BC%AB_files/u=1618794280,2578314300&fm=20
ERR: 非法操作:唏里唏里动画_卡通动漫_files

[ 2017-06-08T18:12:06+08:00 ] ::1 /TPvideo/index.php/Home/Carton/%E5%94%8F%E9%87%8C%E5%94%8F%E9%87%8C%E5%8A%A8%E7%94%BB_%E5%8D%A1%E9%80%9A%E5%8A%A8%E6%BC%AB_files/u=1344325322,3246165502&fm=20
ERR: 非法操作:唏里唏里动画_卡通动漫_files

[ 2017-06-08T18:12:06+08:00 ] ::1 /TPvideo/index.php/Home/Carton/%E5%94%8F%E9%87%8C%E5%94%8F%E9%87%8C%E5%8A%A8%E7%94%BB_%E5%8D%A1%E9%80%9A%E5%8A%A8%E6%BC%AB_files/u=2216158858,2922819176&fm=20
ERR: 非法操作:唏里唏里动画_卡通动漫_files

[ 2017-06-08T18:12:06+08:00 ] ::1 /TPvideo/index.php/Home/Carton/%E5%94%8F%E9%87%8C%E5%94%8F%E9%87%8C%E5%8A%A8%E7%94%BB_%E5%8D%A1%E9%80%9A%E5%8A%A8%E6%BC%AB_files/u=593616858,2597100286&fm=20
ERR: 非法操作:唏里唏里动画_卡通动漫_files

[ 2017-06-08T18:12:06+08:00 ] ::1 /TPvideo/index.php/Home/Carton/%E5%94%8F%E9%87%8C%E5%94%8F%E9%87%8C%E5%8A%A8%E7%94%BB_%E5%8D%A1%E9%80%9A%E5%8A%A8%E6%BC%AB_files/u=1402296845,1515441770&fm=20
ERR: 非法操作:唏里唏里动画_卡通动漫_files

[ 2017-06-08T18:12:06+08:00 ] ::1 /TPvideo/index.php/Home/Carton/%E5%94%8F%E9%87%8C%E5%94%8F%E9%87%8C%E5%8A%A8%E7%94%BB_%E5%8D%A1%E9%80%9A%E5%8A%A8%E6%BC%AB_files/u=3334375866,3406600830&fm=20
ERR: 非法操作:唏里唏里动画_卡通动漫_files

[ 2017-06-08T18:12:06+08:00 ] ::1 /TPvideo/index.php/Home/Carton/%E5%94%8F%E9%87%8C%E5%94%8F%E9%87%8C%E5%8A%A8%E7%94%BB_%E5%8D%A1%E9%80%9A%E5%8A%A8%E6%BC%AB_files/u=1493723840,2405594587&fm=20
ERR: 非法操作:唏里唏里动画_卡通动漫_files

[ 2017-06-08T18:12:06+08:00 ] ::1 /TPvideo/index.php/Home/Carton/%E5%94%8F%E9%87%8C%E5%94%8F%E9%87%8C%E5%8A%A8%E7%94%BB_%E5%8D%A1%E9%80%9A%E5%8A%A8%E6%BC%AB_files/u=2835012470,3957468117&fm=20
ERR: 非法操作:唏里唏里动画_卡通动漫_files

[ 2017-06-08T18:12:06+08:00 ] ::1 /TPvideo/index.php/Home/Carton/%E5%94%8F%E9%87%8C%E5%94%8F%E9%87%8C%E5%8A%A8%E7%94%BB_%E5%8D%A1%E9%80%9A%E5%8A%A8%E6%BC%AB_files/u=783138555,3487996589&fm=20
ERR: 非法操作:唏里唏里动画_卡通动漫_files

[ 2017-06-08T18:12:06+08:00 ] ::1 /TPvideo/index.php/Home/Carton/%E5%94%8F%E9%87%8C%E5%94%8F%E9%87%8C%E5%8A%A8%E7%94%BB_%E5%8D%A1%E9%80%9A%E5%8A%A8%E6%BC%AB_files/u=466111325,46442140&fm=20
ERR: 非法操作:唏里唏里动画_卡通动漫_files

[ 2017-06-08T18:12:06+08:00 ] ::1 /TPvideo/index.php/Home/Carton/%E5%94%8F%E9%87%8C%E5%94%8F%E9%87%8C%E5%8A%A8%E7%94%BB_%E5%8D%A1%E9%80%9A%E5%8A%A8%E6%BC%AB_files/u=924311981,2305963323&fm=20
ERR: 非法操作:唏里唏里动画_卡通动漫_files

[ 2017-06-08T18:12:06+08:00 ] ::1 /TPvideo/index.php/Home/Carton/%E5%94%8F%E9%87%8C%E5%94%8F%E9%87%8C%E5%8A%A8%E7%94%BB_%E5%8D%A1%E9%80%9A%E5%8A%A8%E6%BC%AB_files/u=3839103291,3088484477&fm=20
ERR: 非法操作:唏里唏里动画_卡通动漫_files

[ 2017-06-08T18:12:06+08:00 ] ::1 /TPvideo/index.php/Home/Carton/%E5%94%8F%E9%87%8C%E5%94%8F%E9%87%8C%E5%8A%A8%E7%94%BB_%E5%8D%A1%E9%80%9A%E5%8A%A8%E6%BC%AB_files/u=2372709731,1127054541&fm=20
ERR: 非法操作:唏里唏里动画_卡通动漫_files

[ 2017-06-08T18:12:06+08:00 ] ::1 /TPvideo/index.php/Home/Carton/%E5%94%8F%E9%87%8C%E5%94%8F%E9%87%8C%E5%8A%A8%E7%94%BB_%E5%8D%A1%E9%80%9A%E5%8A%A8%E6%BC%AB_files/u=901004293,2058047111&fm=20
ERR: 非法操作:唏里唏里动画_卡通动漫_files

[ 2017-06-08T18:12:06+08:00 ] ::1 /TPvideo/index.php/Home/Carton/%E5%94%8F%E9%87%8C%E5%94%8F%E9%87%8C%E5%8A%A8%E7%94%BB_%E5%8D%A1%E9%80%9A%E5%8A%A8%E6%BC%AB_files/u=494003402,2545047587&fm=20
ERR: 非法操作:唏里唏里动画_卡通动漫_files

[ 2017-06-08T18:12:06+08:00 ] ::1 /TPvideo/index.php/Home/Carton/%E5%94%8F%E9%87%8C%E5%94%8F%E9%87%8C%E5%8A%A8%E7%94%BB_%E5%8D%A1%E9%80%9A%E5%8A%A8%E6%BC%AB_files/u=3530237116,3165818344&fm=20
ERR: 非法操作:唏里唏里动画_卡通动漫_files

[ 2017-06-08T18:12:06+08:00 ] ::1 /TPvideo/index.php/Home/Carton/%E5%94%8F%E9%87%8C%E5%94%8F%E9%87%8C%E5%8A%A8%E7%94%BB_%E5%8D%A1%E9%80%9A%E5%8A%A8%E6%BC%AB_files/u=633454111,3978737681&fm=20
ERR: 非法操作:唏里唏里动画_卡通动漫_files

[ 2017-06-08T18:12:06+08:00 ] ::1 /TPvideo/index.php/Home/Carton/%E5%94%8F%E9%87%8C%E5%94%8F%E9%87%8C%E5%8A%A8%E7%94%BB_%E5%8D%A1%E9%80%9A%E5%8A%A8%E6%BC%AB_files/u=4048047381,1491292599&fm=20
ERR: 非法操作:唏里唏里动画_卡通动漫_files

[ 2017-06-08T18:12:06+08:00 ] ::1 /TPvideo/index.php/Home/Carton/%E5%94%8F%E9%87%8C%E5%94%8F%E9%87%8C%E5%8A%A8%E7%94%BB_%E5%8D%A1%E9%80%9A%E5%8A%A8%E6%BC%AB_files/u=3320019772,2272156840&fm=20
ERR: 非法操作:唏里唏里动画_卡通动漫_files

[ 2017-06-08T18:12:06+08:00 ] ::1 /TPvideo/index.php/Home/Carton/%E5%94%8F%E9%87%8C%E5%94%8F%E9%87%8C%E5%8A%A8%E7%94%BB_%E5%8D%A1%E9%80%9A%E5%8A%A8%E6%BC%AB_files/u=4270036784,507209928&fm=20
ERR: 非法操作:唏里唏里动画_卡通动漫_files

[ 2017-06-08T18:12:06+08:00 ] ::1 /TPvideo/index.php/Home/Carton/%E5%94%8F%E9%87%8C%E5%94%8F%E9%87%8C%E5%8A%A8%E7%94%BB_%E5%8D%A1%E9%80%9A%E5%8A%A8%E6%BC%AB_files/u=3306499429,3524902413&fm=20
ERR: 非法操作:唏里唏里动画_卡通动漫_files

[ 2017-06-08T18:12:07+08:00 ] ::1 /TPvideo/index.php/Home/Carton/%E5%94%8F%E9%87%8C%E5%94%8F%E9%87%8C%E5%8A%A8%E7%94%BB_%E5%8D%A1%E9%80%9A%E5%8A%A8%E6%BC%AB_files/u=2862545432,2436871935&fm=20
ERR: 非法操作:唏里唏里动画_卡通动漫_files

[ 2017-06-08T18:12:07+08:00 ] ::1 /TPvideo/index.php/Home/Carton/%E5%94%8F%E9%87%8C%E5%94%8F%E9%87%8C%E5%8A%A8%E7%94%BB_%E5%8D%A1%E9%80%9A%E5%8A%A8%E6%BC%AB_files/u=3631029309,2307412310&fm=20
ERR: 非法操作:唏里唏里动画_卡通动漫_files

[ 2017-06-08T18:12:07+08:00 ] ::1 /TPvideo/index.php/Home/Carton/%E5%94%8F%E9%87%8C%E5%94%8F%E9%87%8C%E5%8A%A8%E7%94%BB_%E5%8D%A1%E9%80%9A%E5%8A%A8%E6%BC%AB_files/u=2140195506,2204143411&fm=20
ERR: 非法操作:唏里唏里动画_卡通动漫_files

[ 2017-06-08T18:13:12+08:00 ] ::1 /TPvideo/index.php/Home/Carton/%E5%94%8F%E9%87%8C%E5%94%8F%E9%87%8C%E5%8A%A8%E7%94%BB_%E5%8D%A1%E9%80%9A%E5%8A%A8%E6%BC%AB_files/u=4080195901,2013295905&fm=20
ERR: 非法操作:唏里唏里动画_卡通动漫_files

[ 2017-06-08T18:13:12+08:00 ] ::1 /TPvideo/index.php/Home/Carton/%E5%94%8F%E9%87%8C%E5%94%8F%E9%87%8C%E5%8A%A8%E7%94%BB_%E5%8D%A1%E9%80%9A%E5%8A%A8%E6%BC%AB_files/u=2557811826,2007786970&fm=20
ERR: 非法操作:唏里唏里动画_卡通动漫_files

[ 2017-06-08T18:13:12+08:00 ] ::1 /TPvideo/index.php/Home/Carton/%E5%94%8F%E9%87%8C%E5%94%8F%E9%87%8C%E5%8A%A8%E7%94%BB_%E5%8D%A1%E9%80%9A%E5%8A%A8%E6%BC%AB_files/u=1286010796,1762813222&fm=20
ERR: 非法操作:唏里唏里动画_卡通动漫_files

[ 2017-06-08T18:13:12+08:00 ] ::1 /TPvideo/index.php/Home/Carton/%E5%94%8F%E9%87%8C%E5%94%8F%E9%87%8C%E5%8A%A8%E7%94%BB_%E5%8D%A1%E9%80%9A%E5%8A%A8%E6%BC%AB_files/u=3986239096,2714751997&fm=20
ERR: 非法操作:唏里唏里动画_卡通动漫_files

[ 2017-06-08T18:13:12+08:00 ] ::1 /TPvideo/index.php/Home/Carton/%E5%94%8F%E9%87%8C%E5%94%8F%E9%87%8C%E5%8A%A8%E7%94%BB_%E5%8D%A1%E9%80%9A%E5%8A%A8%E6%BC%AB_files/u=811654722,130101203&fm=20
ERR: 非法操作:唏里唏里动画_卡通动漫_files

[ 2017-06-08T18:13:12+08:00 ] ::1 /TPvideo/index.php/Home/Carton/%E5%94%8F%E9%87%8C%E5%94%8F%E9%87%8C%E5%8A%A8%E7%94%BB_%E5%8D%A1%E9%80%9A%E5%8A%A8%E6%BC%AB_files/u=4241987513,3789419715&fm=20
ERR: 非法操作:唏里唏里动画_卡通动漫_files

[ 2017-06-08T18:13:12+08:00 ] ::1 /TPvideo/index.php/Home/Carton/%E5%94%8F%E9%87%8C%E5%94%8F%E9%87%8C%E5%8A%A8%E7%94%BB_%E5%8D%A1%E9%80%9A%E5%8A%A8%E6%BC%AB_files/u=1618794280,2578314300&fm=20
ERR: 非法操作:唏里唏里动画_卡通动漫_files

[ 2017-06-08T18:13:12+08:00 ] ::1 /TPvideo/index.php/Home/Carton/%E5%94%8F%E9%87%8C%E5%94%8F%E9%87%8C%E5%8A%A8%E7%94%BB_%E5%8D%A1%E9%80%9A%E5%8A%A8%E6%BC%AB_files/u=593616858,2597100286&fm=20
ERR: 非法操作:唏里唏里动画_卡通动漫_files

[ 2017-06-08T18:13:12+08:00 ] ::1 /TPvideo/index.php/Home/Carton/%E5%94%8F%E9%87%8C%E5%94%8F%E9%87%8C%E5%8A%A8%E7%94%BB_%E5%8D%A1%E9%80%9A%E5%8A%A8%E6%BC%AB_files/u=2216158858,2922819176&fm=20
ERR: 非法操作:唏里唏里动画_卡通动漫_files

[ 2017-06-08T18:13:13+08:00 ] ::1 /TPvideo/index.php/Home/Carton/%E5%94%8F%E9%87%8C%E5%94%8F%E9%87%8C%E5%8A%A8%E7%94%BB_%E5%8D%A1%E9%80%9A%E5%8A%A8%E6%BC%AB_files/u=2557811826,2007786970&fm=20
ERR: 非法操作:唏里唏里动画_卡通动漫_files

[ 2017-06-08T18:13:13+08:00 ] ::1 /TPvideo/index.php/Home/Carton/%E5%94%8F%E9%87%8C%E5%94%8F%E9%87%8C%E5%8A%A8%E7%94%BB_%E5%8D%A1%E9%80%9A%E5%8A%A8%E6%BC%AB_files/u=1344325322,3246165502&fm=20
ERR: 非法操作:唏里唏里动画_卡通动漫_files

[ 2017-06-08T18:13:13+08:00 ] ::1 /TPvideo/index.php/Home/Carton/%E5%94%8F%E9%87%8C%E5%94%8F%E9%87%8C%E5%8A%A8%E7%94%BB_%E5%8D%A1%E9%80%9A%E5%8A%A8%E6%BC%AB_files/u=4080195901,2013295905&fm=20
ERR: 非法操作:唏里唏里动画_卡通动漫_files

[ 2017-06-08T18:13:13+08:00 ] ::1 /TPvideo/index.php/Home/Carton/%E5%94%8F%E9%87%8C%E5%94%8F%E9%87%8C%E5%8A%A8%E7%94%BB_%E5%8D%A1%E9%80%9A%E5%8A%A8%E6%BC%AB_files/u=1402296845,1515441770&fm=20
ERR: 非法操作:唏里唏里动画_卡通动漫_files

[ 2017-06-08T18:13:13+08:00 ] ::1 /TPvideo/index.php/Home/Carton/%E5%94%8F%E9%87%8C%E5%94%8F%E9%87%8C%E5%8A%A8%E7%94%BB_%E5%8D%A1%E9%80%9A%E5%8A%A8%E6%BC%AB_files/u=3334375866,3406600830&fm=20
ERR: 非法操作:唏里唏里动画_卡通动漫_files

[ 2017-06-08T18:13:13+08:00 ] ::1 /TPvideo/index.php/Home/Carton/%E5%94%8F%E9%87%8C%E5%94%8F%E9%87%8C%E5%8A%A8%E7%94%BB_%E5%8D%A1%E9%80%9A%E5%8A%A8%E6%BC%AB_files/u=783138555,3487996589&fm=20
ERR: 非法操作:唏里唏里动画_卡通动漫_files

[ 2017-06-08T18:13:13+08:00 ] ::1 /TPvideo/index.php/Home/Carton/%E5%94%8F%E9%87%8C%E5%94%8F%E9%87%8C%E5%8A%A8%E7%94%BB_%E5%8D%A1%E9%80%9A%E5%8A%A8%E6%BC%AB_files/u=2835012470,3957468117&fm=20
ERR: 非法操作:唏里唏里动画_卡通动漫_files

[ 2017-06-08T18:13:13+08:00 ] ::1 /TPvideo/index.php/Home/Carton/%E5%94%8F%E9%87%8C%E5%94%8F%E9%87%8C%E5%8A%A8%E7%94%BB_%E5%8D%A1%E9%80%9A%E5%8A%A8%E6%BC%AB_files/u=1493723840,2405594587&fm=20
ERR: 非法操作:唏里唏里动画_卡通动漫_files

[ 2017-06-08T18:13:13+08:00 ] ::1 /TPvideo/index.php/Home/Carton/%E5%94%8F%E9%87%8C%E5%94%8F%E9%87%8C%E5%8A%A8%E7%94%BB_%E5%8D%A1%E9%80%9A%E5%8A%A8%E6%BC%AB_files/u=466111325,46442140&fm=20
ERR: 非法操作:唏里唏里动画_卡通动漫_files

[ 2017-06-08T18:13:13+08:00 ] ::1 /TPvideo/index.php/Home/Carton/%E5%94%8F%E9%87%8C%E5%94%8F%E9%87%8C%E5%8A%A8%E7%94%BB_%E5%8D%A1%E9%80%9A%E5%8A%A8%E6%BC%AB_files/u=924311981,2305963323&fm=20
ERR: 非法操作:唏里唏里动画_卡通动漫_files

[ 2017-06-08T18:13:13+08:00 ] ::1 /TPvideo/index.php/Home/Carton/%E5%94%8F%E9%87%8C%E5%94%8F%E9%87%8C%E5%8A%A8%E7%94%BB_%E5%8D%A1%E9%80%9A%E5%8A%A8%E6%BC%AB_files/u=3839103291,3088484477&fm=20
ERR: 非法操作:唏里唏里动画_卡通动漫_files

[ 2017-06-08T18:13:13+08:00 ] ::1 /TPvideo/index.php/Home/Carton/%E5%94%8F%E9%87%8C%E5%94%8F%E9%87%8C%E5%8A%A8%E7%94%BB_%E5%8D%A1%E9%80%9A%E5%8A%A8%E6%BC%AB_files/u=2372709731,1127054541&fm=20
ERR: 非法操作:唏里唏里动画_卡通动漫_files

[ 2017-06-08T18:13:13+08:00 ] ::1 /TPvideo/index.php/Home/Carton/%E5%94%8F%E9%87%8C%E5%94%8F%E9%87%8C%E5%8A%A8%E7%94%BB_%E5%8D%A1%E9%80%9A%E5%8A%A8%E6%BC%AB_files/u=901004293,2058047111&fm=20
ERR: 非法操作:唏里唏里动画_卡通动漫_files

[ 2017-06-08T18:13:13+08:00 ] ::1 /TPvideo/index.php/Home/Carton/%E5%94%8F%E9%87%8C%E5%94%8F%E9%87%8C%E5%8A%A8%E7%94%BB_%E5%8D%A1%E9%80%9A%E5%8A%A8%E6%BC%AB_files/u=494003402,2545047587&fm=20
ERR: 非法操作:唏里唏里动画_卡通动漫_files

[ 2017-06-08T18:13:13+08:00 ] ::1 /TPvideo/index.php/Home/Carton/%E5%94%8F%E9%87%8C%E5%94%8F%E9%87%8C%E5%8A%A8%E7%94%BB_%E5%8D%A1%E9%80%9A%E5%8A%A8%E6%BC%AB_files/u=3530237116,3165818344&fm=20
ERR: 非法操作:唏里唏里动画_卡通动漫_files

[ 2017-06-08T18:13:13+08:00 ] ::1 /TPvideo/index.php/Home/Carton/%E5%94%8F%E9%87%8C%E5%94%8F%E9%87%8C%E5%8A%A8%E7%94%BB_%E5%8D%A1%E9%80%9A%E5%8A%A8%E6%BC%AB_files/u=633454111,3978737681&fm=20
ERR: 非法操作:唏里唏里动画_卡通动漫_files

[ 2017-06-08T18:13:13+08:00 ] ::1 /TPvideo/index.php/Home/Carton/%E5%94%8F%E9%87%8C%E5%94%8F%E9%87%8C%E5%8A%A8%E7%94%BB_%E5%8D%A1%E9%80%9A%E5%8A%A8%E6%BC%AB_files/u=4048047381,1491292599&fm=20
ERR: 非法操作:唏里唏里动画_卡通动漫_files

[ 2017-06-08T18:13:13+08:00 ] ::1 /TPvideo/index.php/Home/Carton/%E5%94%8F%E9%87%8C%E5%94%8F%E9%87%8C%E5%8A%A8%E7%94%BB_%E5%8D%A1%E9%80%9A%E5%8A%A8%E6%BC%AB_files/u=3320019772,2272156840&fm=20
ERR: 非法操作:唏里唏里动画_卡通动漫_files

[ 2017-06-08T18:13:13+08:00 ] ::1 /TPvideo/index.php/Home/Carton/%E5%94%8F%E9%87%8C%E5%94%8F%E9%87%8C%E5%8A%A8%E7%94%BB_%E5%8D%A1%E9%80%9A%E5%8A%A8%E6%BC%AB_files/u=4270036784,507209928&fm=20
ERR: 非法操作:唏里唏里动画_卡通动漫_files

[ 2017-06-08T18:13:13+08:00 ] ::1 /TPvideo/index.php/Home/Carton/%E5%94%8F%E9%87%8C%E5%94%8F%E9%87%8C%E5%8A%A8%E7%94%BB_%E5%8D%A1%E9%80%9A%E5%8A%A8%E6%BC%AB_files/u=3306499429,3524902413&fm=20
ERR: 非法操作:唏里唏里动画_卡通动漫_files

[ 2017-06-08T18:13:13+08:00 ] ::1 /TPvideo/index.php/Home/Carton/%E5%94%8F%E9%87%8C%E5%94%8F%E9%87%8C%E5%8A%A8%E7%94%BB_%E5%8D%A1%E9%80%9A%E5%8A%A8%E6%BC%AB_files/u=2862545432,2436871935&fm=20
ERR: 非法操作:唏里唏里动画_卡通动漫_files

[ 2017-06-08T18:13:13+08:00 ] ::1 /TPvideo/index.php/Home/Carton/%E5%94%8F%E9%87%8C%E5%94%8F%E9%87%8C%E5%8A%A8%E7%94%BB_%E5%8D%A1%E9%80%9A%E5%8A%A8%E6%BC%AB_files/u=3631029309,2307412310&fm=20
ERR: 非法操作:唏里唏里动画_卡通动漫_files

[ 2017-06-08T18:13:13+08:00 ] ::1 /TPvideo/index.php/Home/Carton/%E5%94%8F%E9%87%8C%E5%94%8F%E9%87%8C%E5%8A%A8%E7%94%BB_%E5%8D%A1%E9%80%9A%E5%8A%A8%E6%BC%AB_files/u=2140195506,2204143411&fm=20
ERR: 非法操作:唏里唏里动画_卡通动漫_files

[ 2017-06-08T18:16:05+08:00 ] ::1 /TPvideo/index.php/Home/Carton/%E5%94%8F%E9%87%8C%E5%94%8F%E9%87%8C%E5%8A%A8%E7%94%BB_%E5%8D%A1%E9%80%9A%E5%8A%A8%E6%BC%AB_files/u=1286010796,1762813222&fm=20
ERR: 非法操作:唏里唏里动画_卡通动漫_files

[ 2017-06-08T18:16:05+08:00 ] ::1 /TPvideo/index.php/Home/Carton/%E5%94%8F%E9%87%8C%E5%94%8F%E9%87%8C%E5%8A%A8%E7%94%BB_%E5%8D%A1%E9%80%9A%E5%8A%A8%E6%BC%AB_files/u=4080195901,2013295905&fm=20
ERR: 非法操作:唏里唏里动画_卡通动漫_files

[ 2017-06-08T18:16:05+08:00 ] ::1 /TPvideo/index.php/Home/Carton/%E5%94%8F%E9%87%8C%E5%94%8F%E9%87%8C%E5%8A%A8%E7%94%BB_%E5%8D%A1%E9%80%9A%E5%8A%A8%E6%BC%AB_files/u=3986239096,2714751997&fm=20
ERR: 非法操作:唏里唏里动画_卡通动漫_files

[ 2017-06-08T18:16:05+08:00 ] ::1 /TPvideo/index.php/Home/Carton/%E5%94%8F%E9%87%8C%E5%94%8F%E9%87%8C%E5%8A%A8%E7%94%BB_%E5%8D%A1%E9%80%9A%E5%8A%A8%E6%BC%AB_files/u=4241987513,3789419715&fm=20
ERR: 非法操作:唏里唏里动画_卡通动漫_files

[ 2017-06-08T18:16:05+08:00 ] ::1 /TPvideo/index.php/Home/Carton/%E5%94%8F%E9%87%8C%E5%94%8F%E9%87%8C%E5%8A%A8%E7%94%BB_%E5%8D%A1%E9%80%9A%E5%8A%A8%E6%BC%AB_files/u=2557811826,2007786970&fm=20
ERR: 非法操作:唏里唏里动画_卡通动漫_files

[ 2017-06-08T18:16:05+08:00 ] ::1 /TPvideo/index.php/Home/Carton/%E5%94%8F%E9%87%8C%E5%94%8F%E9%87%8C%E5%8A%A8%E7%94%BB_%E5%8D%A1%E9%80%9A%E5%8A%A8%E6%BC%AB_files/u=811654722,130101203&fm=20
ERR: 非法操作:唏里唏里动画_卡通动漫_files

[ 2017-06-08T18:16:05+08:00 ] ::1 /TPvideo/index.php/Home/Carton/%E5%94%8F%E9%87%8C%E5%94%8F%E9%87%8C%E5%8A%A8%E7%94%BB_%E5%8D%A1%E9%80%9A%E5%8A%A8%E6%BC%AB_files/u=1618794280,2578314300&fm=20
ERR: 非法操作:唏里唏里动画_卡通动漫_files

[ 2017-06-08T18:16:05+08:00 ] ::1 /TPvideo/index.php/Home/Carton/%E5%94%8F%E9%87%8C%E5%94%8F%E9%87%8C%E5%8A%A8%E7%94%BB_%E5%8D%A1%E9%80%9A%E5%8A%A8%E6%BC%AB_files/u=593616858,2597100286&fm=20
ERR: 非法操作:唏里唏里动画_卡通动漫_files

[ 2017-06-08T18:16:05+08:00 ] ::1 /TPvideo/index.php/Home/Carton/%E5%94%8F%E9%87%8C%E5%94%8F%E9%87%8C%E5%8A%A8%E7%94%BB_%E5%8D%A1%E9%80%9A%E5%8A%A8%E6%BC%AB_files/u=2216158858,2922819176&fm=20
ERR: 非法操作:唏里唏里动画_卡通动漫_files

[ 2017-06-08T18:16:05+08:00 ] ::1 /TPvideo/index.php/Home/Carton/%E5%94%8F%E9%87%8C%E5%94%8F%E9%87%8C%E5%8A%A8%E7%94%BB_%E5%8D%A1%E9%80%9A%E5%8A%A8%E6%BC%AB_files/u=1344325322,3246165502&fm=20
ERR: 非法操作:唏里唏里动画_卡通动漫_files

[ 2017-06-08T18:16:05+08:00 ] ::1 /TPvideo/index.php/Home/Carton/%E5%94%8F%E9%87%8C%E5%94%8F%E9%87%8C%E5%8A%A8%E7%94%BB_%E5%8D%A1%E9%80%9A%E5%8A%A8%E6%BC%AB_files/u=1286010796,1762813222&fm=20
ERR: 非法操作:唏里唏里动画_卡通动漫_files

[ 2017-06-08T18:16:05+08:00 ] ::1 /TPvideo/index.php/Home/Carton/%E5%94%8F%E9%87%8C%E5%94%8F%E9%87%8C%E5%8A%A8%E7%94%BB_%E5%8D%A1%E9%80%9A%E5%8A%A8%E6%BC%AB_files/u=3334375866,3406600830&fm=20
ERR: 非法操作:唏里唏里动画_卡通动漫_files

[ 2017-06-08T18:16:05+08:00 ] ::1 /TPvideo/index.php/Home/Carton/%E5%94%8F%E9%87%8C%E5%94%8F%E9%87%8C%E5%8A%A8%E7%94%BB_%E5%8D%A1%E9%80%9A%E5%8A%A8%E6%BC%AB_files/u=783138555,3487996589&fm=20
ERR: 非法操作:唏里唏里动画_卡通动漫_files

[ 2017-06-08T18:16:05+08:00 ] ::1 /TPvideo/index.php/Home/Carton/%E5%94%8F%E9%87%8C%E5%94%8F%E9%87%8C%E5%8A%A8%E7%94%BB_%E5%8D%A1%E9%80%9A%E5%8A%A8%E6%BC%AB_files/u=2835012470,3957468117&fm=20
ERR: 非法操作:唏里唏里动画_卡通动漫_files

[ 2017-06-08T18:16:05+08:00 ] ::1 /TPvideo/index.php/Home/Carton/%E5%94%8F%E9%87%8C%E5%94%8F%E9%87%8C%E5%8A%A8%E7%94%BB_%E5%8D%A1%E9%80%9A%E5%8A%A8%E6%BC%AB_files/u=1493723840,2405594587&fm=20
ERR: 非法操作:唏里唏里动画_卡通动漫_files

[ 2017-06-08T18:16:05+08:00 ] ::1 /TPvideo/index.php/Home/Carton/%E5%94%8F%E9%87%8C%E5%94%8F%E9%87%8C%E5%8A%A8%E7%94%BB_%E5%8D%A1%E9%80%9A%E5%8A%A8%E6%BC%AB_files/u=1402296845,1515441770&fm=20
ERR: 非法操作:唏里唏里动画_卡通动漫_files

[ 2017-06-08T18:16:05+08:00 ] ::1 /TPvideo/index.php/Home/Carton/%E5%94%8F%E9%87%8C%E5%94%8F%E9%87%8C%E5%8A%A8%E7%94%BB_%E5%8D%A1%E9%80%9A%E5%8A%A8%E6%BC%AB_files/u=466111325,46442140&fm=20
ERR: 非法操作:唏里唏里动画_卡通动漫_files

[ 2017-06-08T18:16:05+08:00 ] ::1 /TPvideo/index.php/Home/Carton/%E5%94%8F%E9%87%8C%E5%94%8F%E9%87%8C%E5%8A%A8%E7%94%BB_%E5%8D%A1%E9%80%9A%E5%8A%A8%E6%BC%AB_files/u=924311981,2305963323&fm=20
ERR: 非法操作:唏里唏里动画_卡通动漫_files

[ 2017-06-08T18:16:05+08:00 ] ::1 /TPvideo/index.php/Home/Carton/%E5%94%8F%E9%87%8C%E5%94%8F%E9%87%8C%E5%8A%A8%E7%94%BB_%E5%8D%A1%E9%80%9A%E5%8A%A8%E6%BC%AB_files/u=3839103291,3088484477&fm=20
ERR: 非法操作:唏里唏里动画_卡通动漫_files

[ 2017-06-08T18:16:05+08:00 ] ::1 /TPvideo/index.php/Home/Carton/%E5%94%8F%E9%87%8C%E5%94%8F%E9%87%8C%E5%8A%A8%E7%94%BB_%E5%8D%A1%E9%80%9A%E5%8A%A8%E6%BC%AB_files/u=2372709731,1127054541&fm=20
ERR: 非法操作:唏里唏里动画_卡通动漫_files

[ 2017-06-08T18:16:05+08:00 ] ::1 /TPvideo/index.php/Home/Carton/%E5%94%8F%E9%87%8C%E5%94%8F%E9%87%8C%E5%8A%A8%E7%94%BB_%E5%8D%A1%E9%80%9A%E5%8A%A8%E6%BC%AB_files/u=901004293,2058047111&fm=20
ERR: 非法操作:唏里唏里动画_卡通动漫_files

[ 2017-06-08T18:16:05+08:00 ] ::1 /TPvideo/index.php/Home/Carton/%E5%94%8F%E9%87%8C%E5%94%8F%E9%87%8C%E5%8A%A8%E7%94%BB_%E5%8D%A1%E9%80%9A%E5%8A%A8%E6%BC%AB_files/u=494003402,2545047587&fm=20
ERR: 非法操作:唏里唏里动画_卡通动漫_files

[ 2017-06-08T18:16:06+08:00 ] ::1 /TPvideo/index.php/Home/Carton/%E5%94%8F%E9%87%8C%E5%94%8F%E9%87%8C%E5%8A%A8%E7%94%BB_%E5%8D%A1%E9%80%9A%E5%8A%A8%E6%BC%AB_files/u=3530237116,3165818344&fm=20
ERR: 非法操作:唏里唏里动画_卡通动漫_files

[ 2017-06-08T18:16:06+08:00 ] ::1 /TPvideo/index.php/Home/Carton/%E5%94%8F%E9%87%8C%E5%94%8F%E9%87%8C%E5%8A%A8%E7%94%BB_%E5%8D%A1%E9%80%9A%E5%8A%A8%E6%BC%AB_files/u=633454111,3978737681&fm=20
ERR: 非法操作:唏里唏里动画_卡通动漫_files

[ 2017-06-08T18:16:06+08:00 ] ::1 /TPvideo/index.php/Home/Carton/%E5%94%8F%E9%87%8C%E5%94%8F%E9%87%8C%E5%8A%A8%E7%94%BB_%E5%8D%A1%E9%80%9A%E5%8A%A8%E6%BC%AB_files/u=4048047381,1491292599&fm=20
ERR: 非法操作:唏里唏里动画_卡通动漫_files

[ 2017-06-08T18:16:06+08:00 ] ::1 /TPvideo/index.php/Home/Carton/%E5%94%8F%E9%87%8C%E5%94%8F%E9%87%8C%E5%8A%A8%E7%94%BB_%E5%8D%A1%E9%80%9A%E5%8A%A8%E6%BC%AB_files/u=3320019772,2272156840&fm=20
ERR: 非法操作:唏里唏里动画_卡通动漫_files

[ 2017-06-08T18:16:06+08:00 ] ::1 /TPvideo/index.php/Home/Carton/%E5%94%8F%E9%87%8C%E5%94%8F%E9%87%8C%E5%8A%A8%E7%94%BB_%E5%8D%A1%E9%80%9A%E5%8A%A8%E6%BC%AB_files/u=4270036784,507209928&fm=20
ERR: 非法操作:唏里唏里动画_卡通动漫_files

[ 2017-06-08T18:16:06+08:00 ] ::1 /TPvideo/index.php/Home/Carton/%E5%94%8F%E9%87%8C%E5%94%8F%E9%87%8C%E5%8A%A8%E7%94%BB_%E5%8D%A1%E9%80%9A%E5%8A%A8%E6%BC%AB_files/u=3306499429,3524902413&fm=20
ERR: 非法操作:唏里唏里动画_卡通动漫_files

[ 2017-06-08T18:16:06+08:00 ] ::1 /TPvideo/index.php/Home/Carton/%E5%94%8F%E9%87%8C%E5%94%8F%E9%87%8C%E5%8A%A8%E7%94%BB_%E5%8D%A1%E9%80%9A%E5%8A%A8%E6%BC%AB_files/u=2862545432,2436871935&fm=20
ERR: 非法操作:唏里唏里动画_卡通动漫_files

[ 2017-06-08T18:16:06+08:00 ] ::1 /TPvideo/index.php/Home/Carton/%E5%94%8F%E9%87%8C%E5%94%8F%E9%87%8C%E5%8A%A8%E7%94%BB_%E5%8D%A1%E9%80%9A%E5%8A%A8%E6%BC%AB_files/u=3631029309,2307412310&fm=20
ERR: 非法操作:唏里唏里动画_卡通动漫_files

[ 2017-06-08T18:16:06+08:00 ] ::1 /TPvideo/index.php/Home/Carton/%E5%94%8F%E9%87%8C%E5%94%8F%E9%87%8C%E5%8A%A8%E7%94%BB_%E5%8D%A1%E9%80%9A%E5%8A%A8%E6%BC%AB_files/u=2140195506,2204143411&fm=20
ERR: 非法操作:唏里唏里动画_卡通动漫_files

[ 2017-06-08T18:16:13+08:00 ] ::1 /TPvideo/index.php/Home/Carton/%E5%94%8F%E9%87%8C%E5%94%8F%E9%87%8C%E5%8A%A8%E7%94%BB_%E5%8D%A1%E9%80%9A%E5%8A%A8%E6%BC%AB_files/u=1286010796,1762813222&fm=20
ERR: 非法操作:唏里唏里动画_卡通动漫_files

[ 2017-06-08T18:16:13+08:00 ] ::1 /TPvideo/index.php/Home/Carton/%E5%94%8F%E9%87%8C%E5%94%8F%E9%87%8C%E5%8A%A8%E7%94%BB_%E5%8D%A1%E9%80%9A%E5%8A%A8%E6%BC%AB_files/u=811654722,130101203&fm=20
ERR: 非法操作:唏里唏里动画_卡通动漫_files

[ 2017-06-08T18:16:13+08:00 ] ::1 /TPvideo/index.php/Home/Carton/%E5%94%8F%E9%87%8C%E5%94%8F%E9%87%8C%E5%8A%A8%E7%94%BB_%E5%8D%A1%E9%80%9A%E5%8A%A8%E6%BC%AB_files/u=4080195901,2013295905&fm=20
ERR: 非法操作:唏里唏里动画_卡通动漫_files

[ 2017-06-08T18:16:13+08:00 ] ::1 /TPvideo/index.php/Home/Carton/%E5%94%8F%E9%87%8C%E5%94%8F%E9%87%8C%E5%8A%A8%E7%94%BB_%E5%8D%A1%E9%80%9A%E5%8A%A8%E6%BC%AB_files/u=4241987513,3789419715&fm=20
ERR: 非法操作:唏里唏里动画_卡通动漫_files

[ 2017-06-08T18:16:14+08:00 ] ::1 /TPvideo/index.php/Home/Carton/%E5%94%8F%E9%87%8C%E5%94%8F%E9%87%8C%E5%8A%A8%E7%94%BB_%E5%8D%A1%E9%80%9A%E5%8A%A8%E6%BC%AB_files/u=593616858,2597100286&fm=20
ERR: 非法操作:唏里唏里动画_卡通动漫_files

[ 2017-06-08T18:16:14+08:00 ] ::1 /TPvideo/index.php/Home/Carton/%E5%94%8F%E9%87%8C%E5%94%8F%E9%87%8C%E5%8A%A8%E7%94%BB_%E5%8D%A1%E9%80%9A%E5%8A%A8%E6%BC%AB_files/u=1618794280,2578314300&fm=20
ERR: 非法操作:唏里唏里动画_卡通动漫_files

[ 2017-06-08T18:16:14+08:00 ] ::1 /TPvideo/index.php/Home/Carton/%E5%94%8F%E9%87%8C%E5%94%8F%E9%87%8C%E5%8A%A8%E7%94%BB_%E5%8D%A1%E9%80%9A%E5%8A%A8%E6%BC%AB_files/u=3986239096,2714751997&fm=20
ERR: 非法操作:唏里唏里动画_卡通动漫_files

[ 2017-06-08T18:16:14+08:00 ] ::1 /TPvideo/index.php/Home/Carton/%E5%94%8F%E9%87%8C%E5%94%8F%E9%87%8C%E5%8A%A8%E7%94%BB_%E5%8D%A1%E9%80%9A%E5%8A%A8%E6%BC%AB_files/u=2557811826,2007786970&fm=20
ERR: 非法操作:唏里唏里动画_卡通动漫_files

[ 2017-06-08T18:16:14+08:00 ] ::1 /TPvideo/index.php/Home/Carton/%E5%94%8F%E9%87%8C%E5%94%8F%E9%87%8C%E5%8A%A8%E7%94%BB_%E5%8D%A1%E9%80%9A%E5%8A%A8%E6%BC%AB_files/u=2216158858,2922819176&fm=20
ERR: 非法操作:唏里唏里动画_卡通动漫_files

[ 2017-06-08T18:16:14+08:00 ] ::1 /TPvideo/index.php/Home/Carton/%E5%94%8F%E9%87%8C%E5%94%8F%E9%87%8C%E5%8A%A8%E7%94%BB_%E5%8D%A1%E9%80%9A%E5%8A%A8%E6%BC%AB_files/u=1286010796,1762813222&fm=20
ERR: 非法操作:唏里唏里动画_卡通动漫_files

[ 2017-06-08T18:16:14+08:00 ] ::1 /TPvideo/index.php/Home/Carton/%E5%94%8F%E9%87%8C%E5%94%8F%E9%87%8C%E5%8A%A8%E7%94%BB_%E5%8D%A1%E9%80%9A%E5%8A%A8%E6%BC%AB_files/u=1344325322,3246165502&fm=20
ERR: 非法操作:唏里唏里动画_卡通动漫_files

[ 2017-06-08T18:16:14+08:00 ] ::1 /TPvideo/index.php/Home/Carton/%E5%94%8F%E9%87%8C%E5%94%8F%E9%87%8C%E5%8A%A8%E7%94%BB_%E5%8D%A1%E9%80%9A%E5%8A%A8%E6%BC%AB_files/u=811654722,130101203&fm=20
ERR: 非法操作:唏里唏里动画_卡通动漫_files

[ 2017-06-08T18:16:14+08:00 ] ::1 /TPvideo/index.php/Home/Carton/%E5%94%8F%E9%87%8C%E5%94%8F%E9%87%8C%E5%8A%A8%E7%94%BB_%E5%8D%A1%E9%80%9A%E5%8A%A8%E6%BC%AB_files/u=1493723840,2405594587&fm=20
ERR: 非法操作:唏里唏里动画_卡通动漫_files

[ 2017-06-08T18:16:14+08:00 ] ::1 /TPvideo/index.php/Home/Carton/%E5%94%8F%E9%87%8C%E5%94%8F%E9%87%8C%E5%8A%A8%E7%94%BB_%E5%8D%A1%E9%80%9A%E5%8A%A8%E6%BC%AB_files/u=2835012470,3957468117&fm=20
ERR: 非法操作:唏里唏里动画_卡通动漫_files

[ 2017-06-08T18:16:14+08:00 ] ::1 /TPvideo/index.php/Home/Carton/%E5%94%8F%E9%87%8C%E5%94%8F%E9%87%8C%E5%8A%A8%E7%94%BB_%E5%8D%A1%E9%80%9A%E5%8A%A8%E6%BC%AB_files/u=783138555,3487996589&fm=20
ERR: 非法操作:唏里唏里动画_卡通动漫_files

[ 2017-06-08T18:16:14+08:00 ] ::1 /TPvideo/index.php/Home/Carton/%E5%94%8F%E9%87%8C%E5%94%8F%E9%87%8C%E5%8A%A8%E7%94%BB_%E5%8D%A1%E9%80%9A%E5%8A%A8%E6%BC%AB_files/u=1402296845,1515441770&fm=20
ERR: 非法操作:唏里唏里动画_卡通动漫_files

[ 2017-06-08T18:16:14+08:00 ] ::1 /TPvideo/index.php/Home/Carton/%E5%94%8F%E9%87%8C%E5%94%8F%E9%87%8C%E5%8A%A8%E7%94%BB_%E5%8D%A1%E9%80%9A%E5%8A%A8%E6%BC%AB_files/u=3334375866,3406600830&fm=20
ERR: 非法操作:唏里唏里动画_卡通动漫_files

[ 2017-06-08T18:16:14+08:00 ] ::1 /TPvideo/index.php/Home/Carton/%E5%94%8F%E9%87%8C%E5%94%8F%E9%87%8C%E5%8A%A8%E7%94%BB_%E5%8D%A1%E9%80%9A%E5%8A%A8%E6%BC%AB_files/u=466111325,46442140&fm=20
ERR: 非法操作:唏里唏里动画_卡通动漫_files

[ 2017-06-08T18:16:14+08:00 ] ::1 /TPvideo/index.php/Home/Carton/%E5%94%8F%E9%87%8C%E5%94%8F%E9%87%8C%E5%8A%A8%E7%94%BB_%E5%8D%A1%E9%80%9A%E5%8A%A8%E6%BC%AB_files/u=924311981,2305963323&fm=20
ERR: 非法操作:唏里唏里动画_卡通动漫_files

[ 2017-06-08T18:16:14+08:00 ] ::1 /TPvideo/index.php/Home/Carton/%E5%94%8F%E9%87%8C%E5%94%8F%E9%87%8C%E5%8A%A8%E7%94%BB_%E5%8D%A1%E9%80%9A%E5%8A%A8%E6%BC%AB_files/u=3839103291,3088484477&fm=20
ERR: 非法操作:唏里唏里动画_卡通动漫_files

[ 2017-06-08T18:16:14+08:00 ] ::1 /TPvideo/index.php/Home/Carton/%E5%94%8F%E9%87%8C%E5%94%8F%E9%87%8C%E5%8A%A8%E7%94%BB_%E5%8D%A1%E9%80%9A%E5%8A%A8%E6%BC%AB_files/u=2372709731,1127054541&fm=20
ERR: 非法操作:唏里唏里动画_卡通动漫_files

[ 2017-06-08T18:16:14+08:00 ] ::1 /TPvideo/index.php/Home/Carton/%E5%94%8F%E9%87%8C%E5%94%8F%E9%87%8C%E5%8A%A8%E7%94%BB_%E5%8D%A1%E9%80%9A%E5%8A%A8%E6%BC%AB_files/u=901004293,2058047111&fm=20
ERR: 非法操作:唏里唏里动画_卡通动漫_files

[ 2017-06-08T18:16:14+08:00 ] ::1 /TPvideo/index.php/Home/Carton/%E5%94%8F%E9%87%8C%E5%94%8F%E9%87%8C%E5%8A%A8%E7%94%BB_%E5%8D%A1%E9%80%9A%E5%8A%A8%E6%BC%AB_files/u=494003402,2545047587&fm=20
ERR: 非法操作:唏里唏里动画_卡通动漫_files

[ 2017-06-08T18:16:14+08:00 ] ::1 /TPvideo/index.php/Home/Carton/%E5%94%8F%E9%87%8C%E5%94%8F%E9%87%8C%E5%8A%A8%E7%94%BB_%E5%8D%A1%E9%80%9A%E5%8A%A8%E6%BC%AB_files/u=3530237116,3165818344&fm=20
ERR: 非法操作:唏里唏里动画_卡通动漫_files

[ 2017-06-08T18:16:14+08:00 ] ::1 /TPvideo/index.php/Home/Carton/%E5%94%8F%E9%87%8C%E5%94%8F%E9%87%8C%E5%8A%A8%E7%94%BB_%E5%8D%A1%E9%80%9A%E5%8A%A8%E6%BC%AB_files/u=633454111,3978737681&fm=20
ERR: 非法操作:唏里唏里动画_卡通动漫_files

[ 2017-06-08T18:16:14+08:00 ] ::1 /TPvideo/index.php/Home/Carton/%E5%94%8F%E9%87%8C%E5%94%8F%E9%87%8C%E5%8A%A8%E7%94%BB_%E5%8D%A1%E9%80%9A%E5%8A%A8%E6%BC%AB_files/u=4048047381,1491292599&fm=20
ERR: 非法操作:唏里唏里动画_卡通动漫_files

[ 2017-06-08T18:16:14+08:00 ] ::1 /TPvideo/index.php/Home/Carton/%E5%94%8F%E9%87%8C%E5%94%8F%E9%87%8C%E5%8A%A8%E7%94%BB_%E5%8D%A1%E9%80%9A%E5%8A%A8%E6%BC%AB_files/u=3320019772,2272156840&fm=20
ERR: 非法操作:唏里唏里动画_卡通动漫_files

[ 2017-06-08T18:16:14+08:00 ] ::1 /TPvideo/index.php/Home/Carton/%E5%94%8F%E9%87%8C%E5%94%8F%E9%87%8C%E5%8A%A8%E7%94%BB_%E5%8D%A1%E9%80%9A%E5%8A%A8%E6%BC%AB_files/u=4270036784,507209928&fm=20
ERR: 非法操作:唏里唏里动画_卡通动漫_files

[ 2017-06-08T18:16:14+08:00 ] ::1 /TPvideo/index.php/Home/Carton/%E5%94%8F%E9%87%8C%E5%94%8F%E9%87%8C%E5%8A%A8%E7%94%BB_%E5%8D%A1%E9%80%9A%E5%8A%A8%E6%BC%AB_files/u=3306499429,3524902413&fm=20
ERR: 非法操作:唏里唏里动画_卡通动漫_files

[ 2017-06-08T18:16:14+08:00 ] ::1 /TPvideo/index.php/Home/Carton/%E5%94%8F%E9%87%8C%E5%94%8F%E9%87%8C%E5%8A%A8%E7%94%BB_%E5%8D%A1%E9%80%9A%E5%8A%A8%E6%BC%AB_files/u=2862545432,2436871935&fm=20
ERR: 非法操作:唏里唏里动画_卡通动漫_files

[ 2017-06-08T18:16:14+08:00 ] ::1 /TPvideo/index.php/Home/Carton/%E5%94%8F%E9%87%8C%E5%94%8F%E9%87%8C%E5%8A%A8%E7%94%BB_%E5%8D%A1%E9%80%9A%E5%8A%A8%E6%BC%AB_files/u=3631029309,2307412310&fm=20
ERR: 非法操作:唏里唏里动画_卡通动漫_files

[ 2017-06-08T18:16:14+08:00 ] ::1 /TPvideo/index.php/Home/Carton/%E5%94%8F%E9%87%8C%E5%94%8F%E9%87%8C%E5%8A%A8%E7%94%BB_%E5%8D%A1%E9%80%9A%E5%8A%A8%E6%BC%AB_files/u=2140195506,2204143411&fm=20
ERR: 非法操作:唏里唏里动画_卡通动漫_files

[ 2017-06-08T18:16:49+08:00 ] ::1 /TPvideo/index.php/Home/Carton/%E5%94%8F%E9%87%8C%E5%94%8F%E9%87%8C%E5%8A%A8%E7%94%BB_%E5%8D%A1%E9%80%9A%E5%8A%A8%E6%BC%AB_files/u=4080195901,2013295905&fm=20
ERR: 非法操作:唏里唏里动画_卡通动漫_files

[ 2017-06-08T18:16:49+08:00 ] ::1 /TPvideo/index.php/Home/Carton/%E5%94%8F%E9%87%8C%E5%94%8F%E9%87%8C%E5%8A%A8%E7%94%BB_%E5%8D%A1%E9%80%9A%E5%8A%A8%E6%BC%AB_files/u=1286010796,1762813222&fm=20
ERR: 非法操作:唏里唏里动画_卡通动漫_files

[ 2017-06-08T18:16:49+08:00 ] ::1 /TPvideo/index.php/Home/Carton/%E5%94%8F%E9%87%8C%E5%94%8F%E9%87%8C%E5%8A%A8%E7%94%BB_%E5%8D%A1%E9%80%9A%E5%8A%A8%E6%BC%AB_files/u=811654722,130101203&fm=20
ERR: 非法操作:唏里唏里动画_卡通动漫_files

[ 2017-06-08T18:16:49+08:00 ] ::1 /TPvideo/index.php/Home/Carton/%E5%94%8F%E9%87%8C%E5%94%8F%E9%87%8C%E5%8A%A8%E7%94%BB_%E5%8D%A1%E9%80%9A%E5%8A%A8%E6%BC%AB_files/u=2557811826,2007786970&fm=20
ERR: 非法操作:唏里唏里动画_卡通动漫_files

[ 2017-06-08T18:16:49+08:00 ] ::1 /TPvideo/index.php/Home/Carton/%E5%94%8F%E9%87%8C%E5%94%8F%E9%87%8C%E5%8A%A8%E7%94%BB_%E5%8D%A1%E9%80%9A%E5%8A%A8%E6%BC%AB_files/u=4241987513,3789419715&fm=20
ERR: 非法操作:唏里唏里动画_卡通动漫_files

[ 2017-06-08T18:16:49+08:00 ] ::1 /TPvideo/index.php/Home/Carton/%E5%94%8F%E9%87%8C%E5%94%8F%E9%87%8C%E5%8A%A8%E7%94%BB_%E5%8D%A1%E9%80%9A%E5%8A%A8%E6%BC%AB_files/u=3986239096,2714751997&fm=20
ERR: 非法操作:唏里唏里动画_卡通动漫_files

[ 2017-06-08T18:16:49+08:00 ] ::1 /TPvideo/index.php/Home/Carton/%E5%94%8F%E9%87%8C%E5%94%8F%E9%87%8C%E5%8A%A8%E7%94%BB_%E5%8D%A1%E9%80%9A%E5%8A%A8%E6%BC%AB_files/u=1618794280,2578314300&fm=20
ERR: 非法操作:唏里唏里动画_卡通动漫_files

[ 2017-06-08T18:16:49+08:00 ] ::1 /TPvideo/index.php/Home/Carton/%E5%94%8F%E9%87%8C%E5%94%8F%E9%87%8C%E5%8A%A8%E7%94%BB_%E5%8D%A1%E9%80%9A%E5%8A%A8%E6%BC%AB_files/u=593616858,2597100286&fm=20
ERR: 非法操作:唏里唏里动画_卡通动漫_files

[ 2017-06-08T18:16:49+08:00 ] ::1 /TPvideo/index.php/Home/Carton/%E5%94%8F%E9%87%8C%E5%94%8F%E9%87%8C%E5%8A%A8%E7%94%BB_%E5%8D%A1%E9%80%9A%E5%8A%A8%E6%BC%AB_files/u=2216158858,2922819176&fm=20
ERR: 非法操作:唏里唏里动画_卡通动漫_files

[ 2017-06-08T18:16:49+08:00 ] ::1 /TPvideo/index.php/Home/Carton/%E5%94%8F%E9%87%8C%E5%94%8F%E9%87%8C%E5%8A%A8%E7%94%BB_%E5%8D%A1%E9%80%9A%E5%8A%A8%E6%BC%AB_files/u=1344325322,3246165502&fm=20
ERR: 非法操作:唏里唏里动画_卡通动漫_files

[ 2017-06-08T18:16:49+08:00 ] ::1 /TPvideo/index.php/Home/Carton/%E5%94%8F%E9%87%8C%E5%94%8F%E9%87%8C%E5%8A%A8%E7%94%BB_%E5%8D%A1%E9%80%9A%E5%8A%A8%E6%BC%AB_files/u=4080195901,2013295905&fm=20
ERR: 非法操作:唏里唏里动画_卡通动漫_files

[ 2017-06-08T18:16:49+08:00 ] ::1 /TPvideo/index.php/Home/Carton/%E5%94%8F%E9%87%8C%E5%94%8F%E9%87%8C%E5%8A%A8%E7%94%BB_%E5%8D%A1%E9%80%9A%E5%8A%A8%E6%BC%AB_files/u=783138555,3487996589&fm=20
ERR: 非法操作:唏里唏里动画_卡通动漫_files

[ 2017-06-08T18:16:49+08:00 ] ::1 /TPvideo/index.php/Home/Carton/%E5%94%8F%E9%87%8C%E5%94%8F%E9%87%8C%E5%8A%A8%E7%94%BB_%E5%8D%A1%E9%80%9A%E5%8A%A8%E6%BC%AB_files/u=1493723840,2405594587&fm=20
ERR: 非法操作:唏里唏里动画_卡通动漫_files

[ 2017-06-08T18:16:49+08:00 ] ::1 /TPvideo/index.php/Home/Carton/%E5%94%8F%E9%87%8C%E5%94%8F%E9%87%8C%E5%8A%A8%E7%94%BB_%E5%8D%A1%E9%80%9A%E5%8A%A8%E6%BC%AB_files/u=3334375866,3406600830&fm=20
ERR: 非法操作:唏里唏里动画_卡通动漫_files

[ 2017-06-08T18:16:49+08:00 ] ::1 /TPvideo/index.php/Home/Carton/%E5%94%8F%E9%87%8C%E5%94%8F%E9%87%8C%E5%8A%A8%E7%94%BB_%E5%8D%A1%E9%80%9A%E5%8A%A8%E6%BC%AB_files/u=1402296845,1515441770&fm=20
ERR: 非法操作:唏里唏里动画_卡通动漫_files

[ 2017-06-08T18:16:49+08:00 ] ::1 /TPvideo/index.php/Home/Carton/%E5%94%8F%E9%87%8C%E5%94%8F%E9%87%8C%E5%8A%A8%E7%94%BB_%E5%8D%A1%E9%80%9A%E5%8A%A8%E6%BC%AB_files/u=2835012470,3957468117&fm=20
ERR: 非法操作:唏里唏里动画_卡通动漫_files

[ 2017-06-08T18:16:49+08:00 ] ::1 /TPvideo/index.php/Home/Carton/%E5%94%8F%E9%87%8C%E5%94%8F%E9%87%8C%E5%8A%A8%E7%94%BB_%E5%8D%A1%E9%80%9A%E5%8A%A8%E6%BC%AB_files/u=466111325,46442140&fm=20
ERR: 非法操作:唏里唏里动画_卡通动漫_files

[ 2017-06-08T18:16:49+08:00 ] ::1 /TPvideo/index.php/Home/Carton/%E5%94%8F%E9%87%8C%E5%94%8F%E9%87%8C%E5%8A%A8%E7%94%BB_%E5%8D%A1%E9%80%9A%E5%8A%A8%E6%BC%AB_files/u=924311981,2305963323&fm=20
ERR: 非法操作:唏里唏里动画_卡通动漫_files

[ 2017-06-08T18:16:49+08:00 ] ::1 /TPvideo/index.php/Home/Carton/%E5%94%8F%E9%87%8C%E5%94%8F%E9%87%8C%E5%8A%A8%E7%94%BB_%E5%8D%A1%E9%80%9A%E5%8A%A8%E6%BC%AB_files/u=3839103291,3088484477&fm=20
ERR: 非法操作:唏里唏里动画_卡通动漫_files

[ 2017-06-08T18:16:49+08:00 ] ::1 /TPvideo/index.php/Home/Carton/%E5%94%8F%E9%87%8C%E5%94%8F%E9%87%8C%E5%8A%A8%E7%94%BB_%E5%8D%A1%E9%80%9A%E5%8A%A8%E6%BC%AB_files/u=2372709731,1127054541&fm=20
ERR: 非法操作:唏里唏里动画_卡通动漫_files

[ 2017-06-08T18:16:50+08:00 ] ::1 /TPvideo/index.php/Home/Carton/%E5%94%8F%E9%87%8C%E5%94%8F%E9%87%8C%E5%8A%A8%E7%94%BB_%E5%8D%A1%E9%80%9A%E5%8A%A8%E6%BC%AB_files/u=901004293,2058047111&fm=20
ERR: 非法操作:唏里唏里动画_卡通动漫_files

[ 2017-06-08T18:16:50+08:00 ] ::1 /TPvideo/index.php/Home/Carton/%E5%94%8F%E9%87%8C%E5%94%8F%E9%87%8C%E5%8A%A8%E7%94%BB_%E5%8D%A1%E9%80%9A%E5%8A%A8%E6%BC%AB_files/u=494003402,2545047587&fm=20
ERR: 非法操作:唏里唏里动画_卡通动漫_files

[ 2017-06-08T18:16:50+08:00 ] ::1 /TPvideo/index.php/Home/Carton/%E5%94%8F%E9%87%8C%E5%94%8F%E9%87%8C%E5%8A%A8%E7%94%BB_%E5%8D%A1%E9%80%9A%E5%8A%A8%E6%BC%AB_files/u=3530237116,3165818344&fm=20
ERR: 非法操作:唏里唏里动画_卡通动漫_files

[ 2017-06-08T18:16:50+08:00 ] ::1 /TPvideo/index.php/Home/Carton/%E5%94%8F%E9%87%8C%E5%94%8F%E9%87%8C%E5%8A%A8%E7%94%BB_%E5%8D%A1%E9%80%9A%E5%8A%A8%E6%BC%AB_files/u=633454111,3978737681&fm=20
ERR: 非法操作:唏里唏里动画_卡通动漫_files

[ 2017-06-08T18:16:50+08:00 ] ::1 /TPvideo/index.php/Home/Carton/%E5%94%8F%E9%87%8C%E5%94%8F%E9%87%8C%E5%8A%A8%E7%94%BB_%E5%8D%A1%E9%80%9A%E5%8A%A8%E6%BC%AB_files/u=4048047381,1491292599&fm=20
ERR: 非法操作:唏里唏里动画_卡通动漫_files

[ 2017-06-08T18:16:50+08:00 ] ::1 /TPvideo/index.php/Home/Carton/%E5%94%8F%E9%87%8C%E5%94%8F%E9%87%8C%E5%8A%A8%E7%94%BB_%E5%8D%A1%E9%80%9A%E5%8A%A8%E6%BC%AB_files/u=3320019772,2272156840&fm=20
ERR: 非法操作:唏里唏里动画_卡通动漫_files

[ 2017-06-08T18:16:50+08:00 ] ::1 /TPvideo/index.php/Home/Carton/%E5%94%8F%E9%87%8C%E5%94%8F%E9%87%8C%E5%8A%A8%E7%94%BB_%E5%8D%A1%E9%80%9A%E5%8A%A8%E6%BC%AB_files/u=4270036784,507209928&fm=20
ERR: 非法操作:唏里唏里动画_卡通动漫_files

[ 2017-06-08T18:16:50+08:00 ] ::1 /TPvideo/index.php/Home/Carton/%E5%94%8F%E9%87%8C%E5%94%8F%E9%87%8C%E5%8A%A8%E7%94%BB_%E5%8D%A1%E9%80%9A%E5%8A%A8%E6%BC%AB_files/u=3306499429,3524902413&fm=20
ERR: 非法操作:唏里唏里动画_卡通动漫_files

[ 2017-06-08T18:16:50+08:00 ] ::1 /TPvideo/index.php/Home/Carton/%E5%94%8F%E9%87%8C%E5%94%8F%E9%87%8C%E5%8A%A8%E7%94%BB_%E5%8D%A1%E9%80%9A%E5%8A%A8%E6%BC%AB_files/u=2862545432,2436871935&fm=20
ERR: 非法操作:唏里唏里动画_卡通动漫_files

[ 2017-06-08T18:16:50+08:00 ] ::1 /TPvideo/index.php/Home/Carton/%E5%94%8F%E9%87%8C%E5%94%8F%E9%87%8C%E5%8A%A8%E7%94%BB_%E5%8D%A1%E9%80%9A%E5%8A%A8%E6%BC%AB_files/u=3631029309,2307412310&fm=20
ERR: 非法操作:唏里唏里动画_卡通动漫_files

[ 2017-06-08T18:16:50+08:00 ] ::1 /TPvideo/index.php/Home/Carton/%E5%94%8F%E9%87%8C%E5%94%8F%E9%87%8C%E5%8A%A8%E7%94%BB_%E5%8D%A1%E9%80%9A%E5%8A%A8%E6%BC%AB_files/u=2140195506,2204143411&fm=20
ERR: 非法操作:唏里唏里动画_卡通动漫_files

[ 2017-06-08T18:17:04+08:00 ] ::1 /TPvideo/index.php/Home/Carton/%E5%94%8F%E9%87%8C%E5%94%8F%E9%87%8C%E5%8A%A8%E7%94%BB_%E5%8D%A1%E9%80%9A%E5%8A%A8%E6%BC%AB_files/u=1286010796,1762813222&fm=20
ERR: 非法操作:唏里唏里动画_卡通动漫_files

[ 2017-06-08T18:17:04+08:00 ] ::1 /TPvideo/index.php/Home/Carton/%E5%94%8F%E9%87%8C%E5%94%8F%E9%87%8C%E5%8A%A8%E7%94%BB_%E5%8D%A1%E9%80%9A%E5%8A%A8%E6%BC%AB_files/u=811654722,130101203&fm=20
ERR: 非法操作:唏里唏里动画_卡通动漫_files

[ 2017-06-08T18:17:04+08:00 ] ::1 /TPvideo/index.php/Home/Carton/%E5%94%8F%E9%87%8C%E5%94%8F%E9%87%8C%E5%8A%A8%E7%94%BB_%E5%8D%A1%E9%80%9A%E5%8A%A8%E6%BC%AB_files/u=4080195901,2013295905&fm=20
ERR: 非法操作:唏里唏里动画_卡通动漫_files

[ 2017-06-08T18:17:04+08:00 ] ::1 /TPvideo/index.php/Home/Carton/%E5%94%8F%E9%87%8C%E5%94%8F%E9%87%8C%E5%8A%A8%E7%94%BB_%E5%8D%A1%E9%80%9A%E5%8A%A8%E6%BC%AB_files/u=3986239096,2714751997&fm=20
ERR: 非法操作:唏里唏里动画_卡通动漫_files

[ 2017-06-08T18:17:04+08:00 ] ::1 /TPvideo/index.php/Home/Carton/%E5%94%8F%E9%87%8C%E5%94%8F%E9%87%8C%E5%8A%A8%E7%94%BB_%E5%8D%A1%E9%80%9A%E5%8A%A8%E6%BC%AB_files/u=4241987513,3789419715&fm=20
ERR: 非法操作:唏里唏里动画_卡通动漫_files

[ 2017-06-08T18:17:05+08:00 ] ::1 /TPvideo/index.php/Home/Carton/%E5%94%8F%E9%87%8C%E5%94%8F%E9%87%8C%E5%8A%A8%E7%94%BB_%E5%8D%A1%E9%80%9A%E5%8A%A8%E6%BC%AB_files/u=2557811826,2007786970&fm=20
ERR: 非法操作:唏里唏里动画_卡通动漫_files

[ 2017-06-08T18:17:05+08:00 ] ::1 /TPvideo/index.php/Home/Carton/%E5%94%8F%E9%87%8C%E5%94%8F%E9%87%8C%E5%8A%A8%E7%94%BB_%E5%8D%A1%E9%80%9A%E5%8A%A8%E6%BC%AB_files/u=1618794280,2578314300&fm=20
ERR: 非法操作:唏里唏里动画_卡通动漫_files

[ 2017-06-08T18:17:05+08:00 ] ::1 /TPvideo/index.php/Home/Carton/%E5%94%8F%E9%87%8C%E5%94%8F%E9%87%8C%E5%8A%A8%E7%94%BB_%E5%8D%A1%E9%80%9A%E5%8A%A8%E6%BC%AB_files/u=593616858,2597100286&fm=20
ERR: 非法操作:唏里唏里动画_卡通动漫_files

[ 2017-06-08T18:17:05+08:00 ] ::1 /TPvideo/index.php/Home/Carton/%E5%94%8F%E9%87%8C%E5%94%8F%E9%87%8C%E5%8A%A8%E7%94%BB_%E5%8D%A1%E9%80%9A%E5%8A%A8%E6%BC%AB_files/u=2216158858,2922819176&fm=20
ERR: 非法操作:唏里唏里动画_卡通动漫_files

[ 2017-06-08T18:17:05+08:00 ] ::1 /TPvideo/index.php/Home/Carton/%E5%94%8F%E9%87%8C%E5%94%8F%E9%87%8C%E5%8A%A8%E7%94%BB_%E5%8D%A1%E9%80%9A%E5%8A%A8%E6%BC%AB_files/u=811654722,130101203&fm=20
ERR: 非法操作:唏里唏里动画_卡通动漫_files

[ 2017-06-08T18:17:05+08:00 ] ::1 /TPvideo/index.php/Home/Carton/%E5%94%8F%E9%87%8C%E5%94%8F%E9%87%8C%E5%8A%A8%E7%94%BB_%E5%8D%A1%E9%80%9A%E5%8A%A8%E6%BC%AB_files/u=1344325322,3246165502&fm=20
ERR: 非法操作:唏里唏里动画_卡通动漫_files

[ 2017-06-08T18:17:05+08:00 ] ::1 /TPvideo/index.php/Home/Carton/%E5%94%8F%E9%87%8C%E5%94%8F%E9%87%8C%E5%8A%A8%E7%94%BB_%E5%8D%A1%E9%80%9A%E5%8A%A8%E6%BC%AB_files/u=1286010796,1762813222&fm=20
ERR: 非法操作:唏里唏里动画_卡通动漫_files

[ 2017-06-08T18:17:05+08:00 ] ::1 /TPvideo/index.php/Home/Carton/%E5%94%8F%E9%87%8C%E5%94%8F%E9%87%8C%E5%8A%A8%E7%94%BB_%E5%8D%A1%E9%80%9A%E5%8A%A8%E6%BC%AB_files/u=1402296845,1515441770&fm=20
ERR: 非法操作:唏里唏里动画_卡通动漫_files

[ 2017-06-08T18:17:05+08:00 ] ::1 /TPvideo/index.php/Home/Carton/%E5%94%8F%E9%87%8C%E5%94%8F%E9%87%8C%E5%8A%A8%E7%94%BB_%E5%8D%A1%E9%80%9A%E5%8A%A8%E6%BC%AB_files/u=783138555,3487996589&fm=20
ERR: 非法操作:唏里唏里动画_卡通动漫_files

[ 2017-06-08T18:17:05+08:00 ] ::1 /TPvideo/index.php/Home/Carton/%E5%94%8F%E9%87%8C%E5%94%8F%E9%87%8C%E5%8A%A8%E7%94%BB_%E5%8D%A1%E9%80%9A%E5%8A%A8%E6%BC%AB_files/u=3334375866,3406600830&fm=20
ERR: 非法操作:唏里唏里动画_卡通动漫_files

[ 2017-06-08T18:17:05+08:00 ] ::1 /TPvideo/index.php/Home/Carton/%E5%94%8F%E9%87%8C%E5%94%8F%E9%87%8C%E5%8A%A8%E7%94%BB_%E5%8D%A1%E9%80%9A%E5%8A%A8%E6%BC%AB_files/u=2835012470,3957468117&fm=20
ERR: 非法操作:唏里唏里动画_卡通动漫_files

[ 2017-06-08T18:17:05+08:00 ] ::1 /TPvideo/index.php/Home/Carton/%E5%94%8F%E9%87%8C%E5%94%8F%E9%87%8C%E5%8A%A8%E7%94%BB_%E5%8D%A1%E9%80%9A%E5%8A%A8%E6%BC%AB_files/u=1493723840,2405594587&fm=20
ERR: 非法操作:唏里唏里动画_卡通动漫_files

[ 2017-06-08T18:17:05+08:00 ] ::1 /TPvideo/index.php/Home/Carton/%E5%94%8F%E9%87%8C%E5%94%8F%E9%87%8C%E5%8A%A8%E7%94%BB_%E5%8D%A1%E9%80%9A%E5%8A%A8%E6%BC%AB_files/u=466111325,46442140&fm=20
ERR: 非法操作:唏里唏里动画_卡通动漫_files

[ 2017-06-08T18:17:05+08:00 ] ::1 /TPvideo/index.php/Home/Carton/%E5%94%8F%E9%87%8C%E5%94%8F%E9%87%8C%E5%8A%A8%E7%94%BB_%E5%8D%A1%E9%80%9A%E5%8A%A8%E6%BC%AB_files/u=924311981,2305963323&fm=20
ERR: 非法操作:唏里唏里动画_卡通动漫_files

[ 2017-06-08T18:17:05+08:00 ] ::1 /TPvideo/index.php/Home/Carton/%E5%94%8F%E9%87%8C%E5%94%8F%E9%87%8C%E5%8A%A8%E7%94%BB_%E5%8D%A1%E9%80%9A%E5%8A%A8%E6%BC%AB_files/u=3839103291,3088484477&fm=20
ERR: 非法操作:唏里唏里动画_卡通动漫_files

[ 2017-06-08T18:17:05+08:00 ] ::1 /TPvideo/index.php/Home/Carton/%E5%94%8F%E9%87%8C%E5%94%8F%E9%87%8C%E5%8A%A8%E7%94%BB_%E5%8D%A1%E9%80%9A%E5%8A%A8%E6%BC%AB_files/u=2372709731,1127054541&fm=20
ERR: 非法操作:唏里唏里动画_卡通动漫_files

[ 2017-06-08T18:17:05+08:00 ] ::1 /TPvideo/index.php/Home/Carton/%E5%94%8F%E9%87%8C%E5%94%8F%E9%87%8C%E5%8A%A8%E7%94%BB_%E5%8D%A1%E9%80%9A%E5%8A%A8%E6%BC%AB_files/u=901004293,2058047111&fm=20
ERR: 非法操作:唏里唏里动画_卡通动漫_files

[ 2017-06-08T18:17:05+08:00 ] ::1 /TPvideo/index.php/Home/Carton/%E5%94%8F%E9%87%8C%E5%94%8F%E9%87%8C%E5%8A%A8%E7%94%BB_%E5%8D%A1%E9%80%9A%E5%8A%A8%E6%BC%AB_files/u=494003402,2545047587&fm=20
ERR: 非法操作:唏里唏里动画_卡通动漫_files

[ 2017-06-08T18:17:05+08:00 ] ::1 /TPvideo/index.php/Home/Carton/%E5%94%8F%E9%87%8C%E5%94%8F%E9%87%8C%E5%8A%A8%E7%94%BB_%E5%8D%A1%E9%80%9A%E5%8A%A8%E6%BC%AB_files/u=3530237116,3165818344&fm=20
ERR: 非法操作:唏里唏里动画_卡通动漫_files

[ 2017-06-08T18:17:05+08:00 ] ::1 /TPvideo/index.php/Home/Carton/%E5%94%8F%E9%87%8C%E5%94%8F%E9%87%8C%E5%8A%A8%E7%94%BB_%E5%8D%A1%E9%80%9A%E5%8A%A8%E6%BC%AB_files/u=633454111,3978737681&fm=20
ERR: 非法操作:唏里唏里动画_卡通动漫_files

[ 2017-06-08T18:17:05+08:00 ] ::1 /TPvideo/index.php/Home/Carton/%E5%94%8F%E9%87%8C%E5%94%8F%E9%87%8C%E5%8A%A8%E7%94%BB_%E5%8D%A1%E9%80%9A%E5%8A%A8%E6%BC%AB_files/u=4048047381,1491292599&fm=20
ERR: 非法操作:唏里唏里动画_卡通动漫_files

[ 2017-06-08T18:17:05+08:00 ] ::1 /TPvideo/index.php/Home/Carton/%E5%94%8F%E9%87%8C%E5%94%8F%E9%87%8C%E5%8A%A8%E7%94%BB_%E5%8D%A1%E9%80%9A%E5%8A%A8%E6%BC%AB_files/u=3320019772,2272156840&fm=20
ERR: 非法操作:唏里唏里动画_卡通动漫_files

[ 2017-06-08T18:17:05+08:00 ] ::1 /TPvideo/index.php/Home/Carton/%E5%94%8F%E9%87%8C%E5%94%8F%E9%87%8C%E5%8A%A8%E7%94%BB_%E5%8D%A1%E9%80%9A%E5%8A%A8%E6%BC%AB_files/u=4270036784,507209928&fm=20
ERR: 非法操作:唏里唏里动画_卡通动漫_files

[ 2017-06-08T18:17:05+08:00 ] ::1 /TPvideo/index.php/Home/Carton/%E5%94%8F%E9%87%8C%E5%94%8F%E9%87%8C%E5%8A%A8%E7%94%BB_%E5%8D%A1%E9%80%9A%E5%8A%A8%E6%BC%AB_files/u=3306499429,3524902413&fm=20
ERR: 非法操作:唏里唏里动画_卡通动漫_files

[ 2017-06-08T18:17:05+08:00 ] ::1 /TPvideo/index.php/Home/Carton/%E5%94%8F%E9%87%8C%E5%94%8F%E9%87%8C%E5%8A%A8%E7%94%BB_%E5%8D%A1%E9%80%9A%E5%8A%A8%E6%BC%AB_files/u=2862545432,2436871935&fm=20
ERR: 非法操作:唏里唏里动画_卡通动漫_files

[ 2017-06-08T18:17:05+08:00 ] ::1 /TPvideo/index.php/Home/Carton/%E5%94%8F%E9%87%8C%E5%94%8F%E9%87%8C%E5%8A%A8%E7%94%BB_%E5%8D%A1%E9%80%9A%E5%8A%A8%E6%BC%AB_files/u=3631029309,2307412310&fm=20
ERR: 非法操作:唏里唏里动画_卡通动漫_files

[ 2017-06-08T18:17:05+08:00 ] ::1 /TPvideo/index.php/Home/Carton/%E5%94%8F%E9%87%8C%E5%94%8F%E9%87%8C%E5%8A%A8%E7%94%BB_%E5%8D%A1%E9%80%9A%E5%8A%A8%E6%BC%AB_files/u=2140195506,2204143411&fm=20
ERR: 非法操作:唏里唏里动画_卡通动漫_files

[ 2017-06-08T18:18:12+08:00 ] ::1 /TPvideo/index.php/Home/Carton/%E5%94%8F%E9%87%8C%E5%94%8F%E9%87%8C%E5%8A%A8%E7%94%BB_%E5%8D%A1%E9%80%9A%E5%8A%A8%E6%BC%AB_files/u=811654722,130101203&fm=20
ERR: 非法操作:唏里唏里动画_卡通动漫_files

[ 2017-06-08T18:18:12+08:00 ] ::1 /TPvideo/index.php/Home/Carton/%E5%94%8F%E9%87%8C%E5%94%8F%E9%87%8C%E5%8A%A8%E7%94%BB_%E5%8D%A1%E9%80%9A%E5%8A%A8%E6%BC%AB_files/u=4080195901,2013295905&fm=20
ERR: 非法操作:唏里唏里动画_卡通动漫_files

[ 2017-06-08T18:18:12+08:00 ] ::1 /TPvideo/index.php/Home/Carton/%E5%94%8F%E9%87%8C%E5%94%8F%E9%87%8C%E5%8A%A8%E7%94%BB_%E5%8D%A1%E9%80%9A%E5%8A%A8%E6%BC%AB_files/u=1286010796,1762813222&fm=20
ERR: 非法操作:唏里唏里动画_卡通动漫_files

[ 2017-06-08T18:18:12+08:00 ] ::1 /TPvideo/index.php/Home/Carton/%E5%94%8F%E9%87%8C%E5%94%8F%E9%87%8C%E5%8A%A8%E7%94%BB_%E5%8D%A1%E9%80%9A%E5%8A%A8%E6%BC%AB_files/u=1618794280,2578314300&fm=20
ERR: 非法操作:唏里唏里动画_卡通动漫_files

[ 2017-06-08T18:18:12+08:00 ] ::1 /TPvideo/index.php/Home/Carton/%E5%94%8F%E9%87%8C%E5%94%8F%E9%87%8C%E5%8A%A8%E7%94%BB_%E5%8D%A1%E9%80%9A%E5%8A%A8%E6%BC%AB_files/u=3986239096,2714751997&fm=20
ERR: 非法操作:唏里唏里动画_卡通动漫_files

[ 2017-06-08T18:18:12+08:00 ] ::1 /TPvideo/index.php/Home/Carton/%E5%94%8F%E9%87%8C%E5%94%8F%E9%87%8C%E5%8A%A8%E7%94%BB_%E5%8D%A1%E9%80%9A%E5%8A%A8%E6%BC%AB_files/u=2557811826,2007786970&fm=20
ERR: 非法操作:唏里唏里动画_卡通动漫_files

[ 2017-06-08T18:18:12+08:00 ] ::1 /TPvideo/index.php/Home/Carton/%E5%94%8F%E9%87%8C%E5%94%8F%E9%87%8C%E5%8A%A8%E7%94%BB_%E5%8D%A1%E9%80%9A%E5%8A%A8%E6%BC%AB_files/u=4241987513,3789419715&fm=20
ERR: 非法操作:唏里唏里动画_卡通动漫_files

[ 2017-06-08T18:18:12+08:00 ] ::1 /TPvideo/index.php/Home/Carton/%E5%94%8F%E9%87%8C%E5%94%8F%E9%87%8C%E5%8A%A8%E7%94%BB_%E5%8D%A1%E9%80%9A%E5%8A%A8%E6%BC%AB_files/u=593616858,2597100286&fm=20
ERR: 非法操作:唏里唏里动画_卡通动漫_files

[ 2017-06-08T18:18:12+08:00 ] ::1 /TPvideo/index.php/Home/Carton/%E5%94%8F%E9%87%8C%E5%94%8F%E9%87%8C%E5%8A%A8%E7%94%BB_%E5%8D%A1%E9%80%9A%E5%8A%A8%E6%BC%AB_files/u=2216158858,2922819176&fm=20
ERR: 非法操作:唏里唏里动画_卡通动漫_files

[ 2017-06-08T18:18:12+08:00 ] ::1 /TPvideo/index.php/Home/Carton/%E5%94%8F%E9%87%8C%E5%94%8F%E9%87%8C%E5%8A%A8%E7%94%BB_%E5%8D%A1%E9%80%9A%E5%8A%A8%E6%BC%AB_files/u=4080195901,2013295905&fm=20
ERR: 非法操作:唏里唏里动画_卡通动漫_files

[ 2017-06-08T18:18:12+08:00 ] ::1 /TPvideo/index.php/Home/Carton/%E5%94%8F%E9%87%8C%E5%94%8F%E9%87%8C%E5%8A%A8%E7%94%BB_%E5%8D%A1%E9%80%9A%E5%8A%A8%E6%BC%AB_files/u=811654722,130101203&fm=20
ERR: 非法操作:唏里唏里动画_卡通动漫_files

[ 2017-06-08T18:18:12+08:00 ] ::1 /TPvideo/index.php/Home/Carton/%E5%94%8F%E9%87%8C%E5%94%8F%E9%87%8C%E5%8A%A8%E7%94%BB_%E5%8D%A1%E9%80%9A%E5%8A%A8%E6%BC%AB_files/u=1344325322,3246165502&fm=20
ERR: 非法操作:唏里唏里动画_卡通动漫_files

[ 2017-06-08T18:18:12+08:00 ] ::1 /TPvideo/index.php/Home/Carton/%E5%94%8F%E9%87%8C%E5%94%8F%E9%87%8C%E5%8A%A8%E7%94%BB_%E5%8D%A1%E9%80%9A%E5%8A%A8%E6%BC%AB_files/u=783138555,3487996589&fm=20
ERR: 非法操作:唏里唏里动画_卡通动漫_files

[ 2017-06-08T18:18:12+08:00 ] ::1 /TPvideo/index.php/Home/Carton/%E5%94%8F%E9%87%8C%E5%94%8F%E9%87%8C%E5%8A%A8%E7%94%BB_%E5%8D%A1%E9%80%9A%E5%8A%A8%E6%BC%AB_files/u=2835012470,3957468117&fm=20
ERR: 非法操作:唏里唏里动画_卡通动漫_files

[ 2017-06-08T18:18:12+08:00 ] ::1 /TPvideo/index.php/Home/Carton/%E5%94%8F%E9%87%8C%E5%94%8F%E9%87%8C%E5%8A%A8%E7%94%BB_%E5%8D%A1%E9%80%9A%E5%8A%A8%E6%BC%AB_files/u=1402296845,1515441770&fm=20
ERR: 非法操作:唏里唏里动画_卡通动漫_files

[ 2017-06-08T18:18:12+08:00 ] ::1 /TPvideo/index.php/Home/Carton/%E5%94%8F%E9%87%8C%E5%94%8F%E9%87%8C%E5%8A%A8%E7%94%BB_%E5%8D%A1%E9%80%9A%E5%8A%A8%E6%BC%AB_files/u=1493723840,2405594587&fm=20
ERR: 非法操作:唏里唏里动画_卡通动漫_files

[ 2017-06-08T18:18:12+08:00 ] ::1 /TPvideo/index.php/Home/Carton/%E5%94%8F%E9%87%8C%E5%94%8F%E9%87%8C%E5%8A%A8%E7%94%BB_%E5%8D%A1%E9%80%9A%E5%8A%A8%E6%BC%AB_files/u=3334375866,3406600830&fm=20
ERR: 非法操作:唏里唏里动画_卡通动漫_files

[ 2017-06-08T18:18:12+08:00 ] ::1 /TPvideo/index.php/Home/Carton/%E5%94%8F%E9%87%8C%E5%94%8F%E9%87%8C%E5%8A%A8%E7%94%BB_%E5%8D%A1%E9%80%9A%E5%8A%A8%E6%BC%AB_files/u=466111325,46442140&fm=20
ERR: 非法操作:唏里唏里动画_卡通动漫_files

[ 2017-06-08T18:18:12+08:00 ] ::1 /TPvideo/index.php/Home/Carton/%E5%94%8F%E9%87%8C%E5%94%8F%E9%87%8C%E5%8A%A8%E7%94%BB_%E5%8D%A1%E9%80%9A%E5%8A%A8%E6%BC%AB_files/u=924311981,2305963323&fm=20
ERR: 非法操作:唏里唏里动画_卡通动漫_files

[ 2017-06-08T18:18:12+08:00 ] ::1 /TPvideo/index.php/Home/Carton/%E5%94%8F%E9%87%8C%E5%94%8F%E9%87%8C%E5%8A%A8%E7%94%BB_%E5%8D%A1%E9%80%9A%E5%8A%A8%E6%BC%AB_files/u=3839103291,3088484477&fm=20
ERR: 非法操作:唏里唏里动画_卡通动漫_files

[ 2017-06-08T18:18:12+08:00 ] ::1 /TPvideo/index.php/Home/Carton/%E5%94%8F%E9%87%8C%E5%94%8F%E9%87%8C%E5%8A%A8%E7%94%BB_%E5%8D%A1%E9%80%9A%E5%8A%A8%E6%BC%AB_files/u=2372709731,1127054541&fm=20
ERR: 非法操作:唏里唏里动画_卡通动漫_files

[ 2017-06-08T18:18:13+08:00 ] ::1 /TPvideo/index.php/Home/Carton/%E5%94%8F%E9%87%8C%E5%94%8F%E9%87%8C%E5%8A%A8%E7%94%BB_%E5%8D%A1%E9%80%9A%E5%8A%A8%E6%BC%AB_files/u=901004293,2058047111&fm=20
ERR: 非法操作:唏里唏里动画_卡通动漫_files

[ 2017-06-08T18:18:13+08:00 ] ::1 /TPvideo/index.php/Home/Carton/%E5%94%8F%E9%87%8C%E5%94%8F%E9%87%8C%E5%8A%A8%E7%94%BB_%E5%8D%A1%E9%80%9A%E5%8A%A8%E6%BC%AB_files/u=494003402,2545047587&fm=20
ERR: 非法操作:唏里唏里动画_卡通动漫_files

[ 2017-06-08T18:18:13+08:00 ] ::1 /TPvideo/index.php/Home/Carton/%E5%94%8F%E9%87%8C%E5%94%8F%E9%87%8C%E5%8A%A8%E7%94%BB_%E5%8D%A1%E9%80%9A%E5%8A%A8%E6%BC%AB_files/u=3530237116,3165818344&fm=20
ERR: 非法操作:唏里唏里动画_卡通动漫_files

[ 2017-06-08T18:18:13+08:00 ] ::1 /TPvideo/index.php/Home/Carton/%E5%94%8F%E9%87%8C%E5%94%8F%E9%87%8C%E5%8A%A8%E7%94%BB_%E5%8D%A1%E9%80%9A%E5%8A%A8%E6%BC%AB_files/u=633454111,3978737681&fm=20
ERR: 非法操作:唏里唏里动画_卡通动漫_files

[ 2017-06-08T18:18:13+08:00 ] ::1 /TPvideo/index.php/Home/Carton/%E5%94%8F%E9%87%8C%E5%94%8F%E9%87%8C%E5%8A%A8%E7%94%BB_%E5%8D%A1%E9%80%9A%E5%8A%A8%E6%BC%AB_files/u=4048047381,1491292599&fm=20
ERR: 非法操作:唏里唏里动画_卡通动漫_files

[ 2017-06-08T18:18:13+08:00 ] ::1 /TPvideo/index.php/Home/Carton/%E5%94%8F%E9%87%8C%E5%94%8F%E9%87%8C%E5%8A%A8%E7%94%BB_%E5%8D%A1%E9%80%9A%E5%8A%A8%E6%BC%AB_files/u=3320019772,2272156840&fm=20
ERR: 非法操作:唏里唏里动画_卡通动漫_files

[ 2017-06-08T18:18:13+08:00 ] ::1 /TPvideo/index.php/Home/Carton/%E5%94%8F%E9%87%8C%E5%94%8F%E9%87%8C%E5%8A%A8%E7%94%BB_%E5%8D%A1%E9%80%9A%E5%8A%A8%E6%BC%AB_files/u=4270036784,507209928&fm=20
ERR: 非法操作:唏里唏里动画_卡通动漫_files

[ 2017-06-08T18:18:13+08:00 ] ::1 /TPvideo/index.php/Home/Carton/%E5%94%8F%E9%87%8C%E5%94%8F%E9%87%8C%E5%8A%A8%E7%94%BB_%E5%8D%A1%E9%80%9A%E5%8A%A8%E6%BC%AB_files/u=3306499429,3524902413&fm=20
ERR: 非法操作:唏里唏里动画_卡通动漫_files

[ 2017-06-08T18:18:13+08:00 ] ::1 /TPvideo/index.php/Home/Carton/%E5%94%8F%E9%87%8C%E5%94%8F%E9%87%8C%E5%8A%A8%E7%94%BB_%E5%8D%A1%E9%80%9A%E5%8A%A8%E6%BC%AB_files/u=2862545432,2436871935&fm=20
ERR: 非法操作:唏里唏里动画_卡通动漫_files

[ 2017-06-08T18:18:13+08:00 ] ::1 /TPvideo/index.php/Home/Carton/%E5%94%8F%E9%87%8C%E5%94%8F%E9%87%8C%E5%8A%A8%E7%94%BB_%E5%8D%A1%E9%80%9A%E5%8A%A8%E6%BC%AB_files/u=3631029309,2307412310&fm=20
ERR: 非法操作:唏里唏里动画_卡通动漫_files

[ 2017-06-08T18:18:13+08:00 ] ::1 /TPvideo/index.php/Home/Carton/%E5%94%8F%E9%87%8C%E5%94%8F%E9%87%8C%E5%8A%A8%E7%94%BB_%E5%8D%A1%E9%80%9A%E5%8A%A8%E6%BC%AB_files/u=2140195506,2204143411&fm=20
ERR: 非法操作:唏里唏里动画_卡通动漫_files

[ 2017-06-08T18:18:25+08:00 ] ::1 /TPvideo/index.php/Home/Carton/%E5%94%8F%E9%87%8C%E5%94%8F%E9%87%8C%E5%8A%A8%E7%94%BB_%E5%8D%A1%E9%80%9A%E5%8A%A8%E6%BC%AB_files/u=1286010796,1762813222&fm=20
ERR: 非法操作:唏里唏里动画_卡通动漫_files

[ 2017-06-08T18:18:25+08:00 ] ::1 /TPvideo/index.php/Home/Carton/%E5%94%8F%E9%87%8C%E5%94%8F%E9%87%8C%E5%8A%A8%E7%94%BB_%E5%8D%A1%E9%80%9A%E5%8A%A8%E6%BC%AB_files/u=811654722,130101203&fm=20
ERR: 非法操作:唏里唏里动画_卡通动漫_files

[ 2017-06-08T18:18:25+08:00 ] ::1 /TPvideo/index.php/Home/Carton/%E5%94%8F%E9%87%8C%E5%94%8F%E9%87%8C%E5%8A%A8%E7%94%BB_%E5%8D%A1%E9%80%9A%E5%8A%A8%E6%BC%AB_files/u=4241987513,3789419715&fm=20
ERR: 非法操作:唏里唏里动画_卡通动漫_files

[ 2017-06-08T18:18:25+08:00 ] ::1 /TPvideo/index.php/Home/Carton/%E5%94%8F%E9%87%8C%E5%94%8F%E9%87%8C%E5%8A%A8%E7%94%BB_%E5%8D%A1%E9%80%9A%E5%8A%A8%E6%BC%AB_files/u=2557811826,2007786970&fm=20
ERR: 非法操作:唏里唏里动画_卡通动漫_files

[ 2017-06-08T18:18:25+08:00 ] ::1 /TPvideo/index.php/Home/Carton/%E5%94%8F%E9%87%8C%E5%94%8F%E9%87%8C%E5%8A%A8%E7%94%BB_%E5%8D%A1%E9%80%9A%E5%8A%A8%E6%BC%AB_files/u=3986239096,2714751997&fm=20
ERR: 非法操作:唏里唏里动画_卡通动漫_files

[ 2017-06-08T18:18:25+08:00 ] ::1 /TPvideo/index.php/Home/Carton/%E5%94%8F%E9%87%8C%E5%94%8F%E9%87%8C%E5%8A%A8%E7%94%BB_%E5%8D%A1%E9%80%9A%E5%8A%A8%E6%BC%AB_files/u=4080195901,2013295905&fm=20
ERR: 非法操作:唏里唏里动画_卡通动漫_files

[ 2017-06-08T18:18:25+08:00 ] ::1 /TPvideo/index.php/Home/Carton/%E5%94%8F%E9%87%8C%E5%94%8F%E9%87%8C%E5%8A%A8%E7%94%BB_%E5%8D%A1%E9%80%9A%E5%8A%A8%E6%BC%AB_files/u=1618794280,2578314300&fm=20
ERR: 非法操作:唏里唏里动画_卡通动漫_files

[ 2017-06-08T18:18:25+08:00 ] ::1 /TPvideo/index.php/Home/Carton/%E5%94%8F%E9%87%8C%E5%94%8F%E9%87%8C%E5%8A%A8%E7%94%BB_%E5%8D%A1%E9%80%9A%E5%8A%A8%E6%BC%AB_files/u=593616858,2597100286&fm=20
ERR: 非法操作:唏里唏里动画_卡通动漫_files

[ 2017-06-08T18:18:25+08:00 ] ::1 /TPvideo/index.php/Home/Carton/%E5%94%8F%E9%87%8C%E5%94%8F%E9%87%8C%E5%8A%A8%E7%94%BB_%E5%8D%A1%E9%80%9A%E5%8A%A8%E6%BC%AB_files/u=1286010796,1762813222&fm=20
ERR: 非法操作:唏里唏里动画_卡通动漫_files

[ 2017-06-08T18:18:25+08:00 ] ::1 /TPvideo/index.php/Home/Carton/%E5%94%8F%E9%87%8C%E5%94%8F%E9%87%8C%E5%8A%A8%E7%94%BB_%E5%8D%A1%E9%80%9A%E5%8A%A8%E6%BC%AB_files/u=2216158858,2922819176&fm=20
ERR: 非法操作:唏里唏里动画_卡通动漫_files

[ 2017-06-08T18:18:25+08:00 ] ::1 /TPvideo/index.php/Home/Carton/%E5%94%8F%E9%87%8C%E5%94%8F%E9%87%8C%E5%8A%A8%E7%94%BB_%E5%8D%A1%E9%80%9A%E5%8A%A8%E6%BC%AB_files/u=811654722,130101203&fm=20
ERR: 非法操作:唏里唏里动画_卡通动漫_files

[ 2017-06-08T18:18:25+08:00 ] ::1 /TPvideo/index.php/Home/Carton/%E5%94%8F%E9%87%8C%E5%94%8F%E9%87%8C%E5%8A%A8%E7%94%BB_%E5%8D%A1%E9%80%9A%E5%8A%A8%E6%BC%AB_files/u=1344325322,3246165502&fm=20
ERR: 非法操作:唏里唏里动画_卡通动漫_files

[ 2017-06-08T18:18:25+08:00 ] ::1 /TPvideo/index.php/Home/Carton/%E5%94%8F%E9%87%8C%E5%94%8F%E9%87%8C%E5%8A%A8%E7%94%BB_%E5%8D%A1%E9%80%9A%E5%8A%A8%E6%BC%AB_files/u=2835012470,3957468117&fm=20
ERR: 非法操作:唏里唏里动画_卡通动漫_files

[ 2017-06-08T18:18:25+08:00 ] ::1 /TPvideo/index.php/Home/Carton/%E5%94%8F%E9%87%8C%E5%94%8F%E9%87%8C%E5%8A%A8%E7%94%BB_%E5%8D%A1%E9%80%9A%E5%8A%A8%E6%BC%AB_files/u=3334375866,3406600830&fm=20
ERR: 非法操作:唏里唏里动画_卡通动漫_files

[ 2017-06-08T18:18:25+08:00 ] ::1 /TPvideo/index.php/Home/Carton/%E5%94%8F%E9%87%8C%E5%94%8F%E9%87%8C%E5%8A%A8%E7%94%BB_%E5%8D%A1%E9%80%9A%E5%8A%A8%E6%BC%AB_files/u=1402296845,1515441770&fm=20
ERR: 非法操作:唏里唏里动画_卡通动漫_files

[ 2017-06-08T18:18:25+08:00 ] ::1 /TPvideo/index.php/Home/Carton/%E5%94%8F%E9%87%8C%E5%94%8F%E9%87%8C%E5%8A%A8%E7%94%BB_%E5%8D%A1%E9%80%9A%E5%8A%A8%E6%BC%AB_files/u=1493723840,2405594587&fm=20
ERR: 非法操作:唏里唏里动画_卡通动漫_files

[ 2017-06-08T18:18:25+08:00 ] ::1 /TPvideo/index.php/Home/Carton/%E5%94%8F%E9%87%8C%E5%94%8F%E9%87%8C%E5%8A%A8%E7%94%BB_%E5%8D%A1%E9%80%9A%E5%8A%A8%E6%BC%AB_files/u=783138555,3487996589&fm=20
ERR: 非法操作:唏里唏里动画_卡通动漫_files

[ 2017-06-08T18:18:25+08:00 ] ::1 /TPvideo/index.php/Home/Carton/%E5%94%8F%E9%87%8C%E5%94%8F%E9%87%8C%E5%8A%A8%E7%94%BB_%E5%8D%A1%E9%80%9A%E5%8A%A8%E6%BC%AB_files/u=466111325,46442140&fm=20
ERR: 非法操作:唏里唏里动画_卡通动漫_files

[ 2017-06-08T18:18:25+08:00 ] ::1 /TPvideo/index.php/Home/Carton/%E5%94%8F%E9%87%8C%E5%94%8F%E9%87%8C%E5%8A%A8%E7%94%BB_%E5%8D%A1%E9%80%9A%E5%8A%A8%E6%BC%AB_files/u=924311981,2305963323&fm=20
ERR: 非法操作:唏里唏里动画_卡通动漫_files

[ 2017-06-08T18:18:25+08:00 ] ::1 /TPvideo/index.php/Home/Carton/%E5%94%8F%E9%87%8C%E5%94%8F%E9%87%8C%E5%8A%A8%E7%94%BB_%E5%8D%A1%E9%80%9A%E5%8A%A8%E6%BC%AB_files/u=3839103291,3088484477&fm=20
ERR: 非法操作:唏里唏里动画_卡通动漫_files

[ 2017-06-08T18:18:25+08:00 ] ::1 /TPvideo/index.php/Home/Carton/%E5%94%8F%E9%87%8C%E5%94%8F%E9%87%8C%E5%8A%A8%E7%94%BB_%E5%8D%A1%E9%80%9A%E5%8A%A8%E6%BC%AB_files/u=2372709731,1127054541&fm=20
ERR: 非法操作:唏里唏里动画_卡通动漫_files

[ 2017-06-08T18:18:25+08:00 ] ::1 /TPvideo/index.php/Home/Carton/%E5%94%8F%E9%87%8C%E5%94%8F%E9%87%8C%E5%8A%A8%E7%94%BB_%E5%8D%A1%E9%80%9A%E5%8A%A8%E6%BC%AB_files/u=901004293,2058047111&fm=20
ERR: 非法操作:唏里唏里动画_卡通动漫_files

[ 2017-06-08T18:18:25+08:00 ] ::1 /TPvideo/index.php/Home/Carton/%E5%94%8F%E9%87%8C%E5%94%8F%E9%87%8C%E5%8A%A8%E7%94%BB_%E5%8D%A1%E9%80%9A%E5%8A%A8%E6%BC%AB_files/u=494003402,2545047587&fm=20
ERR: 非法操作:唏里唏里动画_卡通动漫_files

[ 2017-06-08T18:18:25+08:00 ] ::1 /TPvideo/index.php/Home/Carton/%E5%94%8F%E9%87%8C%E5%94%8F%E9%87%8C%E5%8A%A8%E7%94%BB_%E5%8D%A1%E9%80%9A%E5%8A%A8%E6%BC%AB_files/u=3530237116,3165818344&fm=20
ERR: 非法操作:唏里唏里动画_卡通动漫_files

[ 2017-06-08T18:21:52+08:00 ] ::1 /TPvideo/index.php/Home/Carton/%E5%94%8F%E9%87%8C%E5%94%8F%E9%87%8C%E5%8A%A8%E7%94%BB_%E5%8D%A1%E9%80%9A%E5%8A%A8%E6%BC%AB_files/u=4080195901,2013295905&fm=20
ERR: 非法操作:唏里唏里动画_卡通动漫_files

[ 2017-06-08T18:21:52+08:00 ] ::1 /TPvideo/index.php/Home/Carton/%E5%94%8F%E9%87%8C%E5%94%8F%E9%87%8C%E5%8A%A8%E7%94%BB_%E5%8D%A1%E9%80%9A%E5%8A%A8%E6%BC%AB_files/u=4080195901,2013295905&fm=20
ERR: 非法操作:唏里唏里动画_卡通动漫_files

[ 2017-06-08T18:22:34+08:00 ] ::1 /TPvideo/index.php/Home/Carton/%E5%94%8F%E9%87%8C%E5%94%8F%E9%87%8C%E5%8A%A8%E7%94%BB_%E5%8D%A1%E9%80%9A%E5%8A%A8%E6%BC%AB_files/u=4080195901,2013295905&fm=20
ERR: 非法操作:唏里唏里动画_卡通动漫_files

[ 2017-06-08T18:22:34+08:00 ] ::1 /TPvideo/index.php/Home/Carton/%E5%94%8F%E9%87%8C%E5%94%8F%E9%87%8C%E5%8A%A8%E7%94%BB_%E5%8D%A1%E9%80%9A%E5%8A%A8%E6%BC%AB_files/u=4080195901,2013295905&fm=20
ERR: 非法操作:唏里唏里动画_卡通动漫_files

[ 2017-06-08T18:23:12+08:00 ] ::1 /TPvideo/index.php/Home/Carton/%E5%94%8F%E9%87%8C%E5%94%8F%E9%87%8C%E5%8A%A8%E7%94%BB_%E5%8D%A1%E9%80%9A%E5%8A%A8%E6%BC%AB_files/u=4080195901,2013295905&fm=20
ERR: 非法操作:唏里唏里动画_卡通动漫_files

[ 2017-06-08T18:23:12+08:00 ] ::1 /TPvideo/index.php/Home/Carton/%E5%94%8F%E9%87%8C%E5%94%8F%E9%87%8C%E5%8A%A8%E7%94%BB_%E5%8D%A1%E9%80%9A%E5%8A%A8%E6%BC%AB_files/u=4080195901,2013295905&fm=20
ERR: 非法操作:唏里唏里动画_卡通动漫_files

[ 2017-06-08T18:23:40+08:00 ] ::1 /TPvideo/index.php/Home/Carton/%E5%94%8F%E9%87%8C%E5%94%8F%E9%87%8C%E5%8A%A8%E7%94%BB_%E5%8D%A1%E9%80%9A%E5%8A%A8%E6%BC%AB_files/u=4080195901,2013295905&fm=20
ERR: 非法操作:唏里唏里动画_卡通动漫_files

[ 2017-06-08T18:23:58+08:00 ] ::1 /TPvideo/index.php/Home/Carton/%E5%94%8F%E9%87%8C%E5%94%8F%E9%87%8C%E5%8A%A8%E7%94%BB_%E5%8D%A1%E9%80%9A%E5%8A%A8%E6%BC%AB_files/u=4080195901,2013295905&fm=20
ERR: 非法操作:唏里唏里动画_卡通动漫_files

[ 2017-06-08T18:23:58+08:00 ] ::1 /TPvideo/index.php/Home/Carton/%E5%94%8F%E9%87%8C%E5%94%8F%E9%87%8C%E5%8A%A8%E7%94%BB_%E5%8D%A1%E9%80%9A%E5%8A%A8%E6%BC%AB_files/u=4080195901,2013295905&fm=20
ERR: 非法操作:唏里唏里动画_卡通动漫_files

[ 2017-06-08T18:24:22+08:00 ] ::1 /TPvideo/index.php/Home/Carton/%E5%94%8F%E9%87%8C%E5%94%8F%E9%87%8C%E5%8A%A8%E7%94%BB_%E5%8D%A1%E9%80%9A%E5%8A%A8%E6%BC%AB_files/u=4080195901,2013295905&fm=20
ERR: 非法操作:唏里唏里动画_卡通动漫_files

[ 2017-06-08T18:24:35+08:00 ] ::1 /TPvideo/index.php/Home/Carton/%E5%94%8F%E9%87%8C%E5%94%8F%E9%87%8C%E5%8A%A8%E7%94%BB_%E5%8D%A1%E9%80%9A%E5%8A%A8%E6%BC%AB_files/u=4080195901,2013295905&fm=20
ERR: 非法操作:唏里唏里动画_卡通动漫_files

[ 2017-06-08T18:25:01+08:00 ] ::1 /TPvideo/index.php/Home/Carton/%E5%94%8F%E9%87%8C%E5%94%8F%E9%87%8C%E5%8A%A8%E7%94%BB_%E5%8D%A1%E9%80%9A%E5%8A%A8%E6%BC%AB_files/u=4080195901,2013295905&fm=20
ERR: 非法操作:唏里唏里动画_卡通动漫_files

[ 2017-06-08T18:25:01+08:00 ] ::1 /TPvideo/index.php/Home/Carton/%E5%94%8F%E9%87%8C%E5%94%8F%E9%87%8C%E5%8A%A8%E7%94%BB_%E5%8D%A1%E9%80%9A%E5%8A%A8%E6%BC%AB_files/u=4080195901,2013295905&fm=20
ERR: 非法操作:唏里唏里动画_卡通动漫_files

[ 2017-06-08T18:25:10+08:00 ] ::1 /TPvideo/index.php/Home/Carton/%E5%94%8F%E9%87%8C%E5%94%8F%E9%87%8C%E5%8A%A8%E7%94%BB_%E5%8D%A1%E9%80%9A%E5%8A%A8%E6%BC%AB_files/u=4080195901,2013295905&fm=20
ERR: 非法操作:唏里唏里动画_卡通动漫_files

[ 2017-06-08T18:25:46+08:00 ] ::1 /TPvideo/index.php/Home/Carton/%E5%94%8F%E9%87%8C%E5%94%8F%E9%87%8C%E5%8A%A8%E7%94%BB_%E5%8D%A1%E9%80%9A%E5%8A%A8%E6%BC%AB_files/u=4080195901,2013295905&fm=20
ERR: 非法操作:唏里唏里动画_卡通动漫_files

[ 2017-06-08T18:25:46+08:00 ] ::1 /TPvideo/index.php/Home/Carton/%E5%94%8F%E9%87%8C%E5%94%8F%E9%87%8C%E5%8A%A8%E7%94%BB_%E5%8D%A1%E9%80%9A%E5%8A%A8%E6%BC%AB_files/u=4080195901,2013295905&fm=20
ERR: 非法操作:唏里唏里动画_卡通动漫_files

[ 2017-06-08T18:26:21+08:00 ] ::1 /TPvideo/index.php/Home/Carton/%E5%94%8F%E9%87%8C%E5%94%8F%E9%87%8C%E5%8A%A8%E7%94%BB_%E5%8D%A1%E9%80%9A%E5%8A%A8%E6%BC%AB_files/u=4080195901,2013295905&fm=20
ERR: 非法操作:唏里唏里动画_卡通动漫_files

[ 2017-06-08T18:26:21+08:00 ] ::1 /TPvideo/index.php/Home/Carton/%E5%94%8F%E9%87%8C%E5%94%8F%E9%87%8C%E5%8A%A8%E7%94%BB_%E5%8D%A1%E9%80%9A%E5%8A%A8%E6%BC%AB_files/u=4080195901,2013295905&fm=20
ERR: 非法操作:唏里唏里动画_卡通动漫_files

[ 2017-06-08T18:26:39+08:00 ] ::1 /TPvideo/index.php/Home/Carton/%E5%94%8F%E9%87%8C%E5%94%8F%E9%87%8C%E5%8A%A8%E7%94%BB_%E5%8D%A1%E9%80%9A%E5%8A%A8%E6%BC%AB_files/u=4080195901,2013295905&fm=20
ERR: 非法操作:唏里唏里动画_卡通动漫_files

[ 2017-06-08T18:26:39+08:00 ] ::1 /TPvideo/index.php/Home/Carton/%E5%94%8F%E9%87%8C%E5%94%8F%E9%87%8C%E5%8A%A8%E7%94%BB_%E5%8D%A1%E9%80%9A%E5%8A%A8%E6%BC%AB_files/u=4080195901,2013295905&fm=20
ERR: 非法操作:唏里唏里动画_卡通动漫_files

[ 2017-06-08T18:27:06+08:00 ] ::1 /TPvideo/index.php/Home/Carton/%E5%94%8F%E9%87%8C%E5%94%8F%E9%87%8C%E5%8A%A8%E7%94%BB_%E5%8D%A1%E9%80%9A%E5%8A%A8%E6%BC%AB_files/u=4080195901,2013295905&fm=20
ERR: 非法操作:唏里唏里动画_卡通动漫_files

[ 2017-06-08T18:27:06+08:00 ] ::1 /TPvideo/index.php/Home/Carton/%E5%94%8F%E9%87%8C%E5%94%8F%E9%87%8C%E5%8A%A8%E7%94%BB_%E5%8D%A1%E9%80%9A%E5%8A%A8%E6%BC%AB_files/u=4080195901,2013295905&fm=20
ERR: 非法操作:唏里唏里动画_卡通动漫_files

[ 2017-06-08T18:28:24+08:00 ] ::1 /TPvideo/index.php/Home/Carton/%E5%94%8F%E9%87%8C%E5%94%8F%E9%87%8C%E5%8A%A8%E7%94%BB_%E5%8D%A1%E9%80%9A%E5%8A%A8%E6%BC%AB_files/u=4080195901,2013295905&fm=20
ERR: 非法操作:唏里唏里动画_卡通动漫_files

[ 2017-06-08T18:28:24+08:00 ] ::1 /TPvideo/index.php/Home/Carton/%E5%94%8F%E9%87%8C%E5%94%8F%E9%87%8C%E5%8A%A8%E7%94%BB_%E5%8D%A1%E9%80%9A%E5%8A%A8%E6%BC%AB_files/u=4080195901,2013295905&fm=20
ERR: 非法操作:唏里唏里动画_卡通动漫_files

[ 2017-06-08T18:28:39+08:00 ] ::1 /TPvideo/index.php/Home/Carton/%E5%94%8F%E9%87%8C%E5%94%8F%E9%87%8C%E5%8A%A8%E7%94%BB_%E5%8D%A1%E9%80%9A%E5%8A%A8%E6%BC%AB_files/u=4080195901,2013295905&fm=20
ERR: 非法操作:唏里唏里动画_卡通动漫_files

[ 2017-06-08T18:28:53+08:00 ] ::1 /TPvideo/index.php/Home/Carton/%E5%94%8F%E9%87%8C%E5%94%8F%E9%87%8C%E5%8A%A8%E7%94%BB_%E5%8D%A1%E9%80%9A%E5%8A%A8%E6%BC%AB_files/u=4080195901,2013295905&fm=20
ERR: 非法操作:唏里唏里动画_卡通动漫_files

[ 2017-06-08T18:28:54+08:00 ] ::1 /TPvideo/index.php/Home/Carton/%E5%94%8F%E9%87%8C%E5%94%8F%E9%87%8C%E5%8A%A8%E7%94%BB_%E5%8D%A1%E9%80%9A%E5%8A%A8%E6%BC%AB_files/u=4080195901,2013295905&fm=20
ERR: 非法操作:唏里唏里动画_卡通动漫_files

[ 2017-06-08T18:29:02+08:00 ] ::1 /TPvideo/index.php/Home/Carton/%E5%94%8F%E9%87%8C%E5%94%8F%E9%87%8C%E5%8A%A8%E7%94%BB_%E5%8D%A1%E9%80%9A%E5%8A%A8%E6%BC%AB_files/u=4080195901,2013295905&fm=20
ERR: 非法操作:唏里唏里动画_卡通动漫_files

[ 2017-06-08T18:29:02+08:00 ] ::1 /TPvideo/index.php/Home/Carton/%E5%94%8F%E9%87%8C%E5%94%8F%E9%87%8C%E5%8A%A8%E7%94%BB_%E5%8D%A1%E9%80%9A%E5%8A%A8%E6%BC%AB_files/u=4080195901,2013295905&fm=20
ERR: 非法操作:唏里唏里动画_卡通动漫_files

[ 2017-06-08T18:29:55+08:00 ] ::1 /TPvideo/index.php/Home/Carton/%E5%94%8F%E9%87%8C%E5%94%8F%E9%87%8C%E5%8A%A8%E7%94%BB_%E5%8D%A1%E9%80%9A%E5%8A%A8%E6%BC%AB_files/u=4080195901,2013295905&fm=20
ERR: 非法操作:唏里唏里动画_卡通动漫_files

[ 2017-06-08T18:29:55+08:00 ] ::1 /TPvideo/index.php/Home/Carton/%E5%94%8F%E9%87%8C%E5%94%8F%E9%87%8C%E5%8A%A8%E7%94%BB_%E5%8D%A1%E9%80%9A%E5%8A%A8%E6%BC%AB_files/u=4080195901,2013295905&fm=20
ERR: 非法操作:唏里唏里动画_卡通动漫_files

[ 2017-06-08T18:30:28+08:00 ] ::1 /TPvideo/index.php/Home/Carton/%E5%94%8F%E9%87%8C%E5%94%8F%E9%87%8C%E5%8A%A8%E7%94%BB_%E5%8D%A1%E9%80%9A%E5%8A%A8%E6%BC%AB_files/u=4080195901,2013295905&fm=20
ERR: 非法操作:唏里唏里动画_卡通动漫_files

[ 2017-06-08T18:37:45+08:00 ] ::1 /TPvideo/index.php/Home/Game/youxi.html
ERR: unable to write file ./Runtime/Cache\6c43f0a6b5ce2f9812761b2d5dca6490167a97c5.file.youxi.html.php

