[ 2017-06-07T08:03:40+08:00 ] ::1 /TPvideo/index.php/Home/Carton/%E5%94%8F%E9%87%8C%E5%94%8F%E9%87%8C%E5%8A%A8%E7%94%BB_%E5%8D%A1%E9%80%9A%E5%8A%A8%E6%BC%AB_files/u=811654722,130101203&fm=20
ERR: 非法操作:唏里唏里动画_卡通动漫_files

[ 2017-06-07T08:03:40+08:00 ] ::1 /TPvideo/index.php/Home/Carton/%E5%94%8F%E9%87%8C%E5%94%8F%E9%87%8C%E5%8A%A8%E7%94%BB_%E5%8D%A1%E9%80%9A%E5%8A%A8%E6%BC%AB_files/u=4080195901,2013295905&fm=20
ERR: 非法操作:唏里唏里动画_卡通动漫_files

[ 2017-06-07T08:03:40+08:00 ] ::1 /TPvideo/index.php/Home/Carton/%E5%94%8F%E9%87%8C%E5%94%8F%E9%87%8C%E5%8A%A8%E7%94%BB_%E5%8D%A1%E9%80%9A%E5%8A%A8%E6%BC%AB_files/u=1286010796,1762813222&fm=20
ERR: 非法操作:唏里唏里动画_卡通动漫_files

[ 2017-06-07T08:03:40+08:00 ] ::1 /TPvideo/index.php/Home/Carton/%E5%94%8F%E9%87%8C%E5%94%8F%E9%87%8C%E5%8A%A8%E7%94%BB_%E5%8D%A1%E9%80%9A%E5%8A%A8%E6%BC%AB_files/u=4241987513,3789419715&fm=20
ERR: 非法操作:唏里唏里动画_卡通动漫_files

[ 2017-06-07T08:03:40+08:00 ] ::1 /TPvideo/index.php/Home/Carton/%E5%94%8F%E9%87%8C%E5%94%8F%E9%87%8C%E5%8A%A8%E7%94%BB_%E5%8D%A1%E9%80%9A%E5%8A%A8%E6%BC%AB_files/u=2557811826,2007786970&fm=20
ERR: 非法操作:唏里唏里动画_卡通动漫_files

[ 2017-06-07T08:03:40+08:00 ] ::1 /TPvideo/index.php/Home/Carton/%E5%94%8F%E9%87%8C%E5%94%8F%E9%87%8C%E5%8A%A8%E7%94%BB_%E5%8D%A1%E9%80%9A%E5%8A%A8%E6%BC%AB_files/u=3986239096,2714751997&fm=20
ERR: 非法操作:唏里唏里动画_卡通动漫_files

[ 2017-06-07T08:03:40+08:00 ] ::1 /TPvideo/index.php/Home/Carton/%E5%94%8F%E9%87%8C%E5%94%8F%E9%87%8C%E5%8A%A8%E7%94%BB_%E5%8D%A1%E9%80%9A%E5%8A%A8%E6%BC%AB_files/u=1618794280,2578314300&fm=20
ERR: 非法操作:唏里唏里动画_卡通动漫_files

[ 2017-06-07T08:03:40+08:00 ] ::1 /TPvideo/index.php/Home/Carton/%E5%94%8F%E9%87%8C%E5%94%8F%E9%87%8C%E5%8A%A8%E7%94%BB_%E5%8D%A1%E9%80%9A%E5%8A%A8%E6%BC%AB_files/u=1344325322,3246165502&fm=20
ERR: 非法操作:唏里唏里动画_卡通动漫_files

[ 2017-06-07T08:03:40+08:00 ] ::1 /TPvideo/index.php/Home/Carton/%E5%94%8F%E9%87%8C%E5%94%8F%E9%87%8C%E5%8A%A8%E7%94%BB_%E5%8D%A1%E9%80%9A%E5%8A%A8%E6%BC%AB_files/u=593616858,2597100286&fm=20
ERR: 非法操作:唏里唏里动画_卡通动漫_files

[ 2017-06-07T08:03:40+08:00 ] ::1 /TPvideo/index.php/Home/Carton/%E5%94%8F%E9%87%8C%E5%94%8F%E9%87%8C%E5%8A%A8%E7%94%BB_%E5%8D%A1%E9%80%9A%E5%8A%A8%E6%BC%AB_files/u=2216158858,2922819176&fm=20
ERR: 非法操作:唏里唏里动画_卡通动漫_files

[ 2017-06-07T08:03:40+08:00 ] ::1 /TPvideo/index.php/Home/Carton/%E5%94%8F%E9%87%8C%E5%94%8F%E9%87%8C%E5%8A%A8%E7%94%BB_%E5%8D%A1%E9%80%9A%E5%8A%A8%E6%BC%AB_files/u=783138555,3487996589&fm=20
ERR: 非法操作:唏里唏里动画_卡通动漫_files

[ 2017-06-07T08:03:40+08:00 ] ::1 /TPvideo/index.php/Home/Carton/%E5%94%8F%E9%87%8C%E5%94%8F%E9%87%8C%E5%8A%A8%E7%94%BB_%E5%8D%A1%E9%80%9A%E5%8A%A8%E6%BC%AB_files/u=3334375866,3406600830&fm=20
ERR: 非法操作:唏里唏里动画_卡通动漫_files

[ 2017-06-07T08:03:40+08:00 ] ::1 /TPvideo/index.php/Home/Carton/%E5%94%8F%E9%87%8C%E5%94%8F%E9%87%8C%E5%8A%A8%E7%94%BB_%E5%8D%A1%E9%80%9A%E5%8A%A8%E6%BC%AB_files/u=1493723840,2405594587&fm=20
ERR: 非法操作:唏里唏里动画_卡通动漫_files

[ 2017-06-07T08:03:40+08:00 ] ::1 /TPvideo/index.php/Home/Carton/%E5%94%8F%E9%87%8C%E5%94%8F%E9%87%8C%E5%8A%A8%E7%94%BB_%E5%8D%A1%E9%80%9A%E5%8A%A8%E6%BC%AB_files/u=1402296845,1515441770&fm=20
ERR: 非法操作:唏里唏里动画_卡通动漫_files

[ 2017-06-07T08:03:40+08:00 ] ::1 /TPvideo/index.php/Home/Carton/%E5%94%8F%E9%87%8C%E5%94%8F%E9%87%8C%E5%8A%A8%E7%94%BB_%E5%8D%A1%E9%80%9A%E5%8A%A8%E6%BC%AB_files/u=924311981,2305963323&fm=20
ERR: 非法操作:唏里唏里动画_卡通动漫_files

[ 2017-06-07T08:03:40+08:00 ] ::1 /TPvideo/index.php/Home/Carton/%E5%94%8F%E9%87%8C%E5%94%8F%E9%87%8C%E5%8A%A8%E7%94%BB_%E5%8D%A1%E9%80%9A%E5%8A%A8%E6%BC%AB_files/u=3839103291,3088484477&fm=20
ERR: 非法操作:唏里唏里动画_卡通动漫_files

[ 2017-06-07T08:03:40+08:00 ] ::1 /TPvideo/index.php/Home/Carton/%E5%94%8F%E9%87%8C%E5%94%8F%E9%87%8C%E5%8A%A8%E7%94%BB_%E5%8D%A1%E9%80%9A%E5%8A%A8%E6%BC%AB_files/u=2835012470,3957468117&fm=20
ERR: 非法操作:唏里唏里动画_卡通动漫_files

[ 2017-06-07T08:03:40+08:00 ] ::1 /TPvideo/index.php/Home/Carton/%E5%94%8F%E9%87%8C%E5%94%8F%E9%87%8C%E5%8A%A8%E7%94%BB_%E5%8D%A1%E9%80%9A%E5%8A%A8%E6%BC%AB_files/u=466111325,46442140&fm=20
ERR: 非法操作:唏里唏里动画_卡通动漫_files

[ 2017-06-07T08:03:40+08:00 ] ::1 /TPvideo/index.php/Home/Carton/%E5%94%8F%E9%87%8C%E5%94%8F%E9%87%8C%E5%8A%A8%E7%94%BB_%E5%8D%A1%E9%80%9A%E5%8A%A8%E6%BC%AB_files/u=2372709731,1127054541&fm=20
ERR: 非法操作:唏里唏里动画_卡通动漫_files

[ 2017-06-07T08:03:40+08:00 ] ::1 /TPvideo/index.php/Home/Carton/%E5%94%8F%E9%87%8C%E5%94%8F%E9%87%8C%E5%8A%A8%E7%94%BB_%E5%8D%A1%E9%80%9A%E5%8A%A8%E6%BC%AB_files/u=494003402,2545047587&fm=20
ERR: 非法操作:唏里唏里动画_卡通动漫_files

[ 2017-06-07T08:03:40+08:00 ] ::1 /TPvideo/index.php/Home/Carton/%E5%94%8F%E9%87%8C%E5%94%8F%E9%87%8C%E5%8A%A8%E7%94%BB_%E5%8D%A1%E9%80%9A%E5%8A%A8%E6%BC%AB_files/u=901004293,2058047111&fm=20
ERR: 非法操作:唏里唏里动画_卡通动漫_files

[ 2017-06-07T08:03:40+08:00 ] ::1 /TPvideo/index.php/Home/Carton/%E5%94%8F%E9%87%8C%E5%94%8F%E9%87%8C%E5%8A%A8%E7%94%BB_%E5%8D%A1%E9%80%9A%E5%8A%A8%E6%BC%AB_files/u=3530237116,3165818344&fm=20
ERR: 非法操作:唏里唏里动画_卡通动漫_files

[ 2017-06-07T08:03:40+08:00 ] ::1 /TPvideo/index.php/Home/Carton/%E5%94%8F%E9%87%8C%E5%94%8F%E9%87%8C%E5%8A%A8%E7%94%BB_%E5%8D%A1%E9%80%9A%E5%8A%A8%E6%BC%AB_files/u=633454111,3978737681&fm=20
ERR: 非法操作:唏里唏里动画_卡通动漫_files

[ 2017-06-07T08:03:40+08:00 ] ::1 /TPvideo/index.php/Home/Carton/%E5%94%8F%E9%87%8C%E5%94%8F%E9%87%8C%E5%8A%A8%E7%94%BB_%E5%8D%A1%E9%80%9A%E5%8A%A8%E6%BC%AB_files/u=4048047381,1491292599&fm=20
ERR: 非法操作:唏里唏里动画_卡通动漫_files

[ 2017-06-07T08:03:40+08:00 ] ::1 /TPvideo/index.php/Home/Carton/%E5%94%8F%E9%87%8C%E5%94%8F%E9%87%8C%E5%8A%A8%E7%94%BB_%E5%8D%A1%E9%80%9A%E5%8A%A8%E6%BC%AB_files/u=3320019772,2272156840&fm=20
ERR: 非法操作:唏里唏里动画_卡通动漫_files

[ 2017-06-07T08:03:40+08:00 ] ::1 /TPvideo/index.php/Home/Carton/%E5%94%8F%E9%87%8C%E5%94%8F%E9%87%8C%E5%8A%A8%E7%94%BB_%E5%8D%A1%E9%80%9A%E5%8A%A8%E6%BC%AB_files/u=2862545432,2436871935&fm=20
ERR: 非法操作:唏里唏里动画_卡通动漫_files

[ 2017-06-07T08:03:40+08:00 ] ::1 /TPvideo/index.php/Home/Carton/%E5%94%8F%E9%87%8C%E5%94%8F%E9%87%8C%E5%8A%A8%E7%94%BB_%E5%8D%A1%E9%80%9A%E5%8A%A8%E6%BC%AB_files/u=3306499429,3524902413&fm=20
ERR: 非法操作:唏里唏里动画_卡通动漫_files

[ 2017-06-07T08:03:40+08:00 ] ::1 /TPvideo/index.php/Home/Carton/%E5%94%8F%E9%87%8C%E5%94%8F%E9%87%8C%E5%8A%A8%E7%94%BB_%E5%8D%A1%E9%80%9A%E5%8A%A8%E6%BC%AB_files/u=4270036784,507209928&fm=20
ERR: 非法操作:唏里唏里动画_卡通动漫_files

[ 2017-06-07T08:03:40+08:00 ] ::1 /TPvideo/index.php/Home/Carton/%E5%94%8F%E9%87%8C%E5%94%8F%E9%87%8C%E5%8A%A8%E7%94%BB_%E5%8D%A1%E9%80%9A%E5%8A%A8%E6%BC%AB_files/u=3631029309,2307412310&fm=20
ERR: 非法操作:唏里唏里动画_卡通动漫_files

[ 2017-06-07T08:03:40+08:00 ] ::1 /TPvideo/index.php/Home/Carton/%E5%94%8F%E9%87%8C%E5%94%8F%E9%87%8C%E5%8A%A8%E7%94%BB_%E5%8D%A1%E9%80%9A%E5%8A%A8%E6%BC%AB_files/u=2140195506,2204143411&fm=20
ERR: 非法操作:唏里唏里动画_卡通动漫_files

[ 2017-06-07T14:49:49+08:00 ] ::1 /TPvideo/index.php/Home/Carton/%E5%94%8F%E9%87%8C%E5%94%8F%E9%87%8C%E5%8A%A8%E7%94%BB_%E5%8D%A1%E9%80%9A%E5%8A%A8%E6%BC%AB_files/u=4080195901,2013295905&fm=20
ERR: 非法操作:唏里唏里动画_卡通动漫_files

[ 2017-06-07T14:49:49+08:00 ] ::1 /TPvideo/index.php/Home/Carton/%E5%94%8F%E9%87%8C%E5%94%8F%E9%87%8C%E5%8A%A8%E7%94%BB_%E5%8D%A1%E9%80%9A%E5%8A%A8%E6%BC%AB_files/u=4241987513,3789419715&fm=20
ERR: 非法操作:唏里唏里动画_卡通动漫_files

[ 2017-06-07T14:49:49+08:00 ] ::1 /TPvideo/index.php/Home/Carton/%E5%94%8F%E9%87%8C%E5%94%8F%E9%87%8C%E5%8A%A8%E7%94%BB_%E5%8D%A1%E9%80%9A%E5%8A%A8%E6%BC%AB_files/u=1286010796,1762813222&fm=20
ERR: 非法操作:唏里唏里动画_卡通动漫_files

[ 2017-06-07T14:49:49+08:00 ] ::1 /TPvideo/index.php/Home/Carton/%E5%94%8F%E9%87%8C%E5%94%8F%E9%87%8C%E5%8A%A8%E7%94%BB_%E5%8D%A1%E9%80%9A%E5%8A%A8%E6%BC%AB_files/u=811654722,130101203&fm=20
ERR: 非法操作:唏里唏里动画_卡通动漫_files

[ 2017-06-07T14:49:49+08:00 ] ::1 /TPvideo/index.php/Home/Carton/%E5%94%8F%E9%87%8C%E5%94%8F%E9%87%8C%E5%8A%A8%E7%94%BB_%E5%8D%A1%E9%80%9A%E5%8A%A8%E6%BC%AB_files/u=2557811826,2007786970&fm=20
ERR: 非法操作:唏里唏里动画_卡通动漫_files

[ 2017-06-07T14:49:49+08:00 ] ::1 /TPvideo/index.php/Home/Carton/%E5%94%8F%E9%87%8C%E5%94%8F%E9%87%8C%E5%8A%A8%E7%94%BB_%E5%8D%A1%E9%80%9A%E5%8A%A8%E6%BC%AB_files/u=3986239096,2714751997&fm=20
ERR: 非法操作:唏里唏里动画_卡通动漫_files

[ 2017-06-07T14:49:49+08:00 ] ::1 /TPvideo/index.php/Home/Carton/%E5%94%8F%E9%87%8C%E5%94%8F%E9%87%8C%E5%8A%A8%E7%94%BB_%E5%8D%A1%E9%80%9A%E5%8A%A8%E6%BC%AB_files/u=1618794280,2578314300&fm=20
ERR: 非法操作:唏里唏里动画_卡通动漫_files

[ 2017-06-07T14:49:49+08:00 ] ::1 /TPvideo/index.php/Home/Carton/%E5%94%8F%E9%87%8C%E5%94%8F%E9%87%8C%E5%8A%A8%E7%94%BB_%E5%8D%A1%E9%80%9A%E5%8A%A8%E6%BC%AB_files/u=2216158858,2922819176&fm=20
ERR: 非法操作:唏里唏里动画_卡通动漫_files

[ 2017-06-07T14:49:49+08:00 ] ::1 /TPvideo/index.php/Home/Carton/%E5%94%8F%E9%87%8C%E5%94%8F%E9%87%8C%E5%8A%A8%E7%94%BB_%E5%8D%A1%E9%80%9A%E5%8A%A8%E6%BC%AB_files/u=1344325322,3246165502&fm=20
ERR: 非法操作:唏里唏里动画_卡通动漫_files

[ 2017-06-07T14:49:49+08:00 ] ::1 /TPvideo/index.php/Home/Carton/%E5%94%8F%E9%87%8C%E5%94%8F%E9%87%8C%E5%8A%A8%E7%94%BB_%E5%8D%A1%E9%80%9A%E5%8A%A8%E6%BC%AB_files/u=593616858,2597100286&fm=20
ERR: 非法操作:唏里唏里动画_卡通动漫_files

[ 2017-06-07T14:49:49+08:00 ] ::1 /TPvideo/index.php/Home/Carton/%E5%94%8F%E9%87%8C%E5%94%8F%E9%87%8C%E5%8A%A8%E7%94%BB_%E5%8D%A1%E9%80%9A%E5%8A%A8%E6%BC%AB_files/u=783138555,3487996589&fm=20
ERR: 非法操作:唏里唏里动画_卡通动漫_files

[ 2017-06-07T14:49:49+08:00 ] ::1 /TPvideo/index.php/Home/Carton/%E5%94%8F%E9%87%8C%E5%94%8F%E9%87%8C%E5%8A%A8%E7%94%BB_%E5%8D%A1%E9%80%9A%E5%8A%A8%E6%BC%AB_files/u=1493723840,2405594587&fm=20
ERR: 非法操作:唏里唏里动画_卡通动漫_files

[ 2017-06-07T14:49:49+08:00 ] ::1 /TPvideo/index.php/Home/Carton/%E5%94%8F%E9%87%8C%E5%94%8F%E9%87%8C%E5%8A%A8%E7%94%BB_%E5%8D%A1%E9%80%9A%E5%8A%A8%E6%BC%AB_files/u=3334375866,3406600830&fm=20
ERR: 非法操作:唏里唏里动画_卡通动漫_files

[ 2017-06-07T14:49:49+08:00 ] ::1 /TPvideo/index.php/Home/Carton/%E5%94%8F%E9%87%8C%E5%94%8F%E9%87%8C%E5%8A%A8%E7%94%BB_%E5%8D%A1%E9%80%9A%E5%8A%A8%E6%BC%AB_files/u=1402296845,1515441770&fm=20
ERR: 非法操作:唏里唏里动画_卡通动漫_files

[ 2017-06-07T14:49:49+08:00 ] ::1 /TPvideo/index.php/Home/Carton/%E5%94%8F%E9%87%8C%E5%94%8F%E9%87%8C%E5%8A%A8%E7%94%BB_%E5%8D%A1%E9%80%9A%E5%8A%A8%E6%BC%AB_files/u=2835012470,3957468117&fm=20
ERR: 非法操作:唏里唏里动画_卡通动漫_files

[ 2017-06-07T14:49:49+08:00 ] ::1 /TPvideo/index.php/Home/Carton/%E5%94%8F%E9%87%8C%E5%94%8F%E9%87%8C%E5%8A%A8%E7%94%BB_%E5%8D%A1%E9%80%9A%E5%8A%A8%E6%BC%AB_files/u=924311981,2305963323&fm=20
ERR: 非法操作:唏里唏里动画_卡通动漫_files

[ 2017-06-07T14:49:49+08:00 ] ::1 /TPvideo/index.php/Home/Carton/%E5%94%8F%E9%87%8C%E5%94%8F%E9%87%8C%E5%8A%A8%E7%94%BB_%E5%8D%A1%E9%80%9A%E5%8A%A8%E6%BC%AB_files/u=466111325,46442140&fm=20
ERR: 非法操作:唏里唏里动画_卡通动漫_files

[ 2017-06-07T14:49:49+08:00 ] ::1 /TPvideo/index.php/Home/Carton/%E5%94%8F%E9%87%8C%E5%94%8F%E9%87%8C%E5%8A%A8%E7%94%BB_%E5%8D%A1%E9%80%9A%E5%8A%A8%E6%BC%AB_files/u=3839103291,3088484477&fm=20
ERR: 非法操作:唏里唏里动画_卡通动漫_files

[ 2017-06-07T14:49:49+08:00 ] ::1 /TPvideo/index.php/Home/Carton/%E5%94%8F%E9%87%8C%E5%94%8F%E9%87%8C%E5%8A%A8%E7%94%BB_%E5%8D%A1%E9%80%9A%E5%8A%A8%E6%BC%AB_files/u=901004293,2058047111&fm=20
ERR: 非法操作:唏里唏里动画_卡通动漫_files

[ 2017-06-07T14:49:49+08:00 ] ::1 /TPvideo/index.php/Home/Carton/%E5%94%8F%E9%87%8C%E5%94%8F%E9%87%8C%E5%8A%A8%E7%94%BB_%E5%8D%A1%E9%80%9A%E5%8A%A8%E6%BC%AB_files/u=2372709731,1127054541&fm=20
ERR: 非法操作:唏里唏里动画_卡通动漫_files

[ 2017-06-07T14:49:49+08:00 ] ::1 /TPvideo/index.php/Home/Carton/%E5%94%8F%E9%87%8C%E5%94%8F%E9%87%8C%E5%8A%A8%E7%94%BB_%E5%8D%A1%E9%80%9A%E5%8A%A8%E6%BC%AB_files/u=494003402,2545047587&fm=20
ERR: 非法操作:唏里唏里动画_卡通动漫_files

[ 2017-06-07T14:49:49+08:00 ] ::1 /TPvideo/index.php/Home/Carton/%E5%94%8F%E9%87%8C%E5%94%8F%E9%87%8C%E5%8A%A8%E7%94%BB_%E5%8D%A1%E9%80%9A%E5%8A%A8%E6%BC%AB_files/u=3530237116,3165818344&fm=20
ERR: 非法操作:唏里唏里动画_卡通动漫_files

[ 2017-06-07T14:49:49+08:00 ] ::1 /TPvideo/index.php/Home/Carton/%E5%94%8F%E9%87%8C%E5%94%8F%E9%87%8C%E5%8A%A8%E7%94%BB_%E5%8D%A1%E9%80%9A%E5%8A%A8%E6%BC%AB_files/u=4048047381,1491292599&fm=20
ERR: 非法操作:唏里唏里动画_卡通动漫_files

[ 2017-06-07T14:49:49+08:00 ] ::1 /TPvideo/index.php/Home/Carton/%E5%94%8F%E9%87%8C%E5%94%8F%E9%87%8C%E5%8A%A8%E7%94%BB_%E5%8D%A1%E9%80%9A%E5%8A%A8%E6%BC%AB_files/u=3320019772,2272156840&fm=20
ERR: 非法操作:唏里唏里动画_卡通动漫_files

[ 2017-06-07T14:49:49+08:00 ] ::1 /TPvideo/index.php/Home/Carton/%E5%94%8F%E9%87%8C%E5%94%8F%E9%87%8C%E5%8A%A8%E7%94%BB_%E5%8D%A1%E9%80%9A%E5%8A%A8%E6%BC%AB_files/u=633454111,3978737681&fm=20
ERR: 非法操作:唏里唏里动画_卡通动漫_files

[ 2017-06-07T14:49:49+08:00 ] ::1 /TPvideo/index.php/Home/Carton/%E5%94%8F%E9%87%8C%E5%94%8F%E9%87%8C%E5%8A%A8%E7%94%BB_%E5%8D%A1%E9%80%9A%E5%8A%A8%E6%BC%AB_files/u=2862545432,2436871935&fm=20
ERR: 非法操作:唏里唏里动画_卡通动漫_files

[ 2017-06-07T14:49:49+08:00 ] ::1 /TPvideo/index.php/Home/Carton/%E5%94%8F%E9%87%8C%E5%94%8F%E9%87%8C%E5%8A%A8%E7%94%BB_%E5%8D%A1%E9%80%9A%E5%8A%A8%E6%BC%AB_files/u=3306499429,3524902413&fm=20
ERR: 非法操作:唏里唏里动画_卡通动漫_files

[ 2017-06-07T14:49:49+08:00 ] ::1 /TPvideo/index.php/Home/Carton/%E5%94%8F%E9%87%8C%E5%94%8F%E9%87%8C%E5%8A%A8%E7%94%BB_%E5%8D%A1%E9%80%9A%E5%8A%A8%E6%BC%AB_files/u=4270036784,507209928&fm=20
ERR: 非法操作:唏里唏里动画_卡通动漫_files

[ 2017-06-07T14:49:49+08:00 ] ::1 /TPvideo/index.php/Home/Carton/%E5%94%8F%E9%87%8C%E5%94%8F%E9%87%8C%E5%8A%A8%E7%94%BB_%E5%8D%A1%E9%80%9A%E5%8A%A8%E6%BC%AB_files/u=3631029309,2307412310&fm=20
ERR: 非法操作:唏里唏里动画_卡通动漫_files

[ 2017-06-07T14:49:49+08:00 ] ::1 /TPvideo/index.php/Home/Carton/%E5%94%8F%E9%87%8C%E5%94%8F%E9%87%8C%E5%8A%A8%E7%94%BB_%E5%8D%A1%E9%80%9A%E5%8A%A8%E6%BC%AB_files/u=2140195506,2204143411&fm=20
ERR: 非法操作:唏里唏里动画_卡通动漫_files

[ 2017-06-07T14:50:15+08:00 ] ::1 /TPvideo/index.php/Home/Carton/%E5%94%8F%E9%87%8C%E5%94%8F%E9%87%8C%E5%8A%A8%E7%94%BB_%E5%8D%A1%E9%80%9A%E5%8A%A8%E6%BC%AB_files/u=4241987513,3789419715&fm=20
ERR: 非法操作:唏里唏里动画_卡通动漫_files

[ 2017-06-07T14:50:15+08:00 ] ::1 /TPvideo/index.php/Home/Carton/%E5%94%8F%E9%87%8C%E5%94%8F%E9%87%8C%E5%8A%A8%E7%94%BB_%E5%8D%A1%E9%80%9A%E5%8A%A8%E6%BC%AB_files/u=2557811826,2007786970&fm=20
ERR: 非法操作:唏里唏里动画_卡通动漫_files

[ 2017-06-07T14:50:15+08:00 ] ::1 /TPvideo/index.php/Home/Carton/%E5%94%8F%E9%87%8C%E5%94%8F%E9%87%8C%E5%8A%A8%E7%94%BB_%E5%8D%A1%E9%80%9A%E5%8A%A8%E6%BC%AB_files/u=1286010796,1762813222&fm=20
ERR: 非法操作:唏里唏里动画_卡通动漫_files

[ 2017-06-07T14:50:15+08:00 ] ::1 /TPvideo/index.php/Home/Carton/%E5%94%8F%E9%87%8C%E5%94%8F%E9%87%8C%E5%8A%A8%E7%94%BB_%E5%8D%A1%E9%80%9A%E5%8A%A8%E6%BC%AB_files/u=4080195901,2013295905&fm=20
ERR: 非法操作:唏里唏里动画_卡通动漫_files

[ 2017-06-07T14:50:15+08:00 ] ::1 /TPvideo/index.php/Home/Carton/%E5%94%8F%E9%87%8C%E5%94%8F%E9%87%8C%E5%8A%A8%E7%94%BB_%E5%8D%A1%E9%80%9A%E5%8A%A8%E6%BC%AB_files/u=811654722,130101203&fm=20
ERR: 非法操作:唏里唏里动画_卡通动漫_files

[ 2017-06-07T14:50:15+08:00 ] ::1 /TPvideo/index.php/Home/Carton/%E5%94%8F%E9%87%8C%E5%94%8F%E9%87%8C%E5%8A%A8%E7%94%BB_%E5%8D%A1%E9%80%9A%E5%8A%A8%E6%BC%AB_files/u=1618794280,2578314300&fm=20
ERR: 非法操作:唏里唏里动画_卡通动漫_files

[ 2017-06-07T14:50:15+08:00 ] ::1 /TPvideo/index.php/Home/Carton/%E5%94%8F%E9%87%8C%E5%94%8F%E9%87%8C%E5%8A%A8%E7%94%BB_%E5%8D%A1%E9%80%9A%E5%8A%A8%E6%BC%AB_files/u=593616858,2597100286&fm=20
ERR: 非法操作:唏里唏里动画_卡通动漫_files

[ 2017-06-07T14:50:15+08:00 ] ::1 /TPvideo/index.php/Home/Carton/%E5%94%8F%E9%87%8C%E5%94%8F%E9%87%8C%E5%8A%A8%E7%94%BB_%E5%8D%A1%E9%80%9A%E5%8A%A8%E6%BC%AB_files/u=3986239096,2714751997&fm=20
ERR: 非法操作:唏里唏里动画_卡通动漫_files

[ 2017-06-07T14:50:15+08:00 ] ::1 /TPvideo/index.php/Home/Carton/%E5%94%8F%E9%87%8C%E5%94%8F%E9%87%8C%E5%8A%A8%E7%94%BB_%E5%8D%A1%E9%80%9A%E5%8A%A8%E6%BC%AB_files/u=2216158858,2922819176&fm=20
ERR: 非法操作:唏里唏里动画_卡通动漫_files

[ 2017-06-07T14:50:15+08:00 ] ::1 /TPvideo/index.php/Home/Carton/%E5%94%8F%E9%87%8C%E5%94%8F%E9%87%8C%E5%8A%A8%E7%94%BB_%E5%8D%A1%E9%80%9A%E5%8A%A8%E6%BC%AB_files/u=1344325322,3246165502&fm=20
ERR: 非法操作:唏里唏里动画_卡通动漫_files

[ 2017-06-07T14:50:15+08:00 ] ::1 /TPvideo/index.php/Home/Carton/%E5%94%8F%E9%87%8C%E5%94%8F%E9%87%8C%E5%8A%A8%E7%94%BB_%E5%8D%A1%E9%80%9A%E5%8A%A8%E6%BC%AB_files/u=1493723840,2405594587&fm=20
ERR: 非法操作:唏里唏里动画_卡通动漫_files

[ 2017-06-07T14:50:15+08:00 ] ::1 /TPvideo/index.php/Home/Carton/%E5%94%8F%E9%87%8C%E5%94%8F%E9%87%8C%E5%8A%A8%E7%94%BB_%E5%8D%A1%E9%80%9A%E5%8A%A8%E6%BC%AB_files/u=783138555,3487996589&fm=20
ERR: 非法操作:唏里唏里动画_卡通动漫_files

[ 2017-06-07T14:50:15+08:00 ] ::1 /TPvideo/index.php/Home/Carton/%E5%94%8F%E9%87%8C%E5%94%8F%E9%87%8C%E5%8A%A8%E7%94%BB_%E5%8D%A1%E9%80%9A%E5%8A%A8%E6%BC%AB_files/u=3334375866,3406600830&fm=20
ERR: 非法操作:唏里唏里动画_卡通动漫_files

[ 2017-06-07T14:50:15+08:00 ] ::1 /TPvideo/index.php/Home/Carton/%E5%94%8F%E9%87%8C%E5%94%8F%E9%87%8C%E5%8A%A8%E7%94%BB_%E5%8D%A1%E9%80%9A%E5%8A%A8%E6%BC%AB_files/u=2835012470,3957468117&fm=20
ERR: 非法操作:唏里唏里动画_卡通动漫_files

[ 2017-06-07T14:50:15+08:00 ] ::1 /TPvideo/index.php/Home/Carton/%E5%94%8F%E9%87%8C%E5%94%8F%E9%87%8C%E5%8A%A8%E7%94%BB_%E5%8D%A1%E9%80%9A%E5%8A%A8%E6%BC%AB_files/u=1402296845,1515441770&fm=20
ERR: 非法操作:唏里唏里动画_卡通动漫_files

[ 2017-06-07T14:50:15+08:00 ] ::1 /TPvideo/index.php/Home/Carton/%E5%94%8F%E9%87%8C%E5%94%8F%E9%87%8C%E5%8A%A8%E7%94%BB_%E5%8D%A1%E9%80%9A%E5%8A%A8%E6%BC%AB_files/u=466111325,46442140&fm=20
ERR: 非法操作:唏里唏里动画_卡通动漫_files

[ 2017-06-07T14:50:15+08:00 ] ::1 /TPvideo/index.php/Home/Carton/%E5%94%8F%E9%87%8C%E5%94%8F%E9%87%8C%E5%8A%A8%E7%94%BB_%E5%8D%A1%E9%80%9A%E5%8A%A8%E6%BC%AB_files/u=924311981,2305963323&fm=20
ERR: 非法操作:唏里唏里动画_卡通动漫_files

[ 2017-06-07T14:50:15+08:00 ] ::1 /TPvideo/index.php/Home/Carton/%E5%94%8F%E9%87%8C%E5%94%8F%E9%87%8C%E5%8A%A8%E7%94%BB_%E5%8D%A1%E9%80%9A%E5%8A%A8%E6%BC%AB_files/u=2372709731,1127054541&fm=20
ERR: 非法操作:唏里唏里动画_卡通动漫_files

[ 2017-06-07T14:50:15+08:00 ] ::1 /TPvideo/index.php/Home/Carton/%E5%94%8F%E9%87%8C%E5%94%8F%E9%87%8C%E5%8A%A8%E7%94%BB_%E5%8D%A1%E9%80%9A%E5%8A%A8%E6%BC%AB_files/u=3839103291,3088484477&fm=20
ERR: 非法操作:唏里唏里动画_卡通动漫_files

[ 2017-06-07T14:50:15+08:00 ] ::1 /TPvideo/index.php/Home/Carton/%E5%94%8F%E9%87%8C%E5%94%8F%E9%87%8C%E5%8A%A8%E7%94%BB_%E5%8D%A1%E9%80%9A%E5%8A%A8%E6%BC%AB_files/u=901004293,2058047111&fm=20
ERR: 非法操作:唏里唏里动画_卡通动漫_files

[ 2017-06-07T14:50:15+08:00 ] ::1 /TPvideo/index.php/Home/Carton/%E5%94%8F%E9%87%8C%E5%94%8F%E9%87%8C%E5%8A%A8%E7%94%BB_%E5%8D%A1%E9%80%9A%E5%8A%A8%E6%BC%AB_files/u=3530237116,3165818344&fm=20
ERR: 非法操作:唏里唏里动画_卡通动漫_files

[ 2017-06-07T14:50:15+08:00 ] ::1 /TPvideo/index.php/Home/Carton/%E5%94%8F%E9%87%8C%E5%94%8F%E9%87%8C%E5%8A%A8%E7%94%BB_%E5%8D%A1%E9%80%9A%E5%8A%A8%E6%BC%AB_files/u=494003402,2545047587&fm=20
ERR: 非法操作:唏里唏里动画_卡通动漫_files

[ 2017-06-07T14:50:15+08:00 ] ::1 /TPvideo/index.php/Home/Carton/%E5%94%8F%E9%87%8C%E5%94%8F%E9%87%8C%E5%8A%A8%E7%94%BB_%E5%8D%A1%E9%80%9A%E5%8A%A8%E6%BC%AB_files/u=633454111,3978737681&fm=20
ERR: 非法操作:唏里唏里动画_卡通动漫_files

[ 2017-06-07T14:50:15+08:00 ] ::1 /TPvideo/index.php/Home/Carton/%E5%94%8F%E9%87%8C%E5%94%8F%E9%87%8C%E5%8A%A8%E7%94%BB_%E5%8D%A1%E9%80%9A%E5%8A%A8%E6%BC%AB_files/u=4048047381,1491292599&fm=20
ERR: 非法操作:唏里唏里动画_卡通动漫_files

[ 2017-06-07T14:50:15+08:00 ] ::1 /TPvideo/index.php/Home/Carton/%E5%94%8F%E9%87%8C%E5%94%8F%E9%87%8C%E5%8A%A8%E7%94%BB_%E5%8D%A1%E9%80%9A%E5%8A%A8%E6%BC%AB_files/u=3320019772,2272156840&fm=20
ERR: 非法操作:唏里唏里动画_卡通动漫_files

[ 2017-06-07T14:50:15+08:00 ] ::1 /TPvideo/index.php/Home/Carton/%E5%94%8F%E9%87%8C%E5%94%8F%E9%87%8C%E5%8A%A8%E7%94%BB_%E5%8D%A1%E9%80%9A%E5%8A%A8%E6%BC%AB_files/u=4270036784,507209928&fm=20
ERR: 非法操作:唏里唏里动画_卡通动漫_files

[ 2017-06-07T14:50:15+08:00 ] ::1 /TPvideo/index.php/Home/Carton/%E5%94%8F%E9%87%8C%E5%94%8F%E9%87%8C%E5%8A%A8%E7%94%BB_%E5%8D%A1%E9%80%9A%E5%8A%A8%E6%BC%AB_files/u=3306499429,3524902413&fm=20
ERR: 非法操作:唏里唏里动画_卡通动漫_files

[ 2017-06-07T14:50:15+08:00 ] ::1 /TPvideo/index.php/Home/Carton/%E5%94%8F%E9%87%8C%E5%94%8F%E9%87%8C%E5%8A%A8%E7%94%BB_%E5%8D%A1%E9%80%9A%E5%8A%A8%E6%BC%AB_files/u=2862545432,2436871935&fm=20
ERR: 非法操作:唏里唏里动画_卡通动漫_files

[ 2017-06-07T14:50:15+08:00 ] ::1 /TPvideo/index.php/Home/Carton/%E5%94%8F%E9%87%8C%E5%94%8F%E9%87%8C%E5%8A%A8%E7%94%BB_%E5%8D%A1%E9%80%9A%E5%8A%A8%E6%BC%AB_files/u=3631029309,2307412310&fm=20
ERR: 非法操作:唏里唏里动画_卡通动漫_files

[ 2017-06-07T14:50:15+08:00 ] ::1 /TPvideo/index.php/Home/Carton/%E5%94%8F%E9%87%8C%E5%94%8F%E9%87%8C%E5%8A%A8%E7%94%BB_%E5%8D%A1%E9%80%9A%E5%8A%A8%E6%BC%AB_files/u=2140195506,2204143411&fm=20
ERR: 非法操作:唏里唏里动画_卡通动漫_files

[ 2017-06-07T15:40:54+08:00 ] ::1 /TPvideo/index.php/Home/Carton/%E5%94%8F%E9%87%8C%E5%94%8F%E9%87%8C%E5%8A%A8%E7%94%BB_%E5%8D%A1%E9%80%9A%E5%8A%A8%E6%BC%AB_files/u=4080195901,2013295905&fm=20
ERR: 非法操作:唏里唏里动画_卡通动漫_files

[ 2017-06-07T15:40:54+08:00 ] ::1 /TPvideo/index.php/Home/Carton/%E5%94%8F%E9%87%8C%E5%94%8F%E9%87%8C%E5%8A%A8%E7%94%BB_%E5%8D%A1%E9%80%9A%E5%8A%A8%E6%BC%AB_files/u=3986239096,2714751997&fm=20
ERR: 非法操作:唏里唏里动画_卡通动漫_files

[ 2017-06-07T15:40:54+08:00 ] ::1 /TPvideo/index.php/Home/Carton/%E5%94%8F%E9%87%8C%E5%94%8F%E9%87%8C%E5%8A%A8%E7%94%BB_%E5%8D%A1%E9%80%9A%E5%8A%A8%E6%BC%AB_files/u=2557811826,2007786970&fm=20
ERR: 非法操作:唏里唏里动画_卡通动漫_files

[ 2017-06-07T15:40:54+08:00 ] ::1 /TPvideo/index.php/Home/Carton/%E5%94%8F%E9%87%8C%E5%94%8F%E9%87%8C%E5%8A%A8%E7%94%BB_%E5%8D%A1%E9%80%9A%E5%8A%A8%E6%BC%AB_files/u=4241987513,3789419715&fm=20
ERR: 非法操作:唏里唏里动画_卡通动漫_files

[ 2017-06-07T15:40:54+08:00 ] ::1 /TPvideo/index.php/Home/Carton/%E5%94%8F%E9%87%8C%E5%94%8F%E9%87%8C%E5%8A%A8%E7%94%BB_%E5%8D%A1%E9%80%9A%E5%8A%A8%E6%BC%AB_files/u=1286010796,1762813222&fm=20
ERR: 非法操作:唏里唏里动画_卡通动漫_files

[ 2017-06-07T15:40:55+08:00 ] ::1 /TPvideo/index.php/Home/Carton/%E5%94%8F%E9%87%8C%E5%94%8F%E9%87%8C%E5%8A%A8%E7%94%BB_%E5%8D%A1%E9%80%9A%E5%8A%A8%E6%BC%AB_files/u=811654722,130101203&fm=20
ERR: 非法操作:唏里唏里动画_卡通动漫_files

[ 2017-06-07T15:40:55+08:00 ] ::1 /TPvideo/index.php/Home/Carton/%E5%94%8F%E9%87%8C%E5%94%8F%E9%87%8C%E5%8A%A8%E7%94%BB_%E5%8D%A1%E9%80%9A%E5%8A%A8%E6%BC%AB_files/u=1344325322,3246165502&fm=20
ERR: 非法操作:唏里唏里动画_卡通动漫_files

[ 2017-06-07T15:40:55+08:00 ] ::1 /TPvideo/index.php/Home/Carton/%E5%94%8F%E9%87%8C%E5%94%8F%E9%87%8C%E5%8A%A8%E7%94%BB_%E5%8D%A1%E9%80%9A%E5%8A%A8%E6%BC%AB_files/u=1618794280,2578314300&fm=20
ERR: 非法操作:唏里唏里动画_卡通动漫_files

[ 2017-06-07T15:40:55+08:00 ] ::1 /TPvideo/index.php/Home/Carton/%E5%94%8F%E9%87%8C%E5%94%8F%E9%87%8C%E5%8A%A8%E7%94%BB_%E5%8D%A1%E9%80%9A%E5%8A%A8%E6%BC%AB_files/u=2216158858,2922819176&fm=20
ERR: 非法操作:唏里唏里动画_卡通动漫_files

[ 2017-06-07T15:40:55+08:00 ] ::1 /TPvideo/index.php/Home/Carton/%E5%94%8F%E9%87%8C%E5%94%8F%E9%87%8C%E5%8A%A8%E7%94%BB_%E5%8D%A1%E9%80%9A%E5%8A%A8%E6%BC%AB_files/u=1493723840,2405594587&fm=20
ERR: 非法操作:唏里唏里动画_卡通动漫_files

[ 2017-06-07T15:40:55+08:00 ] ::1 /TPvideo/index.php/Home/Carton/%E5%94%8F%E9%87%8C%E5%94%8F%E9%87%8C%E5%8A%A8%E7%94%BB_%E5%8D%A1%E9%80%9A%E5%8A%A8%E6%BC%AB_files/u=593616858,2597100286&fm=20
ERR: 非法操作:唏里唏里动画_卡通动漫_files

[ 2017-06-07T15:40:55+08:00 ] ::1 /TPvideo/index.php/Home/Carton/%E5%94%8F%E9%87%8C%E5%94%8F%E9%87%8C%E5%8A%A8%E7%94%BB_%E5%8D%A1%E9%80%9A%E5%8A%A8%E6%BC%AB_files/u=783138555,3487996589&fm=20
ERR: 非法操作:唏里唏里动画_卡通动漫_files

[ 2017-06-07T15:40:55+08:00 ] ::1 /TPvideo/index.php/Home/Carton/%E5%94%8F%E9%87%8C%E5%94%8F%E9%87%8C%E5%8A%A8%E7%94%BB_%E5%8D%A1%E9%80%9A%E5%8A%A8%E6%BC%AB_files/u=1402296845,1515441770&fm=20
ERR: 非法操作:唏里唏里动画_卡通动漫_files

[ 2017-06-07T15:40:55+08:00 ] ::1 /TPvideo/index.php/Home/Carton/%E5%94%8F%E9%87%8C%E5%94%8F%E9%87%8C%E5%8A%A8%E7%94%BB_%E5%8D%A1%E9%80%9A%E5%8A%A8%E6%BC%AB_files/u=2835012470,3957468117&fm=20
ERR: 非法操作:唏里唏里动画_卡通动漫_files

[ 2017-06-07T15:40:55+08:00 ] ::1 /TPvideo/index.php/Home/Carton/%E5%94%8F%E9%87%8C%E5%94%8F%E9%87%8C%E5%8A%A8%E7%94%BB_%E5%8D%A1%E9%80%9A%E5%8A%A8%E6%BC%AB_files/u=3334375866,3406600830&fm=20
ERR: 非法操作:唏里唏里动画_卡通动漫_files

[ 2017-06-07T15:40:55+08:00 ] ::1 /TPvideo/index.php/Home/Carton/%E5%94%8F%E9%87%8C%E5%94%8F%E9%87%8C%E5%8A%A8%E7%94%BB_%E5%8D%A1%E9%80%9A%E5%8A%A8%E6%BC%AB_files/u=924311981,2305963323&fm=20
ERR: 非法操作:唏里唏里动画_卡通动漫_files

[ 2017-06-07T15:40:55+08:00 ] ::1 /TPvideo/index.php/Home/Carton/%E5%94%8F%E9%87%8C%E5%94%8F%E9%87%8C%E5%8A%A8%E7%94%BB_%E5%8D%A1%E9%80%9A%E5%8A%A8%E6%BC%AB_files/u=466111325,46442140&fm=20
ERR: 非法操作:唏里唏里动画_卡通动漫_files

[ 2017-06-07T15:40:55+08:00 ] ::1 /TPvideo/index.php/Home/Carton/%E5%94%8F%E9%87%8C%E5%94%8F%E9%87%8C%E5%8A%A8%E7%94%BB_%E5%8D%A1%E9%80%9A%E5%8A%A8%E6%BC%AB_files/u=3839103291,3088484477&fm=20
ERR: 非法操作:唏里唏里动画_卡通动漫_files

[ 2017-06-07T15:40:55+08:00 ] ::1 /TPvideo/index.php/Home/Carton/%E5%94%8F%E9%87%8C%E5%94%8F%E9%87%8C%E5%8A%A8%E7%94%BB_%E5%8D%A1%E9%80%9A%E5%8A%A8%E6%BC%AB_files/u=2372709731,1127054541&fm=20
ERR: 非法操作:唏里唏里动画_卡通动漫_files

[ 2017-06-07T15:40:55+08:00 ] ::1 /TPvideo/index.php/Home/Carton/%E5%94%8F%E9%87%8C%E5%94%8F%E9%87%8C%E5%8A%A8%E7%94%BB_%E5%8D%A1%E9%80%9A%E5%8A%A8%E6%BC%AB_files/u=901004293,2058047111&fm=20
ERR: 非法操作:唏里唏里动画_卡通动漫_files

[ 2017-06-07T15:40:55+08:00 ] ::1 /TPvideo/index.php/Home/Carton/%E5%94%8F%E9%87%8C%E5%94%8F%E9%87%8C%E5%8A%A8%E7%94%BB_%E5%8D%A1%E9%80%9A%E5%8A%A8%E6%BC%AB_files/u=3530237116,3165818344&fm=20
ERR: 非法操作:唏里唏里动画_卡通动漫_files

[ 2017-06-07T15:40:55+08:00 ] ::1 /TPvideo/index.php/Home/Carton/%E5%94%8F%E9%87%8C%E5%94%8F%E9%87%8C%E5%8A%A8%E7%94%BB_%E5%8D%A1%E9%80%9A%E5%8A%A8%E6%BC%AB_files/u=494003402,2545047587&fm=20
ERR: 非法操作:唏里唏里动画_卡通动漫_files

[ 2017-06-07T15:40:55+08:00 ] ::1 /TPvideo/index.php/Home/Carton/%E5%94%8F%E9%87%8C%E5%94%8F%E9%87%8C%E5%8A%A8%E7%94%BB_%E5%8D%A1%E9%80%9A%E5%8A%A8%E6%BC%AB_files/u=4048047381,1491292599&fm=20
ERR: 非法操作:唏里唏里动画_卡通动漫_files

[ 2017-06-07T15:40:55+08:00 ] ::1 /TPvideo/index.php/Home/Carton/%E5%94%8F%E9%87%8C%E5%94%8F%E9%87%8C%E5%8A%A8%E7%94%BB_%E5%8D%A1%E9%80%9A%E5%8A%A8%E6%BC%AB_files/u=633454111,3978737681&fm=20
ERR: 非法操作:唏里唏里动画_卡通动漫_files

[ 2017-06-07T15:40:55+08:00 ] ::1 /TPvideo/index.php/Home/Carton/%E5%94%8F%E9%87%8C%E5%94%8F%E9%87%8C%E5%8A%A8%E7%94%BB_%E5%8D%A1%E9%80%9A%E5%8A%A8%E6%BC%AB_files/u=4270036784,507209928&fm=20
ERR: 非法操作:唏里唏里动画_卡通动漫_files

[ 2017-06-07T15:40:55+08:00 ] ::1 /TPvideo/index.php/Home/Carton/%E5%94%8F%E9%87%8C%E5%94%8F%E9%87%8C%E5%8A%A8%E7%94%BB_%E5%8D%A1%E9%80%9A%E5%8A%A8%E6%BC%AB_files/u=3306499429,3524902413&fm=20
ERR: 非法操作:唏里唏里动画_卡通动漫_files

[ 2017-06-07T15:40:55+08:00 ] ::1 /TPvideo/index.php/Home/Carton/%E5%94%8F%E9%87%8C%E5%94%8F%E9%87%8C%E5%8A%A8%E7%94%BB_%E5%8D%A1%E9%80%9A%E5%8A%A8%E6%BC%AB_files/u=3320019772,2272156840&fm=20
ERR: 非法操作:唏里唏里动画_卡通动漫_files

[ 2017-06-07T15:40:55+08:00 ] ::1 /TPvideo/index.php/Home/Carton/%E5%94%8F%E9%87%8C%E5%94%8F%E9%87%8C%E5%8A%A8%E7%94%BB_%E5%8D%A1%E9%80%9A%E5%8A%A8%E6%BC%AB_files/u=3631029309,2307412310&fm=20
ERR: 非法操作:唏里唏里动画_卡通动漫_files

[ 2017-06-07T15:40:55+08:00 ] ::1 /TPvideo/index.php/Home/Carton/%E5%94%8F%E9%87%8C%E5%94%8F%E9%87%8C%E5%8A%A8%E7%94%BB_%E5%8D%A1%E9%80%9A%E5%8A%A8%E6%BC%AB_files/u=2862545432,2436871935&fm=20
ERR: 非法操作:唏里唏里动画_卡通动漫_files

[ 2017-06-07T15:40:55+08:00 ] ::1 /TPvideo/index.php/Home/Carton/%E5%94%8F%E9%87%8C%E5%94%8F%E9%87%8C%E5%8A%A8%E7%94%BB_%E5%8D%A1%E9%80%9A%E5%8A%A8%E6%BC%AB_files/u=2140195506,2204143411&fm=20
ERR: 非法操作:唏里唏里动画_卡通动漫_files

[ 2017-06-07T17:19:04+08:00 ] ::1 /TPvideo/index.php/Home/Carton/%E5%94%8F%E9%87%8C%E5%94%8F%E9%87%8C%E5%8A%A8%E7%94%BB_%E5%8D%A1%E9%80%9A%E5%8A%A8%E6%BC%AB_files/u=4080195901,2013295905&fm=20
ERR: 非法操作:唏里唏里动画_卡通动漫_files

[ 2017-06-07T17:19:04+08:00 ] ::1 /TPvideo/index.php/Home/Carton/%E5%94%8F%E9%87%8C%E5%94%8F%E9%87%8C%E5%8A%A8%E7%94%BB_%E5%8D%A1%E9%80%9A%E5%8A%A8%E6%BC%AB_files/u=2557811826,2007786970&fm=20
ERR: 非法操作:唏里唏里动画_卡通动漫_files

[ 2017-06-07T17:19:04+08:00 ] ::1 /TPvideo/index.php/Home/Carton/%E5%94%8F%E9%87%8C%E5%94%8F%E9%87%8C%E5%8A%A8%E7%94%BB_%E5%8D%A1%E9%80%9A%E5%8A%A8%E6%BC%AB_files/u=4241987513,3789419715&fm=20
ERR: 非法操作:唏里唏里动画_卡通动漫_files

[ 2017-06-07T17:19:04+08:00 ] ::1 /TPvideo/index.php/Home/Carton/%E5%94%8F%E9%87%8C%E5%94%8F%E9%87%8C%E5%8A%A8%E7%94%BB_%E5%8D%A1%E9%80%9A%E5%8A%A8%E6%BC%AB_files/u=3986239096,2714751997&fm=20
ERR: 非法操作:唏里唏里动画_卡通动漫_files

[ 2017-06-07T17:19:04+08:00 ] ::1 /TPvideo/index.php/Home/Carton/%E5%94%8F%E9%87%8C%E5%94%8F%E9%87%8C%E5%8A%A8%E7%94%BB_%E5%8D%A1%E9%80%9A%E5%8A%A8%E6%BC%AB_files/u=1286010796,1762813222&fm=20
ERR: 非法操作:唏里唏里动画_卡通动漫_files

[ 2017-06-07T17:19:04+08:00 ] ::1 /TPvideo/index.php/Home/Carton/%E5%94%8F%E9%87%8C%E5%94%8F%E9%87%8C%E5%8A%A8%E7%94%BB_%E5%8D%A1%E9%80%9A%E5%8A%A8%E6%BC%AB_files/u=811654722,130101203&fm=20
ERR: 非法操作:唏里唏里动画_卡通动漫_files

[ 2017-06-07T17:19:04+08:00 ] ::1 /TPvideo/index.php/Home/Carton/%E5%94%8F%E9%87%8C%E5%94%8F%E9%87%8C%E5%8A%A8%E7%94%BB_%E5%8D%A1%E9%80%9A%E5%8A%A8%E6%BC%AB_files/u=1618794280,2578314300&fm=20
ERR: 非法操作:唏里唏里动画_卡通动漫_files

[ 2017-06-07T17:19:04+08:00 ] ::1 /TPvideo/index.php/Home/Carton/%E5%94%8F%E9%87%8C%E5%94%8F%E9%87%8C%E5%8A%A8%E7%94%BB_%E5%8D%A1%E9%80%9A%E5%8A%A8%E6%BC%AB_files/u=593616858,2597100286&fm=20
ERR: 非法操作:唏里唏里动画_卡通动漫_files

[ 2017-06-07T17:19:04+08:00 ] ::1 /TPvideo/index.php/Home/Carton/%E5%94%8F%E9%87%8C%E5%94%8F%E9%87%8C%E5%8A%A8%E7%94%BB_%E5%8D%A1%E9%80%9A%E5%8A%A8%E6%BC%AB_files/u=2216158858,2922819176&fm=20
ERR: 非法操作:唏里唏里动画_卡通动漫_files

[ 2017-06-07T17:19:04+08:00 ] ::1 /TPvideo/index.php/Home/Carton/%E5%94%8F%E9%87%8C%E5%94%8F%E9%87%8C%E5%8A%A8%E7%94%BB_%E5%8D%A1%E9%80%9A%E5%8A%A8%E6%BC%AB_files/u=1344325322,3246165502&fm=20
ERR: 非法操作:唏里唏里动画_卡通动漫_files

[ 2017-06-07T17:19:05+08:00 ] ::1 /TPvideo/index.php/Home/Carton/%E5%94%8F%E9%87%8C%E5%94%8F%E9%87%8C%E5%8A%A8%E7%94%BB_%E5%8D%A1%E9%80%9A%E5%8A%A8%E6%BC%AB_files/u=1493723840,2405594587&fm=20
ERR: 非法操作:唏里唏里动画_卡通动漫_files

[ 2017-06-07T17:19:05+08:00 ] ::1 /TPvideo/index.php/Home/Carton/%E5%94%8F%E9%87%8C%E5%94%8F%E9%87%8C%E5%8A%A8%E7%94%BB_%E5%8D%A1%E9%80%9A%E5%8A%A8%E6%BC%AB_files/u=783138555,3487996589&fm=20
ERR: 非法操作:唏里唏里动画_卡通动漫_files

[ 2017-06-07T17:19:05+08:00 ] ::1 /TPvideo/index.php/Home/Carton/%E5%94%8F%E9%87%8C%E5%94%8F%E9%87%8C%E5%8A%A8%E7%94%BB_%E5%8D%A1%E9%80%9A%E5%8A%A8%E6%BC%AB_files/u=4080195901,2013295905&fm=20
ERR: 非法操作:唏里唏里动画_卡通动漫_files

[ 2017-06-07T17:19:05+08:00 ] ::1 /TPvideo/index.php/Home/Carton/%E5%94%8F%E9%87%8C%E5%94%8F%E9%87%8C%E5%8A%A8%E7%94%BB_%E5%8D%A1%E9%80%9A%E5%8A%A8%E6%BC%AB_files/u=3334375866,3406600830&fm=20
ERR: 非法操作:唏里唏里动画_卡通动漫_files

[ 2017-06-07T17:19:05+08:00 ] ::1 /TPvideo/index.php/Home/Carton/%E5%94%8F%E9%87%8C%E5%94%8F%E9%87%8C%E5%8A%A8%E7%94%BB_%E5%8D%A1%E9%80%9A%E5%8A%A8%E6%BC%AB_files/u=2557811826,2007786970&fm=20
ERR: 非法操作:唏里唏里动画_卡通动漫_files

[ 2017-06-07T17:19:05+08:00 ] ::1 /TPvideo/index.php/Home/Carton/%E5%94%8F%E9%87%8C%E5%94%8F%E9%87%8C%E5%8A%A8%E7%94%BB_%E5%8D%A1%E9%80%9A%E5%8A%A8%E6%BC%AB_files/u=1402296845,1515441770&fm=20
ERR: 非法操作:唏里唏里动画_卡通动漫_files

[ 2017-06-07T17:19:05+08:00 ] ::1 /TPvideo/index.php/Home/Carton/%E5%94%8F%E9%87%8C%E5%94%8F%E9%87%8C%E5%8A%A8%E7%94%BB_%E5%8D%A1%E9%80%9A%E5%8A%A8%E6%BC%AB_files/u=2835012470,3957468117&fm=20
ERR: 非法操作:唏里唏里动画_卡通动漫_files

[ 2017-06-07T17:19:05+08:00 ] ::1 /TPvideo/index.php/Home/Carton/%E5%94%8F%E9%87%8C%E5%94%8F%E9%87%8C%E5%8A%A8%E7%94%BB_%E5%8D%A1%E9%80%9A%E5%8A%A8%E6%BC%AB_files/u=924311981,2305963323&fm=20
ERR: 非法操作:唏里唏里动画_卡通动漫_files

[ 2017-06-07T17:19:05+08:00 ] ::1 /TPvideo/index.php/Home/Carton/%E5%94%8F%E9%87%8C%E5%94%8F%E9%87%8C%E5%8A%A8%E7%94%BB_%E5%8D%A1%E9%80%9A%E5%8A%A8%E6%BC%AB_files/u=466111325,46442140&fm=20
ERR: 非法操作:唏里唏里动画_卡通动漫_files

[ 2017-06-07T17:19:05+08:00 ] ::1 /TPvideo/index.php/Home/Carton/%E5%94%8F%E9%87%8C%E5%94%8F%E9%87%8C%E5%8A%A8%E7%94%BB_%E5%8D%A1%E9%80%9A%E5%8A%A8%E6%BC%AB_files/u=3839103291,3088484477&fm=20
ERR: 非法操作:唏里唏里动画_卡通动漫_files

[ 2017-06-07T17:19:05+08:00 ] ::1 /TPvideo/index.php/Home/Carton/%E5%94%8F%E9%87%8C%E5%94%8F%E9%87%8C%E5%8A%A8%E7%94%BB_%E5%8D%A1%E9%80%9A%E5%8A%A8%E6%BC%AB_files/u=901004293,2058047111&fm=20
ERR: 非法操作:唏里唏里动画_卡通动漫_files

[ 2017-06-07T17:19:05+08:00 ] ::1 /TPvideo/index.php/Home/Carton/%E5%94%8F%E9%87%8C%E5%94%8F%E9%87%8C%E5%8A%A8%E7%94%BB_%E5%8D%A1%E9%80%9A%E5%8A%A8%E6%BC%AB_files/u=2372709731,1127054541&fm=20
ERR: 非法操作:唏里唏里动画_卡通动漫_files

[ 2017-06-07T17:19:05+08:00 ] ::1 /TPvideo/index.php/Home/Carton/%E5%94%8F%E9%87%8C%E5%94%8F%E9%87%8C%E5%8A%A8%E7%94%BB_%E5%8D%A1%E9%80%9A%E5%8A%A8%E6%BC%AB_files/u=494003402,2545047587&fm=20
ERR: 非法操作:唏里唏里动画_卡通动漫_files

[ 2017-06-07T17:19:05+08:00 ] ::1 /TPvideo/index.php/Home/Carton/%E5%94%8F%E9%87%8C%E5%94%8F%E9%87%8C%E5%8A%A8%E7%94%BB_%E5%8D%A1%E9%80%9A%E5%8A%A8%E6%BC%AB_files/u=3530237116,3165818344&fm=20
ERR: 非法操作:唏里唏里动画_卡通动漫_files

[ 2017-06-07T17:19:05+08:00 ] ::1 /TPvideo/index.php/Home/Carton/%E5%94%8F%E9%87%8C%E5%94%8F%E9%87%8C%E5%8A%A8%E7%94%BB_%E5%8D%A1%E9%80%9A%E5%8A%A8%E6%BC%AB_files/u=633454111,3978737681&fm=20
ERR: 非法操作:唏里唏里动画_卡通动漫_files

[ 2017-06-07T17:19:05+08:00 ] ::1 /TPvideo/index.php/Home/Carton/%E5%94%8F%E9%87%8C%E5%94%8F%E9%87%8C%E5%8A%A8%E7%94%BB_%E5%8D%A1%E9%80%9A%E5%8A%A8%E6%BC%AB_files/u=4048047381,1491292599&fm=20
ERR: 非法操作:唏里唏里动画_卡通动漫_files

[ 2017-06-07T17:19:05+08:00 ] ::1 /TPvideo/index.php/Home/Carton/%E5%94%8F%E9%87%8C%E5%94%8F%E9%87%8C%E5%8A%A8%E7%94%BB_%E5%8D%A1%E9%80%9A%E5%8A%A8%E6%BC%AB_files/u=2862545432,2436871935&fm=20
ERR: 非法操作:唏里唏里动画_卡通动漫_files

[ 2017-06-07T17:19:05+08:00 ] ::1 /TPvideo/index.php/Home/Carton/%E5%94%8F%E9%87%8C%E5%94%8F%E9%87%8C%E5%8A%A8%E7%94%BB_%E5%8D%A1%E9%80%9A%E5%8A%A8%E6%BC%AB_files/u=4270036784,507209928&fm=20
ERR: 非法操作:唏里唏里动画_卡通动漫_files

[ 2017-06-07T17:19:05+08:00 ] ::1 /TPvideo/index.php/Home/Carton/%E5%94%8F%E9%87%8C%E5%94%8F%E9%87%8C%E5%8A%A8%E7%94%BB_%E5%8D%A1%E9%80%9A%E5%8A%A8%E6%BC%AB_files/u=3320019772,2272156840&fm=20
ERR: 非法操作:唏里唏里动画_卡通动漫_files

[ 2017-06-07T17:19:05+08:00 ] ::1 /TPvideo/index.php/Home/Carton/%E5%94%8F%E9%87%8C%E5%94%8F%E9%87%8C%E5%8A%A8%E7%94%BB_%E5%8D%A1%E9%80%9A%E5%8A%A8%E6%BC%AB_files/u=3306499429,3524902413&fm=20
ERR: 非法操作:唏里唏里动画_卡通动漫_files

[ 2017-06-07T17:19:05+08:00 ] ::1 /TPvideo/index.php/Home/Carton/%E5%94%8F%E9%87%8C%E5%94%8F%E9%87%8C%E5%8A%A8%E7%94%BB_%E5%8D%A1%E9%80%9A%E5%8A%A8%E6%BC%AB_files/u=3631029309,2307412310&fm=20
ERR: 非法操作:唏里唏里动画_卡通动漫_files

[ 2017-06-07T17:19:05+08:00 ] ::1 /TPvideo/index.php/Home/Carton/%E5%94%8F%E9%87%8C%E5%94%8F%E9%87%8C%E5%8A%A8%E7%94%BB_%E5%8D%A1%E9%80%9A%E5%8A%A8%E6%BC%AB_files/u=2140195506,2204143411&fm=20
ERR: 非法操作:唏里唏里动画_卡通动漫_files

[ 2017-06-07T17:26:32+08:00 ] ::1 /TPvideo/index.php/Home/Index/index.html
ERR: 1054:Unknown column 'video.publishTime' in 'order clause'
 [ SQL语句 ] : SELECT * FROM `video` INNER JOIN cate on cate.vt_id=video.vt_id  WHERE ( isPassed=1 and isDelete=0 and cate.level=1 ) ORDER BY video.publishTime desc LIMIT 4  

[ 2017-06-07T18:58:54+08:00 ] ::1 /TPvideo/index.php/Home/Film/order/order/%7B%24v.typename%7D.html
ERR: 非法操作:order

[ 2017-06-07T19:06:18+08:00 ] ::1 /TPvideo/index.php/Home/Film/movies/p/1.html
ERR: Syntax Error in template "./Template/default/Home\Film\movies.html"  on line 237 "&lt;a href=&quot;{U('Home/Film/order',array('order'=&gt;{$v.typename}))}&quot;&gt;{$v.typename}&lt;/a&gt;"  - Unexpected "=>", expected one of: "","" , ")"

[ 2017-06-07T19:07:33+08:00 ] ::1 /TPvideo/index.php/Home/Film/movies/p/1.html
ERR: Syntax Error in template "./Template/default/Home\Film\movies.html"  on line 237 "&lt;a href=&quot;{U('Home/Film/order',array('order'=&gt;'{$v.typename}'))}&quot;&gt;{$v.typename}&lt;/a&gt;"  - Unexpected "=>", expected one of: "","" , ")"

[ 2017-06-07T19:10:05+08:00 ] ::1 /TPvideo/index.php/Home/Film/movies/p/1.html
ERR: Syntax Error in template "./Template/default/Home\Film\movies.html"  on line 237 "&lt;a href='{U(&quot;Home/Film/order?id={$v.typename}&quot;}'&gt;{$v.typename}&lt;/a&gt;"  - Unexpected "}", expected one of: "","" , ")"

[ 2017-06-07T19:10:08+08:00 ] ::1 /TPvideo/index.php/Home/Film/movies/p/1.html
ERR: Syntax Error in template "./Template/default/Home\Film\movies.html"  on line 237 "&lt;a href='{U(&quot;Home/Film/order?id={$v.typename}&quot;}'&gt;{$v.typename}&lt;/a&gt;"  - Unexpected "}", expected one of: "","" , ")"

[ 2017-06-07T19:10:08+08:00 ] ::1 /TPvideo/index.php/Home/Film/movies/p/1.html
ERR: Syntax Error in template "./Template/default/Home\Film\movies.html"  on line 237 "&lt;a href='{U(&quot;Home/Film/order?id={$v.typename}&quot;}'&gt;{$v.typename}&lt;/a&gt;"  - Unexpected "}", expected one of: "","" , ")"

[ 2017-06-07T19:21:25+08:00 ] ::1 /TPvideo/index.php/Home/Film/order/id/13.html
ERR: 1064:You have an error in your SQL syntax; check the manual that corresponds to your MySQL server version for the right syntax to use near ') ORDER BY vid desc' at line 1
 [ SQL语句 ] : SELECT * FROM `video` WHERE ( isDelete=0 and isPassed=1 and vt_id= ) ORDER BY vid desc 

[ 2017-06-07T19:29:07+08:00 ] ::1 /TPvideo/index.php/Home/Film/movies/p/1.html
ERR: 1064:You have an error in your SQL syntax; check the manual that corresponds to your MySQL server version for the right syntax to use near ') LIMIT 1' at line 1
 [ SQL语句 ] : SELECT COUNT(*) AS tp_count FROM `video` WHERE ( isDelete=0 and isPassed=1 and vt_id= ) LIMIT 1  

[ 2017-06-07T19:34:09+08:00 ] ::1 /TPvideo/index.php/Home/Film/movies/order/index.php
ERR: 1054:Unknown column 'index.php' in 'where clause'
 [ SQL语句 ] : SELECT COUNT(*) AS tp_count FROM `video` WHERE ( isDelete=0 and isPassed=1 and vt_id=index.php ) LIMIT 1  

[ 2017-06-07T20:11:09+08:00 ] ::1 /TPvideo/index.php/Home/Film/movies/sequence/numOfViewed.html.%22&sequence=publishedTime%22
ERR: 1064:You have an error in your SQL syntax; check the manual that corresponds to your MySQL server version for the right syntax to use near '&quot;&amp;sequence=publishedTime&quot; desc LIMIT 0,12' at line 1
 [ SQL语句 ] : SELECT * FROM `video` WHERE ( isDelete=0 and isPassed=1 ) ORDER BY numOfViewed.html.&quot;&amp;sequence=publishedTime&quot; desc LIMIT 0,12  

[ 2017-06-07T20:13:27+08:00 ] ::1 /TPvideo/index.php/Home/Film/movies/order/13.html/sequence/publishedTime
ERR: 1064:You have an error in your SQL syntax; check the manual that corresponds to your MySQL server version for the right syntax to use near 'html ) LIMIT 1' at line 1
 [ SQL语句 ] : SELECT COUNT(*) AS tp_count FROM `video` WHERE ( isDelete=0 and isPassed=1 and vt_id=13.html ) LIMIT 1  

[ 2017-06-07T20:50:02+08:00 ] ::1 /TPvideo/index.php/Home/Film/movies.html/sequence/publishedTime
ERR: 非法操作:movies.html

[ 2017-06-07T21:01:04+08:00 ] ::1 /TPvideo/index.php/Home/Film/movies.html
ERR: 1064:You have an error in your SQL syntax; check the manual that corresponds to your MySQL server version for the right syntax to use near 'desc LIMIT 0,12' at line 1
 [ SQL语句 ] : SELECT * FROM `video` WHERE ( isDelete=0 and isPassed=1 ) ORDER BY  desc LIMIT 0,12  

[ 2017-06-07T21:09:23+08:00 ] ::1 /TPvideo/index.php/Home/Variety/zongyi.html
ERR: unable to write file ./Runtime/Cache\3071aaac5795fab0fddce4795c03f41b22fbebf5.file.zongyi.html.php

[ 2017-06-07T21:10:21+08:00 ] ::1 /TPvideo/index.php/Home/Variety/zongyi.html
ERR: unable to write file ./Runtime/Cache\3071aaac5795fab0fddce4795c03f41b22fbebf5.file.zongyi.html.php

[ 2017-06-07T21:16:23+08:00 ] ::1 /TPvideo/index.php/Home/Variety/zongyi.html
ERR: unable to write file ./Runtime/Cache\3071aaac5795fab0fddce4795c03f41b22fbebf5.file.zongyi.html.php

