[ 2017-06-01T10:01:53+08:00 ] ::1 /TPvideo/index.php/Home/Index/yinyue/yinyue.php
ERR: 非法操作:yinyue

[ 2017-06-01T10:01:53+08:00 ] ::1 /TPvideo/index.php/Home/Index/yinyue/yinyue.php
ERR: 非法操作:yinyue

[ 2017-06-01T10:03:02+08:00 ] ::1 /TPvideo/index.php/Home/Music/yinyue.html
ERR: Syntax Error in template "./Template/default/Home\Music\yinyue.html"  on line 606 "&lt;li data-music=&quot;{&amp;#39;id&amp;#39;:&amp;#39;MUSIC_14406944&amp;#39;,&amp;#39;name&amp;#39;:&amp;#39;清静经&amp;#39;,&amp;#39;artist&amp;#39;:&amp;#39;王菲&amp;#39;,&amp;#39;album&amp;#39;:&amp;#39;栾树·之礼&amp;#39;,&amp;#39;pay&amp;#39;:&amp;#39;255&amp;#39;}&quot;&gt;&lt;span&gt;1.&lt;/span&gt;&lt;a class=&quot;play&quot; href=&quot;http://www.kuwo.cn/yinyue/14406944&quot; target=&quot;_blank&quot;&gt;清静经&lt;/a&gt;&lt;/li&gt;"  - Unexpected "&"

[ 2017-06-01T10:06:05+08:00 ] ::1 /TPvideo/index.php/Home/Music/yingyue_files/pageload.js
ERR: 非法操作:yingyue_files

[ 2017-06-01T10:06:05+08:00 ] ::1 /TPvideo/index.php/Home/Music/yingyue_files/avalon.js
ERR: 非法操作:yingyue_files

[ 2017-06-01T10:06:05+08:00 ] ::1 /TPvideo/index.php/Home/Music/yingyue_files/player.js
ERR: 非法操作:yingyue_files

[ 2017-06-01T10:06:06+08:00 ] ::1 /TPvideo/index.php/Home/Music/yingyue_files/common.js
ERR: 非法操作:yingyue_files

[ 2017-06-01T10:06:06+08:00 ] ::1 /TPvideo/index.php/Home/Music/yingyue_files/KW_WebPlayer_v2.js
ERR: 非法操作:yingyue_files

[ 2017-06-01T10:06:06+08:00 ] ::1 /TPvideo/index.php/Home/Music/yingyue_files/h.js
ERR: 非法操作:yingyue_files

[ 2017-06-01T10:06:06+08:00 ] ::1 /TPvideo/index.php/Home/Music/yingyue_files/kwgg_466.js
ERR: 非法操作:yingyue_files

[ 2017-06-01T10:06:06+08:00 ] ::1 /TPvideo/index.php/Home/Music/yingyue_files/KW_DqPlayer_v2.js
ERR: 非法操作:yingyue_files

[ 2017-06-01T10:06:06+08:00 ] ::1 /TPvideo/index.php/Home/Music/yingyue_files/index.js
ERR: 非法操作:yingyue_files

[ 2017-06-01T10:06:06+08:00 ] ::1 /TPvideo/index.php/Home/Music/yingyue_files/index.html
ERR: 非法操作:yingyue_files

[ 2017-06-01T10:06:06+08:00 ] ::1 /TPvideo/index.php/Home/Music/yingyue_files/index(1).html
ERR: 非法操作:yingyue_files

[ 2017-06-01T10:06:06+08:00 ] ::1 /TPvideo/index.php/Home/Music/yingyue_files/index(2).html
ERR: 非法操作:yingyue_files

[ 2017-06-01T10:06:06+08:00 ] ::1 /TPvideo/index.php/Home/Music/yingyue_files/index(3).html
ERR: 非法操作:yingyue_files

[ 2017-06-01T10:07:28+08:00 ] ::1 /TPvideo/index.php/Home/Music/yingyue_files/avalon.js
ERR: 非法操作:yingyue_files

[ 2017-06-01T10:07:28+08:00 ] ::1 /TPvideo/index.php/Home/Music/yingyue_files/player.js
ERR: 非法操作:yingyue_files

[ 2017-06-01T10:07:28+08:00 ] ::1 /TPvideo/index.php/Home/Music/yingyue_files/KW_DqPlayer_v2.js
ERR: 非法操作:yingyue_files

[ 2017-06-01T10:07:28+08:00 ] ::1 /TPvideo/index.php/Home/Music/yingyue_files/KW_WebPlayer_v2.js
ERR: 非法操作:yingyue_files

[ 2017-06-01T10:07:28+08:00 ] ::1 /TPvideo/index.php/Home/Music/yingyue_files/common.js
ERR: 非法操作:yingyue_files

[ 2017-06-01T10:07:28+08:00 ] ::1 /TPvideo/index.php/Home/Music/yingyue_files/index.js
ERR: 非法操作:yingyue_files

[ 2017-06-01T10:07:28+08:00 ] ::1 /TPvideo/index.php/Home/Music/yingyue_files/kwgg_466.js
ERR: 非法操作:yingyue_files

[ 2017-06-01T10:07:28+08:00 ] ::1 /TPvideo/index.php/Home/Music/yingyue_files/h.js
ERR: 非法操作:yingyue_files

[ 2017-06-01T10:07:28+08:00 ] ::1 /TPvideo/index.php/Home/Music/yingyue_files/index.html
ERR: 非法操作:yingyue_files

[ 2017-06-01T10:07:28+08:00 ] ::1 /TPvideo/index.php/Home/Music/yingyue_files/index(1).html
ERR: 非法操作:yingyue_files

[ 2017-06-01T10:07:28+08:00 ] ::1 /TPvideo/index.php/Home/Music/yingyue_files/index(3).html
ERR: 非法操作:yingyue_files

[ 2017-06-01T10:07:28+08:00 ] ::1 /TPvideo/index.php/Home/Music/yingyue_files/index(2).html
ERR: 非法操作:yingyue_files

[ 2017-06-01T10:14:05+08:00 ] ::1 /TPvideo/index.php/Home/Music/yinyue.html
ERR: unable to write file ./Runtime/Cache\7907396d6688e071a3d93f6fb6c506b88888a19e.file.yinyue.html.php

[ 2017-06-01T10:14:59+08:00 ] ::1 /TPvideo/index.php/Home/Music/yinyue.html
ERR: unable to write file ./Runtime/Cache\7907396d6688e071a3d93f6fb6c506b88888a19e.file.yinyue.html.php

[ 2017-06-01T10:24:17+08:00 ] ::1 /TPvideo/index.php/Home/Music/yinyue.html
ERR: unable to write file ./Runtime/Cache\7907396d6688e071a3d93f6fb6c506b88888a19e.file.yinyue.html.php

[ 2017-06-01T10:33:24+08:00 ] ::1 /TPvideo/index.php/Home/Music/yinyue.html
ERR: unable to write file ./Runtime/Cache\7907396d6688e071a3d93f6fb6c506b88888a19e.file.yinyue.html.php

[ 2017-06-01T10:35:47+08:00 ] ::1 /TPvideo/index.php/Home/Carton/carton.html
ERR: Syntax Error in template "./Template/default/Home\Carton\carton.html"  on line 68 "&lt;input type=&quot;text&quot; class=&quot;email&quot; placeholder=&quot;Email&quot; required=&quot;required&quot; pattern=&quot;([\w-\.]+@([\w-]+\.)+[\w-]{2,4})?&quot; title=&quot;输入有效的邮箱地址&quot;/&gt;"  - Unexpected ",", expected one of: "}" , " "

[ 2017-06-01T10:38:18+08:00 ] ::1 /TPvideo/index.php/Home/Carton/%E5%94%8F%E9%87%8C%E5%94%8F%E9%87%8C%E5%8A%A8%E7%94%BB_%E5%8D%A1%E9%80%9A%E5%8A%A8%E6%BC%AB_files/u=4080195901,2013295905&fm=20
ERR: 非法操作:唏里唏里动画_卡通动漫_files

[ 2017-06-01T10:38:18+08:00 ] ::1 /TPvideo/index.php/Home/Carton/%E5%94%8F%E9%87%8C%E5%94%8F%E9%87%8C%E5%8A%A8%E7%94%BB_%E5%8D%A1%E9%80%9A%E5%8A%A8%E6%BC%AB_files/u=811654722,130101203&fm=20
ERR: 非法操作:唏里唏里动画_卡通动漫_files

[ 2017-06-01T10:38:18+08:00 ] ::1 /TPvideo/index.php/Home/Carton/%E5%94%8F%E9%87%8C%E5%94%8F%E9%87%8C%E5%8A%A8%E7%94%BB_%E5%8D%A1%E9%80%9A%E5%8A%A8%E6%BC%AB_files/u=1286010796,1762813222&fm=20
ERR: 非法操作:唏里唏里动画_卡通动漫_files

[ 2017-06-01T10:38:18+08:00 ] ::1 /TPvideo/index.php/Home/Carton/%E5%94%8F%E9%87%8C%E5%94%8F%E9%87%8C%E5%8A%A8%E7%94%BB_%E5%8D%A1%E9%80%9A%E5%8A%A8%E6%BC%AB_files/u=4241987513,3789419715&fm=20
ERR: 非法操作:唏里唏里动画_卡通动漫_files

[ 2017-06-01T10:38:19+08:00 ] ::1 /TPvideo/index.php/Home/Carton/%E5%94%8F%E9%87%8C%E5%94%8F%E9%87%8C%E5%8A%A8%E7%94%BB_%E5%8D%A1%E9%80%9A%E5%8A%A8%E6%BC%AB_files/u=3986239096,2714751997&fm=20
ERR: 非法操作:唏里唏里动画_卡通动漫_files

[ 2017-06-01T10:38:19+08:00 ] ::1 /TPvideo/index.php/Home/Carton/%E5%94%8F%E9%87%8C%E5%94%8F%E9%87%8C%E5%8A%A8%E7%94%BB_%E5%8D%A1%E9%80%9A%E5%8A%A8%E6%BC%AB_files/u=1618794280,2578314300&fm=20
ERR: 非法操作:唏里唏里动画_卡通动漫_files

[ 2017-06-01T10:38:19+08:00 ] ::1 /TPvideo/index.php/Home/Carton/%E5%94%8F%E9%87%8C%E5%94%8F%E9%87%8C%E5%8A%A8%E7%94%BB_%E5%8D%A1%E9%80%9A%E5%8A%A8%E6%BC%AB_files/u=2557811826,2007786970&fm=20
ERR: 非法操作:唏里唏里动画_卡通动漫_files

[ 2017-06-01T10:38:19+08:00 ] ::1 /TPvideo/index.php/Home/Carton/%E5%94%8F%E9%87%8C%E5%94%8F%E9%87%8C%E5%8A%A8%E7%94%BB_%E5%8D%A1%E9%80%9A%E5%8A%A8%E6%BC%AB_files/u=593616858,2597100286&fm=20
ERR: 非法操作:唏里唏里动画_卡通动漫_files

[ 2017-06-01T10:38:19+08:00 ] ::1 /TPvideo/index.php/Home/Carton/%E5%94%8F%E9%87%8C%E5%94%8F%E9%87%8C%E5%8A%A8%E7%94%BB_%E5%8D%A1%E9%80%9A%E5%8A%A8%E6%BC%AB_files/u=1344325322,3246165502&fm=20
ERR: 非法操作:唏里唏里动画_卡通动漫_files

[ 2017-06-01T10:38:19+08:00 ] ::1 /TPvideo/index.php/Home/Carton/%E5%94%8F%E9%87%8C%E5%94%8F%E9%87%8C%E5%8A%A8%E7%94%BB_%E5%8D%A1%E9%80%9A%E5%8A%A8%E6%BC%AB_files/u=783138555,3487996589&fm=20
ERR: 非法操作:唏里唏里动画_卡通动漫_files

[ 2017-06-01T10:38:19+08:00 ] ::1 /TPvideo/index.php/Home/Carton/%E5%94%8F%E9%87%8C%E5%94%8F%E9%87%8C%E5%8A%A8%E7%94%BB_%E5%8D%A1%E9%80%9A%E5%8A%A8%E6%BC%AB_files/u=2216158858,2922819176&fm=20
ERR: 非法操作:唏里唏里动画_卡通动漫_files

[ 2017-06-01T10:38:19+08:00 ] ::1 /TPvideo/index.php/Home/Carton/%E5%94%8F%E9%87%8C%E5%94%8F%E9%87%8C%E5%8A%A8%E7%94%BB_%E5%8D%A1%E9%80%9A%E5%8A%A8%E6%BC%AB_files/u=1493723840,2405594587&fm=20
ERR: 非法操作:唏里唏里动画_卡通动漫_files

[ 2017-06-01T10:38:19+08:00 ] ::1 /TPvideo/index.php/Home/Carton/%E5%94%8F%E9%87%8C%E5%94%8F%E9%87%8C%E5%8A%A8%E7%94%BB_%E5%8D%A1%E9%80%9A%E5%8A%A8%E6%BC%AB_files/u=3334375866,3406600830&fm=20
ERR: 非法操作:唏里唏里动画_卡通动漫_files

[ 2017-06-01T10:38:19+08:00 ] ::1 /TPvideo/index.php/Home/Carton/%E5%94%8F%E9%87%8C%E5%94%8F%E9%87%8C%E5%8A%A8%E7%94%BB_%E5%8D%A1%E9%80%9A%E5%8A%A8%E6%BC%AB_files/u=1402296845,1515441770&fm=20
ERR: 非法操作:唏里唏里动画_卡通动漫_files

[ 2017-06-01T10:38:19+08:00 ] ::1 /TPvideo/index.php/Home/Carton/%E5%94%8F%E9%87%8C%E5%94%8F%E9%87%8C%E5%8A%A8%E7%94%BB_%E5%8D%A1%E9%80%9A%E5%8A%A8%E6%BC%AB_files/u=466111325,46442140&fm=20
ERR: 非法操作:唏里唏里动画_卡通动漫_files

[ 2017-06-01T10:38:19+08:00 ] ::1 /TPvideo/index.php/Home/Carton/%E5%94%8F%E9%87%8C%E5%94%8F%E9%87%8C%E5%8A%A8%E7%94%BB_%E5%8D%A1%E9%80%9A%E5%8A%A8%E6%BC%AB_files/u=2835012470,3957468117&fm=20
ERR: 非法操作:唏里唏里动画_卡通动漫_files

[ 2017-06-01T10:38:19+08:00 ] ::1 /TPvideo/index.php/Home/Carton/%E5%94%8F%E9%87%8C%E5%94%8F%E9%87%8C%E5%8A%A8%E7%94%BB_%E5%8D%A1%E9%80%9A%E5%8A%A8%E6%BC%AB_files/u=924311981,2305963323&fm=20
ERR: 非法操作:唏里唏里动画_卡通动漫_files

[ 2017-06-01T10:38:19+08:00 ] ::1 /TPvideo/index.php/Home/Carton/%E5%94%8F%E9%87%8C%E5%94%8F%E9%87%8C%E5%8A%A8%E7%94%BB_%E5%8D%A1%E9%80%9A%E5%8A%A8%E6%BC%AB_files/u=901004293,2058047111&fm=20
ERR: 非法操作:唏里唏里动画_卡通动漫_files

[ 2017-06-01T10:38:19+08:00 ] ::1 /TPvideo/index.php/Home/Carton/%E5%94%8F%E9%87%8C%E5%94%8F%E9%87%8C%E5%8A%A8%E7%94%BB_%E5%8D%A1%E9%80%9A%E5%8A%A8%E6%BC%AB_files/u=2372709731,1127054541&fm=20
ERR: 非法操作:唏里唏里动画_卡通动漫_files

[ 2017-06-01T10:38:19+08:00 ] ::1 /TPvideo/index.php/Home/Carton/%E5%94%8F%E9%87%8C%E5%94%8F%E9%87%8C%E5%8A%A8%E7%94%BB_%E5%8D%A1%E9%80%9A%E5%8A%A8%E6%BC%AB_files/u=3530237116,3165818344&fm=20
ERR: 非法操作:唏里唏里动画_卡通动漫_files

[ 2017-06-01T10:38:19+08:00 ] ::1 /TPvideo/index.php/Home/Carton/%E5%94%8F%E9%87%8C%E5%94%8F%E9%87%8C%E5%8A%A8%E7%94%BB_%E5%8D%A1%E9%80%9A%E5%8A%A8%E6%BC%AB_files/u=494003402,2545047587&fm=20
ERR: 非法操作:唏里唏里动画_卡通动漫_files

[ 2017-06-01T10:38:19+08:00 ] ::1 /TPvideo/index.php/Home/Carton/%E5%94%8F%E9%87%8C%E5%94%8F%E9%87%8C%E5%8A%A8%E7%94%BB_%E5%8D%A1%E9%80%9A%E5%8A%A8%E6%BC%AB_files/u=3839103291,3088484477&fm=20
ERR: 非法操作:唏里唏里动画_卡通动漫_files

[ 2017-06-01T10:38:19+08:00 ] ::1 /TPvideo/index.php/Home/Carton/%E5%94%8F%E9%87%8C%E5%94%8F%E9%87%8C%E5%8A%A8%E7%94%BB_%E5%8D%A1%E9%80%9A%E5%8A%A8%E6%BC%AB_files/u=633454111,3978737681&fm=20
ERR: 非法操作:唏里唏里动画_卡通动漫_files

[ 2017-06-01T10:38:19+08:00 ] ::1 /TPvideo/index.php/Home/Carton/%E5%94%8F%E9%87%8C%E5%94%8F%E9%87%8C%E5%8A%A8%E7%94%BB_%E5%8D%A1%E9%80%9A%E5%8A%A8%E6%BC%AB_files/u=4048047381,1491292599&fm=20
ERR: 非法操作:唏里唏里动画_卡通动漫_files

[ 2017-06-01T10:38:19+08:00 ] ::1 /TPvideo/index.php/Home/Carton/%E5%94%8F%E9%87%8C%E5%94%8F%E9%87%8C%E5%8A%A8%E7%94%BB_%E5%8D%A1%E9%80%9A%E5%8A%A8%E6%BC%AB_files/u=3320019772,2272156840&fm=20
ERR: 非法操作:唏里唏里动画_卡通动漫_files

[ 2017-06-01T10:38:19+08:00 ] ::1 /TPvideo/index.php/Home/Carton/%E5%94%8F%E9%87%8C%E5%94%8F%E9%87%8C%E5%8A%A8%E7%94%BB_%E5%8D%A1%E9%80%9A%E5%8A%A8%E6%BC%AB_files/u=3306499429,3524902413&fm=20
ERR: 非法操作:唏里唏里动画_卡通动漫_files

[ 2017-06-01T10:38:19+08:00 ] ::1 /TPvideo/index.php/Home/Carton/%E5%94%8F%E9%87%8C%E5%94%8F%E9%87%8C%E5%8A%A8%E7%94%BB_%E5%8D%A1%E9%80%9A%E5%8A%A8%E6%BC%AB_files/u=4270036784,507209928&fm=20
ERR: 非法操作:唏里唏里动画_卡通动漫_files

[ 2017-06-01T10:38:19+08:00 ] ::1 /TPvideo/index.php/Home/Carton/%E5%94%8F%E9%87%8C%E5%94%8F%E9%87%8C%E5%8A%A8%E7%94%BB_%E5%8D%A1%E9%80%9A%E5%8A%A8%E6%BC%AB_files/u=2862545432,2436871935&fm=20
ERR: 非法操作:唏里唏里动画_卡通动漫_files

[ 2017-06-01T10:38:19+08:00 ] ::1 /TPvideo/index.php/Home/Carton/%E5%94%8F%E9%87%8C%E5%94%8F%E9%87%8C%E5%8A%A8%E7%94%BB_%E5%8D%A1%E9%80%9A%E5%8A%A8%E6%BC%AB_files/u=3631029309,2307412310&fm=20
ERR: 非法操作:唏里唏里动画_卡通动漫_files

[ 2017-06-01T10:38:19+08:00 ] ::1 /TPvideo/index.php/Home/Carton/%E5%94%8F%E9%87%8C%E5%94%8F%E9%87%8C%E5%8A%A8%E7%94%BB_%E5%8D%A1%E9%80%9A%E5%8A%A8%E6%BC%AB_files/u=2140195506,2204143411&fm=20
ERR: 非法操作:唏里唏里动画_卡通动漫_files

[ 2017-06-01T10:38:56+08:00 ] ::1 /TPvideo/index.php/Home/Carton/%E5%94%8F%E9%87%8C%E5%94%8F%E9%87%8C%E5%8A%A8%E7%94%BB_%E5%8D%A1%E9%80%9A%E5%8A%A8%E6%BC%AB_files/u=4080195901,2013295905&fm=20
ERR: 非法操作:唏里唏里动画_卡通动漫_files

[ 2017-06-01T10:38:56+08:00 ] ::1 /TPvideo/index.php/Home/Carton/%E5%94%8F%E9%87%8C%E5%94%8F%E9%87%8C%E5%8A%A8%E7%94%BB_%E5%8D%A1%E9%80%9A%E5%8A%A8%E6%BC%AB_files/u=811654722,130101203&fm=20
ERR: 非法操作:唏里唏里动画_卡通动漫_files

[ 2017-06-01T10:38:56+08:00 ] ::1 /TPvideo/index.php/Home/Carton/%E5%94%8F%E9%87%8C%E5%94%8F%E9%87%8C%E5%8A%A8%E7%94%BB_%E5%8D%A1%E9%80%9A%E5%8A%A8%E6%BC%AB_files/u=2557811826,2007786970&fm=20
ERR: 非法操作:唏里唏里动画_卡通动漫_files

[ 2017-06-01T10:38:56+08:00 ] ::1 /TPvideo/index.php/Home/Carton/%E5%94%8F%E9%87%8C%E5%94%8F%E9%87%8C%E5%8A%A8%E7%94%BB_%E5%8D%A1%E9%80%9A%E5%8A%A8%E6%BC%AB_files/u=4241987513,3789419715&fm=20
ERR: 非法操作:唏里唏里动画_卡通动漫_files

[ 2017-06-01T10:38:56+08:00 ] ::1 /TPvideo/index.php/Home/Carton/%E5%94%8F%E9%87%8C%E5%94%8F%E9%87%8C%E5%8A%A8%E7%94%BB_%E5%8D%A1%E9%80%9A%E5%8A%A8%E6%BC%AB_files/u=1286010796,1762813222&fm=20
ERR: 非法操作:唏里唏里动画_卡通动漫_files

[ 2017-06-01T10:38:56+08:00 ] ::1 /TPvideo/index.php/Home/Carton/%E5%94%8F%E9%87%8C%E5%94%8F%E9%87%8C%E5%8A%A8%E7%94%BB_%E5%8D%A1%E9%80%9A%E5%8A%A8%E6%BC%AB_files/u=1618794280,2578314300&fm=20
ERR: 非法操作:唏里唏里动画_卡通动漫_files

[ 2017-06-01T10:38:56+08:00 ] ::1 /TPvideo/index.php/Home/Carton/%E5%94%8F%E9%87%8C%E5%94%8F%E9%87%8C%E5%8A%A8%E7%94%BB_%E5%8D%A1%E9%80%9A%E5%8A%A8%E6%BC%AB_files/u=593616858,2597100286&fm=20
ERR: 非法操作:唏里唏里动画_卡通动漫_files

[ 2017-06-01T10:38:56+08:00 ] ::1 /TPvideo/index.php/Home/Carton/%E5%94%8F%E9%87%8C%E5%94%8F%E9%87%8C%E5%8A%A8%E7%94%BB_%E5%8D%A1%E9%80%9A%E5%8A%A8%E6%BC%AB_files/u=2216158858,2922819176&fm=20
ERR: 非法操作:唏里唏里动画_卡通动漫_files

[ 2017-06-01T10:38:56+08:00 ] ::1 /TPvideo/index.php/Home/Carton/%E5%94%8F%E9%87%8C%E5%94%8F%E9%87%8C%E5%8A%A8%E7%94%BB_%E5%8D%A1%E9%80%9A%E5%8A%A8%E6%BC%AB_files/u=3986239096,2714751997&fm=20
ERR: 非法操作:唏里唏里动画_卡通动漫_files

[ 2017-06-01T10:38:56+08:00 ] ::1 /TPvideo/index.php/Home/Carton/%E5%94%8F%E9%87%8C%E5%94%8F%E9%87%8C%E5%8A%A8%E7%94%BB_%E5%8D%A1%E9%80%9A%E5%8A%A8%E6%BC%AB_files/u=1344325322,3246165502&fm=20
ERR: 非法操作:唏里唏里动画_卡通动漫_files

[ 2017-06-01T10:38:56+08:00 ] ::1 /TPvideo/index.php/Home/Carton/%E5%94%8F%E9%87%8C%E5%94%8F%E9%87%8C%E5%8A%A8%E7%94%BB_%E5%8D%A1%E9%80%9A%E5%8A%A8%E6%BC%AB_files/u=783138555,3487996589&fm=20
ERR: 非法操作:唏里唏里动画_卡通动漫_files

[ 2017-06-01T10:38:56+08:00 ] ::1 /TPvideo/index.php/Home/Carton/%E5%94%8F%E9%87%8C%E5%94%8F%E9%87%8C%E5%8A%A8%E7%94%BB_%E5%8D%A1%E9%80%9A%E5%8A%A8%E6%BC%AB_files/u=1493723840,2405594587&fm=20
ERR: 非法操作:唏里唏里动画_卡通动漫_files

[ 2017-06-01T10:38:56+08:00 ] ::1 /TPvideo/index.php/Home/Carton/%E5%94%8F%E9%87%8C%E5%94%8F%E9%87%8C%E5%8A%A8%E7%94%BB_%E5%8D%A1%E9%80%9A%E5%8A%A8%E6%BC%AB_files/u=3334375866,3406600830&fm=20
ERR: 非法操作:唏里唏里动画_卡通动漫_files

[ 2017-06-01T10:38:56+08:00 ] ::1 /TPvideo/index.php/Home/Carton/%E5%94%8F%E9%87%8C%E5%94%8F%E9%87%8C%E5%8A%A8%E7%94%BB_%E5%8D%A1%E9%80%9A%E5%8A%A8%E6%BC%AB_files/u=1402296845,1515441770&fm=20
ERR: 非法操作:唏里唏里动画_卡通动漫_files

[ 2017-06-01T10:38:56+08:00 ] ::1 /TPvideo/index.php/Home/Carton/%E5%94%8F%E9%87%8C%E5%94%8F%E9%87%8C%E5%8A%A8%E7%94%BB_%E5%8D%A1%E9%80%9A%E5%8A%A8%E6%BC%AB_files/u=2835012470,3957468117&fm=20
ERR: 非法操作:唏里唏里动画_卡通动漫_files

[ 2017-06-01T10:38:56+08:00 ] ::1 /TPvideo/index.php/Home/Carton/%E5%94%8F%E9%87%8C%E5%94%8F%E9%87%8C%E5%8A%A8%E7%94%BB_%E5%8D%A1%E9%80%9A%E5%8A%A8%E6%BC%AB_files/u=466111325,46442140&fm=20
ERR: 非法操作:唏里唏里动画_卡通动漫_files

[ 2017-06-01T10:38:56+08:00 ] ::1 /TPvideo/index.php/Home/Carton/%E5%94%8F%E9%87%8C%E5%94%8F%E9%87%8C%E5%8A%A8%E7%94%BB_%E5%8D%A1%E9%80%9A%E5%8A%A8%E6%BC%AB_files/u=924311981,2305963323&fm=20
ERR: 非法操作:唏里唏里动画_卡通动漫_files

[ 2017-06-01T10:38:56+08:00 ] ::1 /TPvideo/index.php/Home/Carton/%E5%94%8F%E9%87%8C%E5%94%8F%E9%87%8C%E5%8A%A8%E7%94%BB_%E5%8D%A1%E9%80%9A%E5%8A%A8%E6%BC%AB_files/u=3839103291,3088484477&fm=20
ERR: 非法操作:唏里唏里动画_卡通动漫_files

[ 2017-06-01T10:38:56+08:00 ] ::1 /TPvideo/index.php/Home/Carton/%E5%94%8F%E9%87%8C%E5%94%8F%E9%87%8C%E5%8A%A8%E7%94%BB_%E5%8D%A1%E9%80%9A%E5%8A%A8%E6%BC%AB_files/u=2372709731,1127054541&fm=20
ERR: 非法操作:唏里唏里动画_卡通动漫_files

[ 2017-06-01T10:38:56+08:00 ] ::1 /TPvideo/index.php/Home/Carton/%E5%94%8F%E9%87%8C%E5%94%8F%E9%87%8C%E5%8A%A8%E7%94%BB_%E5%8D%A1%E9%80%9A%E5%8A%A8%E6%BC%AB_files/u=901004293,2058047111&fm=20
ERR: 非法操作:唏里唏里动画_卡通动漫_files

[ 2017-06-01T10:38:56+08:00 ] ::1 /TPvideo/index.php/Home/Carton/%E5%94%8F%E9%87%8C%E5%94%8F%E9%87%8C%E5%8A%A8%E7%94%BB_%E5%8D%A1%E9%80%9A%E5%8A%A8%E6%BC%AB_files/u=3530237116,3165818344&fm=20
ERR: 非法操作:唏里唏里动画_卡通动漫_files

[ 2017-06-01T10:38:56+08:00 ] ::1 /TPvideo/index.php/Home/Carton/%E5%94%8F%E9%87%8C%E5%94%8F%E9%87%8C%E5%8A%A8%E7%94%BB_%E5%8D%A1%E9%80%9A%E5%8A%A8%E6%BC%AB_files/u=494003402,2545047587&fm=20
ERR: 非法操作:唏里唏里动画_卡通动漫_files

[ 2017-06-01T10:38:56+08:00 ] ::1 /TPvideo/index.php/Home/Carton/%E5%94%8F%E9%87%8C%E5%94%8F%E9%87%8C%E5%8A%A8%E7%94%BB_%E5%8D%A1%E9%80%9A%E5%8A%A8%E6%BC%AB_files/u=633454111,3978737681&fm=20
ERR: 非法操作:唏里唏里动画_卡通动漫_files

[ 2017-06-01T10:38:56+08:00 ] ::1 /TPvideo/index.php/Home/Carton/%E5%94%8F%E9%87%8C%E5%94%8F%E9%87%8C%E5%8A%A8%E7%94%BB_%E5%8D%A1%E9%80%9A%E5%8A%A8%E6%BC%AB_files/u=4048047381,1491292599&fm=20
ERR: 非法操作:唏里唏里动画_卡通动漫_files

[ 2017-06-01T10:38:56+08:00 ] ::1 /TPvideo/index.php/Home/Carton/%E5%94%8F%E9%87%8C%E5%94%8F%E9%87%8C%E5%8A%A8%E7%94%BB_%E5%8D%A1%E9%80%9A%E5%8A%A8%E6%BC%AB_files/u=3320019772,2272156840&fm=20
ERR: 非法操作:唏里唏里动画_卡通动漫_files

[ 2017-06-01T10:38:56+08:00 ] ::1 /TPvideo/index.php/Home/Carton/%E5%94%8F%E9%87%8C%E5%94%8F%E9%87%8C%E5%8A%A8%E7%94%BB_%E5%8D%A1%E9%80%9A%E5%8A%A8%E6%BC%AB_files/u=3306499429,3524902413&fm=20
ERR: 非法操作:唏里唏里动画_卡通动漫_files

[ 2017-06-01T10:38:56+08:00 ] ::1 /TPvideo/index.php/Home/Carton/%E5%94%8F%E9%87%8C%E5%94%8F%E9%87%8C%E5%8A%A8%E7%94%BB_%E5%8D%A1%E9%80%9A%E5%8A%A8%E6%BC%AB_files/u=3631029309,2307412310&fm=20
ERR: 非法操作:唏里唏里动画_卡通动漫_files

[ 2017-06-01T10:38:56+08:00 ] ::1 /TPvideo/index.php/Home/Carton/%E5%94%8F%E9%87%8C%E5%94%8F%E9%87%8C%E5%8A%A8%E7%94%BB_%E5%8D%A1%E9%80%9A%E5%8A%A8%E6%BC%AB_files/u=2862545432,2436871935&fm=20
ERR: 非法操作:唏里唏里动画_卡通动漫_files

[ 2017-06-01T10:38:56+08:00 ] ::1 /TPvideo/index.php/Home/Carton/%E5%94%8F%E9%87%8C%E5%94%8F%E9%87%8C%E5%8A%A8%E7%94%BB_%E5%8D%A1%E9%80%9A%E5%8A%A8%E6%BC%AB_files/u=4270036784,507209928&fm=20
ERR: 非法操作:唏里唏里动画_卡通动漫_files

[ 2017-06-01T10:38:56+08:00 ] ::1 /TPvideo/index.php/Home/Carton/%E5%94%8F%E9%87%8C%E5%94%8F%E9%87%8C%E5%8A%A8%E7%94%BB_%E5%8D%A1%E9%80%9A%E5%8A%A8%E6%BC%AB_files/u=2140195506,2204143411&fm=20
ERR: 非法操作:唏里唏里动画_卡通动漫_files

[ 2017-06-01T10:39:29+08:00 ] ::1 /TPvideo/index.php/Home/Carton/%E5%94%8F%E9%87%8C%E5%94%8F%E9%87%8C%E5%8A%A8%E7%94%BB_%E5%8D%A1%E9%80%9A%E5%8A%A8%E6%BC%AB_files/u=4080195901,2013295905&fm=20
ERR: 非法操作:唏里唏里动画_卡通动漫_files

[ 2017-06-01T10:39:29+08:00 ] ::1 /TPvideo/index.php/Home/Carton/%E5%94%8F%E9%87%8C%E5%94%8F%E9%87%8C%E5%8A%A8%E7%94%BB_%E5%8D%A1%E9%80%9A%E5%8A%A8%E6%BC%AB_files/u=1286010796,1762813222&fm=20
ERR: 非法操作:唏里唏里动画_卡通动漫_files

[ 2017-06-01T10:39:29+08:00 ] ::1 /TPvideo/index.php/Home/Carton/%E5%94%8F%E9%87%8C%E5%94%8F%E9%87%8C%E5%8A%A8%E7%94%BB_%E5%8D%A1%E9%80%9A%E5%8A%A8%E6%BC%AB_files/u=2557811826,2007786970&fm=20
ERR: 非法操作:唏里唏里动画_卡通动漫_files

[ 2017-06-01T10:39:29+08:00 ] ::1 /TPvideo/index.php/Home/Carton/%E5%94%8F%E9%87%8C%E5%94%8F%E9%87%8C%E5%8A%A8%E7%94%BB_%E5%8D%A1%E9%80%9A%E5%8A%A8%E6%BC%AB_files/u=811654722,130101203&fm=20
ERR: 非法操作:唏里唏里动画_卡通动漫_files

[ 2017-06-01T10:39:29+08:00 ] ::1 /TPvideo/index.php/Home/Carton/%E5%94%8F%E9%87%8C%E5%94%8F%E9%87%8C%E5%8A%A8%E7%94%BB_%E5%8D%A1%E9%80%9A%E5%8A%A8%E6%BC%AB_files/u=4241987513,3789419715&fm=20
ERR: 非法操作:唏里唏里动画_卡通动漫_files

[ 2017-06-01T10:39:29+08:00 ] ::1 /TPvideo/index.php/Home/Carton/%E5%94%8F%E9%87%8C%E5%94%8F%E9%87%8C%E5%8A%A8%E7%94%BB_%E5%8D%A1%E9%80%9A%E5%8A%A8%E6%BC%AB_files/u=3986239096,2714751997&fm=20
ERR: 非法操作:唏里唏里动画_卡通动漫_files

[ 2017-06-01T10:39:29+08:00 ] ::1 /TPvideo/index.php/Home/Carton/%E5%94%8F%E9%87%8C%E5%94%8F%E9%87%8C%E5%8A%A8%E7%94%BB_%E5%8D%A1%E9%80%9A%E5%8A%A8%E6%BC%AB_files/u=593616858,2597100286&fm=20
ERR: 非法操作:唏里唏里动画_卡通动漫_files

[ 2017-06-01T10:39:29+08:00 ] ::1 /TPvideo/index.php/Home/Carton/%E5%94%8F%E9%87%8C%E5%94%8F%E9%87%8C%E5%8A%A8%E7%94%BB_%E5%8D%A1%E9%80%9A%E5%8A%A8%E6%BC%AB_files/u=2216158858,2922819176&fm=20
ERR: 非法操作:唏里唏里动画_卡通动漫_files

[ 2017-06-01T10:39:29+08:00 ] ::1 /TPvideo/index.php/Home/Carton/%E5%94%8F%E9%87%8C%E5%94%8F%E9%87%8C%E5%8A%A8%E7%94%BB_%E5%8D%A1%E9%80%9A%E5%8A%A8%E6%BC%AB_files/u=1618794280,2578314300&fm=20
ERR: 非法操作:唏里唏里动画_卡通动漫_files

[ 2017-06-01T10:39:29+08:00 ] ::1 /TPvideo/index.php/Home/Carton/%E5%94%8F%E9%87%8C%E5%94%8F%E9%87%8C%E5%8A%A8%E7%94%BB_%E5%8D%A1%E9%80%9A%E5%8A%A8%E6%BC%AB_files/u=1344325322,3246165502&fm=20
ERR: 非法操作:唏里唏里动画_卡通动漫_files

[ 2017-06-01T10:39:29+08:00 ] ::1 /TPvideo/index.php/Home/Carton/%E5%94%8F%E9%87%8C%E5%94%8F%E9%87%8C%E5%8A%A8%E7%94%BB_%E5%8D%A1%E9%80%9A%E5%8A%A8%E6%BC%AB_files/u=783138555,3487996589&fm=20
ERR: 非法操作:唏里唏里动画_卡通动漫_files

[ 2017-06-01T10:39:29+08:00 ] ::1 /TPvideo/index.php/Home/Carton/%E5%94%8F%E9%87%8C%E5%94%8F%E9%87%8C%E5%8A%A8%E7%94%BB_%E5%8D%A1%E9%80%9A%E5%8A%A8%E6%BC%AB_files/u=1493723840,2405594587&fm=20
ERR: 非法操作:唏里唏里动画_卡通动漫_files

[ 2017-06-01T10:39:29+08:00 ] ::1 /TPvideo/index.php/Home/Carton/%E5%94%8F%E9%87%8C%E5%94%8F%E9%87%8C%E5%8A%A8%E7%94%BB_%E5%8D%A1%E9%80%9A%E5%8A%A8%E6%BC%AB_files/u=3334375866,3406600830&fm=20
ERR: 非法操作:唏里唏里动画_卡通动漫_files

[ 2017-06-01T10:39:29+08:00 ] ::1 /TPvideo/index.php/Home/Carton/%E5%94%8F%E9%87%8C%E5%94%8F%E9%87%8C%E5%8A%A8%E7%94%BB_%E5%8D%A1%E9%80%9A%E5%8A%A8%E6%BC%AB_files/u=1402296845,1515441770&fm=20
ERR: 非法操作:唏里唏里动画_卡通动漫_files

[ 2017-06-01T10:39:29+08:00 ] ::1 /TPvideo/index.php/Home/Carton/%E5%94%8F%E9%87%8C%E5%94%8F%E9%87%8C%E5%8A%A8%E7%94%BB_%E5%8D%A1%E9%80%9A%E5%8A%A8%E6%BC%AB_files/u=2835012470,3957468117&fm=20
ERR: 非法操作:唏里唏里动画_卡通动漫_files

[ 2017-06-01T10:39:29+08:00 ] ::1 /TPvideo/index.php/Home/Carton/%E5%94%8F%E9%87%8C%E5%94%8F%E9%87%8C%E5%8A%A8%E7%94%BB_%E5%8D%A1%E9%80%9A%E5%8A%A8%E6%BC%AB_files/u=466111325,46442140&fm=20
ERR: 非法操作:唏里唏里动画_卡通动漫_files

[ 2017-06-01T10:39:29+08:00 ] ::1 /TPvideo/index.php/Home/Carton/%E5%94%8F%E9%87%8C%E5%94%8F%E9%87%8C%E5%8A%A8%E7%94%BB_%E5%8D%A1%E9%80%9A%E5%8A%A8%E6%BC%AB_files/u=2557811826,2007786970&fm=20
ERR: 非法操作:唏里唏里动画_卡通动漫_files

[ 2017-06-01T10:39:29+08:00 ] ::1 /TPvideo/index.php/Home/Carton/%E5%94%8F%E9%87%8C%E5%94%8F%E9%87%8C%E5%8A%A8%E7%94%BB_%E5%8D%A1%E9%80%9A%E5%8A%A8%E6%BC%AB_files/u=4080195901,2013295905&fm=20
ERR: 非法操作:唏里唏里动画_卡通动漫_files

[ 2017-06-01T10:39:29+08:00 ] ::1 /TPvideo/index.php/Home/Carton/%E5%94%8F%E9%87%8C%E5%94%8F%E9%87%8C%E5%8A%A8%E7%94%BB_%E5%8D%A1%E9%80%9A%E5%8A%A8%E6%BC%AB_files/u=1286010796,1762813222&fm=20
ERR: 非法操作:唏里唏里动画_卡通动漫_files

[ 2017-06-01T10:39:29+08:00 ] ::1 /TPvideo/index.php/Home/Carton/%E5%94%8F%E9%87%8C%E5%94%8F%E9%87%8C%E5%8A%A8%E7%94%BB_%E5%8D%A1%E9%80%9A%E5%8A%A8%E6%BC%AB_files/u=924311981,2305963323&fm=20
ERR: 非法操作:唏里唏里动画_卡通动漫_files

[ 2017-06-01T10:39:29+08:00 ] ::1 /TPvideo/index.php/Home/Carton/%E5%94%8F%E9%87%8C%E5%94%8F%E9%87%8C%E5%8A%A8%E7%94%BB_%E5%8D%A1%E9%80%9A%E5%8A%A8%E6%BC%AB_files/u=3839103291,3088484477&fm=20
ERR: 非法操作:唏里唏里动画_卡通动漫_files

[ 2017-06-01T10:39:29+08:00 ] ::1 /TPvideo/index.php/Home/Carton/%E5%94%8F%E9%87%8C%E5%94%8F%E9%87%8C%E5%8A%A8%E7%94%BB_%E5%8D%A1%E9%80%9A%E5%8A%A8%E6%BC%AB_files/u=2372709731,1127054541&fm=20
ERR: 非法操作:唏里唏里动画_卡通动漫_files

[ 2017-06-01T10:39:29+08:00 ] ::1 /TPvideo/index.php/Home/Carton/%E5%94%8F%E9%87%8C%E5%94%8F%E9%87%8C%E5%8A%A8%E7%94%BB_%E5%8D%A1%E9%80%9A%E5%8A%A8%E6%BC%AB_files/u=901004293,2058047111&fm=20
ERR: 非法操作:唏里唏里动画_卡通动漫_files

[ 2017-06-01T10:39:29+08:00 ] ::1 /TPvideo/index.php/Home/Carton/%E5%94%8F%E9%87%8C%E5%94%8F%E9%87%8C%E5%8A%A8%E7%94%BB_%E5%8D%A1%E9%80%9A%E5%8A%A8%E6%BC%AB_files/u=494003402,2545047587&fm=20
ERR: 非法操作:唏里唏里动画_卡通动漫_files

[ 2017-06-01T10:39:29+08:00 ] ::1 /TPvideo/index.php/Home/Carton/%E5%94%8F%E9%87%8C%E5%94%8F%E9%87%8C%E5%8A%A8%E7%94%BB_%E5%8D%A1%E9%80%9A%E5%8A%A8%E6%BC%AB_files/u=633454111,3978737681&fm=20
ERR: 非法操作:唏里唏里动画_卡通动漫_files

[ 2017-06-01T10:39:29+08:00 ] ::1 /TPvideo/index.php/Home/Carton/%E5%94%8F%E9%87%8C%E5%94%8F%E9%87%8C%E5%8A%A8%E7%94%BB_%E5%8D%A1%E9%80%9A%E5%8A%A8%E6%BC%AB_files/u=3530237116,3165818344&fm=20
ERR: 非法操作:唏里唏里动画_卡通动漫_files

[ 2017-06-01T10:39:29+08:00 ] ::1 /TPvideo/index.php/Home/Carton/%E5%94%8F%E9%87%8C%E5%94%8F%E9%87%8C%E5%8A%A8%E7%94%BB_%E5%8D%A1%E9%80%9A%E5%8A%A8%E6%BC%AB_files/u=4048047381,1491292599&fm=20
ERR: 非法操作:唏里唏里动画_卡通动漫_files

[ 2017-06-01T10:39:29+08:00 ] ::1 /TPvideo/index.php/Home/Carton/%E5%94%8F%E9%87%8C%E5%94%8F%E9%87%8C%E5%8A%A8%E7%94%BB_%E5%8D%A1%E9%80%9A%E5%8A%A8%E6%BC%AB_files/u=3320019772,2272156840&fm=20
ERR: 非法操作:唏里唏里动画_卡通动漫_files

[ 2017-06-01T10:39:29+08:00 ] ::1 /TPvideo/index.php/Home/Carton/%E5%94%8F%E9%87%8C%E5%94%8F%E9%87%8C%E5%8A%A8%E7%94%BB_%E5%8D%A1%E9%80%9A%E5%8A%A8%E6%BC%AB_files/u=4270036784,507209928&fm=20
ERR: 非法操作:唏里唏里动画_卡通动漫_files

[ 2017-06-01T10:39:29+08:00 ] ::1 /TPvideo/index.php/Home/Carton/%E5%94%8F%E9%87%8C%E5%94%8F%E9%87%8C%E5%8A%A8%E7%94%BB_%E5%8D%A1%E9%80%9A%E5%8A%A8%E6%BC%AB_files/u=3306499429,3524902413&fm=20
ERR: 非法操作:唏里唏里动画_卡通动漫_files

[ 2017-06-01T10:39:29+08:00 ] ::1 /TPvideo/index.php/Home/Carton/%E5%94%8F%E9%87%8C%E5%94%8F%E9%87%8C%E5%8A%A8%E7%94%BB_%E5%8D%A1%E9%80%9A%E5%8A%A8%E6%BC%AB_files/u=2862545432,2436871935&fm=20
ERR: 非法操作:唏里唏里动画_卡通动漫_files

[ 2017-06-01T10:39:29+08:00 ] ::1 /TPvideo/index.php/Home/Carton/%E5%94%8F%E9%87%8C%E5%94%8F%E9%87%8C%E5%8A%A8%E7%94%BB_%E5%8D%A1%E9%80%9A%E5%8A%A8%E6%BC%AB_files/u=3631029309,2307412310&fm=20
ERR: 非法操作:唏里唏里动画_卡通动漫_files

[ 2017-06-01T10:39:29+08:00 ] ::1 /TPvideo/index.php/Home/Carton/%E5%94%8F%E9%87%8C%E5%94%8F%E9%87%8C%E5%8A%A8%E7%94%BB_%E5%8D%A1%E9%80%9A%E5%8A%A8%E6%BC%AB_files/u=2140195506,2204143411&fm=20
ERR: 非法操作:唏里唏里动画_卡通动漫_files

[ 2017-06-01T10:40:32+08:00 ] ::1 /TPvideo/index.php/Home/Carton/%E5%94%8F%E9%87%8C%E5%94%8F%E9%87%8C%E5%8A%A8%E7%94%BB_%E5%8D%A1%E9%80%9A%E5%8A%A8%E6%BC%AB_files/u=2557811826,2007786970&fm=20
ERR: 非法操作:唏里唏里动画_卡通动漫_files

[ 2017-06-01T10:40:32+08:00 ] ::1 /TPvideo/index.php/Home/Carton/%E5%94%8F%E9%87%8C%E5%94%8F%E9%87%8C%E5%8A%A8%E7%94%BB_%E5%8D%A1%E9%80%9A%E5%8A%A8%E6%BC%AB_files/u=811654722,130101203&fm=20
ERR: 非法操作:唏里唏里动画_卡通动漫_files

[ 2017-06-01T10:40:32+08:00 ] ::1 /TPvideo/index.php/Home/Carton/%E5%94%8F%E9%87%8C%E5%94%8F%E9%87%8C%E5%8A%A8%E7%94%BB_%E5%8D%A1%E9%80%9A%E5%8A%A8%E6%BC%AB_files/u=1286010796,1762813222&fm=20
ERR: 非法操作:唏里唏里动画_卡通动漫_files

[ 2017-06-01T10:40:32+08:00 ] ::1 /TPvideo/index.php/Home/Carton/%E5%94%8F%E9%87%8C%E5%94%8F%E9%87%8C%E5%8A%A8%E7%94%BB_%E5%8D%A1%E9%80%9A%E5%8A%A8%E6%BC%AB_files/u=4241987513,3789419715&fm=20
ERR: 非法操作:唏里唏里动画_卡通动漫_files

[ 2017-06-01T10:40:32+08:00 ] ::1 /TPvideo/index.php/Home/Carton/%E5%94%8F%E9%87%8C%E5%94%8F%E9%87%8C%E5%8A%A8%E7%94%BB_%E5%8D%A1%E9%80%9A%E5%8A%A8%E6%BC%AB_files/u=4080195901,2013295905&fm=20
ERR: 非法操作:唏里唏里动画_卡通动漫_files

[ 2017-06-01T10:40:32+08:00 ] ::1 /TPvideo/index.php/Home/Carton/%E5%94%8F%E9%87%8C%E5%94%8F%E9%87%8C%E5%8A%A8%E7%94%BB_%E5%8D%A1%E9%80%9A%E5%8A%A8%E6%BC%AB_files/u=3986239096,2714751997&fm=20
ERR: 非法操作:唏里唏里动画_卡通动漫_files

[ 2017-06-01T10:40:32+08:00 ] ::1 /TPvideo/index.php/Home/Carton/%E5%94%8F%E9%87%8C%E5%94%8F%E9%87%8C%E5%8A%A8%E7%94%BB_%E5%8D%A1%E9%80%9A%E5%8A%A8%E6%BC%AB_files/u=593616858,2597100286&fm=20
ERR: 非法操作:唏里唏里动画_卡通动漫_files

[ 2017-06-01T10:40:32+08:00 ] ::1 /TPvideo/index.php/Home/Carton/%E5%94%8F%E9%87%8C%E5%94%8F%E9%87%8C%E5%8A%A8%E7%94%BB_%E5%8D%A1%E9%80%9A%E5%8A%A8%E6%BC%AB_files/u=1618794280,2578314300&fm=20
ERR: 非法操作:唏里唏里动画_卡通动漫_files

[ 2017-06-01T10:40:32+08:00 ] ::1 /TPvideo/index.php/Home/Carton/%E5%94%8F%E9%87%8C%E5%94%8F%E9%87%8C%E5%8A%A8%E7%94%BB_%E5%8D%A1%E9%80%9A%E5%8A%A8%E6%BC%AB_files/u=2216158858,2922819176&fm=20
ERR: 非法操作:唏里唏里动画_卡通动漫_files

[ 2017-06-01T10:40:32+08:00 ] ::1 /TPvideo/index.php/Home/Carton/%E5%94%8F%E9%87%8C%E5%94%8F%E9%87%8C%E5%8A%A8%E7%94%BB_%E5%8D%A1%E9%80%9A%E5%8A%A8%E6%BC%AB_files/u=1344325322,3246165502&fm=20
ERR: 非法操作:唏里唏里动画_卡通动漫_files

[ 2017-06-01T10:40:32+08:00 ] ::1 /TPvideo/index.php/Home/Carton/%E5%94%8F%E9%87%8C%E5%94%8F%E9%87%8C%E5%8A%A8%E7%94%BB_%E5%8D%A1%E9%80%9A%E5%8A%A8%E6%BC%AB_files/u=1493723840,2405594587&fm=20
ERR: 非法操作:唏里唏里动画_卡通动漫_files

[ 2017-06-01T10:40:32+08:00 ] ::1 /TPvideo/index.php/Home/Carton/%E5%94%8F%E9%87%8C%E5%94%8F%E9%87%8C%E5%8A%A8%E7%94%BB_%E5%8D%A1%E9%80%9A%E5%8A%A8%E6%BC%AB_files/u=783138555,3487996589&fm=20
ERR: 非法操作:唏里唏里动画_卡通动漫_files

[ 2017-06-01T10:40:32+08:00 ] ::1 /TPvideo/index.php/Home/Carton/%E5%94%8F%E9%87%8C%E5%94%8F%E9%87%8C%E5%8A%A8%E7%94%BB_%E5%8D%A1%E9%80%9A%E5%8A%A8%E6%BC%AB_files/u=3334375866,3406600830&fm=20
ERR: 非法操作:唏里唏里动画_卡通动漫_files

[ 2017-06-01T10:40:32+08:00 ] ::1 /TPvideo/index.php/Home/Carton/%E5%94%8F%E9%87%8C%E5%94%8F%E9%87%8C%E5%8A%A8%E7%94%BB_%E5%8D%A1%E9%80%9A%E5%8A%A8%E6%BC%AB_files/u=1402296845,1515441770&fm=20
ERR: 非法操作:唏里唏里动画_卡通动漫_files

[ 2017-06-01T10:40:32+08:00 ] ::1 /TPvideo/index.php/Home/Carton/%E5%94%8F%E9%87%8C%E5%94%8F%E9%87%8C%E5%8A%A8%E7%94%BB_%E5%8D%A1%E9%80%9A%E5%8A%A8%E6%BC%AB_files/u=2835012470,3957468117&fm=20
ERR: 非法操作:唏里唏里动画_卡通动漫_files

[ 2017-06-01T10:40:32+08:00 ] ::1 /TPvideo/index.php/Home/Carton/%E5%94%8F%E9%87%8C%E5%94%8F%E9%87%8C%E5%8A%A8%E7%94%BB_%E5%8D%A1%E9%80%9A%E5%8A%A8%E6%BC%AB_files/u=3839103291,3088484477&fm=20
ERR: 非法操作:唏里唏里动画_卡通动漫_files

[ 2017-06-01T10:40:32+08:00 ] ::1 /TPvideo/index.php/Home/Carton/%E5%94%8F%E9%87%8C%E5%94%8F%E9%87%8C%E5%8A%A8%E7%94%BB_%E5%8D%A1%E9%80%9A%E5%8A%A8%E6%BC%AB_files/u=466111325,46442140&fm=20
ERR: 非法操作:唏里唏里动画_卡通动漫_files

[ 2017-06-01T10:40:32+08:00 ] ::1 /TPvideo/index.php/Home/Carton/%E5%94%8F%E9%87%8C%E5%94%8F%E9%87%8C%E5%8A%A8%E7%94%BB_%E5%8D%A1%E9%80%9A%E5%8A%A8%E6%BC%AB_files/u=924311981,2305963323&fm=20
ERR: 非法操作:唏里唏里动画_卡通动漫_files

[ 2017-06-01T10:40:32+08:00 ] ::1 /TPvideo/index.php/Home/Carton/%E5%94%8F%E9%87%8C%E5%94%8F%E9%87%8C%E5%8A%A8%E7%94%BB_%E5%8D%A1%E9%80%9A%E5%8A%A8%E6%BC%AB_files/u=2372709731,1127054541&fm=20
ERR: 非法操作:唏里唏里动画_卡通动漫_files

[ 2017-06-01T10:40:32+08:00 ] ::1 /TPvideo/index.php/Home/Carton/%E5%94%8F%E9%87%8C%E5%94%8F%E9%87%8C%E5%8A%A8%E7%94%BB_%E5%8D%A1%E9%80%9A%E5%8A%A8%E6%BC%AB_files/u=901004293,2058047111&fm=20
ERR: 非法操作:唏里唏里动画_卡通动漫_files

[ 2017-06-01T10:40:32+08:00 ] ::1 /TPvideo/index.php/Home/Carton/%E5%94%8F%E9%87%8C%E5%94%8F%E9%87%8C%E5%8A%A8%E7%94%BB_%E5%8D%A1%E9%80%9A%E5%8A%A8%E6%BC%AB_files/u=3530237116,3165818344&fm=20
ERR: 非法操作:唏里唏里动画_卡通动漫_files

[ 2017-06-01T10:40:32+08:00 ] ::1 /TPvideo/index.php/Home/Carton/%E5%94%8F%E9%87%8C%E5%94%8F%E9%87%8C%E5%8A%A8%E7%94%BB_%E5%8D%A1%E9%80%9A%E5%8A%A8%E6%BC%AB_files/u=494003402,2545047587&fm=20
ERR: 非法操作:唏里唏里动画_卡通动漫_files

[ 2017-06-01T10:40:32+08:00 ] ::1 /TPvideo/index.php/Home/Carton/%E5%94%8F%E9%87%8C%E5%94%8F%E9%87%8C%E5%8A%A8%E7%94%BB_%E5%8D%A1%E9%80%9A%E5%8A%A8%E6%BC%AB_files/u=3320019772,2272156840&fm=20
ERR: 非法操作:唏里唏里动画_卡通动漫_files

[ 2017-06-01T10:40:32+08:00 ] ::1 /TPvideo/index.php/Home/Carton/%E5%94%8F%E9%87%8C%E5%94%8F%E9%87%8C%E5%8A%A8%E7%94%BB_%E5%8D%A1%E9%80%9A%E5%8A%A8%E6%BC%AB_files/u=4048047381,1491292599&fm=20
ERR: 非法操作:唏里唏里动画_卡通动漫_files

[ 2017-06-01T10:40:32+08:00 ] ::1 /TPvideo/index.php/Home/Carton/%E5%94%8F%E9%87%8C%E5%94%8F%E9%87%8C%E5%8A%A8%E7%94%BB_%E5%8D%A1%E9%80%9A%E5%8A%A8%E6%BC%AB_files/u=4270036784,507209928&fm=20
ERR: 非法操作:唏里唏里动画_卡通动漫_files

[ 2017-06-01T10:40:32+08:00 ] ::1 /TPvideo/index.php/Home/Carton/%E5%94%8F%E9%87%8C%E5%94%8F%E9%87%8C%E5%8A%A8%E7%94%BB_%E5%8D%A1%E9%80%9A%E5%8A%A8%E6%BC%AB_files/u=633454111,3978737681&fm=20
ERR: 非法操作:唏里唏里动画_卡通动漫_files

[ 2017-06-01T10:40:32+08:00 ] ::1 /TPvideo/index.php/Home/Carton/%E5%94%8F%E9%87%8C%E5%94%8F%E9%87%8C%E5%8A%A8%E7%94%BB_%E5%8D%A1%E9%80%9A%E5%8A%A8%E6%BC%AB_files/u=3306499429,3524902413&fm=20
ERR: 非法操作:唏里唏里动画_卡通动漫_files

[ 2017-06-01T10:40:32+08:00 ] ::1 /TPvideo/index.php/Home/Carton/%E5%94%8F%E9%87%8C%E5%94%8F%E9%87%8C%E5%8A%A8%E7%94%BB_%E5%8D%A1%E9%80%9A%E5%8A%A8%E6%BC%AB_files/u=2862545432,2436871935&fm=20
ERR: 非法操作:唏里唏里动画_卡通动漫_files

[ 2017-06-01T10:40:32+08:00 ] ::1 /TPvideo/index.php/Home/Carton/%E5%94%8F%E9%87%8C%E5%94%8F%E9%87%8C%E5%8A%A8%E7%94%BB_%E5%8D%A1%E9%80%9A%E5%8A%A8%E6%BC%AB_files/u=3631029309,2307412310&fm=20
ERR: 非法操作:唏里唏里动画_卡通动漫_files

[ 2017-06-01T10:40:32+08:00 ] ::1 /TPvideo/index.php/Home/Carton/%E5%94%8F%E9%87%8C%E5%94%8F%E9%87%8C%E5%8A%A8%E7%94%BB_%E5%8D%A1%E9%80%9A%E5%8A%A8%E6%BC%AB_files/u=2140195506,2204143411&fm=20
ERR: 非法操作:唏里唏里动画_卡通动漫_files

[ 2017-06-01T10:42:02+08:00 ] ::1 /TPvideo/index.php/Home/Game/youxi.html
ERR: unable to write file ./Runtime/Cache\6c43f0a6b5ce2f9812761b2d5dca6490167a97c5.file.youxi.html.php

[ 2017-06-01T10:42:02+08:00 ] ::1 /TPvideo/index.php/Home/Game/youxi.html
ERR: Invalid compiled template for 'Game/youxi.html'

[ 2017-06-01T10:43:53+08:00 ] ::1 /TPvideo/index.php/Home/Music/yinyue.html
ERR: unable to write file ./Runtime/Cache\7907396d6688e071a3d93f6fb6c506b88888a19e.file.yinyue.html.php

[ 2017-06-01T10:51:51+08:00 ] ::1 /TPvideo/index.php/Home/Carton/%E5%94%8F%E9%87%8C%E5%94%8F%E9%87%8C%E5%8A%A8%E7%94%BB_%E5%8D%A1%E9%80%9A%E5%8A%A8%E6%BC%AB_files/u=4080195901,2013295905&fm=20
ERR: 非法操作:唏里唏里动画_卡通动漫_files

[ 2017-06-01T10:51:51+08:00 ] ::1 /TPvideo/index.php/Home/Carton/%E5%94%8F%E9%87%8C%E5%94%8F%E9%87%8C%E5%8A%A8%E7%94%BB_%E5%8D%A1%E9%80%9A%E5%8A%A8%E6%BC%AB_files/u=811654722,130101203&fm=20
ERR: 非法操作:唏里唏里动画_卡通动漫_files

[ 2017-06-01T10:51:51+08:00 ] ::1 /TPvideo/index.php/Home/Carton/%E5%94%8F%E9%87%8C%E5%94%8F%E9%87%8C%E5%8A%A8%E7%94%BB_%E5%8D%A1%E9%80%9A%E5%8A%A8%E6%BC%AB_files/u=1286010796,1762813222&fm=20
ERR: 非法操作:唏里唏里动画_卡通动漫_files

[ 2017-06-01T10:51:51+08:00 ] ::1 /TPvideo/index.php/Home/Carton/%E5%94%8F%E9%87%8C%E5%94%8F%E9%87%8C%E5%8A%A8%E7%94%BB_%E5%8D%A1%E9%80%9A%E5%8A%A8%E6%BC%AB_files/u=2557811826,2007786970&fm=20
ERR: 非法操作:唏里唏里动画_卡通动漫_files

[ 2017-06-01T10:51:51+08:00 ] ::1 /TPvideo/index.php/Home/Carton/%E5%94%8F%E9%87%8C%E5%94%8F%E9%87%8C%E5%8A%A8%E7%94%BB_%E5%8D%A1%E9%80%9A%E5%8A%A8%E6%BC%AB_files/u=3986239096,2714751997&fm=20
ERR: 非法操作:唏里唏里动画_卡通动漫_files

[ 2017-06-01T10:51:51+08:00 ] ::1 /TPvideo/index.php/Home/Carton/%E5%94%8F%E9%87%8C%E5%94%8F%E9%87%8C%E5%8A%A8%E7%94%BB_%E5%8D%A1%E9%80%9A%E5%8A%A8%E6%BC%AB_files/u=1618794280,2578314300&fm=20
ERR: 非法操作:唏里唏里动画_卡通动漫_files

[ 2017-06-01T10:51:51+08:00 ] ::1 /TPvideo/index.php/Home/Carton/%E5%94%8F%E9%87%8C%E5%94%8F%E9%87%8C%E5%8A%A8%E7%94%BB_%E5%8D%A1%E9%80%9A%E5%8A%A8%E6%BC%AB_files/u=4241987513,3789419715&fm=20
ERR: 非法操作:唏里唏里动画_卡通动漫_files

[ 2017-06-01T10:51:51+08:00 ] ::1 /TPvideo/index.php/Home/Carton/%E5%94%8F%E9%87%8C%E5%94%8F%E9%87%8C%E5%8A%A8%E7%94%BB_%E5%8D%A1%E9%80%9A%E5%8A%A8%E6%BC%AB_files/u=593616858,2597100286&fm=20
ERR: 非法操作:唏里唏里动画_卡通动漫_files

[ 2017-06-01T10:51:51+08:00 ] ::1 /TPvideo/index.php/Home/Carton/%E5%94%8F%E9%87%8C%E5%94%8F%E9%87%8C%E5%8A%A8%E7%94%BB_%E5%8D%A1%E9%80%9A%E5%8A%A8%E6%BC%AB_files/u=2216158858,2922819176&fm=20
ERR: 非法操作:唏里唏里动画_卡通动漫_files

[ 2017-06-01T10:51:51+08:00 ] ::1 /TPvideo/index.php/Home/Carton/%E5%94%8F%E9%87%8C%E5%94%8F%E9%87%8C%E5%8A%A8%E7%94%BB_%E5%8D%A1%E9%80%9A%E5%8A%A8%E6%BC%AB_files/u=1493723840,2405594587&fm=20
ERR: 非法操作:唏里唏里动画_卡通动漫_files

[ 2017-06-01T10:51:51+08:00 ] ::1 /TPvideo/index.php/Home/Carton/%E5%94%8F%E9%87%8C%E5%94%8F%E9%87%8C%E5%8A%A8%E7%94%BB_%E5%8D%A1%E9%80%9A%E5%8A%A8%E6%BC%AB_files/u=1344325322,3246165502&fm=20
ERR: 非法操作:唏里唏里动画_卡通动漫_files

[ 2017-06-01T10:51:51+08:00 ] ::1 /TPvideo/index.php/Home/Carton/%E5%94%8F%E9%87%8C%E5%94%8F%E9%87%8C%E5%8A%A8%E7%94%BB_%E5%8D%A1%E9%80%9A%E5%8A%A8%E6%BC%AB_files/u=783138555,3487996589&fm=20
ERR: 非法操作:唏里唏里动画_卡通动漫_files

[ 2017-06-01T10:51:51+08:00 ] ::1 /TPvideo/index.php/Home/Carton/%E5%94%8F%E9%87%8C%E5%94%8F%E9%87%8C%E5%8A%A8%E7%94%BB_%E5%8D%A1%E9%80%9A%E5%8A%A8%E6%BC%AB_files/u=1402296845,1515441770&fm=20
ERR: 非法操作:唏里唏里动画_卡通动漫_files

[ 2017-06-01T10:51:51+08:00 ] ::1 /TPvideo/index.php/Home/Carton/%E5%94%8F%E9%87%8C%E5%94%8F%E9%87%8C%E5%8A%A8%E7%94%BB_%E5%8D%A1%E9%80%9A%E5%8A%A8%E6%BC%AB_files/u=3334375866,3406600830&fm=20
ERR: 非法操作:唏里唏里动画_卡通动漫_files

[ 2017-06-01T10:51:51+08:00 ] ::1 /TPvideo/index.php/Home/Carton/%E5%94%8F%E9%87%8C%E5%94%8F%E9%87%8C%E5%8A%A8%E7%94%BB_%E5%8D%A1%E9%80%9A%E5%8A%A8%E6%BC%AB_files/u=1286010796,1762813222&fm=20
ERR: 非法操作:唏里唏里动画_卡通动漫_files

[ 2017-06-01T10:51:51+08:00 ] ::1 /TPvideo/index.php/Home/Carton/%E5%94%8F%E9%87%8C%E5%94%8F%E9%87%8C%E5%8A%A8%E7%94%BB_%E5%8D%A1%E9%80%9A%E5%8A%A8%E6%BC%AB_files/u=4080195901,2013295905&fm=20
ERR: 非法操作:唏里唏里动画_卡通动漫_files

[ 2017-06-01T10:51:51+08:00 ] ::1 /TPvideo/index.php/Home/Carton/%E5%94%8F%E9%87%8C%E5%94%8F%E9%87%8C%E5%8A%A8%E7%94%BB_%E5%8D%A1%E9%80%9A%E5%8A%A8%E6%BC%AB_files/u=2557811826,2007786970&fm=20
ERR: 非法操作:唏里唏里动画_卡通动漫_files

[ 2017-06-01T10:51:51+08:00 ] ::1 /TPvideo/index.php/Home/Carton/%E5%94%8F%E9%87%8C%E5%94%8F%E9%87%8C%E5%8A%A8%E7%94%BB_%E5%8D%A1%E9%80%9A%E5%8A%A8%E6%BC%AB_files/u=2835012470,3957468117&fm=20
ERR: 非法操作:唏里唏里动画_卡通动漫_files

[ 2017-06-01T10:51:51+08:00 ] ::1 /TPvideo/index.php/Home/Carton/%E5%94%8F%E9%87%8C%E5%94%8F%E9%87%8C%E5%8A%A8%E7%94%BB_%E5%8D%A1%E9%80%9A%E5%8A%A8%E6%BC%AB_files/u=811654722,130101203&fm=20
ERR: 非法操作:唏里唏里动画_卡通动漫_files

[ 2017-06-01T10:51:51+08:00 ] ::1 /TPvideo/index.php/Home/Carton/%E5%94%8F%E9%87%8C%E5%94%8F%E9%87%8C%E5%8A%A8%E7%94%BB_%E5%8D%A1%E9%80%9A%E5%8A%A8%E6%BC%AB_files/u=924311981,2305963323&fm=20
ERR: 非法操作:唏里唏里动画_卡通动漫_files

[ 2017-06-01T10:51:51+08:00 ] ::1 /TPvideo/index.php/Home/Carton/%E5%94%8F%E9%87%8C%E5%94%8F%E9%87%8C%E5%8A%A8%E7%94%BB_%E5%8D%A1%E9%80%9A%E5%8A%A8%E6%BC%AB_files/u=3839103291,3088484477&fm=20
ERR: 非法操作:唏里唏里动画_卡通动漫_files

[ 2017-06-01T10:51:51+08:00 ] ::1 /TPvideo/index.php/Home/Carton/%E5%94%8F%E9%87%8C%E5%94%8F%E9%87%8C%E5%8A%A8%E7%94%BB_%E5%8D%A1%E9%80%9A%E5%8A%A8%E6%BC%AB_files/u=2372709731,1127054541&fm=20
ERR: 非法操作:唏里唏里动画_卡通动漫_files

[ 2017-06-01T10:51:51+08:00 ] ::1 /TPvideo/index.php/Home/Carton/%E5%94%8F%E9%87%8C%E5%94%8F%E9%87%8C%E5%8A%A8%E7%94%BB_%E5%8D%A1%E9%80%9A%E5%8A%A8%E6%BC%AB_files/u=466111325,46442140&fm=20
ERR: 非法操作:唏里唏里动画_卡通动漫_files

[ 2017-06-01T10:51:51+08:00 ] ::1 /TPvideo/index.php/Home/Carton/%E5%94%8F%E9%87%8C%E5%94%8F%E9%87%8C%E5%8A%A8%E7%94%BB_%E5%8D%A1%E9%80%9A%E5%8A%A8%E6%BC%AB_files/u=494003402,2545047587&fm=20
ERR: 非法操作:唏里唏里动画_卡通动漫_files

[ 2017-06-01T10:51:51+08:00 ] ::1 /TPvideo/index.php/Home/Carton/%E5%94%8F%E9%87%8C%E5%94%8F%E9%87%8C%E5%8A%A8%E7%94%BB_%E5%8D%A1%E9%80%9A%E5%8A%A8%E6%BC%AB_files/u=901004293,2058047111&fm=20
ERR: 非法操作:唏里唏里动画_卡通动漫_files

[ 2017-06-01T10:51:51+08:00 ] ::1 /TPvideo/index.php/Home/Carton/%E5%94%8F%E9%87%8C%E5%94%8F%E9%87%8C%E5%8A%A8%E7%94%BB_%E5%8D%A1%E9%80%9A%E5%8A%A8%E6%BC%AB_files/u=633454111,3978737681&fm=20
ERR: 非法操作:唏里唏里动画_卡通动漫_files

[ 2017-06-01T10:51:51+08:00 ] ::1 /TPvideo/index.php/Home/Carton/%E5%94%8F%E9%87%8C%E5%94%8F%E9%87%8C%E5%8A%A8%E7%94%BB_%E5%8D%A1%E9%80%9A%E5%8A%A8%E6%BC%AB_files/u=4048047381,1491292599&fm=20
ERR: 非法操作:唏里唏里动画_卡通动漫_files

[ 2017-06-01T10:51:51+08:00 ] ::1 /TPvideo/index.php/Home/Carton/%E5%94%8F%E9%87%8C%E5%94%8F%E9%87%8C%E5%8A%A8%E7%94%BB_%E5%8D%A1%E9%80%9A%E5%8A%A8%E6%BC%AB_files/u=3530237116,3165818344&fm=20
ERR: 非法操作:唏里唏里动画_卡通动漫_files

[ 2017-06-01T10:51:51+08:00 ] ::1 /TPvideo/index.php/Home/Carton/%E5%94%8F%E9%87%8C%E5%94%8F%E9%87%8C%E5%8A%A8%E7%94%BB_%E5%8D%A1%E9%80%9A%E5%8A%A8%E6%BC%AB_files/u=4270036784,507209928&fm=20
ERR: 非法操作:唏里唏里动画_卡通动漫_files

[ 2017-06-01T10:51:51+08:00 ] ::1 /TPvideo/index.php/Home/Carton/%E5%94%8F%E9%87%8C%E5%94%8F%E9%87%8C%E5%8A%A8%E7%94%BB_%E5%8D%A1%E9%80%9A%E5%8A%A8%E6%BC%AB_files/u=3320019772,2272156840&fm=20
ERR: 非法操作:唏里唏里动画_卡通动漫_files

[ 2017-06-01T10:51:51+08:00 ] ::1 /TPvideo/index.php/Home/Carton/%E5%94%8F%E9%87%8C%E5%94%8F%E9%87%8C%E5%8A%A8%E7%94%BB_%E5%8D%A1%E9%80%9A%E5%8A%A8%E6%BC%AB_files/u=2862545432,2436871935&fm=20
ERR: 非法操作:唏里唏里动画_卡通动漫_files

[ 2017-06-01T10:51:51+08:00 ] ::1 /TPvideo/index.php/Home/Carton/%E5%94%8F%E9%87%8C%E5%94%8F%E9%87%8C%E5%8A%A8%E7%94%BB_%E5%8D%A1%E9%80%9A%E5%8A%A8%E6%BC%AB_files/u=3306499429,3524902413&fm=20
ERR: 非法操作:唏里唏里动画_卡通动漫_files

[ 2017-06-01T10:51:51+08:00 ] ::1 /TPvideo/index.php/Home/Carton/%E5%94%8F%E9%87%8C%E5%94%8F%E9%87%8C%E5%8A%A8%E7%94%BB_%E5%8D%A1%E9%80%9A%E5%8A%A8%E6%BC%AB_files/u=3631029309,2307412310&fm=20
ERR: 非法操作:唏里唏里动画_卡通动漫_files

[ 2017-06-01T10:51:51+08:00 ] ::1 /TPvideo/index.php/Home/Carton/%E5%94%8F%E9%87%8C%E5%94%8F%E9%87%8C%E5%8A%A8%E7%94%BB_%E5%8D%A1%E9%80%9A%E5%8A%A8%E6%BC%AB_files/u=2140195506,2204143411&fm=20
ERR: 非法操作:唏里唏里动画_卡通动漫_files

[ 2017-06-01T10:51:51+08:00 ] ::1 /TPvideo/index.php/Home/Carton/%E5%94%8F%E9%87%8C%E5%94%8F%E9%87%8C%E5%8A%A8%E7%94%BB_%E5%8D%A1%E9%80%9A%E5%8A%A8%E6%BC%AB_files/u=3986239096,2714751997&fm=20
ERR: 非法操作:唏里唏里动画_卡通动漫_files

[ 2017-06-01T10:56:23+08:00 ] ::1 /TPvideo/index.php/Home/Carton/%E5%94%8F%E9%87%8C%E5%94%8F%E9%87%8C%E5%8A%A8%E7%94%BB_%E5%8D%A1%E9%80%9A%E5%8A%A8%E6%BC%AB_files/u=3986239096,2714751997&fm=20
ERR: 非法操作:唏里唏里动画_卡通动漫_files

[ 2017-06-01T10:56:23+08:00 ] ::1 /TPvideo/index.php/Home/Carton/%E5%94%8F%E9%87%8C%E5%94%8F%E9%87%8C%E5%8A%A8%E7%94%BB_%E5%8D%A1%E9%80%9A%E5%8A%A8%E6%BC%AB_files/u=2557811826,2007786970&fm=20
ERR: 非法操作:唏里唏里动画_卡通动漫_files

[ 2017-06-01T10:56:23+08:00 ] ::1 /TPvideo/index.php/Home/Carton/%E5%94%8F%E9%87%8C%E5%94%8F%E9%87%8C%E5%8A%A8%E7%94%BB_%E5%8D%A1%E9%80%9A%E5%8A%A8%E6%BC%AB_files/u=1286010796,1762813222&fm=20
ERR: 非法操作:唏里唏里动画_卡通动漫_files

[ 2017-06-01T10:56:23+08:00 ] ::1 /TPvideo/index.php/Home/Carton/%E5%94%8F%E9%87%8C%E5%94%8F%E9%87%8C%E5%8A%A8%E7%94%BB_%E5%8D%A1%E9%80%9A%E5%8A%A8%E6%BC%AB_files/u=4241987513,3789419715&fm=20
ERR: 非法操作:唏里唏里动画_卡通动漫_files

[ 2017-06-01T10:56:23+08:00 ] ::1 /TPvideo/index.php/Home/Carton/%E5%94%8F%E9%87%8C%E5%94%8F%E9%87%8C%E5%8A%A8%E7%94%BB_%E5%8D%A1%E9%80%9A%E5%8A%A8%E6%BC%AB_files/u=4080195901,2013295905&fm=20
ERR: 非法操作:唏里唏里动画_卡通动漫_files

[ 2017-06-01T10:56:23+08:00 ] ::1 /TPvideo/index.php/Home/Carton/%E5%94%8F%E9%87%8C%E5%94%8F%E9%87%8C%E5%8A%A8%E7%94%BB_%E5%8D%A1%E9%80%9A%E5%8A%A8%E6%BC%AB_files/u=811654722,130101203&fm=20
ERR: 非法操作:唏里唏里动画_卡通动漫_files

[ 2017-06-01T10:56:23+08:00 ] ::1 /TPvideo/index.php/Home/Carton/%E5%94%8F%E9%87%8C%E5%94%8F%E9%87%8C%E5%8A%A8%E7%94%BB_%E5%8D%A1%E9%80%9A%E5%8A%A8%E6%BC%AB_files/u=1618794280,2578314300&fm=20
ERR: 非法操作:唏里唏里动画_卡通动漫_files

[ 2017-06-01T10:56:23+08:00 ] ::1 /TPvideo/index.php/Home/Carton/%E5%94%8F%E9%87%8C%E5%94%8F%E9%87%8C%E5%8A%A8%E7%94%BB_%E5%8D%A1%E9%80%9A%E5%8A%A8%E6%BC%AB_files/u=2216158858,2922819176&fm=20
ERR: 非法操作:唏里唏里动画_卡通动漫_files

[ 2017-06-01T10:56:23+08:00 ] ::1 /TPvideo/index.php/Home/Carton/%E5%94%8F%E9%87%8C%E5%94%8F%E9%87%8C%E5%8A%A8%E7%94%BB_%E5%8D%A1%E9%80%9A%E5%8A%A8%E6%BC%AB_files/u=1344325322,3246165502&fm=20
ERR: 非法操作:唏里唏里动画_卡通动漫_files

[ 2017-06-01T10:56:23+08:00 ] ::1 /TPvideo/index.php/Home/Carton/%E5%94%8F%E9%87%8C%E5%94%8F%E9%87%8C%E5%8A%A8%E7%94%BB_%E5%8D%A1%E9%80%9A%E5%8A%A8%E6%BC%AB_files/u=593616858,2597100286&fm=20
ERR: 非法操作:唏里唏里动画_卡通动漫_files

[ 2017-06-01T10:56:23+08:00 ] ::1 /TPvideo/index.php/Home/Carton/%E5%94%8F%E9%87%8C%E5%94%8F%E9%87%8C%E5%8A%A8%E7%94%BB_%E5%8D%A1%E9%80%9A%E5%8A%A8%E6%BC%AB_files/u=1493723840,2405594587&fm=20
ERR: 非法操作:唏里唏里动画_卡通动漫_files

[ 2017-06-01T10:56:23+08:00 ] ::1 /TPvideo/index.php/Home/Carton/%E5%94%8F%E9%87%8C%E5%94%8F%E9%87%8C%E5%8A%A8%E7%94%BB_%E5%8D%A1%E9%80%9A%E5%8A%A8%E6%BC%AB_files/u=783138555,3487996589&fm=20
ERR: 非法操作:唏里唏里动画_卡通动漫_files

[ 2017-06-01T10:56:23+08:00 ] ::1 /TPvideo/index.php/Home/Carton/%E5%94%8F%E9%87%8C%E5%94%8F%E9%87%8C%E5%8A%A8%E7%94%BB_%E5%8D%A1%E9%80%9A%E5%8A%A8%E6%BC%AB_files/u=3334375866,3406600830&fm=20
ERR: 非法操作:唏里唏里动画_卡通动漫_files

[ 2017-06-01T10:56:23+08:00 ] ::1 /TPvideo/index.php/Home/Carton/%E5%94%8F%E9%87%8C%E5%94%8F%E9%87%8C%E5%8A%A8%E7%94%BB_%E5%8D%A1%E9%80%9A%E5%8A%A8%E6%BC%AB_files/u=1402296845,1515441770&fm=20
ERR: 非法操作:唏里唏里动画_卡通动漫_files

[ 2017-06-01T10:56:23+08:00 ] ::1 /TPvideo/index.php/Home/Carton/%E5%94%8F%E9%87%8C%E5%94%8F%E9%87%8C%E5%8A%A8%E7%94%BB_%E5%8D%A1%E9%80%9A%E5%8A%A8%E6%BC%AB_files/u=466111325,46442140&fm=20
ERR: 非法操作:唏里唏里动画_卡通动漫_files

[ 2017-06-01T10:56:23+08:00 ] ::1 /TPvideo/index.php/Home/Carton/%E5%94%8F%E9%87%8C%E5%94%8F%E9%87%8C%E5%8A%A8%E7%94%BB_%E5%8D%A1%E9%80%9A%E5%8A%A8%E6%BC%AB_files/u=2835012470,3957468117&fm=20
ERR: 非法操作:唏里唏里动画_卡通动漫_files

[ 2017-06-01T10:56:23+08:00 ] ::1 /TPvideo/index.php/Home/Carton/%E5%94%8F%E9%87%8C%E5%94%8F%E9%87%8C%E5%8A%A8%E7%94%BB_%E5%8D%A1%E9%80%9A%E5%8A%A8%E6%BC%AB_files/u=924311981,2305963323&fm=20
ERR: 非法操作:唏里唏里动画_卡通动漫_files

[ 2017-06-01T10:56:23+08:00 ] ::1 /TPvideo/index.php/Home/Carton/%E5%94%8F%E9%87%8C%E5%94%8F%E9%87%8C%E5%8A%A8%E7%94%BB_%E5%8D%A1%E9%80%9A%E5%8A%A8%E6%BC%AB_files/u=3839103291,3088484477&fm=20
ERR: 非法操作:唏里唏里动画_卡通动漫_files

[ 2017-06-01T10:56:23+08:00 ] ::1 /TPvideo/index.php/Home/Carton/%E5%94%8F%E9%87%8C%E5%94%8F%E9%87%8C%E5%8A%A8%E7%94%BB_%E5%8D%A1%E9%80%9A%E5%8A%A8%E6%BC%AB_files/u=901004293,2058047111&fm=20
ERR: 非法操作:唏里唏里动画_卡通动漫_files

[ 2017-06-01T10:56:23+08:00 ] ::1 /TPvideo/index.php/Home/Carton/%E5%94%8F%E9%87%8C%E5%94%8F%E9%87%8C%E5%8A%A8%E7%94%BB_%E5%8D%A1%E9%80%9A%E5%8A%A8%E6%BC%AB_files/u=2372709731,1127054541&fm=20
ERR: 非法操作:唏里唏里动画_卡通动漫_files

[ 2017-06-01T10:56:23+08:00 ] ::1 /TPvideo/index.php/Home/Carton/%E5%94%8F%E9%87%8C%E5%94%8F%E9%87%8C%E5%8A%A8%E7%94%BB_%E5%8D%A1%E9%80%9A%E5%8A%A8%E6%BC%AB_files/u=494003402,2545047587&fm=20
ERR: 非法操作:唏里唏里动画_卡通动漫_files

[ 2017-06-01T10:56:23+08:00 ] ::1 /TPvideo/index.php/Home/Carton/%E5%94%8F%E9%87%8C%E5%94%8F%E9%87%8C%E5%8A%A8%E7%94%BB_%E5%8D%A1%E9%80%9A%E5%8A%A8%E6%BC%AB_files/u=3530237116,3165818344&fm=20
ERR: 非法操作:唏里唏里动画_卡通动漫_files

[ 2017-06-01T10:56:23+08:00 ] ::1 /TPvideo/index.php/Home/Carton/%E5%94%8F%E9%87%8C%E5%94%8F%E9%87%8C%E5%8A%A8%E7%94%BB_%E5%8D%A1%E9%80%9A%E5%8A%A8%E6%BC%AB_files/u=633454111,3978737681&fm=20
ERR: 非法操作:唏里唏里动画_卡通动漫_files

[ 2017-06-01T10:56:23+08:00 ] ::1 /TPvideo/index.php/Home/Carton/%E5%94%8F%E9%87%8C%E5%94%8F%E9%87%8C%E5%8A%A8%E7%94%BB_%E5%8D%A1%E9%80%9A%E5%8A%A8%E6%BC%AB_files/u=4048047381,1491292599&fm=20
ERR: 非法操作:唏里唏里动画_卡通动漫_files

[ 2017-06-01T10:56:23+08:00 ] ::1 /TPvideo/index.php/Home/Carton/%E5%94%8F%E9%87%8C%E5%94%8F%E9%87%8C%E5%8A%A8%E7%94%BB_%E5%8D%A1%E9%80%9A%E5%8A%A8%E6%BC%AB_files/u=3320019772,2272156840&fm=20
ERR: 非法操作:唏里唏里动画_卡通动漫_files

[ 2017-06-01T10:56:23+08:00 ] ::1 /TPvideo/index.php/Home/Carton/%E5%94%8F%E9%87%8C%E5%94%8F%E9%87%8C%E5%8A%A8%E7%94%BB_%E5%8D%A1%E9%80%9A%E5%8A%A8%E6%BC%AB_files/u=4270036784,507209928&fm=20
ERR: 非法操作:唏里唏里动画_卡通动漫_files

[ 2017-06-01T10:56:23+08:00 ] ::1 /TPvideo/index.php/Home/Carton/%E5%94%8F%E9%87%8C%E5%94%8F%E9%87%8C%E5%8A%A8%E7%94%BB_%E5%8D%A1%E9%80%9A%E5%8A%A8%E6%BC%AB_files/u=3306499429,3524902413&fm=20
ERR: 非法操作:唏里唏里动画_卡通动漫_files

[ 2017-06-01T10:56:23+08:00 ] ::1 /TPvideo/index.php/Home/Carton/%E5%94%8F%E9%87%8C%E5%94%8F%E9%87%8C%E5%8A%A8%E7%94%BB_%E5%8D%A1%E9%80%9A%E5%8A%A8%E6%BC%AB_files/u=2862545432,2436871935&fm=20
ERR: 非法操作:唏里唏里动画_卡通动漫_files

[ 2017-06-01T10:56:23+08:00 ] ::1 /TPvideo/index.php/Home/Carton/%E5%94%8F%E9%87%8C%E5%94%8F%E9%87%8C%E5%8A%A8%E7%94%BB_%E5%8D%A1%E9%80%9A%E5%8A%A8%E6%BC%AB_files/u=3631029309,2307412310&fm=20
ERR: 非法操作:唏里唏里动画_卡通动漫_files

[ 2017-06-01T10:56:23+08:00 ] ::1 /TPvideo/index.php/Home/Carton/%E5%94%8F%E9%87%8C%E5%94%8F%E9%87%8C%E5%8A%A8%E7%94%BB_%E5%8D%A1%E9%80%9A%E5%8A%A8%E6%BC%AB_files/u=2140195506,2204143411&fm=20
ERR: 非法操作:唏里唏里动画_卡通动漫_files

