[ 2017-06-10T09:42:49+08:00 ] ::1 /TPvideo/index.php/Home/User/logout.html
ERR: 非法操作:logout

[ 2017-06-10T11:12:27+08:00 ] ::1 /TPvideo/index.php/Home/Carton/upload.html
ERR: 非法操作:upload

[ 2017-06-10T11:12:32+08:00 ] ::1 /TPvideo/index.php/Home/Film/upload.html
ERR: 非法操作:upload

[ 2017-06-10T11:42:18+08:00 ] ::1 /TPvideo/index.php/Home/User/resetPw.html
ERR: Syntax Error in template "./Template/default/Home\User\resetPw.html"  on line 65 "&lt;input type=&quot;text&quot; class=&quot;email&quot; placeholder=&quot;Email&quot; required=&quot;required&quot; pattern=&quot;([\w-\.]+@([\w-]+\.)+[\w-]{2,4})?&quot; title=&quot;输入有效的邮箱地址&quot;/&gt;"  - Unexpected ",", expected one of: "}" , " "

[ 2017-06-10T11:44:15+08:00 ] ::1 /TPvideo/index.php/Home/User/resetPw.html
ERR: Syntax Error in template "./Template/default/Home\User\resetPw.html"  on line 65 "&lt;input type=&quot;text&quot; class=&quot;email&quot; placeholder=&quot;Email&quot; required=&quot;required&quot; pattern=&quot;([\w-\.]+@([\w-]+\.)+[\w-]{2,4})?&quot; title=&quot;输入有效的邮箱地址&quot;/&gt;"  - Unexpected ",", expected one of: "}" , " "

[ 2017-06-10T11:45:49+08:00 ] ::1 /TPvideo/index.php/Home/User/resetPw.html
ERR: Syntax Error in template "./Template/default/Home\User\resetPw.html"  on line 108 "// layer.msg('的确很重要', {icon: 1});"  - Unexpected ": ", expected one of: "}" , " "

[ 2017-06-10T11:46:10+08:00 ] ::1 /TPvideo/index.php/Home/User/resetPw.html
ERR: Syntax Error in template "./Template/default/Home\User\resetPw.html"  on line 142 "&lt;input type=&quot;text&quot; class=&quot;email&quot; placeholder=&quot;Enter email&quot; required=&quot;required&quot; pattern=&quot;([\w-\.]+@([\w-]+\.)+[\w-]{2,4})?&quot;/&gt;"  - Unexpected ",", expected one of: "}" , " "

[ 2017-06-10T11:53:21+08:00 ] ::1 /TPvideo/index.php/Home/User/index.php
ERR: 非法操作:index.php

[ 2017-06-10T14:41:06+08:00 ] ::1 /TPvideo/index.php/Home/User/index.php
ERR: 非法操作:index.php

[ 2017-06-10T14:59:20+08:00 ] ::1 /TPvideo/index.php/Home/User/resetPw.html?email=214693086%40qq.com
ERR: 1064:You have an error in your SQL syntax; check the manual that corresponds to your MySQL server version for the right syntax to use near '@qq.com ) LIMIT 1' at line 1
 [ SQL语句 ] : SELECT * FROM `user` WHERE ( email=214693086@qq.com ) LIMIT 1  

[ 2017-06-10T15:34:40+08:00 ] ::1 /TPvideo/index.php/Home/User/resetPw.html
ERR: Syntax Error in template "./Template/default/Home\User\resetPw.html"  on line 266 "&lt;/html&gt;" unclosed {else} tag

[ 2017-06-10T15:34:44+08:00 ] ::1 /TPvideo/index.php/Home/User/resetPw.html
ERR: Syntax Error in template "./Template/default/Home\User\resetPw.html"  on line 266 "&lt;/html&gt;" unclosed {else} tag

[ 2017-06-10T15:36:16+08:00 ] ::1 /TPvideo/index.php/Home/User/resetPw.html
ERR: Syntax Error in template "./Template/default/Home\User\resetPw.html"  on line 266 "&lt;/html&gt;" unclosed {else} tag

[ 2017-06-10T15:36:20+08:00 ] ::1 /TPvideo/index.php/Home/User/resetPw.html
ERR: Syntax Error in template "./Template/default/Home\User\resetPw.html"  on line 266 "&lt;/html&gt;" unclosed {else} tag

[ 2017-06-10T15:36:22+08:00 ] ::1 /TPvideo/index.php/Home/User/resetPw.html
ERR: Syntax Error in template "./Template/default/Home\User\resetPw.html"  on line 266 "&lt;/html&gt;" unclosed {else} tag

[ 2017-06-10T15:36:22+08:00 ] ::1 /TPvideo/index.php/Home/User/resetPw.html
ERR: Syntax Error in template "./Template/default/Home\User\resetPw.html"  on line 266 "&lt;/html&gt;" unclosed {else} tag

[ 2017-06-10T15:50:05+08:00 ] ::1 /TPvideo/index.php/Home/User/regist.html
ERR: 1062:Duplicate entry '214693086@qq.com' for key 'email'
 [ SQL语句 ] : INSERT INTO `user` (`username`,`password`,`email`,`registerTime`,`accessToken`,`userstatus`,`userVio`) VALUES ('','4297f44b13955235245b2497399d7a93','214693086@qq.com','1497081004','c33c33e2608f564b407adf3310c012b3','0','0')

[ 2017-06-10T15:53:57+08:00 ] ::1 /TPvideo/index.php/Home/User/index.php
ERR: 非法操作:index.php

[ 2017-06-10T15:54:23+08:00 ] ::1 /TPvideo/index.php/Home/User/index.php
ERR: 非法操作:index.php

[ 2017-06-10T16:08:11+08:00 ] ::1 /TPvideo/index.php/Home/User/resetPw.html
ERR: Syntax Error in template "./Template/default/Home\User\resetPw.html"  on line 68 "&lt;input type=&quot;text&quot; class=&quot;email&quot; placeholder=&quot;Email&quot; required=&quot;required&quot; pattern=&quot;([\w-\.]+@([\w-]+\.)+[\w-]{2,4})?&quot; title=&quot;输入有效的邮箱地址&quot;/&gt;"  - Unexpected ",", expected one of: "}" , " "

[ 2017-06-10T16:09:27+08:00 ] ::1 /TPvideo/index.php/Home/User/resetPw.html
ERR: Syntax Error in template "./Template/default/Home\User\resetPw.html"  on line 65 "&lt;input type=&quot;text&quot; class=&quot;email&quot; placeholder=&quot;Email&quot; required=&quot;required&quot; pattern=&quot;([\w-\.]+@([\w-]+\.)+[\w-]{2,4})?&quot; title=&quot;输入有效的邮箱地址&quot;/&gt;"  - Unexpected ",", expected one of: "}" , " "

[ 2017-06-10T16:10:56+08:00 ] ::1 /TPvideo/index.php/Home/User/resetPw.html
ERR: Syntax Error in template "./Template/default/Home\User\resetPw.html"  on line 108 "// layer.msg('的确很重要', {icon: 1});"  - Unexpected ": ", expected one of: "}" , " "

[ 2017-06-10T16:31:07+08:00 ] ::1 /TPvideo/index.php/Home/User/regist.html
INFO: [ app_begin ] --START--
INFO: Run Behavior\ReadHtmlCacheBehavior [ RunTime:0.002000s ]
INFO: [ app_begin ] --END-- [ RunTime:0.002000s ]
SQL: SHOW COLUMNS FROM `user` [ RunTime:0.0050s ]
NOTIC: [8] Undefined index: validate C:\wamp\www\TPvideo\ThinkPHP\Library\Think\Model.class.php 第 1185 行.
NOTIC: [8] Undefined index: auto C:\wamp\www\TPvideo\ThinkPHP\Library\Think\Model.class.php 第 1128 行.
ERR: 1062:Duplicate entry '214693086@qq.com' for key 'email'
 [ SQL语句 ] : INSERT INTO `user` (`username`,`password`,`email`,`registerTime`,`accessToken`,`userstatus`,`userVio`) VALUES ('123123','4297f44b13955235245b2497399d7a93','214693086@qq.com','1497083467','d41d8cd98f00b204e9800998ecf8427e','0','0')
ERR: 1062:Duplicate entry '214693086@qq.com' for key 'email'
 [ SQL语句 ] : INSERT INTO `user` (`username`,`password`,`email`,`registerTime`,`accessToken`,`userstatus`,`userVio`) VALUES ('123123','4297f44b13955235245b2497399d7a93','214693086@qq.com','1497083467','d41d8cd98f00b204e9800998ecf8427e','0','0')

[ 2017-06-10T16:37:24+08:00 ] ::1 /TPvideo/index.php/Home/User/regist.html
INFO: [ app_begin ] --START--
INFO: Run Behavior\ReadHtmlCacheBehavior [ RunTime:0.000000s ]
INFO: [ app_begin ] --END-- [ RunTime:0.002000s ]
SQL: SHOW COLUMNS FROM `user` [ RunTime:0.0040s ]
NOTIC: [8] Undefined index: validate C:\wamp\www\TPvideo\ThinkPHP\Library\Think\Model.class.php 第 1185 行.
NOTIC: [8] Undefined index: auto C:\wamp\www\TPvideo\ThinkPHP\Library\Think\Model.class.php 第 1128 行.
SQL: INSERT INTO `user` (`username`,`password`,`email`,`registerTime`,`accessToken`,`userstatus`,`userVio`) VALUES ('','d41d8cd98f00b204e9800998ecf8427e','','1497083844','d41d8cd98f00b204e9800998ecf8427e','0','0') [ RunTime:0.1560s ]

[ 2017-06-10T16:37:33+08:00 ] ::1 /TPvideo/index.php/Home/User/regist.html
INFO: [ app_begin ] --START--
INFO: Run Behavior\ReadHtmlCacheBehavior [ RunTime:0.001000s ]
INFO: [ app_begin ] --END-- [ RunTime:0.001000s ]
SQL: SHOW COLUMNS FROM `user` [ RunTime:0.0040s ]
NOTIC: [8] Undefined index: validate C:\wamp\www\TPvideo\ThinkPHP\Library\Think\Model.class.php 第 1185 行.
NOTIC: [8] Undefined index: auto C:\wamp\www\TPvideo\ThinkPHP\Library\Think\Model.class.php 第 1128 行.
ERR: 1062:Duplicate entry '214693086@qq.com' for key 'email'
 [ SQL语句 ] : INSERT INTO `user` (`username`,`password`,`email`,`registerTime`,`accessToken`,`userstatus`,`userVio`) VALUES ('123123','4297f44b13955235245b2497399d7a93','214693086@qq.com','1497083853','d41d8cd98f00b204e9800998ecf8427e','0','0')
ERR: 1062:Duplicate entry '214693086@qq.com' for key 'email'
 [ SQL语句 ] : INSERT INTO `user` (`username`,`password`,`email`,`registerTime`,`accessToken`,`userstatus`,`userVio`) VALUES ('123123','4297f44b13955235245b2497399d7a93','214693086@qq.com','1497083853','d41d8cd98f00b204e9800998ecf8427e','0','0')

[ 2017-06-10T16:41:20+08:00 ] ::1 /TPvideo/index.php/Home/User/regist.html
INFO: [ app_begin ] --START--
INFO: Run Behavior\ReadHtmlCacheBehavior [ RunTime:0.001000s ]
INFO: [ app_begin ] --END-- [ RunTime:0.002000s ]
SQL: SHOW COLUMNS FROM `user` [ RunTime:0.0050s ]
NOTIC: [8] Undefined index: validate C:\wamp\www\TPvideo\ThinkPHP\Library\Think\Model.class.php 第 1185 行.
NOTIC: [8] Undefined index: auto C:\wamp\www\TPvideo\ThinkPHP\Library\Think\Model.class.php 第 1128 行.
ERR: 1062:Duplicate entry '214693086@qq.com' for key 'email'
 [ SQL语句 ] : INSERT INTO `user` (`username`,`password`,`email`,`registerTime`,`accessToken`,`userstatus`,`userVio`) VALUES ('123123','4297f44b13955235245b2497399d7a93','214693086@qq.com','1497084080','d41d8cd98f00b204e9800998ecf8427e','0','0')
ERR: 1062:Duplicate entry '214693086@qq.com' for key 'email'
 [ SQL语句 ] : INSERT INTO `user` (`username`,`password`,`email`,`registerTime`,`accessToken`,`userstatus`,`userVio`) VALUES ('123123','4297f44b13955235245b2497399d7a93','214693086@qq.com','1497084080','d41d8cd98f00b204e9800998ecf8427e','0','0')

[ 2017-06-10T16:47:01+08:00 ] ::1 /TPvideo/index.php/Home/User/resetPw.html
ERR: Syntax Error in template "./Template/default/Home\User\resetPw.html"  on line 65 "&lt;input type=&quot;text&quot; class=&quot;email&quot; placeholder=&quot;Email&quot; required=&quot;required&quot; pattern=&quot;([\w-\.]+@([\w-]+\.)+[\w-]{2,4})?&quot; title=&quot;输入有效的邮箱地址&quot;/&gt;"  - Unexpected ",", expected one of: "}" , " "

