[ 2017-06-05T09:41:28+08:00 ] ::1 /TPvideo/index.php/Home/Carton/%E5%94%8F%E9%87%8C%E5%94%8F%E9%87%8C%E5%8A%A8%E7%94%BB_%E5%8D%A1%E9%80%9A%E5%8A%A8%E6%BC%AB_files/u=1286010796,1762813222&fm=20
ERR: 非法操作:唏里唏里动画_卡通动漫_files

[ 2017-06-05T09:41:29+08:00 ] ::1 /TPvideo/index.php/Home/Carton/%E5%94%8F%E9%87%8C%E5%94%8F%E9%87%8C%E5%8A%A8%E7%94%BB_%E5%8D%A1%E9%80%9A%E5%8A%A8%E6%BC%AB_files/u=811654722,130101203&fm=20
ERR: 非法操作:唏里唏里动画_卡通动漫_files

[ 2017-06-05T09:41:29+08:00 ] ::1 /TPvideo/index.php/Home/Carton/%E5%94%8F%E9%87%8C%E5%94%8F%E9%87%8C%E5%8A%A8%E7%94%BB_%E5%8D%A1%E9%80%9A%E5%8A%A8%E6%BC%AB_files/u=4080195901,2013295905&fm=20
ERR: 非法操作:唏里唏里动画_卡通动漫_files

[ 2017-06-05T09:41:29+08:00 ] ::1 /TPvideo/index.php/Home/Carton/%E5%94%8F%E9%87%8C%E5%94%8F%E9%87%8C%E5%8A%A8%E7%94%BB_%E5%8D%A1%E9%80%9A%E5%8A%A8%E6%BC%AB_files/u=2557811826,2007786970&fm=20
ERR: 非法操作:唏里唏里动画_卡通动漫_files

[ 2017-06-05T09:41:29+08:00 ] ::1 /TPvideo/index.php/Home/Carton/%E5%94%8F%E9%87%8C%E5%94%8F%E9%87%8C%E5%8A%A8%E7%94%BB_%E5%8D%A1%E9%80%9A%E5%8A%A8%E6%BC%AB_files/u=4241987513,3789419715&fm=20
ERR: 非法操作:唏里唏里动画_卡通动漫_files

[ 2017-06-05T09:41:29+08:00 ] ::1 /TPvideo/index.php/Home/Carton/%E5%94%8F%E9%87%8C%E5%94%8F%E9%87%8C%E5%8A%A8%E7%94%BB_%E5%8D%A1%E9%80%9A%E5%8A%A8%E6%BC%AB_files/u=1618794280,2578314300&fm=20
ERR: 非法操作:唏里唏里动画_卡通动漫_files

[ 2017-06-05T09:41:29+08:00 ] ::1 /TPvideo/index.php/Home/Carton/%E5%94%8F%E9%87%8C%E5%94%8F%E9%87%8C%E5%8A%A8%E7%94%BB_%E5%8D%A1%E9%80%9A%E5%8A%A8%E6%BC%AB_files/u=3986239096,2714751997&fm=20
ERR: 非法操作:唏里唏里动画_卡通动漫_files

[ 2017-06-05T09:41:29+08:00 ] ::1 /TPvideo/index.php/Home/Carton/%E5%94%8F%E9%87%8C%E5%94%8F%E9%87%8C%E5%8A%A8%E7%94%BB_%E5%8D%A1%E9%80%9A%E5%8A%A8%E6%BC%AB_files/u=2216158858,2922819176&fm=20
ERR: 非法操作:唏里唏里动画_卡通动漫_files

[ 2017-06-05T09:41:29+08:00 ] ::1 /TPvideo/index.php/Home/Carton/%E5%94%8F%E9%87%8C%E5%94%8F%E9%87%8C%E5%8A%A8%E7%94%BB_%E5%8D%A1%E9%80%9A%E5%8A%A8%E6%BC%AB_files/u=593616858,2597100286&fm=20
ERR: 非法操作:唏里唏里动画_卡通动漫_files

[ 2017-06-05T09:41:29+08:00 ] ::1 /TPvideo/index.php/Home/Carton/%E5%94%8F%E9%87%8C%E5%94%8F%E9%87%8C%E5%8A%A8%E7%94%BB_%E5%8D%A1%E9%80%9A%E5%8A%A8%E6%BC%AB_files/u=783138555,3487996589&fm=20
ERR: 非法操作:唏里唏里动画_卡通动漫_files

[ 2017-06-05T09:41:29+08:00 ] ::1 /TPvideo/index.php/Home/Carton/%E5%94%8F%E9%87%8C%E5%94%8F%E9%87%8C%E5%8A%A8%E7%94%BB_%E5%8D%A1%E9%80%9A%E5%8A%A8%E6%BC%AB_files/u=1493723840,2405594587&fm=20
ERR: 非法操作:唏里唏里动画_卡通动漫_files

[ 2017-06-05T09:41:29+08:00 ] ::1 /TPvideo/index.php/Home/Carton/%E5%94%8F%E9%87%8C%E5%94%8F%E9%87%8C%E5%8A%A8%E7%94%BB_%E5%8D%A1%E9%80%9A%E5%8A%A8%E6%BC%AB_files/u=3334375866,3406600830&fm=20
ERR: 非法操作:唏里唏里动画_卡通动漫_files

[ 2017-06-05T09:41:29+08:00 ] ::1 /TPvideo/index.php/Home/Carton/%E5%94%8F%E9%87%8C%E5%94%8F%E9%87%8C%E5%8A%A8%E7%94%BB_%E5%8D%A1%E9%80%9A%E5%8A%A8%E6%BC%AB_files/u=1344325322,3246165502&fm=20
ERR: 非法操作:唏里唏里动画_卡通动漫_files

[ 2017-06-05T09:41:29+08:00 ] ::1 /TPvideo/index.php/Home/Carton/%E5%94%8F%E9%87%8C%E5%94%8F%E9%87%8C%E5%8A%A8%E7%94%BB_%E5%8D%A1%E9%80%9A%E5%8A%A8%E6%BC%AB_files/u=2835012470,3957468117&fm=20
ERR: 非法操作:唏里唏里动画_卡通动漫_files

[ 2017-06-05T09:41:29+08:00 ] ::1 /TPvideo/index.php/Home/Carton/%E5%94%8F%E9%87%8C%E5%94%8F%E9%87%8C%E5%8A%A8%E7%94%BB_%E5%8D%A1%E9%80%9A%E5%8A%A8%E6%BC%AB_files/u=924311981,2305963323&fm=20
ERR: 非法操作:唏里唏里动画_卡通动漫_files

[ 2017-06-05T09:41:29+08:00 ] ::1 /TPvideo/index.php/Home/Carton/%E5%94%8F%E9%87%8C%E5%94%8F%E9%87%8C%E5%8A%A8%E7%94%BB_%E5%8D%A1%E9%80%9A%E5%8A%A8%E6%BC%AB_files/u=466111325,46442140&fm=20
ERR: 非法操作:唏里唏里动画_卡通动漫_files

[ 2017-06-05T09:41:29+08:00 ] ::1 /TPvideo/index.php/Home/Carton/%E5%94%8F%E9%87%8C%E5%94%8F%E9%87%8C%E5%8A%A8%E7%94%BB_%E5%8D%A1%E9%80%9A%E5%8A%A8%E6%BC%AB_files/u=1402296845,1515441770&fm=20
ERR: 非法操作:唏里唏里动画_卡通动漫_files

[ 2017-06-05T09:41:29+08:00 ] ::1 /TPvideo/index.php/Home/Carton/%E5%94%8F%E9%87%8C%E5%94%8F%E9%87%8C%E5%8A%A8%E7%94%BB_%E5%8D%A1%E9%80%9A%E5%8A%A8%E6%BC%AB_files/u=3839103291,3088484477&fm=20
ERR: 非法操作:唏里唏里动画_卡通动漫_files

[ 2017-06-05T09:41:29+08:00 ] ::1 /TPvideo/index.php/Home/Carton/%E5%94%8F%E9%87%8C%E5%94%8F%E9%87%8C%E5%8A%A8%E7%94%BB_%E5%8D%A1%E9%80%9A%E5%8A%A8%E6%BC%AB_files/u=901004293,2058047111&fm=20
ERR: 非法操作:唏里唏里动画_卡通动漫_files

[ 2017-06-05T09:41:29+08:00 ] ::1 /TPvideo/index.php/Home/Carton/%E5%94%8F%E9%87%8C%E5%94%8F%E9%87%8C%E5%8A%A8%E7%94%BB_%E5%8D%A1%E9%80%9A%E5%8A%A8%E6%BC%AB_files/u=2372709731,1127054541&fm=20
ERR: 非法操作:唏里唏里动画_卡通动漫_files

[ 2017-06-05T09:41:29+08:00 ] ::1 /TPvideo/index.php/Home/Carton/%E5%94%8F%E9%87%8C%E5%94%8F%E9%87%8C%E5%8A%A8%E7%94%BB_%E5%8D%A1%E9%80%9A%E5%8A%A8%E6%BC%AB_files/u=494003402,2545047587&fm=20
ERR: 非法操作:唏里唏里动画_卡通动漫_files

[ 2017-06-05T09:41:29+08:00 ] ::1 /TPvideo/index.php/Home/Carton/%E5%94%8F%E9%87%8C%E5%94%8F%E9%87%8C%E5%8A%A8%E7%94%BB_%E5%8D%A1%E9%80%9A%E5%8A%A8%E6%BC%AB_files/u=4241987513,3789419715&fm=20
ERR: 非法操作:唏里唏里动画_卡通动漫_files

[ 2017-06-05T09:41:30+08:00 ] ::1 /TPvideo/index.php/Home/Carton/%E5%94%8F%E9%87%8C%E5%94%8F%E9%87%8C%E5%8A%A8%E7%94%BB_%E5%8D%A1%E9%80%9A%E5%8A%A8%E6%BC%AB_files/u=811654722,130101203&fm=20
ERR: 非法操作:唏里唏里动画_卡通动漫_files

[ 2017-06-05T09:41:30+08:00 ] ::1 /TPvideo/index.php/Home/Carton/%E5%94%8F%E9%87%8C%E5%94%8F%E9%87%8C%E5%8A%A8%E7%94%BB_%E5%8D%A1%E9%80%9A%E5%8A%A8%E6%BC%AB_files/u=633454111,3978737681&fm=20
ERR: 非法操作:唏里唏里动画_卡通动漫_files

[ 2017-06-05T09:41:30+08:00 ] ::1 /TPvideo/index.php/Home/Carton/%E5%94%8F%E9%87%8C%E5%94%8F%E9%87%8C%E5%8A%A8%E7%94%BB_%E5%8D%A1%E9%80%9A%E5%8A%A8%E6%BC%AB_files/u=2557811826,2007786970&fm=20
ERR: 非法操作:唏里唏里动画_卡通动漫_files

[ 2017-06-05T09:41:30+08:00 ] ::1 /TPvideo/index.php/Home/Carton/%E5%94%8F%E9%87%8C%E5%94%8F%E9%87%8C%E5%8A%A8%E7%94%BB_%E5%8D%A1%E9%80%9A%E5%8A%A8%E6%BC%AB_files/u=3530237116,3165818344&fm=20
ERR: 非法操作:唏里唏里动画_卡通动漫_files

[ 2017-06-05T09:41:30+08:00 ] ::1 /TPvideo/index.php/Home/Carton/%E5%94%8F%E9%87%8C%E5%94%8F%E9%87%8C%E5%8A%A8%E7%94%BB_%E5%8D%A1%E9%80%9A%E5%8A%A8%E6%BC%AB_files/u=4080195901,2013295905&fm=20
ERR: 非法操作:唏里唏里动画_卡通动漫_files

[ 2017-06-05T09:41:30+08:00 ] ::1 /TPvideo/index.php/Home/Carton/%E5%94%8F%E9%87%8C%E5%94%8F%E9%87%8C%E5%8A%A8%E7%94%BB_%E5%8D%A1%E9%80%9A%E5%8A%A8%E6%BC%AB_files/u=1286010796,1762813222&fm=20
ERR: 非法操作:唏里唏里动画_卡通动漫_files

[ 2017-06-05T09:41:30+08:00 ] ::1 /TPvideo/index.php/Home/Carton/%E5%94%8F%E9%87%8C%E5%94%8F%E9%87%8C%E5%8A%A8%E7%94%BB_%E5%8D%A1%E9%80%9A%E5%8A%A8%E6%BC%AB_files/u=4270036784,507209928&fm=20
ERR: 非法操作:唏里唏里动画_卡通动漫_files

[ 2017-06-05T09:41:30+08:00 ] ::1 /TPvideo/index.php/Home/Carton/%E5%94%8F%E9%87%8C%E5%94%8F%E9%87%8C%E5%8A%A8%E7%94%BB_%E5%8D%A1%E9%80%9A%E5%8A%A8%E6%BC%AB_files/u=3320019772,2272156840&fm=20
ERR: 非法操作:唏里唏里动画_卡通动漫_files

[ 2017-06-05T09:41:30+08:00 ] ::1 /TPvideo/index.php/Home/Carton/%E5%94%8F%E9%87%8C%E5%94%8F%E9%87%8C%E5%8A%A8%E7%94%BB_%E5%8D%A1%E9%80%9A%E5%8A%A8%E6%BC%AB_files/u=4048047381,1491292599&fm=20
ERR: 非法操作:唏里唏里动画_卡通动漫_files

[ 2017-06-05T09:41:30+08:00 ] ::1 /TPvideo/index.php/Home/Carton/%E5%94%8F%E9%87%8C%E5%94%8F%E9%87%8C%E5%8A%A8%E7%94%BB_%E5%8D%A1%E9%80%9A%E5%8A%A8%E6%BC%AB_files/u=2862545432,2436871935&fm=20
ERR: 非法操作:唏里唏里动画_卡通动漫_files

[ 2017-06-05T09:41:30+08:00 ] ::1 /TPvideo/index.php/Home/Carton/%E5%94%8F%E9%87%8C%E5%94%8F%E9%87%8C%E5%8A%A8%E7%94%BB_%E5%8D%A1%E9%80%9A%E5%8A%A8%E6%BC%AB_files/u=3306499429,3524902413&fm=20
ERR: 非法操作:唏里唏里动画_卡通动漫_files

[ 2017-06-05T09:41:30+08:00 ] ::1 /TPvideo/index.php/Home/Carton/%E5%94%8F%E9%87%8C%E5%94%8F%E9%87%8C%E5%8A%A8%E7%94%BB_%E5%8D%A1%E9%80%9A%E5%8A%A8%E6%BC%AB_files/u=3631029309,2307412310&fm=20
ERR: 非法操作:唏里唏里动画_卡通动漫_files

[ 2017-06-05T09:41:30+08:00 ] ::1 /TPvideo/index.php/Home/Carton/%E5%94%8F%E9%87%8C%E5%94%8F%E9%87%8C%E5%8A%A8%E7%94%BB_%E5%8D%A1%E9%80%9A%E5%8A%A8%E6%BC%AB_files/u=2140195506,2204143411&fm=20
ERR: 非法操作:唏里唏里动画_卡通动漫_files

[ 2017-06-05T09:41:30+08:00 ] ::1 /TPvideo/index.php/Home/Carton/%E5%94%8F%E9%87%8C%E5%94%8F%E9%87%8C%E5%8A%A8%E7%94%BB_%E5%8D%A1%E9%80%9A%E5%8A%A8%E6%BC%AB_files/u=1618794280,2578314300&fm=20
ERR: 非法操作:唏里唏里动画_卡通动漫_files

[ 2017-06-05T09:41:30+08:00 ] ::1 /TPvideo/index.php/Home/Carton/%E5%94%8F%E9%87%8C%E5%94%8F%E9%87%8C%E5%8A%A8%E7%94%BB_%E5%8D%A1%E9%80%9A%E5%8A%A8%E6%BC%AB_files/u=3986239096,2714751997&fm=20
ERR: 非法操作:唏里唏里动画_卡通动漫_files

[ 2017-06-05T10:22:49+08:00 ] ::1 /TPvideo/index.php/Home/Carton/%E5%94%8F%E9%87%8C%E5%94%8F%E9%87%8C%E5%8A%A8%E7%94%BB_%E5%8D%A1%E9%80%9A%E5%8A%A8%E6%BC%AB_files/u=811654722,130101203&fm=20
ERR: 非法操作:唏里唏里动画_卡通动漫_files

[ 2017-06-05T10:22:49+08:00 ] ::1 /TPvideo/index.php/Home/Carton/%E5%94%8F%E9%87%8C%E5%94%8F%E9%87%8C%E5%8A%A8%E7%94%BB_%E5%8D%A1%E9%80%9A%E5%8A%A8%E6%BC%AB_files/u=1286010796,1762813222&fm=20
ERR: 非法操作:唏里唏里动画_卡通动漫_files

[ 2017-06-05T10:22:49+08:00 ] ::1 /TPvideo/index.php/Home/Carton/%E5%94%8F%E9%87%8C%E5%94%8F%E9%87%8C%E5%8A%A8%E7%94%BB_%E5%8D%A1%E9%80%9A%E5%8A%A8%E6%BC%AB_files/u=4241987513,3789419715&fm=20
ERR: 非法操作:唏里唏里动画_卡通动漫_files

[ 2017-06-05T10:22:49+08:00 ] ::1 /TPvideo/index.php/Home/Carton/%E5%94%8F%E9%87%8C%E5%94%8F%E9%87%8C%E5%8A%A8%E7%94%BB_%E5%8D%A1%E9%80%9A%E5%8A%A8%E6%BC%AB_files/u=4080195901,2013295905&fm=20
ERR: 非法操作:唏里唏里动画_卡通动漫_files

[ 2017-06-05T10:22:49+08:00 ] ::1 /TPvideo/index.php/Home/Carton/%E5%94%8F%E9%87%8C%E5%94%8F%E9%87%8C%E5%8A%A8%E7%94%BB_%E5%8D%A1%E9%80%9A%E5%8A%A8%E6%BC%AB_files/u=3986239096,2714751997&fm=20
ERR: 非法操作:唏里唏里动画_卡通动漫_files

[ 2017-06-05T10:22:49+08:00 ] ::1 /TPvideo/index.php/Home/Carton/%E5%94%8F%E9%87%8C%E5%94%8F%E9%87%8C%E5%8A%A8%E7%94%BB_%E5%8D%A1%E9%80%9A%E5%8A%A8%E6%BC%AB_files/u=2557811826,2007786970&fm=20
ERR: 非法操作:唏里唏里动画_卡通动漫_files

[ 2017-06-05T10:22:49+08:00 ] ::1 /TPvideo/index.php/Home/Carton/%E5%94%8F%E9%87%8C%E5%94%8F%E9%87%8C%E5%8A%A8%E7%94%BB_%E5%8D%A1%E9%80%9A%E5%8A%A8%E6%BC%AB_files/u=1618794280,2578314300&fm=20
ERR: 非法操作:唏里唏里动画_卡通动漫_files

[ 2017-06-05T10:22:49+08:00 ] ::1 /TPvideo/index.php/Home/Carton/%E5%94%8F%E9%87%8C%E5%94%8F%E9%87%8C%E5%8A%A8%E7%94%BB_%E5%8D%A1%E9%80%9A%E5%8A%A8%E6%BC%AB_files/u=2216158858,2922819176&fm=20
ERR: 非法操作:唏里唏里动画_卡通动漫_files

[ 2017-06-05T10:22:49+08:00 ] ::1 /TPvideo/index.php/Home/Carton/%E5%94%8F%E9%87%8C%E5%94%8F%E9%87%8C%E5%8A%A8%E7%94%BB_%E5%8D%A1%E9%80%9A%E5%8A%A8%E6%BC%AB_files/u=593616858,2597100286&fm=20
ERR: 非法操作:唏里唏里动画_卡通动漫_files

[ 2017-06-05T10:22:49+08:00 ] ::1 /TPvideo/index.php/Home/Carton/%E5%94%8F%E9%87%8C%E5%94%8F%E9%87%8C%E5%8A%A8%E7%94%BB_%E5%8D%A1%E9%80%9A%E5%8A%A8%E6%BC%AB_files/u=1344325322,3246165502&fm=20
ERR: 非法操作:唏里唏里动画_卡通动漫_files

[ 2017-06-05T10:22:49+08:00 ] ::1 /TPvideo/index.php/Home/Carton/%E5%94%8F%E9%87%8C%E5%94%8F%E9%87%8C%E5%8A%A8%E7%94%BB_%E5%8D%A1%E9%80%9A%E5%8A%A8%E6%BC%AB_files/u=783138555,3487996589&fm=20
ERR: 非法操作:唏里唏里动画_卡通动漫_files

[ 2017-06-05T10:22:49+08:00 ] ::1 /TPvideo/index.php/Home/Carton/%E5%94%8F%E9%87%8C%E5%94%8F%E9%87%8C%E5%8A%A8%E7%94%BB_%E5%8D%A1%E9%80%9A%E5%8A%A8%E6%BC%AB_files/u=1493723840,2405594587&fm=20
ERR: 非法操作:唏里唏里动画_卡通动漫_files

[ 2017-06-05T10:22:49+08:00 ] ::1 /TPvideo/index.php/Home/Carton/%E5%94%8F%E9%87%8C%E5%94%8F%E9%87%8C%E5%8A%A8%E7%94%BB_%E5%8D%A1%E9%80%9A%E5%8A%A8%E6%BC%AB_files/u=1402296845,1515441770&fm=20
ERR: 非法操作:唏里唏里动画_卡通动漫_files

[ 2017-06-05T10:22:49+08:00 ] ::1 /TPvideo/index.php/Home/Carton/%E5%94%8F%E9%87%8C%E5%94%8F%E9%87%8C%E5%8A%A8%E7%94%BB_%E5%8D%A1%E9%80%9A%E5%8A%A8%E6%BC%AB_files/u=3334375866,3406600830&fm=20
ERR: 非法操作:唏里唏里动画_卡通动漫_files

[ 2017-06-05T10:22:49+08:00 ] ::1 /TPvideo/index.php/Home/Carton/%E5%94%8F%E9%87%8C%E5%94%8F%E9%87%8C%E5%8A%A8%E7%94%BB_%E5%8D%A1%E9%80%9A%E5%8A%A8%E6%BC%AB_files/u=1286010796,1762813222&fm=20
ERR: 非法操作:唏里唏里动画_卡通动漫_files

[ 2017-06-05T10:22:49+08:00 ] ::1 /TPvideo/index.php/Home/Carton/%E5%94%8F%E9%87%8C%E5%94%8F%E9%87%8C%E5%8A%A8%E7%94%BB_%E5%8D%A1%E9%80%9A%E5%8A%A8%E6%BC%AB_files/u=811654722,130101203&fm=20
ERR: 非法操作:唏里唏里动画_卡通动漫_files

[ 2017-06-05T10:22:49+08:00 ] ::1 /TPvideo/index.php/Home/Carton/%E5%94%8F%E9%87%8C%E5%94%8F%E9%87%8C%E5%8A%A8%E7%94%BB_%E5%8D%A1%E9%80%9A%E5%8A%A8%E6%BC%AB_files/u=4080195901,2013295905&fm=20
ERR: 非法操作:唏里唏里动画_卡通动漫_files

[ 2017-06-05T10:22:49+08:00 ] ::1 /TPvideo/index.php/Home/Carton/%E5%94%8F%E9%87%8C%E5%94%8F%E9%87%8C%E5%8A%A8%E7%94%BB_%E5%8D%A1%E9%80%9A%E5%8A%A8%E6%BC%AB_files/u=2835012470,3957468117&fm=20
ERR: 非法操作:唏里唏里动画_卡通动漫_files

[ 2017-06-05T10:22:49+08:00 ] ::1 /TPvideo/index.php/Home/Carton/%E5%94%8F%E9%87%8C%E5%94%8F%E9%87%8C%E5%8A%A8%E7%94%BB_%E5%8D%A1%E9%80%9A%E5%8A%A8%E6%BC%AB_files/u=466111325,46442140&fm=20
ERR: 非法操作:唏里唏里动画_卡通动漫_files

[ 2017-06-05T10:22:49+08:00 ] ::1 /TPvideo/index.php/Home/Carton/%E5%94%8F%E9%87%8C%E5%94%8F%E9%87%8C%E5%8A%A8%E7%94%BB_%E5%8D%A1%E9%80%9A%E5%8A%A8%E6%BC%AB_files/u=924311981,2305963323&fm=20
ERR: 非法操作:唏里唏里动画_卡通动漫_files

[ 2017-06-05T10:22:49+08:00 ] ::1 /TPvideo/index.php/Home/Carton/%E5%94%8F%E9%87%8C%E5%94%8F%E9%87%8C%E5%8A%A8%E7%94%BB_%E5%8D%A1%E9%80%9A%E5%8A%A8%E6%BC%AB_files/u=4241987513,3789419715&fm=20
ERR: 非法操作:唏里唏里动画_卡通动漫_files

[ 2017-06-05T10:22:49+08:00 ] ::1 /TPvideo/index.php/Home/Carton/%E5%94%8F%E9%87%8C%E5%94%8F%E9%87%8C%E5%8A%A8%E7%94%BB_%E5%8D%A1%E9%80%9A%E5%8A%A8%E6%BC%AB_files/u=3839103291,3088484477&fm=20
ERR: 非法操作:唏里唏里动画_卡通动漫_files

[ 2017-06-05T10:22:49+08:00 ] ::1 /TPvideo/index.php/Home/Carton/%E5%94%8F%E9%87%8C%E5%94%8F%E9%87%8C%E5%8A%A8%E7%94%BB_%E5%8D%A1%E9%80%9A%E5%8A%A8%E6%BC%AB_files/u=2372709731,1127054541&fm=20
ERR: 非法操作:唏里唏里动画_卡通动漫_files

[ 2017-06-05T10:22:49+08:00 ] ::1 /TPvideo/index.php/Home/Carton/%E5%94%8F%E9%87%8C%E5%94%8F%E9%87%8C%E5%8A%A8%E7%94%BB_%E5%8D%A1%E9%80%9A%E5%8A%A8%E6%BC%AB_files/u=901004293,2058047111&fm=20
ERR: 非法操作:唏里唏里动画_卡通动漫_files

[ 2017-06-05T10:22:49+08:00 ] ::1 /TPvideo/index.php/Home/Carton/%E5%94%8F%E9%87%8C%E5%94%8F%E9%87%8C%E5%8A%A8%E7%94%BB_%E5%8D%A1%E9%80%9A%E5%8A%A8%E6%BC%AB_files/u=3530237116,3165818344&fm=20
ERR: 非法操作:唏里唏里动画_卡通动漫_files

[ 2017-06-05T10:22:49+08:00 ] ::1 /TPvideo/index.php/Home/Carton/%E5%94%8F%E9%87%8C%E5%94%8F%E9%87%8C%E5%8A%A8%E7%94%BB_%E5%8D%A1%E9%80%9A%E5%8A%A8%E6%BC%AB_files/u=494003402,2545047587&fm=20
ERR: 非法操作:唏里唏里动画_卡通动漫_files

[ 2017-06-05T10:22:49+08:00 ] ::1 /TPvideo/index.php/Home/Carton/%E5%94%8F%E9%87%8C%E5%94%8F%E9%87%8C%E5%8A%A8%E7%94%BB_%E5%8D%A1%E9%80%9A%E5%8A%A8%E6%BC%AB_files/u=633454111,3978737681&fm=20
ERR: 非法操作:唏里唏里动画_卡通动漫_files

[ 2017-06-05T10:22:49+08:00 ] ::1 /TPvideo/index.php/Home/Carton/%E5%94%8F%E9%87%8C%E5%94%8F%E9%87%8C%E5%8A%A8%E7%94%BB_%E5%8D%A1%E9%80%9A%E5%8A%A8%E6%BC%AB_files/u=4048047381,1491292599&fm=20
ERR: 非法操作:唏里唏里动画_卡通动漫_files

[ 2017-06-05T10:22:49+08:00 ] ::1 /TPvideo/index.php/Home/Carton/%E5%94%8F%E9%87%8C%E5%94%8F%E9%87%8C%E5%8A%A8%E7%94%BB_%E5%8D%A1%E9%80%9A%E5%8A%A8%E6%BC%AB_files/u=4270036784,507209928&fm=20
ERR: 非法操作:唏里唏里动画_卡通动漫_files

[ 2017-06-05T10:22:49+08:00 ] ::1 /TPvideo/index.php/Home/Carton/%E5%94%8F%E9%87%8C%E5%94%8F%E9%87%8C%E5%8A%A8%E7%94%BB_%E5%8D%A1%E9%80%9A%E5%8A%A8%E6%BC%AB_files/u=3306499429,3524902413&fm=20
ERR: 非法操作:唏里唏里动画_卡通动漫_files

[ 2017-06-05T10:22:49+08:00 ] ::1 /TPvideo/index.php/Home/Carton/%E5%94%8F%E9%87%8C%E5%94%8F%E9%87%8C%E5%8A%A8%E7%94%BB_%E5%8D%A1%E9%80%9A%E5%8A%A8%E6%BC%AB_files/u=3320019772,2272156840&fm=20
ERR: 非法操作:唏里唏里动画_卡通动漫_files

[ 2017-06-05T10:22:49+08:00 ] ::1 /TPvideo/index.php/Home/Carton/%E5%94%8F%E9%87%8C%E5%94%8F%E9%87%8C%E5%8A%A8%E7%94%BB_%E5%8D%A1%E9%80%9A%E5%8A%A8%E6%BC%AB_files/u=2862545432,2436871935&fm=20
ERR: 非法操作:唏里唏里动画_卡通动漫_files

[ 2017-06-05T10:22:49+08:00 ] ::1 /TPvideo/index.php/Home/Carton/%E5%94%8F%E9%87%8C%E5%94%8F%E9%87%8C%E5%8A%A8%E7%94%BB_%E5%8D%A1%E9%80%9A%E5%8A%A8%E6%BC%AB_files/u=3631029309,2307412310&fm=20
ERR: 非法操作:唏里唏里动画_卡通动漫_files

[ 2017-06-05T10:22:49+08:00 ] ::1 /TPvideo/index.php/Home/Carton/%E5%94%8F%E9%87%8C%E5%94%8F%E9%87%8C%E5%8A%A8%E7%94%BB_%E5%8D%A1%E9%80%9A%E5%8A%A8%E6%BC%AB_files/u=2140195506,2204143411&fm=20
ERR: 非法操作:唏里唏里动画_卡通动漫_files

[ 2017-06-05T10:22:49+08:00 ] ::1 /TPvideo/index.php/Home/Carton/%E5%94%8F%E9%87%8C%E5%94%8F%E9%87%8C%E5%8A%A8%E7%94%BB_%E5%8D%A1%E9%80%9A%E5%8A%A8%E6%BC%AB_files/u=3986239096,2714751997&fm=20
ERR: 非法操作:唏里唏里动画_卡通动漫_files

[ 2017-06-05T10:34:20+08:00 ] ::1 /TPvideo/index.php/Home/Index/index.html
ERR: Syntax Error in template "./Template/default/Home\Index\index.html"  on line 142 "&lt;input type=&quot;text&quot; class=&quot;email&quot; placeholder=&quot;Enter email&quot; required=&quot;required&quot; pattern=&quot;^[a-z0-9]+([._\\-]*[a-z0-9])*@([a-z0-9]+[-a-z0-9]*[a-z0-9]+.){1,63}[a-z0-9]+$&quot;/&gt;"  - Unexpected ",", expected one of: "}" , " "

[ 2017-06-05T10:51:56+08:00 ] ::1 /TPvideo/index.php/Home/User/login.html
ERR: 无法加载控制器:User

[ 2017-06-05T10:54:37+08:00 ] ::1 /TPvideo/index.php/Home/User/login.html
ERR: 无法加载控制器:User

[ 2017-06-05T10:54:53+08:00 ] ::1 /TPvideo/index.php/Home/User/login.html
ERR: 无法加载控制器:User

[ 2017-06-05T10:54:58+08:00 ] ::1 /TPvideo/index.php/Home/User/login.html
ERR: 无法加载控制器:User

[ 2017-06-05T11:08:25+08:00 ] ::1 /TPvideo/index.php/Home/Login/login.html
ERR: 模板不存在:./Template/default/Home/Public/error_tip.html

[ 2017-06-05T11:09:15+08:00 ] ::1 /TPvideo/index.php/Home/Login/login.html
ERR: 模板不存在:./Template/default/Home/Public/error_tip.html

[ 2017-06-05T11:11:03+08:00 ] ::1 /TPvideo/index.php/Home/Login/login.html
ERR: 模板不存在:./Template/default/Home/Public/error_tip.html

[ 2017-06-05T11:11:37+08:00 ] ::1 /TPvideo/index.php/Home/Login/login.html
ERR: 模板不存在:./Template/default/Home/Public/error_tip.html

[ 2017-06-05T11:28:00+08:00 ] ::1 /TPvideo/index.php/Home/User/regist.html
ERR: 无法加载控制器:User

[ 2017-06-05T11:29:04+08:00 ] ::1 /TPvideo/index.php/Home/User/regist
ERR: 无法加载控制器:User

[ 2017-06-05T11:31:21+08:00 ] ::1 /TPvideo/index.php/Home/User/regist
ERR: 无法加载控制器:User

[ 2017-06-05T11:31:25+08:00 ] ::1 /TPvideo/index.php/Home/User/regist
ERR: 无法加载控制器:User

[ 2017-06-05T11:31:32+08:00 ] ::1 /TPvideo/index.php/Home/User/regist
ERR: 无法加载控制器:User

[ 2017-06-05T11:31:38+08:00 ] ::1 /TPvideo/index.php/Home/User/regist
ERR: 无法加载控制器:User

[ 2017-06-05T11:31:47+08:00 ] ::1 /TPvideo/index.php/Home/Carton/%E5%94%8F%E9%87%8C%E5%94%8F%E9%87%8C%E5%8A%A8%E7%94%BB_%E5%8D%A1%E9%80%9A%E5%8A%A8%E6%BC%AB_files/u=1286010796,1762813222&fm=20
ERR: 非法操作:唏里唏里动画_卡通动漫_files

[ 2017-06-05T11:31:47+08:00 ] ::1 /TPvideo/index.php/Home/Carton/%E5%94%8F%E9%87%8C%E5%94%8F%E9%87%8C%E5%8A%A8%E7%94%BB_%E5%8D%A1%E9%80%9A%E5%8A%A8%E6%BC%AB_files/u=811654722,130101203&fm=20
ERR: 非法操作:唏里唏里动画_卡通动漫_files

[ 2017-06-05T11:31:47+08:00 ] ::1 /TPvideo/index.php/Home/Carton/%E5%94%8F%E9%87%8C%E5%94%8F%E9%87%8C%E5%8A%A8%E7%94%BB_%E5%8D%A1%E9%80%9A%E5%8A%A8%E6%BC%AB_files/u=4080195901,2013295905&fm=20
ERR: 非法操作:唏里唏里动画_卡通动漫_files

[ 2017-06-05T11:31:47+08:00 ] ::1 /TPvideo/index.php/Home/Carton/%E5%94%8F%E9%87%8C%E5%94%8F%E9%87%8C%E5%8A%A8%E7%94%BB_%E5%8D%A1%E9%80%9A%E5%8A%A8%E6%BC%AB_files/u=3986239096,2714751997&fm=20
ERR: 非法操作:唏里唏里动画_卡通动漫_files

[ 2017-06-05T11:31:47+08:00 ] ::1 /TPvideo/index.php/Home/Carton/%E5%94%8F%E9%87%8C%E5%94%8F%E9%87%8C%E5%8A%A8%E7%94%BB_%E5%8D%A1%E9%80%9A%E5%8A%A8%E6%BC%AB_files/u=2557811826,2007786970&fm=20
ERR: 非法操作:唏里唏里动画_卡通动漫_files

[ 2017-06-05T11:31:47+08:00 ] ::1 /TPvideo/index.php/Home/Carton/%E5%94%8F%E9%87%8C%E5%94%8F%E9%87%8C%E5%8A%A8%E7%94%BB_%E5%8D%A1%E9%80%9A%E5%8A%A8%E6%BC%AB_files/u=1618794280,2578314300&fm=20
ERR: 非法操作:唏里唏里动画_卡通动漫_files

[ 2017-06-05T11:31:47+08:00 ] ::1 /TPvideo/index.php/Home/Carton/%E5%94%8F%E9%87%8C%E5%94%8F%E9%87%8C%E5%8A%A8%E7%94%BB_%E5%8D%A1%E9%80%9A%E5%8A%A8%E6%BC%AB_files/u=593616858,2597100286&fm=20
ERR: 非法操作:唏里唏里动画_卡通动漫_files

[ 2017-06-05T11:31:47+08:00 ] ::1 /TPvideo/index.php/Home/Carton/%E5%94%8F%E9%87%8C%E5%94%8F%E9%87%8C%E5%8A%A8%E7%94%BB_%E5%8D%A1%E9%80%9A%E5%8A%A8%E6%BC%AB_files/u=2216158858,2922819176&fm=20
ERR: 非法操作:唏里唏里动画_卡通动漫_files

[ 2017-06-05T11:31:47+08:00 ] ::1 /TPvideo/index.php/Home/Carton/%E5%94%8F%E9%87%8C%E5%94%8F%E9%87%8C%E5%8A%A8%E7%94%BB_%E5%8D%A1%E9%80%9A%E5%8A%A8%E6%BC%AB_files/u=4241987513,3789419715&fm=20
ERR: 非法操作:唏里唏里动画_卡通动漫_files

[ 2017-06-05T11:31:47+08:00 ] ::1 /TPvideo/index.php/Home/Carton/%E5%94%8F%E9%87%8C%E5%94%8F%E9%87%8C%E5%8A%A8%E7%94%BB_%E5%8D%A1%E9%80%9A%E5%8A%A8%E6%BC%AB_files/u=1493723840,2405594587&fm=20
ERR: 非法操作:唏里唏里动画_卡通动漫_files

[ 2017-06-05T11:31:47+08:00 ] ::1 /TPvideo/index.php/Home/Carton/%E5%94%8F%E9%87%8C%E5%94%8F%E9%87%8C%E5%8A%A8%E7%94%BB_%E5%8D%A1%E9%80%9A%E5%8A%A8%E6%BC%AB_files/u=1344325322,3246165502&fm=20
ERR: 非法操作:唏里唏里动画_卡通动漫_files

[ 2017-06-05T11:31:47+08:00 ] ::1 /TPvideo/index.php/Home/Carton/%E5%94%8F%E9%87%8C%E5%94%8F%E9%87%8C%E5%8A%A8%E7%94%BB_%E5%8D%A1%E9%80%9A%E5%8A%A8%E6%BC%AB_files/u=783138555,3487996589&fm=20
ERR: 非法操作:唏里唏里动画_卡通动漫_files

[ 2017-06-05T11:31:47+08:00 ] ::1 /TPvideo/index.php/Home/Carton/%E5%94%8F%E9%87%8C%E5%94%8F%E9%87%8C%E5%8A%A8%E7%94%BB_%E5%8D%A1%E9%80%9A%E5%8A%A8%E6%BC%AB_files/u=3334375866,3406600830&fm=20
ERR: 非法操作:唏里唏里动画_卡通动漫_files

[ 2017-06-05T11:31:47+08:00 ] ::1 /TPvideo/index.php/Home/Carton/%E5%94%8F%E9%87%8C%E5%94%8F%E9%87%8C%E5%8A%A8%E7%94%BB_%E5%8D%A1%E9%80%9A%E5%8A%A8%E6%BC%AB_files/u=1402296845,1515441770&fm=20
ERR: 非法操作:唏里唏里动画_卡通动漫_files

[ 2017-06-05T11:31:47+08:00 ] ::1 /TPvideo/index.php/Home/Carton/%E5%94%8F%E9%87%8C%E5%94%8F%E9%87%8C%E5%8A%A8%E7%94%BB_%E5%8D%A1%E9%80%9A%E5%8A%A8%E6%BC%AB_files/u=2835012470,3957468117&fm=20
ERR: 非法操作:唏里唏里动画_卡通动漫_files

[ 2017-06-05T11:31:47+08:00 ] ::1 /TPvideo/index.php/Home/Carton/%E5%94%8F%E9%87%8C%E5%94%8F%E9%87%8C%E5%8A%A8%E7%94%BB_%E5%8D%A1%E9%80%9A%E5%8A%A8%E6%BC%AB_files/u=466111325,46442140&fm=20
ERR: 非法操作:唏里唏里动画_卡通动漫_files

[ 2017-06-05T11:31:47+08:00 ] ::1 /TPvideo/index.php/Home/Carton/%E5%94%8F%E9%87%8C%E5%94%8F%E9%87%8C%E5%8A%A8%E7%94%BB_%E5%8D%A1%E9%80%9A%E5%8A%A8%E6%BC%AB_files/u=924311981,2305963323&fm=20
ERR: 非法操作:唏里唏里动画_卡通动漫_files

[ 2017-06-05T11:31:47+08:00 ] ::1 /TPvideo/index.php/Home/Carton/%E5%94%8F%E9%87%8C%E5%94%8F%E9%87%8C%E5%8A%A8%E7%94%BB_%E5%8D%A1%E9%80%9A%E5%8A%A8%E6%BC%AB_files/u=3839103291,3088484477&fm=20
ERR: 非法操作:唏里唏里动画_卡通动漫_files

[ 2017-06-05T11:31:47+08:00 ] ::1 /TPvideo/index.php/Home/Carton/%E5%94%8F%E9%87%8C%E5%94%8F%E9%87%8C%E5%8A%A8%E7%94%BB_%E5%8D%A1%E9%80%9A%E5%8A%A8%E6%BC%AB_files/u=2372709731,1127054541&fm=20
ERR: 非法操作:唏里唏里动画_卡通动漫_files

[ 2017-06-05T11:31:47+08:00 ] ::1 /TPvideo/index.php/Home/Carton/%E5%94%8F%E9%87%8C%E5%94%8F%E9%87%8C%E5%8A%A8%E7%94%BB_%E5%8D%A1%E9%80%9A%E5%8A%A8%E6%BC%AB_files/u=901004293,2058047111&fm=20
ERR: 非法操作:唏里唏里动画_卡通动漫_files

[ 2017-06-05T11:31:47+08:00 ] ::1 /TPvideo/index.php/Home/Carton/%E5%94%8F%E9%87%8C%E5%94%8F%E9%87%8C%E5%8A%A8%E7%94%BB_%E5%8D%A1%E9%80%9A%E5%8A%A8%E6%BC%AB_files/u=3530237116,3165818344&fm=20
ERR: 非法操作:唏里唏里动画_卡通动漫_files

[ 2017-06-05T11:31:47+08:00 ] ::1 /TPvideo/index.php/Home/Carton/%E5%94%8F%E9%87%8C%E5%94%8F%E9%87%8C%E5%8A%A8%E7%94%BB_%E5%8D%A1%E9%80%9A%E5%8A%A8%E6%BC%AB_files/u=494003402,2545047587&fm=20
ERR: 非法操作:唏里唏里动画_卡通动漫_files

[ 2017-06-05T11:31:47+08:00 ] ::1 /TPvideo/index.php/Home/Carton/%E5%94%8F%E9%87%8C%E5%94%8F%E9%87%8C%E5%8A%A8%E7%94%BB_%E5%8D%A1%E9%80%9A%E5%8A%A8%E6%BC%AB_files/u=633454111,3978737681&fm=20
ERR: 非法操作:唏里唏里动画_卡通动漫_files

[ 2017-06-05T11:31:47+08:00 ] ::1 /TPvideo/index.php/Home/Carton/%E5%94%8F%E9%87%8C%E5%94%8F%E9%87%8C%E5%8A%A8%E7%94%BB_%E5%8D%A1%E9%80%9A%E5%8A%A8%E6%BC%AB_files/u=4048047381,1491292599&fm=20
ERR: 非法操作:唏里唏里动画_卡通动漫_files

[ 2017-06-05T11:31:47+08:00 ] ::1 /TPvideo/index.php/Home/Carton/%E5%94%8F%E9%87%8C%E5%94%8F%E9%87%8C%E5%8A%A8%E7%94%BB_%E5%8D%A1%E9%80%9A%E5%8A%A8%E6%BC%AB_files/u=3320019772,2272156840&fm=20
ERR: 非法操作:唏里唏里动画_卡通动漫_files

[ 2017-06-05T11:31:47+08:00 ] ::1 /TPvideo/index.php/Home/Carton/%E5%94%8F%E9%87%8C%E5%94%8F%E9%87%8C%E5%8A%A8%E7%94%BB_%E5%8D%A1%E9%80%9A%E5%8A%A8%E6%BC%AB_files/u=4270036784,507209928&fm=20
ERR: 非法操作:唏里唏里动画_卡通动漫_files

[ 2017-06-05T11:31:47+08:00 ] ::1 /TPvideo/index.php/Home/Carton/%E5%94%8F%E9%87%8C%E5%94%8F%E9%87%8C%E5%8A%A8%E7%94%BB_%E5%8D%A1%E9%80%9A%E5%8A%A8%E6%BC%AB_files/u=3306499429,3524902413&fm=20
ERR: 非法操作:唏里唏里动画_卡通动漫_files

[ 2017-06-05T11:31:47+08:00 ] ::1 /TPvideo/index.php/Home/Carton/%E5%94%8F%E9%87%8C%E5%94%8F%E9%87%8C%E5%8A%A8%E7%94%BB_%E5%8D%A1%E9%80%9A%E5%8A%A8%E6%BC%AB_files/u=2140195506,2204143411&fm=20
ERR: 非法操作:唏里唏里动画_卡通动漫_files

[ 2017-06-05T11:31:47+08:00 ] ::1 /TPvideo/index.php/Home/Carton/%E5%94%8F%E9%87%8C%E5%94%8F%E9%87%8C%E5%8A%A8%E7%94%BB_%E5%8D%A1%E9%80%9A%E5%8A%A8%E6%BC%AB_files/u=3631029309,2307412310&fm=20
ERR: 非法操作:唏里唏里动画_卡通动漫_files

[ 2017-06-05T11:31:47+08:00 ] ::1 /TPvideo/index.php/Home/Carton/%E5%94%8F%E9%87%8C%E5%94%8F%E9%87%8C%E5%8A%A8%E7%94%BB_%E5%8D%A1%E9%80%9A%E5%8A%A8%E6%BC%AB_files/u=4080195901,2013295905&fm=20
ERR: 非法操作:唏里唏里动画_卡通动漫_files

[ 2017-06-05T11:31:47+08:00 ] ::1 /TPvideo/index.php/Home/Carton/%E5%94%8F%E9%87%8C%E5%94%8F%E9%87%8C%E5%8A%A8%E7%94%BB_%E5%8D%A1%E9%80%9A%E5%8A%A8%E6%BC%AB_files/u=2862545432,2436871935&fm=20
ERR: 非法操作:唏里唏里动画_卡通动漫_files

[ 2017-06-05T11:31:47+08:00 ] ::1 /TPvideo/index.php/Home/Carton/%E5%94%8F%E9%87%8C%E5%94%8F%E9%87%8C%E5%8A%A8%E7%94%BB_%E5%8D%A1%E9%80%9A%E5%8A%A8%E6%BC%AB_files/u=811654722,130101203&fm=20
ERR: 非法操作:唏里唏里动画_卡通动漫_files

[ 2017-06-05T11:31:47+08:00 ] ::1 /TPvideo/index.php/Home/Carton/%E5%94%8F%E9%87%8C%E5%94%8F%E9%87%8C%E5%8A%A8%E7%94%BB_%E5%8D%A1%E9%80%9A%E5%8A%A8%E6%BC%AB_files/u=1286010796,1762813222&fm=20
ERR: 非法操作:唏里唏里动画_卡通动漫_files

[ 2017-06-05T11:31:47+08:00 ] ::1 /TPvideo/index.php/Home/Carton/%E5%94%8F%E9%87%8C%E5%94%8F%E9%87%8C%E5%8A%A8%E7%94%BB_%E5%8D%A1%E9%80%9A%E5%8A%A8%E6%BC%AB_files/u=4241987513,3789419715&fm=20
ERR: 非法操作:唏里唏里动画_卡通动漫_files

[ 2017-06-05T11:31:47+08:00 ] ::1 /TPvideo/index.php/Home/Carton/%E5%94%8F%E9%87%8C%E5%94%8F%E9%87%8C%E5%8A%A8%E7%94%BB_%E5%8D%A1%E9%80%9A%E5%8A%A8%E6%BC%AB_files/u=2557811826,2007786970&fm=20
ERR: 非法操作:唏里唏里动画_卡通动漫_files

[ 2017-06-05T11:31:47+08:00 ] ::1 /TPvideo/index.php/Home/Carton/%E5%94%8F%E9%87%8C%E5%94%8F%E9%87%8C%E5%8A%A8%E7%94%BB_%E5%8D%A1%E9%80%9A%E5%8A%A8%E6%BC%AB_files/u=3986239096,2714751997&fm=20
ERR: 非法操作:唏里唏里动画_卡通动漫_files

[ 2017-06-05T11:31:47+08:00 ] ::1 /TPvideo/index.php/Home/Carton/%E5%94%8F%E9%87%8C%E5%94%8F%E9%87%8C%E5%8A%A8%E7%94%BB_%E5%8D%A1%E9%80%9A%E5%8A%A8%E6%BC%AB_files/u=593616858,2597100286&fm=20
ERR: 非法操作:唏里唏里动画_卡通动漫_files

[ 2017-06-05T11:31:48+08:00 ] ::1 /TPvideo/index.php/Home/Carton/%E5%94%8F%E9%87%8C%E5%94%8F%E9%87%8C%E5%8A%A8%E7%94%BB_%E5%8D%A1%E9%80%9A%E5%8A%A8%E6%BC%AB_files/u=1618794280,2578314300&fm=20
ERR: 非法操作:唏里唏里动画_卡通动漫_files

[ 2017-06-05T11:31:48+08:00 ] ::1 /TPvideo/index.php/Home/Carton/%E5%94%8F%E9%87%8C%E5%94%8F%E9%87%8C%E5%8A%A8%E7%94%BB_%E5%8D%A1%E9%80%9A%E5%8A%A8%E6%BC%AB_files/u=2216158858,2922819176&fm=20
ERR: 非法操作:唏里唏里动画_卡通动漫_files

[ 2017-06-05T11:31:48+08:00 ] ::1 /TPvideo/index.php/Home/Carton/%E5%94%8F%E9%87%8C%E5%94%8F%E9%87%8C%E5%8A%A8%E7%94%BB_%E5%8D%A1%E9%80%9A%E5%8A%A8%E6%BC%AB_files/u=1344325322,3246165502&fm=20
ERR: 非法操作:唏里唏里动画_卡通动漫_files

[ 2017-06-05T11:31:48+08:00 ] ::1 /TPvideo/index.php/Home/Carton/%E5%94%8F%E9%87%8C%E5%94%8F%E9%87%8C%E5%8A%A8%E7%94%BB_%E5%8D%A1%E9%80%9A%E5%8A%A8%E6%BC%AB_files/u=1493723840,2405594587&fm=20
ERR: 非法操作:唏里唏里动画_卡通动漫_files

[ 2017-06-05T11:31:48+08:00 ] ::1 /TPvideo/index.php/Home/Carton/%E5%94%8F%E9%87%8C%E5%94%8F%E9%87%8C%E5%8A%A8%E7%94%BB_%E5%8D%A1%E9%80%9A%E5%8A%A8%E6%BC%AB_files/u=783138555,3487996589&fm=20
ERR: 非法操作:唏里唏里动画_卡通动漫_files

[ 2017-06-05T11:31:48+08:00 ] ::1 /TPvideo/index.php/Home/Carton/%E5%94%8F%E9%87%8C%E5%94%8F%E9%87%8C%E5%8A%A8%E7%94%BB_%E5%8D%A1%E9%80%9A%E5%8A%A8%E6%BC%AB_files/u=3334375866,3406600830&fm=20
ERR: 非法操作:唏里唏里动画_卡通动漫_files

[ 2017-06-05T11:31:48+08:00 ] ::1 /TPvideo/index.php/Home/Carton/%E5%94%8F%E9%87%8C%E5%94%8F%E9%87%8C%E5%8A%A8%E7%94%BB_%E5%8D%A1%E9%80%9A%E5%8A%A8%E6%BC%AB_files/u=1402296845,1515441770&fm=20
ERR: 非法操作:唏里唏里动画_卡通动漫_files

[ 2017-06-05T11:31:48+08:00 ] ::1 /TPvideo/index.php/Home/Carton/%E5%94%8F%E9%87%8C%E5%94%8F%E9%87%8C%E5%8A%A8%E7%94%BB_%E5%8D%A1%E9%80%9A%E5%8A%A8%E6%BC%AB_files/u=2835012470,3957468117&fm=20
ERR: 非法操作:唏里唏里动画_卡通动漫_files

[ 2017-06-05T11:31:48+08:00 ] ::1 /TPvideo/index.php/Home/Carton/%E5%94%8F%E9%87%8C%E5%94%8F%E9%87%8C%E5%8A%A8%E7%94%BB_%E5%8D%A1%E9%80%9A%E5%8A%A8%E6%BC%AB_files/u=466111325,46442140&fm=20
ERR: 非法操作:唏里唏里动画_卡通动漫_files

[ 2017-06-05T11:31:48+08:00 ] ::1 /TPvideo/index.php/Home/Carton/%E5%94%8F%E9%87%8C%E5%94%8F%E9%87%8C%E5%8A%A8%E7%94%BB_%E5%8D%A1%E9%80%9A%E5%8A%A8%E6%BC%AB_files/u=924311981,2305963323&fm=20
ERR: 非法操作:唏里唏里动画_卡通动漫_files

[ 2017-06-05T11:32:08+08:00 ] ::1 /TPvideo/index.php/Home/User/regist.html
ERR: 无法加载控制器:User

[ 2017-06-05T11:37:52+08:00 ] ::1 /TPvideo/index.php/Home/User/regist.html
ERR: 1062:Duplicate entry '0' for key 'PRIMARY'
 [ SQL语句 ] : INSERT INTO `user` (`username`,`password`,`email`,`accessToken`,`registerTime`,`userstatus`,`userVio`) VALUES ('','4297f44b13955235245b2497399d7a93','214693086@qq.com','c33c33e2608f564b407adf3310c012b3',NULL,'0','0')

[ 2017-06-05T17:00:33+08:00 ] ::1 /TPvideo/index.php/Home/Carton/%E5%94%8F%E9%87%8C%E5%94%8F%E9%87%8C%E5%8A%A8%E7%94%BB_%E5%8D%A1%E9%80%9A%E5%8A%A8%E6%BC%AB_files/u=811654722,130101203&fm=20
ERR: 非法操作:唏里唏里动画_卡通动漫_files

[ 2017-06-05T17:00:33+08:00 ] ::1 /TPvideo/index.php/Home/Carton/%E5%94%8F%E9%87%8C%E5%94%8F%E9%87%8C%E5%8A%A8%E7%94%BB_%E5%8D%A1%E9%80%9A%E5%8A%A8%E6%BC%AB_files/u=1286010796,1762813222&fm=20
ERR: 非法操作:唏里唏里动画_卡通动漫_files

[ 2017-06-05T17:00:33+08:00 ] ::1 /TPvideo/index.php/Home/Carton/%E5%94%8F%E9%87%8C%E5%94%8F%E9%87%8C%E5%8A%A8%E7%94%BB_%E5%8D%A1%E9%80%9A%E5%8A%A8%E6%BC%AB_files/u=4080195901,2013295905&fm=20
ERR: 非法操作:唏里唏里动画_卡通动漫_files

[ 2017-06-05T17:00:33+08:00 ] ::1 /TPvideo/index.php/Home/Carton/%E5%94%8F%E9%87%8C%E5%94%8F%E9%87%8C%E5%8A%A8%E7%94%BB_%E5%8D%A1%E9%80%9A%E5%8A%A8%E6%BC%AB_files/u=3986239096,2714751997&fm=20
ERR: 非法操作:唏里唏里动画_卡通动漫_files

[ 2017-06-05T17:00:33+08:00 ] ::1 /TPvideo/index.php/Home/Carton/%E5%94%8F%E9%87%8C%E5%94%8F%E9%87%8C%E5%8A%A8%E7%94%BB_%E5%8D%A1%E9%80%9A%E5%8A%A8%E6%BC%AB_files/u=593616858,2597100286&fm=20
ERR: 非法操作:唏里唏里动画_卡通动漫_files

[ 2017-06-05T17:00:33+08:00 ] ::1 /TPvideo/index.php/Home/Carton/%E5%94%8F%E9%87%8C%E5%94%8F%E9%87%8C%E5%8A%A8%E7%94%BB_%E5%8D%A1%E9%80%9A%E5%8A%A8%E6%BC%AB_files/u=1618794280,2578314300&fm=20
ERR: 非法操作:唏里唏里动画_卡通动漫_files

[ 2017-06-05T17:00:33+08:00 ] ::1 /TPvideo/index.php/Home/Carton/%E5%94%8F%E9%87%8C%E5%94%8F%E9%87%8C%E5%8A%A8%E7%94%BB_%E5%8D%A1%E9%80%9A%E5%8A%A8%E6%BC%AB_files/u=2557811826,2007786970&fm=20
ERR: 非法操作:唏里唏里动画_卡通动漫_files

[ 2017-06-05T17:00:33+08:00 ] ::1 /TPvideo/index.php/Home/Carton/%E5%94%8F%E9%87%8C%E5%94%8F%E9%87%8C%E5%8A%A8%E7%94%BB_%E5%8D%A1%E9%80%9A%E5%8A%A8%E6%BC%AB_files/u=4241987513,3789419715&fm=20
ERR: 非法操作:唏里唏里动画_卡通动漫_files

[ 2017-06-05T17:00:33+08:00 ] ::1 /TPvideo/index.php/Home/Carton/%E5%94%8F%E9%87%8C%E5%94%8F%E9%87%8C%E5%8A%A8%E7%94%BB_%E5%8D%A1%E9%80%9A%E5%8A%A8%E6%BC%AB_files/u=2216158858,2922819176&fm=20
ERR: 非法操作:唏里唏里动画_卡通动漫_files

[ 2017-06-05T17:00:33+08:00 ] ::1 /TPvideo/index.php/Home/Carton/%E5%94%8F%E9%87%8C%E5%94%8F%E9%87%8C%E5%8A%A8%E7%94%BB_%E5%8D%A1%E9%80%9A%E5%8A%A8%E6%BC%AB_files/u=1493723840,2405594587&fm=20
ERR: 非法操作:唏里唏里动画_卡通动漫_files

[ 2017-06-05T17:00:33+08:00 ] ::1 /TPvideo/index.php/Home/Carton/%E5%94%8F%E9%87%8C%E5%94%8F%E9%87%8C%E5%8A%A8%E7%94%BB_%E5%8D%A1%E9%80%9A%E5%8A%A8%E6%BC%AB_files/u=1344325322,3246165502&fm=20
ERR: 非法操作:唏里唏里动画_卡通动漫_files

[ 2017-06-05T17:00:33+08:00 ] ::1 /TPvideo/index.php/Home/Carton/%E5%94%8F%E9%87%8C%E5%94%8F%E9%87%8C%E5%8A%A8%E7%94%BB_%E5%8D%A1%E9%80%9A%E5%8A%A8%E6%BC%AB_files/u=1286010796,1762813222&fm=20
ERR: 非法操作:唏里唏里动画_卡通动漫_files

[ 2017-06-05T17:00:33+08:00 ] ::1 /TPvideo/index.php/Home/Carton/%E5%94%8F%E9%87%8C%E5%94%8F%E9%87%8C%E5%8A%A8%E7%94%BB_%E5%8D%A1%E9%80%9A%E5%8A%A8%E6%BC%AB_files/u=783138555,3487996589&fm=20
ERR: 非法操作:唏里唏里动画_卡通动漫_files

[ 2017-06-05T17:00:33+08:00 ] ::1 /TPvideo/index.php/Home/Carton/%E5%94%8F%E9%87%8C%E5%94%8F%E9%87%8C%E5%8A%A8%E7%94%BB_%E5%8D%A1%E9%80%9A%E5%8A%A8%E6%BC%AB_files/u=4080195901,2013295905&fm=20
ERR: 非法操作:唏里唏里动画_卡通动漫_files

[ 2017-06-05T17:00:33+08:00 ] ::1 /TPvideo/index.php/Home/Carton/%E5%94%8F%E9%87%8C%E5%94%8F%E9%87%8C%E5%8A%A8%E7%94%BB_%E5%8D%A1%E9%80%9A%E5%8A%A8%E6%BC%AB_files/u=811654722,130101203&fm=20
ERR: 非法操作:唏里唏里动画_卡通动漫_files

[ 2017-06-05T17:00:33+08:00 ] ::1 /TPvideo/index.php/Home/Carton/%E5%94%8F%E9%87%8C%E5%94%8F%E9%87%8C%E5%8A%A8%E7%94%BB_%E5%8D%A1%E9%80%9A%E5%8A%A8%E6%BC%AB_files/u=3334375866,3406600830&fm=20
ERR: 非法操作:唏里唏里动画_卡通动漫_files

[ 2017-06-05T17:00:33+08:00 ] ::1 /TPvideo/index.php/Home/Carton/%E5%94%8F%E9%87%8C%E5%94%8F%E9%87%8C%E5%8A%A8%E7%94%BB_%E5%8D%A1%E9%80%9A%E5%8A%A8%E6%BC%AB_files/u=1402296845,1515441770&fm=20
ERR: 非法操作:唏里唏里动画_卡通动漫_files

[ 2017-06-05T17:00:33+08:00 ] ::1 /TPvideo/index.php/Home/Carton/%E5%94%8F%E9%87%8C%E5%94%8F%E9%87%8C%E5%8A%A8%E7%94%BB_%E5%8D%A1%E9%80%9A%E5%8A%A8%E6%BC%AB_files/u=466111325,46442140&fm=20
ERR: 非法操作:唏里唏里动画_卡通动漫_files

[ 2017-06-05T17:00:33+08:00 ] ::1 /TPvideo/index.php/Home/Carton/%E5%94%8F%E9%87%8C%E5%94%8F%E9%87%8C%E5%8A%A8%E7%94%BB_%E5%8D%A1%E9%80%9A%E5%8A%A8%E6%BC%AB_files/u=2835012470,3957468117&fm=20
ERR: 非法操作:唏里唏里动画_卡通动漫_files

[ 2017-06-05T17:00:33+08:00 ] ::1 /TPvideo/index.php/Home/Carton/%E5%94%8F%E9%87%8C%E5%94%8F%E9%87%8C%E5%8A%A8%E7%94%BB_%E5%8D%A1%E9%80%9A%E5%8A%A8%E6%BC%AB_files/u=924311981,2305963323&fm=20
ERR: 非法操作:唏里唏里动画_卡通动漫_files

[ 2017-06-05T17:00:33+08:00 ] ::1 /TPvideo/index.php/Home/Carton/%E5%94%8F%E9%87%8C%E5%94%8F%E9%87%8C%E5%8A%A8%E7%94%BB_%E5%8D%A1%E9%80%9A%E5%8A%A8%E6%BC%AB_files/u=2372709731,1127054541&fm=20
ERR: 非法操作:唏里唏里动画_卡通动漫_files

[ 2017-06-05T17:00:33+08:00 ] ::1 /TPvideo/index.php/Home/Carton/%E5%94%8F%E9%87%8C%E5%94%8F%E9%87%8C%E5%8A%A8%E7%94%BB_%E5%8D%A1%E9%80%9A%E5%8A%A8%E6%BC%AB_files/u=3839103291,3088484477&fm=20
ERR: 非法操作:唏里唏里动画_卡通动漫_files

[ 2017-06-05T17:00:33+08:00 ] ::1 /TPvideo/index.php/Home/Carton/%E5%94%8F%E9%87%8C%E5%94%8F%E9%87%8C%E5%8A%A8%E7%94%BB_%E5%8D%A1%E9%80%9A%E5%8A%A8%E6%BC%AB_files/u=901004293,2058047111&fm=20
ERR: 非法操作:唏里唏里动画_卡通动漫_files

[ 2017-06-05T17:00:33+08:00 ] ::1 /TPvideo/index.php/Home/Carton/%E5%94%8F%E9%87%8C%E5%94%8F%E9%87%8C%E5%8A%A8%E7%94%BB_%E5%8D%A1%E9%80%9A%E5%8A%A8%E6%BC%AB_files/u=494003402,2545047587&fm=20
ERR: 非法操作:唏里唏里动画_卡通动漫_files

[ 2017-06-05T17:00:33+08:00 ] ::1 /TPvideo/index.php/Home/Carton/%E5%94%8F%E9%87%8C%E5%94%8F%E9%87%8C%E5%8A%A8%E7%94%BB_%E5%8D%A1%E9%80%9A%E5%8A%A8%E6%BC%AB_files/u=4048047381,1491292599&fm=20
ERR: 非法操作:唏里唏里动画_卡通动漫_files

[ 2017-06-05T17:00:33+08:00 ] ::1 /TPvideo/index.php/Home/Carton/%E5%94%8F%E9%87%8C%E5%94%8F%E9%87%8C%E5%8A%A8%E7%94%BB_%E5%8D%A1%E9%80%9A%E5%8A%A8%E6%BC%AB_files/u=3530237116,3165818344&fm=20
ERR: 非法操作:唏里唏里动画_卡通动漫_files

[ 2017-06-05T17:00:33+08:00 ] ::1 /TPvideo/index.php/Home/Carton/%E5%94%8F%E9%87%8C%E5%94%8F%E9%87%8C%E5%8A%A8%E7%94%BB_%E5%8D%A1%E9%80%9A%E5%8A%A8%E6%BC%AB_files/u=633454111,3978737681&fm=20
ERR: 非法操作:唏里唏里动画_卡通动漫_files

[ 2017-06-05T17:00:33+08:00 ] ::1 /TPvideo/index.php/Home/Carton/%E5%94%8F%E9%87%8C%E5%94%8F%E9%87%8C%E5%8A%A8%E7%94%BB_%E5%8D%A1%E9%80%9A%E5%8A%A8%E6%BC%AB_files/u=3320019772,2272156840&fm=20
ERR: 非法操作:唏里唏里动画_卡通动漫_files

[ 2017-06-05T17:00:33+08:00 ] ::1 /TPvideo/index.php/Home/Carton/%E5%94%8F%E9%87%8C%E5%94%8F%E9%87%8C%E5%8A%A8%E7%94%BB_%E5%8D%A1%E9%80%9A%E5%8A%A8%E6%BC%AB_files/u=4270036784,507209928&fm=20
ERR: 非法操作:唏里唏里动画_卡通动漫_files

[ 2017-06-05T17:00:33+08:00 ] ::1 /TPvideo/index.php/Home/Carton/%E5%94%8F%E9%87%8C%E5%94%8F%E9%87%8C%E5%8A%A8%E7%94%BB_%E5%8D%A1%E9%80%9A%E5%8A%A8%E6%BC%AB_files/u=3306499429,3524902413&fm=20
ERR: 非法操作:唏里唏里动画_卡通动漫_files

[ 2017-06-05T17:00:33+08:00 ] ::1 /TPvideo/index.php/Home/Carton/%E5%94%8F%E9%87%8C%E5%94%8F%E9%87%8C%E5%8A%A8%E7%94%BB_%E5%8D%A1%E9%80%9A%E5%8A%A8%E6%BC%AB_files/u=2862545432,2436871935&fm=20
ERR: 非法操作:唏里唏里动画_卡通动漫_files

[ 2017-06-05T17:00:33+08:00 ] ::1 /TPvideo/index.php/Home/Carton/%E5%94%8F%E9%87%8C%E5%94%8F%E9%87%8C%E5%8A%A8%E7%94%BB_%E5%8D%A1%E9%80%9A%E5%8A%A8%E6%BC%AB_files/u=3631029309,2307412310&fm=20
ERR: 非法操作:唏里唏里动画_卡通动漫_files

[ 2017-06-05T17:00:33+08:00 ] ::1 /TPvideo/index.php/Home/Carton/%E5%94%8F%E9%87%8C%E5%94%8F%E9%87%8C%E5%8A%A8%E7%94%BB_%E5%8D%A1%E9%80%9A%E5%8A%A8%E6%BC%AB_files/u=2140195506,2204143411&fm=20
ERR: 非法操作:唏里唏里动画_卡通动漫_files

[ 2017-06-05T17:00:33+08:00 ] ::1 /TPvideo/index.php/Home/Carton/%E5%94%8F%E9%87%8C%E5%94%8F%E9%87%8C%E5%8A%A8%E7%94%BB_%E5%8D%A1%E9%80%9A%E5%8A%A8%E6%BC%AB_files/u=3986239096,2714751997&fm=20
ERR: 非法操作:唏里唏里动画_卡通动漫_files

[ 2017-06-05T17:00:36+08:00 ] ::1 /TPvideo/index.php/Home/Carton/%E5%94%8F%E9%87%8C%E5%94%8F%E9%87%8C%E5%8A%A8%E7%94%BB_%E5%8D%A1%E9%80%9A%E5%8A%A8%E6%BC%AB_files/u=4080195901,2013295905&fm=20
ERR: 非法操作:唏里唏里动画_卡通动漫_files

[ 2017-06-05T17:00:36+08:00 ] ::1 /TPvideo/index.php/Home/Carton/%E5%94%8F%E9%87%8C%E5%94%8F%E9%87%8C%E5%8A%A8%E7%94%BB_%E5%8D%A1%E9%80%9A%E5%8A%A8%E6%BC%AB_files/u=2557811826,2007786970&fm=20
ERR: 非法操作:唏里唏里动画_卡通动漫_files

[ 2017-06-05T17:00:36+08:00 ] ::1 /TPvideo/index.php/Home/Carton/%E5%94%8F%E9%87%8C%E5%94%8F%E9%87%8C%E5%8A%A8%E7%94%BB_%E5%8D%A1%E9%80%9A%E5%8A%A8%E6%BC%AB_files/u=4241987513,3789419715&fm=20
ERR: 非法操作:唏里唏里动画_卡通动漫_files

[ 2017-06-05T17:00:36+08:00 ] ::1 /TPvideo/index.php/Home/Carton/%E5%94%8F%E9%87%8C%E5%94%8F%E9%87%8C%E5%8A%A8%E7%94%BB_%E5%8D%A1%E9%80%9A%E5%8A%A8%E6%BC%AB_files/u=1286010796,1762813222&fm=20
ERR: 非法操作:唏里唏里动画_卡通动漫_files

[ 2017-06-05T17:00:36+08:00 ] ::1 /TPvideo/index.php/Home/Carton/%E5%94%8F%E9%87%8C%E5%94%8F%E9%87%8C%E5%8A%A8%E7%94%BB_%E5%8D%A1%E9%80%9A%E5%8A%A8%E6%BC%AB_files/u=3986239096,2714751997&fm=20
ERR: 非法操作:唏里唏里动画_卡通动漫_files

[ 2017-06-05T17:00:36+08:00 ] ::1 /TPvideo/index.php/Home/Carton/%E5%94%8F%E9%87%8C%E5%94%8F%E9%87%8C%E5%8A%A8%E7%94%BB_%E5%8D%A1%E9%80%9A%E5%8A%A8%E6%BC%AB_files/u=811654722,130101203&fm=20
ERR: 非法操作:唏里唏里动画_卡通动漫_files

[ 2017-06-05T17:00:36+08:00 ] ::1 /TPvideo/index.php/Home/Carton/%E5%94%8F%E9%87%8C%E5%94%8F%E9%87%8C%E5%8A%A8%E7%94%BB_%E5%8D%A1%E9%80%9A%E5%8A%A8%E6%BC%AB_files/u=593616858,2597100286&fm=20
ERR: 非法操作:唏里唏里动画_卡通动漫_files

[ 2017-06-05T17:00:36+08:00 ] ::1 /TPvideo/index.php/Home/Carton/%E5%94%8F%E9%87%8C%E5%94%8F%E9%87%8C%E5%8A%A8%E7%94%BB_%E5%8D%A1%E9%80%9A%E5%8A%A8%E6%BC%AB_files/u=1344325322,3246165502&fm=20
ERR: 非法操作:唏里唏里动画_卡通动漫_files

[ 2017-06-05T17:00:36+08:00 ] ::1 /TPvideo/index.php/Home/Carton/%E5%94%8F%E9%87%8C%E5%94%8F%E9%87%8C%E5%8A%A8%E7%94%BB_%E5%8D%A1%E9%80%9A%E5%8A%A8%E6%BC%AB_files/u=2216158858,2922819176&fm=20
ERR: 非法操作:唏里唏里动画_卡通动漫_files

[ 2017-06-05T17:00:36+08:00 ] ::1 /TPvideo/index.php/Home/Carton/%E5%94%8F%E9%87%8C%E5%94%8F%E9%87%8C%E5%8A%A8%E7%94%BB_%E5%8D%A1%E9%80%9A%E5%8A%A8%E6%BC%AB_files/u=1618794280,2578314300&fm=20
ERR: 非法操作:唏里唏里动画_卡通动漫_files

[ 2017-06-05T17:00:36+08:00 ] ::1 /TPvideo/index.php/Home/Carton/%E5%94%8F%E9%87%8C%E5%94%8F%E9%87%8C%E5%8A%A8%E7%94%BB_%E5%8D%A1%E9%80%9A%E5%8A%A8%E6%BC%AB_files/u=1493723840,2405594587&fm=20
ERR: 非法操作:唏里唏里动画_卡通动漫_files

[ 2017-06-05T17:00:37+08:00 ] ::1 /TPvideo/index.php/Home/Carton/%E5%94%8F%E9%87%8C%E5%94%8F%E9%87%8C%E5%8A%A8%E7%94%BB_%E5%8D%A1%E9%80%9A%E5%8A%A8%E6%BC%AB_files/u=783138555,3487996589&fm=20
ERR: 非法操作:唏里唏里动画_卡通动漫_files

[ 2017-06-05T17:00:37+08:00 ] ::1 /TPvideo/index.php/Home/Carton/%E5%94%8F%E9%87%8C%E5%94%8F%E9%87%8C%E5%8A%A8%E7%94%BB_%E5%8D%A1%E9%80%9A%E5%8A%A8%E6%BC%AB_files/u=3334375866,3406600830&fm=20
ERR: 非法操作:唏里唏里动画_卡通动漫_files

[ 2017-06-05T17:00:37+08:00 ] ::1 /TPvideo/index.php/Home/Carton/%E5%94%8F%E9%87%8C%E5%94%8F%E9%87%8C%E5%8A%A8%E7%94%BB_%E5%8D%A1%E9%80%9A%E5%8A%A8%E6%BC%AB_files/u=2835012470,3957468117&fm=20
ERR: 非法操作:唏里唏里动画_卡通动漫_files

[ 2017-06-05T17:00:37+08:00 ] ::1 /TPvideo/index.php/Home/Carton/%E5%94%8F%E9%87%8C%E5%94%8F%E9%87%8C%E5%8A%A8%E7%94%BB_%E5%8D%A1%E9%80%9A%E5%8A%A8%E6%BC%AB_files/u=1402296845,1515441770&fm=20
ERR: 非法操作:唏里唏里动画_卡通动漫_files

[ 2017-06-05T17:00:37+08:00 ] ::1 /TPvideo/index.php/Home/Carton/%E5%94%8F%E9%87%8C%E5%94%8F%E9%87%8C%E5%8A%A8%E7%94%BB_%E5%8D%A1%E9%80%9A%E5%8A%A8%E6%BC%AB_files/u=466111325,46442140&fm=20
ERR: 非法操作:唏里唏里动画_卡通动漫_files

[ 2017-06-05T17:00:37+08:00 ] ::1 /TPvideo/index.php/Home/Carton/%E5%94%8F%E9%87%8C%E5%94%8F%E9%87%8C%E5%8A%A8%E7%94%BB_%E5%8D%A1%E9%80%9A%E5%8A%A8%E6%BC%AB_files/u=924311981,2305963323&fm=20
ERR: 非法操作:唏里唏里动画_卡通动漫_files

[ 2017-06-05T17:00:37+08:00 ] ::1 /TPvideo/index.php/Home/Carton/%E5%94%8F%E9%87%8C%E5%94%8F%E9%87%8C%E5%8A%A8%E7%94%BB_%E5%8D%A1%E9%80%9A%E5%8A%A8%E6%BC%AB_files/u=3839103291,3088484477&fm=20
ERR: 非法操作:唏里唏里动画_卡通动漫_files

[ 2017-06-05T17:00:37+08:00 ] ::1 /TPvideo/index.php/Home/Carton/%E5%94%8F%E9%87%8C%E5%94%8F%E9%87%8C%E5%8A%A8%E7%94%BB_%E5%8D%A1%E9%80%9A%E5%8A%A8%E6%BC%AB_files/u=2372709731,1127054541&fm=20
ERR: 非法操作:唏里唏里动画_卡通动漫_files

[ 2017-06-05T17:00:37+08:00 ] ::1 /TPvideo/index.php/Home/Carton/%E5%94%8F%E9%87%8C%E5%94%8F%E9%87%8C%E5%8A%A8%E7%94%BB_%E5%8D%A1%E9%80%9A%E5%8A%A8%E6%BC%AB_files/u=901004293,2058047111&fm=20
ERR: 非法操作:唏里唏里动画_卡通动漫_files

[ 2017-06-05T17:00:37+08:00 ] ::1 /TPvideo/index.php/Home/Carton/%E5%94%8F%E9%87%8C%E5%94%8F%E9%87%8C%E5%8A%A8%E7%94%BB_%E5%8D%A1%E9%80%9A%E5%8A%A8%E6%BC%AB_files/u=3530237116,3165818344&fm=20
ERR: 非法操作:唏里唏里动画_卡通动漫_files

[ 2017-06-05T17:00:37+08:00 ] ::1 /TPvideo/index.php/Home/Carton/%E5%94%8F%E9%87%8C%E5%94%8F%E9%87%8C%E5%8A%A8%E7%94%BB_%E5%8D%A1%E9%80%9A%E5%8A%A8%E6%BC%AB_files/u=494003402,2545047587&fm=20
ERR: 非法操作:唏里唏里动画_卡通动漫_files

[ 2017-06-05T17:00:37+08:00 ] ::1 /TPvideo/index.php/Home/Carton/%E5%94%8F%E9%87%8C%E5%94%8F%E9%87%8C%E5%8A%A8%E7%94%BB_%E5%8D%A1%E9%80%9A%E5%8A%A8%E6%BC%AB_files/u=633454111,3978737681&fm=20
ERR: 非法操作:唏里唏里动画_卡通动漫_files

[ 2017-06-05T17:00:37+08:00 ] ::1 /TPvideo/index.php/Home/Carton/%E5%94%8F%E9%87%8C%E5%94%8F%E9%87%8C%E5%8A%A8%E7%94%BB_%E5%8D%A1%E9%80%9A%E5%8A%A8%E6%BC%AB_files/u=3306499429,3524902413&fm=20
ERR: 非法操作:唏里唏里动画_卡通动漫_files

[ 2017-06-05T17:00:37+08:00 ] ::1 /TPvideo/index.php/Home/Carton/%E5%94%8F%E9%87%8C%E5%94%8F%E9%87%8C%E5%8A%A8%E7%94%BB_%E5%8D%A1%E9%80%9A%E5%8A%A8%E6%BC%AB_files/u=4048047381,1491292599&fm=20
ERR: 非法操作:唏里唏里动画_卡通动漫_files

[ 2017-06-05T17:00:37+08:00 ] ::1 /TPvideo/index.php/Home/Carton/%E5%94%8F%E9%87%8C%E5%94%8F%E9%87%8C%E5%8A%A8%E7%94%BB_%E5%8D%A1%E9%80%9A%E5%8A%A8%E6%BC%AB_files/u=2140195506,2204143411&fm=20
ERR: 非法操作:唏里唏里动画_卡通动漫_files

[ 2017-06-05T17:00:37+08:00 ] ::1 /TPvideo/index.php/Home/Carton/%E5%94%8F%E9%87%8C%E5%94%8F%E9%87%8C%E5%8A%A8%E7%94%BB_%E5%8D%A1%E9%80%9A%E5%8A%A8%E6%BC%AB_files/u=3631029309,2307412310&fm=20
ERR: 非法操作:唏里唏里动画_卡通动漫_files

[ 2017-06-05T17:04:00+08:00 ] ::1 /TPvideo/index.php/Home/User/regist.html
ERR: 1062:Duplicate entry '214693086@qq.com' for key 'email'
 [ SQL语句 ] : INSERT INTO `user` (`username`,`password`,`email`,`registerTime`,`accessToken`,`userstatus`,`userVio`) VALUES ('','4297f44b13955235245b2497399d7a93','214693086@qq.com','1496653440','c33c33e2608f564b407adf3310c012b3','0','0')

[ 2017-06-05T17:05:33+08:00 ] ::1 /TPvideo/index.php/Home/Carton/%E5%94%8F%E9%87%8C%E5%94%8F%E9%87%8C%E5%8A%A8%E7%94%BB_%E5%8D%A1%E9%80%9A%E5%8A%A8%E6%BC%AB_files/u=4080195901,2013295905&fm=20
ERR: 非法操作:唏里唏里动画_卡通动漫_files

[ 2017-06-05T17:05:33+08:00 ] ::1 /TPvideo/index.php/Home/Carton/%E5%94%8F%E9%87%8C%E5%94%8F%E9%87%8C%E5%8A%A8%E7%94%BB_%E5%8D%A1%E9%80%9A%E5%8A%A8%E6%BC%AB_files/u=2557811826,2007786970&fm=20
ERR: 非法操作:唏里唏里动画_卡通动漫_files

[ 2017-06-05T17:05:33+08:00 ] ::1 /TPvideo/index.php/Home/Carton/%E5%94%8F%E9%87%8C%E5%94%8F%E9%87%8C%E5%8A%A8%E7%94%BB_%E5%8D%A1%E9%80%9A%E5%8A%A8%E6%BC%AB_files/u=4241987513,3789419715&fm=20
ERR: 非法操作:唏里唏里动画_卡通动漫_files

[ 2017-06-05T17:05:33+08:00 ] ::1 /TPvideo/index.php/Home/Carton/%E5%94%8F%E9%87%8C%E5%94%8F%E9%87%8C%E5%8A%A8%E7%94%BB_%E5%8D%A1%E9%80%9A%E5%8A%A8%E6%BC%AB_files/u=1286010796,1762813222&fm=20
ERR: 非法操作:唏里唏里动画_卡通动漫_files

[ 2017-06-05T17:05:33+08:00 ] ::1 /TPvideo/index.php/Home/Carton/%E5%94%8F%E9%87%8C%E5%94%8F%E9%87%8C%E5%8A%A8%E7%94%BB_%E5%8D%A1%E9%80%9A%E5%8A%A8%E6%BC%AB_files/u=1618794280,2578314300&fm=20
ERR: 非法操作:唏里唏里动画_卡通动漫_files

[ 2017-06-05T17:05:33+08:00 ] ::1 /TPvideo/index.php/Home/Carton/%E5%94%8F%E9%87%8C%E5%94%8F%E9%87%8C%E5%8A%A8%E7%94%BB_%E5%8D%A1%E9%80%9A%E5%8A%A8%E6%BC%AB_files/u=811654722,130101203&fm=20
ERR: 非法操作:唏里唏里动画_卡通动漫_files

[ 2017-06-05T17:05:33+08:00 ] ::1 /TPvideo/index.php/Home/Carton/%E5%94%8F%E9%87%8C%E5%94%8F%E9%87%8C%E5%8A%A8%E7%94%BB_%E5%8D%A1%E9%80%9A%E5%8A%A8%E6%BC%AB_files/u=593616858,2597100286&fm=20
ERR: 非法操作:唏里唏里动画_卡通动漫_files

[ 2017-06-05T17:05:33+08:00 ] ::1 /TPvideo/index.php/Home/Carton/%E5%94%8F%E9%87%8C%E5%94%8F%E9%87%8C%E5%8A%A8%E7%94%BB_%E5%8D%A1%E9%80%9A%E5%8A%A8%E6%BC%AB_files/u=2216158858,2922819176&fm=20
ERR: 非法操作:唏里唏里动画_卡通动漫_files

[ 2017-06-05T17:05:33+08:00 ] ::1 /TPvideo/index.php/Home/Carton/%E5%94%8F%E9%87%8C%E5%94%8F%E9%87%8C%E5%8A%A8%E7%94%BB_%E5%8D%A1%E9%80%9A%E5%8A%A8%E6%BC%AB_files/u=1493723840,2405594587&fm=20
ERR: 非法操作:唏里唏里动画_卡通动漫_files

[ 2017-06-05T17:05:33+08:00 ] ::1 /TPvideo/index.php/Home/Carton/%E5%94%8F%E9%87%8C%E5%94%8F%E9%87%8C%E5%8A%A8%E7%94%BB_%E5%8D%A1%E9%80%9A%E5%8A%A8%E6%BC%AB_files/u=1344325322,3246165502&fm=20
ERR: 非法操作:唏里唏里动画_卡通动漫_files

[ 2017-06-05T17:05:33+08:00 ] ::1 /TPvideo/index.php/Home/Carton/%E5%94%8F%E9%87%8C%E5%94%8F%E9%87%8C%E5%8A%A8%E7%94%BB_%E5%8D%A1%E9%80%9A%E5%8A%A8%E6%BC%AB_files/u=783138555,3487996589&fm=20
ERR: 非法操作:唏里唏里动画_卡通动漫_files

[ 2017-06-05T17:05:33+08:00 ] ::1 /TPvideo/index.php/Home/Carton/%E5%94%8F%E9%87%8C%E5%94%8F%E9%87%8C%E5%8A%A8%E7%94%BB_%E5%8D%A1%E9%80%9A%E5%8A%A8%E6%BC%AB_files/u=3334375866,3406600830&fm=20
ERR: 非法操作:唏里唏里动画_卡通动漫_files

[ 2017-06-05T17:05:33+08:00 ] ::1 /TPvideo/index.php/Home/Carton/%E5%94%8F%E9%87%8C%E5%94%8F%E9%87%8C%E5%8A%A8%E7%94%BB_%E5%8D%A1%E9%80%9A%E5%8A%A8%E6%BC%AB_files/u=1402296845,1515441770&fm=20
ERR: 非法操作:唏里唏里动画_卡通动漫_files

[ 2017-06-05T17:05:33+08:00 ] ::1 /TPvideo/index.php/Home/Carton/%E5%94%8F%E9%87%8C%E5%94%8F%E9%87%8C%E5%8A%A8%E7%94%BB_%E5%8D%A1%E9%80%9A%E5%8A%A8%E6%BC%AB_files/u=2835012470,3957468117&fm=20
ERR: 非法操作:唏里唏里动画_卡通动漫_files

[ 2017-06-05T17:05:33+08:00 ] ::1 /TPvideo/index.php/Home/Carton/%E5%94%8F%E9%87%8C%E5%94%8F%E9%87%8C%E5%8A%A8%E7%94%BB_%E5%8D%A1%E9%80%9A%E5%8A%A8%E6%BC%AB_files/u=3986239096,2714751997&fm=20
ERR: 非法操作:唏里唏里动画_卡通动漫_files

[ 2017-06-05T17:05:33+08:00 ] ::1 /TPvideo/index.php/Home/Carton/%E5%94%8F%E9%87%8C%E5%94%8F%E9%87%8C%E5%8A%A8%E7%94%BB_%E5%8D%A1%E9%80%9A%E5%8A%A8%E6%BC%AB_files/u=466111325,46442140&fm=20
ERR: 非法操作:唏里唏里动画_卡通动漫_files

[ 2017-06-05T17:05:33+08:00 ] ::1 /TPvideo/index.php/Home/Carton/%E5%94%8F%E9%87%8C%E5%94%8F%E9%87%8C%E5%8A%A8%E7%94%BB_%E5%8D%A1%E9%80%9A%E5%8A%A8%E6%BC%AB_files/u=3839103291,3088484477&fm=20
ERR: 非法操作:唏里唏里动画_卡通动漫_files

[ 2017-06-05T17:05:33+08:00 ] ::1 /TPvideo/index.php/Home/Carton/%E5%94%8F%E9%87%8C%E5%94%8F%E9%87%8C%E5%8A%A8%E7%94%BB_%E5%8D%A1%E9%80%9A%E5%8A%A8%E6%BC%AB_files/u=2372709731,1127054541&fm=20
ERR: 非法操作:唏里唏里动画_卡通动漫_files

[ 2017-06-05T17:05:33+08:00 ] ::1 /TPvideo/index.php/Home/Carton/%E5%94%8F%E9%87%8C%E5%94%8F%E9%87%8C%E5%8A%A8%E7%94%BB_%E5%8D%A1%E9%80%9A%E5%8A%A8%E6%BC%AB_files/u=924311981,2305963323&fm=20
ERR: 非法操作:唏里唏里动画_卡通动漫_files

[ 2017-06-05T17:05:33+08:00 ] ::1 /TPvideo/index.php/Home/Carton/%E5%94%8F%E9%87%8C%E5%94%8F%E9%87%8C%E5%8A%A8%E7%94%BB_%E5%8D%A1%E9%80%9A%E5%8A%A8%E6%BC%AB_files/u=901004293,2058047111&fm=20
ERR: 非法操作:唏里唏里动画_卡通动漫_files

[ 2017-06-05T17:05:33+08:00 ] ::1 /TPvideo/index.php/Home/Carton/%E5%94%8F%E9%87%8C%E5%94%8F%E9%87%8C%E5%8A%A8%E7%94%BB_%E5%8D%A1%E9%80%9A%E5%8A%A8%E6%BC%AB_files/u=494003402,2545047587&fm=20
ERR: 非法操作:唏里唏里动画_卡通动漫_files

[ 2017-06-05T17:05:33+08:00 ] ::1 /TPvideo/index.php/Home/Carton/%E5%94%8F%E9%87%8C%E5%94%8F%E9%87%8C%E5%8A%A8%E7%94%BB_%E5%8D%A1%E9%80%9A%E5%8A%A8%E6%BC%AB_files/u=3530237116,3165818344&fm=20
ERR: 非法操作:唏里唏里动画_卡通动漫_files

[ 2017-06-05T17:05:33+08:00 ] ::1 /TPvideo/index.php/Home/Carton/%E5%94%8F%E9%87%8C%E5%94%8F%E9%87%8C%E5%8A%A8%E7%94%BB_%E5%8D%A1%E9%80%9A%E5%8A%A8%E6%BC%AB_files/u=4048047381,1491292599&fm=20
ERR: 非法操作:唏里唏里动画_卡通动漫_files

[ 2017-06-05T17:05:33+08:00 ] ::1 /TPvideo/index.php/Home/Carton/%E5%94%8F%E9%87%8C%E5%94%8F%E9%87%8C%E5%8A%A8%E7%94%BB_%E5%8D%A1%E9%80%9A%E5%8A%A8%E6%BC%AB_files/u=3320019772,2272156840&fm=20
ERR: 非法操作:唏里唏里动画_卡通动漫_files

[ 2017-06-05T17:05:33+08:00 ] ::1 /TPvideo/index.php/Home/Carton/%E5%94%8F%E9%87%8C%E5%94%8F%E9%87%8C%E5%8A%A8%E7%94%BB_%E5%8D%A1%E9%80%9A%E5%8A%A8%E6%BC%AB_files/u=4270036784,507209928&fm=20
ERR: 非法操作:唏里唏里动画_卡通动漫_files

[ 2017-06-05T17:05:33+08:00 ] ::1 /TPvideo/index.php/Home/Carton/%E5%94%8F%E9%87%8C%E5%94%8F%E9%87%8C%E5%8A%A8%E7%94%BB_%E5%8D%A1%E9%80%9A%E5%8A%A8%E6%BC%AB_files/u=633454111,3978737681&fm=20
ERR: 非法操作:唏里唏里动画_卡通动漫_files

[ 2017-06-05T17:05:33+08:00 ] ::1 /TPvideo/index.php/Home/Carton/%E5%94%8F%E9%87%8C%E5%94%8F%E9%87%8C%E5%8A%A8%E7%94%BB_%E5%8D%A1%E9%80%9A%E5%8A%A8%E6%BC%AB_files/u=2557811826,2007786970&fm=20
ERR: 非法操作:唏里唏里动画_卡通动漫_files

[ 2017-06-05T17:05:33+08:00 ] ::1 /TPvideo/index.php/Home/Carton/%E5%94%8F%E9%87%8C%E5%94%8F%E9%87%8C%E5%8A%A8%E7%94%BB_%E5%8D%A1%E9%80%9A%E5%8A%A8%E6%BC%AB_files/u=1286010796,1762813222&fm=20
ERR: 非法操作:唏里唏里动画_卡通动漫_files

[ 2017-06-05T17:05:33+08:00 ] ::1 /TPvideo/index.php/Home/Carton/%E5%94%8F%E9%87%8C%E5%94%8F%E9%87%8C%E5%8A%A8%E7%94%BB_%E5%8D%A1%E9%80%9A%E5%8A%A8%E6%BC%AB_files/u=4080195901,2013295905&fm=20
ERR: 非法操作:唏里唏里动画_卡通动漫_files

[ 2017-06-05T17:05:33+08:00 ] ::1 /TPvideo/index.php/Home/Carton/%E5%94%8F%E9%87%8C%E5%94%8F%E9%87%8C%E5%8A%A8%E7%94%BB_%E5%8D%A1%E9%80%9A%E5%8A%A8%E6%BC%AB_files/u=811654722,130101203&fm=20
ERR: 非法操作:唏里唏里动画_卡通动漫_files

[ 2017-06-05T17:05:33+08:00 ] ::1 /TPvideo/index.php/Home/Carton/%E5%94%8F%E9%87%8C%E5%94%8F%E9%87%8C%E5%8A%A8%E7%94%BB_%E5%8D%A1%E9%80%9A%E5%8A%A8%E6%BC%AB_files/u=4241987513,3789419715&fm=20
ERR: 非法操作:唏里唏里动画_卡通动漫_files

[ 2017-06-05T17:05:33+08:00 ] ::1 /TPvideo/index.php/Home/Carton/%E5%94%8F%E9%87%8C%E5%94%8F%E9%87%8C%E5%8A%A8%E7%94%BB_%E5%8D%A1%E9%80%9A%E5%8A%A8%E6%BC%AB_files/u=3306499429,3524902413&fm=20
ERR: 非法操作:唏里唏里动画_卡通动漫_files

[ 2017-06-05T17:05:33+08:00 ] ::1 /TPvideo/index.php/Home/Carton/%E5%94%8F%E9%87%8C%E5%94%8F%E9%87%8C%E5%8A%A8%E7%94%BB_%E5%8D%A1%E9%80%9A%E5%8A%A8%E6%BC%AB_files/u=3631029309,2307412310&fm=20
ERR: 非法操作:唏里唏里动画_卡通动漫_files

[ 2017-06-05T17:05:33+08:00 ] ::1 /TPvideo/index.php/Home/Carton/%E5%94%8F%E9%87%8C%E5%94%8F%E9%87%8C%E5%8A%A8%E7%94%BB_%E5%8D%A1%E9%80%9A%E5%8A%A8%E6%BC%AB_files/u=2862545432,2436871935&fm=20
ERR: 非法操作:唏里唏里动画_卡通动漫_files

[ 2017-06-05T17:05:33+08:00 ] ::1 /TPvideo/index.php/Home/Carton/%E5%94%8F%E9%87%8C%E5%94%8F%E9%87%8C%E5%8A%A8%E7%94%BB_%E5%8D%A1%E9%80%9A%E5%8A%A8%E6%BC%AB_files/u=2140195506,2204143411&fm=20
ERR: 非法操作:唏里唏里动画_卡通动漫_files

[ 2017-06-05T17:05:34+08:00 ] ::1 /TPvideo/index.php/Home/Carton/%E5%94%8F%E9%87%8C%E5%94%8F%E9%87%8C%E5%8A%A8%E7%94%BB_%E5%8D%A1%E9%80%9A%E5%8A%A8%E6%BC%AB_files/u=1618794280,2578314300&fm=20
ERR: 非法操作:唏里唏里动画_卡通动漫_files

[ 2017-06-05T17:05:34+08:00 ] ::1 /TPvideo/index.php/Home/Carton/%E5%94%8F%E9%87%8C%E5%94%8F%E9%87%8C%E5%8A%A8%E7%94%BB_%E5%8D%A1%E9%80%9A%E5%8A%A8%E6%BC%AB_files/u=593616858,2597100286&fm=20
ERR: 非法操作:唏里唏里动画_卡通动漫_files

[ 2017-06-05T17:05:34+08:00 ] ::1 /TPvideo/index.php/Home/Carton/%E5%94%8F%E9%87%8C%E5%94%8F%E9%87%8C%E5%8A%A8%E7%94%BB_%E5%8D%A1%E9%80%9A%E5%8A%A8%E6%BC%AB_files/u=2216158858,2922819176&fm=20
ERR: 非法操作:唏里唏里动画_卡通动漫_files

[ 2017-06-05T17:05:34+08:00 ] ::1 /TPvideo/index.php/Home/Carton/%E5%94%8F%E9%87%8C%E5%94%8F%E9%87%8C%E5%8A%A8%E7%94%BB_%E5%8D%A1%E9%80%9A%E5%8A%A8%E6%BC%AB_files/u=1344325322,3246165502&fm=20
ERR: 非法操作:唏里唏里动画_卡通动漫_files

[ 2017-06-05T17:05:34+08:00 ] ::1 /TPvideo/index.php/Home/Carton/%E5%94%8F%E9%87%8C%E5%94%8F%E9%87%8C%E5%8A%A8%E7%94%BB_%E5%8D%A1%E9%80%9A%E5%8A%A8%E6%BC%AB_files/u=783138555,3487996589&fm=20
ERR: 非法操作:唏里唏里动画_卡通动漫_files

[ 2017-06-05T17:05:34+08:00 ] ::1 /TPvideo/index.php/Home/Carton/%E5%94%8F%E9%87%8C%E5%94%8F%E9%87%8C%E5%8A%A8%E7%94%BB_%E5%8D%A1%E9%80%9A%E5%8A%A8%E6%BC%AB_files/u=1493723840,2405594587&fm=20
ERR: 非法操作:唏里唏里动画_卡通动漫_files

[ 2017-06-05T17:05:34+08:00 ] ::1 /TPvideo/index.php/Home/Carton/%E5%94%8F%E9%87%8C%E5%94%8F%E9%87%8C%E5%8A%A8%E7%94%BB_%E5%8D%A1%E9%80%9A%E5%8A%A8%E6%BC%AB_files/u=3334375866,3406600830&fm=20
ERR: 非法操作:唏里唏里动画_卡通动漫_files

[ 2017-06-05T17:11:20+08:00 ] ::1 /TPvideo/index.php/Home/Carton/%E5%94%8F%E9%87%8C%E5%94%8F%E9%87%8C%E5%8A%A8%E7%94%BB_%E5%8D%A1%E9%80%9A%E5%8A%A8%E6%BC%AB_files/u=4080195901,2013295905&fm=20
ERR: 非法操作:唏里唏里动画_卡通动漫_files

[ 2017-06-05T17:11:20+08:00 ] ::1 /TPvideo/index.php/Home/Carton/%E5%94%8F%E9%87%8C%E5%94%8F%E9%87%8C%E5%8A%A8%E7%94%BB_%E5%8D%A1%E9%80%9A%E5%8A%A8%E6%BC%AB_files/u=1286010796,1762813222&fm=20
ERR: 非法操作:唏里唏里动画_卡通动漫_files

[ 2017-06-05T17:11:20+08:00 ] ::1 /TPvideo/index.php/Home/Carton/%E5%94%8F%E9%87%8C%E5%94%8F%E9%87%8C%E5%8A%A8%E7%94%BB_%E5%8D%A1%E9%80%9A%E5%8A%A8%E6%BC%AB_files/u=811654722,130101203&fm=20
ERR: 非法操作:唏里唏里动画_卡通动漫_files

[ 2017-06-05T17:11:21+08:00 ] ::1 /TPvideo/index.php/Home/Carton/%E5%94%8F%E9%87%8C%E5%94%8F%E9%87%8C%E5%8A%A8%E7%94%BB_%E5%8D%A1%E9%80%9A%E5%8A%A8%E6%BC%AB_files/u=4241987513,3789419715&fm=20
ERR: 非法操作:唏里唏里动画_卡通动漫_files

[ 2017-06-05T17:11:21+08:00 ] ::1 /TPvideo/index.php/Home/Carton/%E5%94%8F%E9%87%8C%E5%94%8F%E9%87%8C%E5%8A%A8%E7%94%BB_%E5%8D%A1%E9%80%9A%E5%8A%A8%E6%BC%AB_files/u=1618794280,2578314300&fm=20
ERR: 非法操作:唏里唏里动画_卡通动漫_files

[ 2017-06-05T17:11:21+08:00 ] ::1 /TPvideo/index.php/Home/Carton/%E5%94%8F%E9%87%8C%E5%94%8F%E9%87%8C%E5%8A%A8%E7%94%BB_%E5%8D%A1%E9%80%9A%E5%8A%A8%E6%BC%AB_files/u=2557811826,2007786970&fm=20
ERR: 非法操作:唏里唏里动画_卡通动漫_files

[ 2017-06-05T17:11:21+08:00 ] ::1 /TPvideo/index.php/Home/Carton/%E5%94%8F%E9%87%8C%E5%94%8F%E9%87%8C%E5%8A%A8%E7%94%BB_%E5%8D%A1%E9%80%9A%E5%8A%A8%E6%BC%AB_files/u=3986239096,2714751997&fm=20
ERR: 非法操作:唏里唏里动画_卡通动漫_files

[ 2017-06-05T17:11:21+08:00 ] ::1 /TPvideo/index.php/Home/Carton/%E5%94%8F%E9%87%8C%E5%94%8F%E9%87%8C%E5%8A%A8%E7%94%BB_%E5%8D%A1%E9%80%9A%E5%8A%A8%E6%BC%AB_files/u=593616858,2597100286&fm=20
ERR: 非法操作:唏里唏里动画_卡通动漫_files

[ 2017-06-05T17:11:21+08:00 ] ::1 /TPvideo/index.php/Home/Carton/%E5%94%8F%E9%87%8C%E5%94%8F%E9%87%8C%E5%8A%A8%E7%94%BB_%E5%8D%A1%E9%80%9A%E5%8A%A8%E6%BC%AB_files/u=2216158858,2922819176&fm=20
ERR: 非法操作:唏里唏里动画_卡通动漫_files

[ 2017-06-05T17:11:21+08:00 ] ::1 /TPvideo/index.php/Home/Carton/%E5%94%8F%E9%87%8C%E5%94%8F%E9%87%8C%E5%8A%A8%E7%94%BB_%E5%8D%A1%E9%80%9A%E5%8A%A8%E6%BC%AB_files/u=783138555,3487996589&fm=20
ERR: 非法操作:唏里唏里动画_卡通动漫_files

[ 2017-06-05T17:11:21+08:00 ] ::1 /TPvideo/index.php/Home/Carton/%E5%94%8F%E9%87%8C%E5%94%8F%E9%87%8C%E5%8A%A8%E7%94%BB_%E5%8D%A1%E9%80%9A%E5%8A%A8%E6%BC%AB_files/u=1344325322,3246165502&fm=20
ERR: 非法操作:唏里唏里动画_卡通动漫_files

[ 2017-06-05T17:11:21+08:00 ] ::1 /TPvideo/index.php/Home/Carton/%E5%94%8F%E9%87%8C%E5%94%8F%E9%87%8C%E5%8A%A8%E7%94%BB_%E5%8D%A1%E9%80%9A%E5%8A%A8%E6%BC%AB_files/u=1493723840,2405594587&fm=20
ERR: 非法操作:唏里唏里动画_卡通动漫_files

[ 2017-06-05T17:11:21+08:00 ] ::1 /TPvideo/index.php/Home/Carton/%E5%94%8F%E9%87%8C%E5%94%8F%E9%87%8C%E5%8A%A8%E7%94%BB_%E5%8D%A1%E9%80%9A%E5%8A%A8%E6%BC%AB_files/u=4080195901,2013295905&fm=20
ERR: 非法操作:唏里唏里动画_卡通动漫_files

[ 2017-06-05T17:11:21+08:00 ] ::1 /TPvideo/index.php/Home/Carton/%E5%94%8F%E9%87%8C%E5%94%8F%E9%87%8C%E5%8A%A8%E7%94%BB_%E5%8D%A1%E9%80%9A%E5%8A%A8%E6%BC%AB_files/u=3334375866,3406600830&fm=20
ERR: 非法操作:唏里唏里动画_卡通动漫_files

[ 2017-06-05T17:11:21+08:00 ] ::1 /TPvideo/index.php/Home/Carton/%E5%94%8F%E9%87%8C%E5%94%8F%E9%87%8C%E5%8A%A8%E7%94%BB_%E5%8D%A1%E9%80%9A%E5%8A%A8%E6%BC%AB_files/u=1402296845,1515441770&fm=20
ERR: 非法操作:唏里唏里动画_卡通动漫_files

[ 2017-06-05T17:11:21+08:00 ] ::1 /TPvideo/index.php/Home/Carton/%E5%94%8F%E9%87%8C%E5%94%8F%E9%87%8C%E5%8A%A8%E7%94%BB_%E5%8D%A1%E9%80%9A%E5%8A%A8%E6%BC%AB_files/u=2835012470,3957468117&fm=20
ERR: 非法操作:唏里唏里动画_卡通动漫_files

[ 2017-06-05T17:11:21+08:00 ] ::1 /TPvideo/index.php/Home/Carton/%E5%94%8F%E9%87%8C%E5%94%8F%E9%87%8C%E5%8A%A8%E7%94%BB_%E5%8D%A1%E9%80%9A%E5%8A%A8%E6%BC%AB_files/u=466111325,46442140&fm=20
ERR: 非法操作:唏里唏里动画_卡通动漫_files

[ 2017-06-05T17:11:21+08:00 ] ::1 /TPvideo/index.php/Home/Carton/%E5%94%8F%E9%87%8C%E5%94%8F%E9%87%8C%E5%8A%A8%E7%94%BB_%E5%8D%A1%E9%80%9A%E5%8A%A8%E6%BC%AB_files/u=924311981,2305963323&fm=20
ERR: 非法操作:唏里唏里动画_卡通动漫_files

[ 2017-06-05T17:11:21+08:00 ] ::1 /TPvideo/index.php/Home/Carton/%E5%94%8F%E9%87%8C%E5%94%8F%E9%87%8C%E5%8A%A8%E7%94%BB_%E5%8D%A1%E9%80%9A%E5%8A%A8%E6%BC%AB_files/u=3839103291,3088484477&fm=20
ERR: 非法操作:唏里唏里动画_卡通动漫_files

[ 2017-06-05T17:11:21+08:00 ] ::1 /TPvideo/index.php/Home/Carton/%E5%94%8F%E9%87%8C%E5%94%8F%E9%87%8C%E5%8A%A8%E7%94%BB_%E5%8D%A1%E9%80%9A%E5%8A%A8%E6%BC%AB_files/u=901004293,2058047111&fm=20
ERR: 非法操作:唏里唏里动画_卡通动漫_files

[ 2017-06-05T17:11:21+08:00 ] ::1 /TPvideo/index.php/Home/Carton/%E5%94%8F%E9%87%8C%E5%94%8F%E9%87%8C%E5%8A%A8%E7%94%BB_%E5%8D%A1%E9%80%9A%E5%8A%A8%E6%BC%AB_files/u=2372709731,1127054541&fm=20
ERR: 非法操作:唏里唏里动画_卡通动漫_files

[ 2017-06-05T17:11:21+08:00 ] ::1 /TPvideo/index.php/Home/Carton/%E5%94%8F%E9%87%8C%E5%94%8F%E9%87%8C%E5%8A%A8%E7%94%BB_%E5%8D%A1%E9%80%9A%E5%8A%A8%E6%BC%AB_files/u=494003402,2545047587&fm=20
ERR: 非法操作:唏里唏里动画_卡通动漫_files

[ 2017-06-05T17:11:21+08:00 ] ::1 /TPvideo/index.php/Home/Carton/%E5%94%8F%E9%87%8C%E5%94%8F%E9%87%8C%E5%8A%A8%E7%94%BB_%E5%8D%A1%E9%80%9A%E5%8A%A8%E6%BC%AB_files/u=3530237116,3165818344&fm=20
ERR: 非法操作:唏里唏里动画_卡通动漫_files

[ 2017-06-05T17:11:21+08:00 ] ::1 /TPvideo/index.php/Home/Carton/%E5%94%8F%E9%87%8C%E5%94%8F%E9%87%8C%E5%8A%A8%E7%94%BB_%E5%8D%A1%E9%80%9A%E5%8A%A8%E6%BC%AB_files/u=633454111,3978737681&fm=20
ERR: 非法操作:唏里唏里动画_卡通动漫_files

[ 2017-06-05T17:11:21+08:00 ] ::1 /TPvideo/index.php/Home/Carton/%E5%94%8F%E9%87%8C%E5%94%8F%E9%87%8C%E5%8A%A8%E7%94%BB_%E5%8D%A1%E9%80%9A%E5%8A%A8%E6%BC%AB_files/u=4048047381,1491292599&fm=20
ERR: 非法操作:唏里唏里动画_卡通动漫_files

[ 2017-06-05T17:11:21+08:00 ] ::1 /TPvideo/index.php/Home/Carton/%E5%94%8F%E9%87%8C%E5%94%8F%E9%87%8C%E5%8A%A8%E7%94%BB_%E5%8D%A1%E9%80%9A%E5%8A%A8%E6%BC%AB_files/u=3320019772,2272156840&fm=20
ERR: 非法操作:唏里唏里动画_卡通动漫_files

[ 2017-06-05T17:11:21+08:00 ] ::1 /TPvideo/index.php/Home/Carton/%E5%94%8F%E9%87%8C%E5%94%8F%E9%87%8C%E5%8A%A8%E7%94%BB_%E5%8D%A1%E9%80%9A%E5%8A%A8%E6%BC%AB_files/u=3306499429,3524902413&fm=20
ERR: 非法操作:唏里唏里动画_卡通动漫_files

[ 2017-06-05T17:11:21+08:00 ] ::1 /TPvideo/index.php/Home/Carton/%E5%94%8F%E9%87%8C%E5%94%8F%E9%87%8C%E5%8A%A8%E7%94%BB_%E5%8D%A1%E9%80%9A%E5%8A%A8%E6%BC%AB_files/u=4270036784,507209928&fm=20
ERR: 非法操作:唏里唏里动画_卡通动漫_files

[ 2017-06-05T17:11:21+08:00 ] ::1 /TPvideo/index.php/Home/Carton/%E5%94%8F%E9%87%8C%E5%94%8F%E9%87%8C%E5%8A%A8%E7%94%BB_%E5%8D%A1%E9%80%9A%E5%8A%A8%E6%BC%AB_files/u=2862545432,2436871935&fm=20
ERR: 非法操作:唏里唏里动画_卡通动漫_files

[ 2017-06-05T17:11:21+08:00 ] ::1 /TPvideo/index.php/Home/Carton/%E5%94%8F%E9%87%8C%E5%94%8F%E9%87%8C%E5%8A%A8%E7%94%BB_%E5%8D%A1%E9%80%9A%E5%8A%A8%E6%BC%AB_files/u=3631029309,2307412310&fm=20
ERR: 非法操作:唏里唏里动画_卡通动漫_files

[ 2017-06-05T17:11:21+08:00 ] ::1 /TPvideo/index.php/Home/Carton/%E5%94%8F%E9%87%8C%E5%94%8F%E9%87%8C%E5%8A%A8%E7%94%BB_%E5%8D%A1%E9%80%9A%E5%8A%A8%E6%BC%AB_files/u=2140195506,2204143411&fm=20
ERR: 非法操作:唏里唏里动画_卡通动漫_files

[ 2017-06-05T17:11:28+08:00 ] ::1 /TPvideo/index.php/Home/Login/login.html
ERR: 无法加载控制器:Login

[ 2017-06-05T17:13:22+08:00 ] ::1 /TPvideo/index.php/Home/Login/login.html
ERR: 无法加载控制器:Login

[ 2017-06-05T17:13:23+08:00 ] ::1 /TPvideo/index.php/Home/Carton/%E5%94%8F%E9%87%8C%E5%94%8F%E9%87%8C%E5%8A%A8%E7%94%BB_%E5%8D%A1%E9%80%9A%E5%8A%A8%E6%BC%AB_files/u=811654722,130101203&fm=20
ERR: 非法操作:唏里唏里动画_卡通动漫_files

[ 2017-06-05T17:13:23+08:00 ] ::1 /TPvideo/index.php/Home/Carton/%E5%94%8F%E9%87%8C%E5%94%8F%E9%87%8C%E5%8A%A8%E7%94%BB_%E5%8D%A1%E9%80%9A%E5%8A%A8%E6%BC%AB_files/u=3986239096,2714751997&fm=20
ERR: 非法操作:唏里唏里动画_卡通动漫_files

[ 2017-06-05T17:13:24+08:00 ] ::1 /TPvideo/index.php/Home/Carton/%E5%94%8F%E9%87%8C%E5%94%8F%E9%87%8C%E5%8A%A8%E7%94%BB_%E5%8D%A1%E9%80%9A%E5%8A%A8%E6%BC%AB_files/u=4080195901,2013295905&fm=20
ERR: 非法操作:唏里唏里动画_卡通动漫_files

[ 2017-06-05T17:13:24+08:00 ] ::1 /TPvideo/index.php/Home/Carton/%E5%94%8F%E9%87%8C%E5%94%8F%E9%87%8C%E5%8A%A8%E7%94%BB_%E5%8D%A1%E9%80%9A%E5%8A%A8%E6%BC%AB_files/u=1286010796,1762813222&fm=20
ERR: 非法操作:唏里唏里动画_卡通动漫_files

[ 2017-06-05T17:13:24+08:00 ] ::1 /TPvideo/index.php/Home/Carton/%E5%94%8F%E9%87%8C%E5%94%8F%E9%87%8C%E5%8A%A8%E7%94%BB_%E5%8D%A1%E9%80%9A%E5%8A%A8%E6%BC%AB_files/u=1618794280,2578314300&fm=20
ERR: 非法操作:唏里唏里动画_卡通动漫_files

[ 2017-06-05T17:13:24+08:00 ] ::1 /TPvideo/index.php/Home/Carton/%E5%94%8F%E9%87%8C%E5%94%8F%E9%87%8C%E5%8A%A8%E7%94%BB_%E5%8D%A1%E9%80%9A%E5%8A%A8%E6%BC%AB_files/u=2557811826,2007786970&fm=20
ERR: 非法操作:唏里唏里动画_卡通动漫_files

[ 2017-06-05T17:13:24+08:00 ] ::1 /TPvideo/index.php/Home/Carton/%E5%94%8F%E9%87%8C%E5%94%8F%E9%87%8C%E5%8A%A8%E7%94%BB_%E5%8D%A1%E9%80%9A%E5%8A%A8%E6%BC%AB_files/u=593616858,2597100286&fm=20
ERR: 非法操作:唏里唏里动画_卡通动漫_files

[ 2017-06-05T17:13:24+08:00 ] ::1 /TPvideo/index.php/Home/Carton/%E5%94%8F%E9%87%8C%E5%94%8F%E9%87%8C%E5%8A%A8%E7%94%BB_%E5%8D%A1%E9%80%9A%E5%8A%A8%E6%BC%AB_files/u=4241987513,3789419715&fm=20
ERR: 非法操作:唏里唏里动画_卡通动漫_files

[ 2017-06-05T17:13:24+08:00 ] ::1 /TPvideo/index.php/Home/Carton/%E5%94%8F%E9%87%8C%E5%94%8F%E9%87%8C%E5%8A%A8%E7%94%BB_%E5%8D%A1%E9%80%9A%E5%8A%A8%E6%BC%AB_files/u=2216158858,2922819176&fm=20
ERR: 非法操作:唏里唏里动画_卡通动漫_files

[ 2017-06-05T17:13:29+08:00 ] ::1 /TPvideo/index.php/Home/Login/login.html
ERR: 无法加载控制器:Login

[ 2017-06-05T17:13:29+08:00 ] ::1 /TPvideo/index.php/Home/Login/login.html
ERR: 无法加载控制器:Login

[ 2017-06-05T17:14:29+08:00 ] ::1 /TPvideo/index.php/Home/User/login.html
ERR: 模板不存在:./Template/default/Home/Public/error_tip.html

[ 2017-06-05T23:07:49+08:00 ] ::1 /TPvideo/index.php/Home/Carton/%E5%94%8F%E9%87%8C%E5%94%8F%E9%87%8C%E5%8A%A8%E7%94%BB_%E5%8D%A1%E9%80%9A%E5%8A%A8%E6%BC%AB_files/u=1286010796,1762813222&fm=20
ERR: 非法操作:唏里唏里动画_卡通动漫_files

[ 2017-06-05T23:07:49+08:00 ] ::1 /TPvideo/index.php/Home/Carton/%E5%94%8F%E9%87%8C%E5%94%8F%E9%87%8C%E5%8A%A8%E7%94%BB_%E5%8D%A1%E9%80%9A%E5%8A%A8%E6%BC%AB_files/u=4080195901,2013295905&fm=20
ERR: 非法操作:唏里唏里动画_卡通动漫_files

[ 2017-06-05T23:07:49+08:00 ] ::1 /TPvideo/index.php/Home/Carton/%E5%94%8F%E9%87%8C%E5%94%8F%E9%87%8C%E5%8A%A8%E7%94%BB_%E5%8D%A1%E9%80%9A%E5%8A%A8%E6%BC%AB_files/u=4241987513,3789419715&fm=20
ERR: 非法操作:唏里唏里动画_卡通动漫_files

[ 2017-06-05T23:07:49+08:00 ] ::1 /TPvideo/index.php/Home/Carton/%E5%94%8F%E9%87%8C%E5%94%8F%E9%87%8C%E5%8A%A8%E7%94%BB_%E5%8D%A1%E9%80%9A%E5%8A%A8%E6%BC%AB_files/u=2557811826,2007786970&fm=20
ERR: 非法操作:唏里唏里动画_卡通动漫_files

[ 2017-06-05T23:07:49+08:00 ] ::1 /TPvideo/index.php/Home/Carton/%E5%94%8F%E9%87%8C%E5%94%8F%E9%87%8C%E5%8A%A8%E7%94%BB_%E5%8D%A1%E9%80%9A%E5%8A%A8%E6%BC%AB_files/u=811654722,130101203&fm=20
ERR: 非法操作:唏里唏里动画_卡通动漫_files

[ 2017-06-05T23:07:49+08:00 ] ::1 /TPvideo/index.php/Home/Carton/%E5%94%8F%E9%87%8C%E5%94%8F%E9%87%8C%E5%8A%A8%E7%94%BB_%E5%8D%A1%E9%80%9A%E5%8A%A8%E6%BC%AB_files/u=3986239096,2714751997&fm=20
ERR: 非法操作:唏里唏里动画_卡通动漫_files

[ 2017-06-05T23:07:49+08:00 ] ::1 /TPvideo/index.php/Home/Carton/%E5%94%8F%E9%87%8C%E5%94%8F%E9%87%8C%E5%8A%A8%E7%94%BB_%E5%8D%A1%E9%80%9A%E5%8A%A8%E6%BC%AB_files/u=593616858,2597100286&fm=20
ERR: 非法操作:唏里唏里动画_卡通动漫_files

[ 2017-06-05T23:07:49+08:00 ] ::1 /TPvideo/index.php/Home/Carton/%E5%94%8F%E9%87%8C%E5%94%8F%E9%87%8C%E5%8A%A8%E7%94%BB_%E5%8D%A1%E9%80%9A%E5%8A%A8%E6%BC%AB_files/u=1618794280,2578314300&fm=20
ERR: 非法操作:唏里唏里动画_卡通动漫_files

[ 2017-06-05T23:07:50+08:00 ] ::1 /TPvideo/index.php/Home/Carton/%E5%94%8F%E9%87%8C%E5%94%8F%E9%87%8C%E5%8A%A8%E7%94%BB_%E5%8D%A1%E9%80%9A%E5%8A%A8%E6%BC%AB_files/u=2216158858,2922819176&fm=20
ERR: 非法操作:唏里唏里动画_卡通动漫_files

[ 2017-06-05T23:07:50+08:00 ] ::1 /TPvideo/index.php/Home/Carton/%E5%94%8F%E9%87%8C%E5%94%8F%E9%87%8C%E5%8A%A8%E7%94%BB_%E5%8D%A1%E9%80%9A%E5%8A%A8%E6%BC%AB_files/u=1344325322,3246165502&fm=20
ERR: 非法操作:唏里唏里动画_卡通动漫_files

[ 2017-06-05T23:07:50+08:00 ] ::1 /TPvideo/index.php/Home/Carton/%E5%94%8F%E9%87%8C%E5%94%8F%E9%87%8C%E5%8A%A8%E7%94%BB_%E5%8D%A1%E9%80%9A%E5%8A%A8%E6%BC%AB_files/u=1493723840,2405594587&fm=20
ERR: 非法操作:唏里唏里动画_卡通动漫_files

[ 2017-06-05T23:07:50+08:00 ] ::1 /TPvideo/index.php/Home/Carton/%E5%94%8F%E9%87%8C%E5%94%8F%E9%87%8C%E5%8A%A8%E7%94%BB_%E5%8D%A1%E9%80%9A%E5%8A%A8%E6%BC%AB_files/u=783138555,3487996589&fm=20
ERR: 非法操作:唏里唏里动画_卡通动漫_files

[ 2017-06-05T23:07:50+08:00 ] ::1 /TPvideo/index.php/Home/Carton/%E5%94%8F%E9%87%8C%E5%94%8F%E9%87%8C%E5%8A%A8%E7%94%BB_%E5%8D%A1%E9%80%9A%E5%8A%A8%E6%BC%AB_files/u=3334375866,3406600830&fm=20
ERR: 非法操作:唏里唏里动画_卡通动漫_files

[ 2017-06-05T23:07:50+08:00 ] ::1 /TPvideo/index.php/Home/Carton/%E5%94%8F%E9%87%8C%E5%94%8F%E9%87%8C%E5%8A%A8%E7%94%BB_%E5%8D%A1%E9%80%9A%E5%8A%A8%E6%BC%AB_files/u=2835012470,3957468117&fm=20
ERR: 非法操作:唏里唏里动画_卡通动漫_files

[ 2017-06-05T23:07:50+08:00 ] ::1 /TPvideo/index.php/Home/Carton/%E5%94%8F%E9%87%8C%E5%94%8F%E9%87%8C%E5%8A%A8%E7%94%BB_%E5%8D%A1%E9%80%9A%E5%8A%A8%E6%BC%AB_files/u=1402296845,1515441770&fm=20
ERR: 非法操作:唏里唏里动画_卡通动漫_files

[ 2017-06-05T23:07:50+08:00 ] ::1 /TPvideo/index.php/Home/Carton/%E5%94%8F%E9%87%8C%E5%94%8F%E9%87%8C%E5%8A%A8%E7%94%BB_%E5%8D%A1%E9%80%9A%E5%8A%A8%E6%BC%AB_files/u=466111325,46442140&fm=20
ERR: 非法操作:唏里唏里动画_卡通动漫_files

[ 2017-06-05T23:07:50+08:00 ] ::1 /TPvideo/index.php/Home/Carton/%E5%94%8F%E9%87%8C%E5%94%8F%E9%87%8C%E5%8A%A8%E7%94%BB_%E5%8D%A1%E9%80%9A%E5%8A%A8%E6%BC%AB_files/u=924311981,2305963323&fm=20
ERR: 非法操作:唏里唏里动画_卡通动漫_files

[ 2017-06-05T23:07:50+08:00 ] ::1 /TPvideo/index.php/Home/Carton/%E5%94%8F%E9%87%8C%E5%94%8F%E9%87%8C%E5%8A%A8%E7%94%BB_%E5%8D%A1%E9%80%9A%E5%8A%A8%E6%BC%AB_files/u=3839103291,3088484477&fm=20
ERR: 非法操作:唏里唏里动画_卡通动漫_files

[ 2017-06-05T23:07:50+08:00 ] ::1 /TPvideo/index.php/Home/Carton/%E5%94%8F%E9%87%8C%E5%94%8F%E9%87%8C%E5%8A%A8%E7%94%BB_%E5%8D%A1%E9%80%9A%E5%8A%A8%E6%BC%AB_files/u=901004293,2058047111&fm=20
ERR: 非法操作:唏里唏里动画_卡通动漫_files

[ 2017-06-05T23:07:50+08:00 ] ::1 /TPvideo/index.php/Home/Carton/%E5%94%8F%E9%87%8C%E5%94%8F%E9%87%8C%E5%8A%A8%E7%94%BB_%E5%8D%A1%E9%80%9A%E5%8A%A8%E6%BC%AB_files/u=2372709731,1127054541&fm=20
ERR: 非法操作:唏里唏里动画_卡通动漫_files

[ 2017-06-05T23:07:50+08:00 ] ::1 /TPvideo/index.php/Home/Carton/%E5%94%8F%E9%87%8C%E5%94%8F%E9%87%8C%E5%8A%A8%E7%94%BB_%E5%8D%A1%E9%80%9A%E5%8A%A8%E6%BC%AB_files/u=494003402,2545047587&fm=20
ERR: 非法操作:唏里唏里动画_卡通动漫_files

[ 2017-06-05T23:07:50+08:00 ] ::1 /TPvideo/index.php/Home/Carton/%E5%94%8F%E9%87%8C%E5%94%8F%E9%87%8C%E5%8A%A8%E7%94%BB_%E5%8D%A1%E9%80%9A%E5%8A%A8%E6%BC%AB_files/u=3320019772,2272156840&fm=20
ERR: 非法操作:唏里唏里动画_卡通动漫_files

[ 2017-06-05T23:07:50+08:00 ] ::1 /TPvideo/index.php/Home/Carton/%E5%94%8F%E9%87%8C%E5%94%8F%E9%87%8C%E5%8A%A8%E7%94%BB_%E5%8D%A1%E9%80%9A%E5%8A%A8%E6%BC%AB_files/u=633454111,3978737681&fm=20
ERR: 非法操作:唏里唏里动画_卡通动漫_files

[ 2017-06-05T23:07:50+08:00 ] ::1 /TPvideo/index.php/Home/Carton/%E5%94%8F%E9%87%8C%E5%94%8F%E9%87%8C%E5%8A%A8%E7%94%BB_%E5%8D%A1%E9%80%9A%E5%8A%A8%E6%BC%AB_files/u=4270036784,507209928&fm=20
ERR: 非法操作:唏里唏里动画_卡通动漫_files

[ 2017-06-05T23:07:50+08:00 ] ::1 /TPvideo/index.php/Home/Carton/%E5%94%8F%E9%87%8C%E5%94%8F%E9%87%8C%E5%8A%A8%E7%94%BB_%E5%8D%A1%E9%80%9A%E5%8A%A8%E6%BC%AB_files/u=3306499429,3524902413&fm=20
ERR: 非法操作:唏里唏里动画_卡通动漫_files

[ 2017-06-05T23:07:50+08:00 ] ::1 /TPvideo/index.php/Home/Carton/%E5%94%8F%E9%87%8C%E5%94%8F%E9%87%8C%E5%8A%A8%E7%94%BB_%E5%8D%A1%E9%80%9A%E5%8A%A8%E6%BC%AB_files/u=4048047381,1491292599&fm=20
ERR: 非法操作:唏里唏里动画_卡通动漫_files

[ 2017-06-05T23:07:50+08:00 ] ::1 /TPvideo/index.php/Home/Carton/%E5%94%8F%E9%87%8C%E5%94%8F%E9%87%8C%E5%8A%A8%E7%94%BB_%E5%8D%A1%E9%80%9A%E5%8A%A8%E6%BC%AB_files/u=3530237116,3165818344&fm=20
ERR: 非法操作:唏里唏里动画_卡通动漫_files

[ 2017-06-05T23:07:50+08:00 ] ::1 /TPvideo/index.php/Home/Carton/%E5%94%8F%E9%87%8C%E5%94%8F%E9%87%8C%E5%8A%A8%E7%94%BB_%E5%8D%A1%E9%80%9A%E5%8A%A8%E6%BC%AB_files/u=2140195506,2204143411&fm=20
ERR: 非法操作:唏里唏里动画_卡通动漫_files

[ 2017-06-05T23:07:50+08:00 ] ::1 /TPvideo/index.php/Home/Carton/%E5%94%8F%E9%87%8C%E5%94%8F%E9%87%8C%E5%8A%A8%E7%94%BB_%E5%8D%A1%E9%80%9A%E5%8A%A8%E6%BC%AB_files/u=2862545432,2436871935&fm=20
ERR: 非法操作:唏里唏里动画_卡通动漫_files

[ 2017-06-05T23:07:50+08:00 ] ::1 /TPvideo/index.php/Home/Carton/%E5%94%8F%E9%87%8C%E5%94%8F%E9%87%8C%E5%8A%A8%E7%94%BB_%E5%8D%A1%E9%80%9A%E5%8A%A8%E6%BC%AB_files/u=3631029309,2307412310&fm=20
ERR: 非法操作:唏里唏里动画_卡通动漫_files

[ 2017-06-05T23:07:50+08:00 ] ::1 /TPvideo/index.php/Home/Carton/%E5%94%8F%E9%87%8C%E5%94%8F%E9%87%8C%E5%8A%A8%E7%94%BB_%E5%8D%A1%E9%80%9A%E5%8A%A8%E6%BC%AB_files/u=4080195901,2013295905&fm=20
ERR: 非法操作:唏里唏里动画_卡通动漫_files

[ 2017-06-05T23:07:50+08:00 ] ::1 /TPvideo/index.php/Home/Carton/%E5%94%8F%E9%87%8C%E5%94%8F%E9%87%8C%E5%8A%A8%E7%94%BB_%E5%8D%A1%E9%80%9A%E5%8A%A8%E6%BC%AB_files/u=4241987513,3789419715&fm=20
ERR: 非法操作:唏里唏里动画_卡通动漫_files

[ 2017-06-05T23:07:50+08:00 ] ::1 /TPvideo/index.php/Home/Carton/%E5%94%8F%E9%87%8C%E5%94%8F%E9%87%8C%E5%8A%A8%E7%94%BB_%E5%8D%A1%E9%80%9A%E5%8A%A8%E6%BC%AB_files/u=2557811826,2007786970&fm=20
ERR: 非法操作:唏里唏里动画_卡通动漫_files

[ 2017-06-05T23:07:50+08:00 ] ::1 /TPvideo/index.php/Home/Carton/%E5%94%8F%E9%87%8C%E5%94%8F%E9%87%8C%E5%8A%A8%E7%94%BB_%E5%8D%A1%E9%80%9A%E5%8A%A8%E6%BC%AB_files/u=1286010796,1762813222&fm=20
ERR: 非法操作:唏里唏里动画_卡通动漫_files

[ 2017-06-05T23:07:50+08:00 ] ::1 /TPvideo/index.php/Home/Carton/%E5%94%8F%E9%87%8C%E5%94%8F%E9%87%8C%E5%8A%A8%E7%94%BB_%E5%8D%A1%E9%80%9A%E5%8A%A8%E6%BC%AB_files/u=3986239096,2714751997&fm=20
ERR: 非法操作:唏里唏里动画_卡通动漫_files

[ 2017-06-05T23:07:50+08:00 ] ::1 /TPvideo/index.php/Home/Carton/%E5%94%8F%E9%87%8C%E5%94%8F%E9%87%8C%E5%8A%A8%E7%94%BB_%E5%8D%A1%E9%80%9A%E5%8A%A8%E6%BC%AB_files/u=811654722,130101203&fm=20
ERR: 非法操作:唏里唏里动画_卡通动漫_files

[ 2017-06-05T23:07:50+08:00 ] ::1 /TPvideo/index.php/Home/Carton/%E5%94%8F%E9%87%8C%E5%94%8F%E9%87%8C%E5%8A%A8%E7%94%BB_%E5%8D%A1%E9%80%9A%E5%8A%A8%E6%BC%AB_files/u=1618794280,2578314300&fm=20
ERR: 非法操作:唏里唏里动画_卡通动漫_files

[ 2017-06-05T23:07:50+08:00 ] ::1 /TPvideo/index.php/Home/Carton/%E5%94%8F%E9%87%8C%E5%94%8F%E9%87%8C%E5%8A%A8%E7%94%BB_%E5%8D%A1%E9%80%9A%E5%8A%A8%E6%BC%AB_files/u=593616858,2597100286&fm=20
ERR: 非法操作:唏里唏里动画_卡通动漫_files

[ 2017-06-05T23:07:51+08:00 ] ::1 /TPvideo/index.php/Home/Carton/%E5%94%8F%E9%87%8C%E5%94%8F%E9%87%8C%E5%8A%A8%E7%94%BB_%E5%8D%A1%E9%80%9A%E5%8A%A8%E6%BC%AB_files/u=2216158858,2922819176&fm=20
ERR: 非法操作:唏里唏里动画_卡通动漫_files

[ 2017-06-05T23:07:51+08:00 ] ::1 /TPvideo/index.php/Home/Carton/%E5%94%8F%E9%87%8C%E5%94%8F%E9%87%8C%E5%8A%A8%E7%94%BB_%E5%8D%A1%E9%80%9A%E5%8A%A8%E6%BC%AB_files/u=1344325322,3246165502&fm=20
ERR: 非法操作:唏里唏里动画_卡通动漫_files

[ 2017-06-05T23:07:51+08:00 ] ::1 /TPvideo/index.php/Home/Carton/%E5%94%8F%E9%87%8C%E5%94%8F%E9%87%8C%E5%8A%A8%E7%94%BB_%E5%8D%A1%E9%80%9A%E5%8A%A8%E6%BC%AB_files/u=1493723840,2405594587&fm=20
ERR: 非法操作:唏里唏里动画_卡通动漫_files

[ 2017-06-05T23:07:51+08:00 ] ::1 /TPvideo/index.php/Home/Carton/%E5%94%8F%E9%87%8C%E5%94%8F%E9%87%8C%E5%8A%A8%E7%94%BB_%E5%8D%A1%E9%80%9A%E5%8A%A8%E6%BC%AB_files/u=783138555,3487996589&fm=20
ERR: 非法操作:唏里唏里动画_卡通动漫_files

[ 2017-06-05T23:07:51+08:00 ] ::1 /TPvideo/index.php/Home/Carton/%E5%94%8F%E9%87%8C%E5%94%8F%E9%87%8C%E5%8A%A8%E7%94%BB_%E5%8D%A1%E9%80%9A%E5%8A%A8%E6%BC%AB_files/u=3334375866,3406600830&fm=20
ERR: 非法操作:唏里唏里动画_卡通动漫_files

[ 2017-06-05T23:07:51+08:00 ] ::1 /TPvideo/index.php/Home/Carton/%E5%94%8F%E9%87%8C%E5%94%8F%E9%87%8C%E5%8A%A8%E7%94%BB_%E5%8D%A1%E9%80%9A%E5%8A%A8%E6%BC%AB_files/u=1402296845,1515441770&fm=20
ERR: 非法操作:唏里唏里动画_卡通动漫_files

[ 2017-06-05T23:07:51+08:00 ] ::1 /TPvideo/index.php/Home/Carton/%E5%94%8F%E9%87%8C%E5%94%8F%E9%87%8C%E5%8A%A8%E7%94%BB_%E5%8D%A1%E9%80%9A%E5%8A%A8%E6%BC%AB_files/u=466111325,46442140&fm=20
ERR: 非法操作:唏里唏里动画_卡通动漫_files

[ 2017-06-05T23:07:51+08:00 ] ::1 /TPvideo/index.php/Home/Carton/%E5%94%8F%E9%87%8C%E5%94%8F%E9%87%8C%E5%8A%A8%E7%94%BB_%E5%8D%A1%E9%80%9A%E5%8A%A8%E6%BC%AB_files/u=2835012470,3957468117&fm=20
ERR: 非法操作:唏里唏里动画_卡通动漫_files

[ 2017-06-05T23:07:51+08:00 ] ::1 /TPvideo/index.php/Home/Carton/%E5%94%8F%E9%87%8C%E5%94%8F%E9%87%8C%E5%8A%A8%E7%94%BB_%E5%8D%A1%E9%80%9A%E5%8A%A8%E6%BC%AB_files/u=924311981,2305963323&fm=20
ERR: 非法操作:唏里唏里动画_卡通动漫_files

[ 2017-06-05T23:07:51+08:00 ] ::1 /TPvideo/index.php/Home/Carton/%E5%94%8F%E9%87%8C%E5%94%8F%E9%87%8C%E5%8A%A8%E7%94%BB_%E5%8D%A1%E9%80%9A%E5%8A%A8%E6%BC%AB_files/u=2372709731,1127054541&fm=20
ERR: 非法操作:唏里唏里动画_卡通动漫_files

[ 2017-06-05T23:07:51+08:00 ] ::1 /TPvideo/index.php/Home/Carton/%E5%94%8F%E9%87%8C%E5%94%8F%E9%87%8C%E5%8A%A8%E7%94%BB_%E5%8D%A1%E9%80%9A%E5%8A%A8%E6%BC%AB_files/u=901004293,2058047111&fm=20
ERR: 非法操作:唏里唏里动画_卡通动漫_files

[ 2017-06-05T23:07:51+08:00 ] ::1 /TPvideo/index.php/Home/Carton/%E5%94%8F%E9%87%8C%E5%94%8F%E9%87%8C%E5%8A%A8%E7%94%BB_%E5%8D%A1%E9%80%9A%E5%8A%A8%E6%BC%AB_files/u=494003402,2545047587&fm=20
ERR: 非法操作:唏里唏里动画_卡通动漫_files

[ 2017-06-05T23:07:51+08:00 ] ::1 /TPvideo/index.php/Home/Carton/%E5%94%8F%E9%87%8C%E5%94%8F%E9%87%8C%E5%8A%A8%E7%94%BB_%E5%8D%A1%E9%80%9A%E5%8A%A8%E6%BC%AB_files/u=3530237116,3165818344&fm=20
ERR: 非法操作:唏里唏里动画_卡通动漫_files

[ 2017-06-05T23:07:51+08:00 ] ::1 /TPvideo/index.php/Home/Carton/%E5%94%8F%E9%87%8C%E5%94%8F%E9%87%8C%E5%8A%A8%E7%94%BB_%E5%8D%A1%E9%80%9A%E5%8A%A8%E6%BC%AB_files/u=3839103291,3088484477&fm=20
ERR: 非法操作:唏里唏里动画_卡通动漫_files

[ 2017-06-05T23:07:51+08:00 ] ::1 /TPvideo/index.php/Home/Carton/%E5%94%8F%E9%87%8C%E5%94%8F%E9%87%8C%E5%8A%A8%E7%94%BB_%E5%8D%A1%E9%80%9A%E5%8A%A8%E6%BC%AB_files/u=633454111,3978737681&fm=20
ERR: 非法操作:唏里唏里动画_卡通动漫_files

[ 2017-06-05T23:07:51+08:00 ] ::1 /TPvideo/index.php/Home/Carton/%E5%94%8F%E9%87%8C%E5%94%8F%E9%87%8C%E5%8A%A8%E7%94%BB_%E5%8D%A1%E9%80%9A%E5%8A%A8%E6%BC%AB_files/u=4048047381,1491292599&fm=20
ERR: 非法操作:唏里唏里动画_卡通动漫_files

[ 2017-06-05T23:07:51+08:00 ] ::1 /TPvideo/index.php/Home/Carton/%E5%94%8F%E9%87%8C%E5%94%8F%E9%87%8C%E5%8A%A8%E7%94%BB_%E5%8D%A1%E9%80%9A%E5%8A%A8%E6%BC%AB_files/u=3320019772,2272156840&fm=20
ERR: 非法操作:唏里唏里动画_卡通动漫_files

[ 2017-06-05T23:07:51+08:00 ] ::1 /TPvideo/index.php/Home/Carton/%E5%94%8F%E9%87%8C%E5%94%8F%E9%87%8C%E5%8A%A8%E7%94%BB_%E5%8D%A1%E9%80%9A%E5%8A%A8%E6%BC%AB_files/u=4270036784,507209928&fm=20
ERR: 非法操作:唏里唏里动画_卡通动漫_files

[ 2017-06-05T23:07:51+08:00 ] ::1 /TPvideo/index.php/Home/Carton/%E5%94%8F%E9%87%8C%E5%94%8F%E9%87%8C%E5%8A%A8%E7%94%BB_%E5%8D%A1%E9%80%9A%E5%8A%A8%E6%BC%AB_files/u=3306499429,3524902413&fm=20
ERR: 非法操作:唏里唏里动画_卡通动漫_files

[ 2017-06-05T23:07:51+08:00 ] ::1 /TPvideo/index.php/Home/Carton/%E5%94%8F%E9%87%8C%E5%94%8F%E9%87%8C%E5%8A%A8%E7%94%BB_%E5%8D%A1%E9%80%9A%E5%8A%A8%E6%BC%AB_files/u=3631029309,2307412310&fm=20
ERR: 非法操作:唏里唏里动画_卡通动漫_files

[ 2017-06-05T23:07:51+08:00 ] ::1 /TPvideo/index.php/Home/Carton/%E5%94%8F%E9%87%8C%E5%94%8F%E9%87%8C%E5%8A%A8%E7%94%BB_%E5%8D%A1%E9%80%9A%E5%8A%A8%E6%BC%AB_files/u=2862545432,2436871935&fm=20
ERR: 非法操作:唏里唏里动画_卡通动漫_files

[ 2017-06-05T23:07:51+08:00 ] ::1 /TPvideo/index.php/Home/Carton/%E5%94%8F%E9%87%8C%E5%94%8F%E9%87%8C%E5%8A%A8%E7%94%BB_%E5%8D%A1%E9%80%9A%E5%8A%A8%E6%BC%AB_files/u=2140195506,2204143411&fm=20
ERR: 非法操作:唏里唏里动画_卡通动漫_files

[ 2017-06-05T23:12:37+08:00 ] ::1 /TPvideo/index.php/Home/Index/index.html
ERR: unable to write file ./Runtime/Cache\ec1d2a5469db5cd6d23ee29cfc5298f116c64000.file.index.html.php

[ 2017-06-05T23:12:48+08:00 ] ::1 /TPvideo/index.php/Home/Film/movie.html
ERR: 非法操作:movie

[ 2017-06-05T23:13:03+08:00 ] ::1 /TPvideo/index.php/Home/Film/movie.html
ERR: 非法操作:movie

[ 2017-06-05T23:13:08+08:00 ] ::1 /TPvideo/index.php/Home/Index/index.html
ERR: unable to write file ./Runtime/Cache\ec1d2a5469db5cd6d23ee29cfc5298f116c64000.file.index.html.php

[ 2017-06-05T23:15:35+08:00 ] ::1 /TPvideo/index.php/Home/Index/index.html
ERR: unable to write file ./Runtime/Cache\ec1d2a5469db5cd6d23ee29cfc5298f116c64000.file.index.html.php

[ 2017-06-05T23:17:12+08:00 ] ::1 /TPvideo/index.php/Home/Index/jquery.min.js
ERR: 非法操作:jquery.min.js

