[ 2017-06-20T21:35:29+08:00 ] ::1 /TPvideo/index.php/Home/Video/img/mplayer_error.png
INFO: [ app_init ] --START--
INFO: Run Behavior\BuildLiteBehavior [ RunTime:0.000000s ]
INFO: [ app_init ] --END-- [ RunTime:0.000000s ]

[ 2017-06-20T21:35:29+08:00 ] ::1 /TPvideo/index.php/Home/Video/img/mplayer_error.png
INFO: [ app_init ] --START--
INFO: Run Behavior\BuildLiteBehavior [ RunTime:0.000000s ]
INFO: [ app_init ] --END-- [ RunTime:0.001001s ]

[ 2017-06-20T21:35:29+08:00 ] ::1 /TPvideo/index.php/Home/Video/img/mplayer_error.png
INFO: [ app_init ] --START--
INFO: Run Behavior\BuildLiteBehavior [ RunTime:0.000000s ]
INFO: [ app_init ] --END-- [ RunTime:0.001000s ]

[ 2017-06-20T21:35:29+08:00 ] ::1 /TPvideo/index.php/Home/Video/img/mplayer_error.png
INFO: [ app_init ] --START--
INFO: Run Behavior\BuildLiteBehavior [ RunTime:0.000000s ]
INFO: [ app_init ] --END-- [ RunTime:0.000000s ]

[ 2017-06-20T21:35:29+08:00 ] ::1 /TPvideo/index.php/Home/Video/img/mplayer_error.png
INFO: [ app_init ] --START--
INFO: Run Behavior\BuildLiteBehavior [ RunTime:0.000000s ]
INFO: [ app_init ] --END-- [ RunTime:0.001000s ]

[ 2017-06-20T21:35:29+08:00 ] ::1 /TPvideo/index.php/Home/Video/img/mplayer_error.png
INFO: [ app_init ] --START--
INFO: Run Behavior\BuildLiteBehavior [ RunTime:0.000000s ]
INFO: [ app_init ] --END-- [ RunTime:0.001000s ]

[ 2017-06-20T21:35:29+08:00 ] ::1 /TPvideo/index.php/Home/Video/img/mplayer_error.png
INFO: [ app_init ] --START--
INFO: Run Behavior\BuildLiteBehavior [ RunTime:0.000000s ]
INFO: [ app_init ] --END-- [ RunTime:0.001000s ]

[ 2017-06-20T21:35:29+08:00 ] ::1 /TPvideo/index.php/Home/Video/img/mplayer_error.png
INFO: [ app_init ] --START--
INFO: Run Behavior\BuildLiteBehavior [ RunTime:0.000000s ]
INFO: [ app_init ] --END-- [ RunTime:0.001000s ]

[ 2017-06-20T21:35:29+08:00 ] ::1 /TPvideo/index.php/Home/Video/img/mplayer_error.png
INFO: [ app_init ] --START--
INFO: Run Behavior\BuildLiteBehavior [ RunTime:0.000000s ]
INFO: [ app_init ] --END-- [ RunTime:0.001000s ]

[ 2017-06-20T21:35:29+08:00 ] ::1 /TPvideo/index.php/Home/Video/img/mplayer_error.png
INFO: [ app_init ] --START--
INFO: Run Behavior\BuildLiteBehavior [ RunTime:0.000000s ]
INFO: [ app_init ] --END-- [ RunTime:0.000000s ]

[ 2017-06-20T21:35:29+08:00 ] ::1 /TPvideo/index.php/Home/Video/img/mplayer_error.png
INFO: [ app_init ] --START--
INFO: Run Behavior\BuildLiteBehavior [ RunTime:0.000000s ]
INFO: [ app_init ] --END-- [ RunTime:0.001000s ]

[ 2017-06-20T21:35:29+08:00 ] ::1 /TPvideo/index.php/Home/Video/img/mplayer_error.png
INFO: [ app_init ] --START--
INFO: Run Behavior\BuildLiteBehavior [ RunTime:0.001000s ]
INFO: [ app_init ] --END-- [ RunTime:0.001000s ]

[ 2017-06-20T21:35:30+08:00 ] ::1 /TPvideo/index.php/Home/Video/img/mplayer_error.png
INFO: [ app_init ] --START--
INFO: Run Behavior\BuildLiteBehavior [ RunTime:0.000000s ]
INFO: [ app_init ] --END-- [ RunTime:0.001000s ]

[ 2017-06-20T21:35:30+08:00 ] ::1 /TPvideo/index.php/Home/Video/img/mplayer_error.png
INFO: [ app_init ] --START--
INFO: Run Behavior\BuildLiteBehavior [ RunTime:0.000000s ]
INFO: [ app_init ] --END-- [ RunTime:0.001000s ]

[ 2017-06-20T21:35:30+08:00 ] ::1 /TPvideo/index.php/Home/Video/img/mplayer_error.png
INFO: [ app_init ] --START--
INFO: Run Behavior\BuildLiteBehavior [ RunTime:0.000000s ]
INFO: [ app_init ] --END-- [ RunTime:0.001000s ]

[ 2017-06-20T21:35:30+08:00 ] ::1 /TPvideo/index.php/Home/Video/img/mplayer_error.png
INFO: [ app_init ] --START--
INFO: Run Behavior\BuildLiteBehavior [ RunTime:0.000000s ]
INFO: [ app_init ] --END-- [ RunTime:0.001000s ]

[ 2017-06-20T21:35:30+08:00 ] ::1 /TPvideo/index.php/Home/Video/yinyue.html
INFO: [ app_init ] --START--
INFO: Run Behavior\BuildLiteBehavior [ RunTime:0.000000s ]
INFO: [ app_init ] --END-- [ RunTime:0.001000s ]
INFO: [ app_begin ] --START--
INFO: Run Behavior\ReadHtmlCacheBehavior [ RunTime:0.002000s ]
INFO: [ app_begin ] --END-- [ RunTime:0.002000s ]
SQL: SHOW COLUMNS FROM `video` [ RunTime:0.0090s ]
SQL: SHOW COLUMNS FROM `cate` [ RunTime:0.0090s ]
INFO: [ view_parse ] --START--
NOTIC: [8] Undefined index: user_name C:\wamp\www\TPvideo\Runtime\Cache\4a6c06a4063115e1287a86be5197a20b5eadbd7a.file.yinyue.html.php 第 115 行.
INFO: Run Behavior\ParseTemplateBehavior [ RunTime:0.025001s ]
INFO: [ view_parse ] --END-- [ RunTime:0.025001s ]
INFO: [ view_filter ] --START--
INFO: Run Behavior\WriteHtmlCacheBehavior [ RunTime:0.001001s ]
INFO: [ view_filter ] --END-- [ RunTime:0.001001s ]
INFO: [ app_end ] --START--
INFO: Run Behavior\ShowPageTraceBehavior [ RunTime:0.003000s ]
INFO: [ app_end ] --END-- [ RunTime:0.012000s ]

[ 2017-06-20T21:35:30+08:00 ] ::1 /TPvideo/index.php/Home/Video/img/mplayer_error.png
INFO: [ app_init ] --START--
INFO: Run Behavior\BuildLiteBehavior [ RunTime:0.000000s ]
INFO: [ app_init ] --END-- [ RunTime:0.002000s ]

[ 2017-06-20T21:35:30+08:00 ] ::1 /TPvideo/index.php/Home/Video/yingyue_files/reset.css
INFO: [ app_init ] --START--
INFO: Run Behavior\BuildLiteBehavior [ RunTime:0.000000s ]
INFO: [ app_init ] --END-- [ RunTime:0.005000s ]
INFO: [ app_begin ] --START--
INFO: Run Behavior\ReadHtmlCacheBehavior [ RunTime:0.001000s ]
INFO: [ app_begin ] --END-- [ RunTime:0.002000s ]
SQL: SHOW COLUMNS FROM `video` [ RunTime:0.0080s ]
SQL: SHOW COLUMNS FROM `cate` [ RunTime:0.0090s ]
ERR: 非法操作:yingyue_files

[ 2017-06-20T21:35:30+08:00 ] ::1 /TPvideo/index.php/Home/Video/yingyue_files/common.css
INFO: [ app_init ] --START--
INFO: Run Behavior\BuildLiteBehavior [ RunTime:0.000000s ]
INFO: [ app_init ] --END-- [ RunTime:0.001000s ]
INFO: [ app_begin ] --START--
INFO: Run Behavior\ReadHtmlCacheBehavior [ RunTime:0.001000s ]
INFO: [ app_begin ] --END-- [ RunTime:0.001000s ]
SQL: SHOW COLUMNS FROM `video` [ RunTime:0.0090s ]
SQL: SHOW COLUMNS FROM `cate` [ RunTime:0.0090s ]
ERR: 非法操作:yingyue_files

[ 2017-06-20T21:35:30+08:00 ] ::1 /TPvideo/index.php/Home/Video/yingyue_files/jquery.mCustomScrollbar.css
INFO: [ app_init ] --START--
INFO: Run Behavior\BuildLiteBehavior [ RunTime:0.000000s ]
INFO: [ app_init ] --END-- [ RunTime:0.001000s ]
INFO: [ app_begin ] --START--
INFO: Run Behavior\ReadHtmlCacheBehavior [ RunTime:0.001000s ]
INFO: [ app_begin ] --END-- [ RunTime:0.002001s ]
SQL: SHOW COLUMNS FROM `video` [ RunTime:0.0070s ]
SQL: SHOW COLUMNS FROM `cate` [ RunTime:0.0100s ]
ERR: 非法操作:yingyue_files

[ 2017-06-20T21:35:30+08:00 ] ::1 /TPvideo/index.php/Home/Video/yingyue_files/index.css
INFO: [ app_init ] --START--
INFO: Run Behavior\BuildLiteBehavior [ RunTime:0.000000s ]
INFO: [ app_init ] --END-- [ RunTime:0.003000s ]
INFO: [ app_begin ] --START--
INFO: Run Behavior\ReadHtmlCacheBehavior [ RunTime:0.002000s ]
INFO: [ app_begin ] --END-- [ RunTime:0.005000s ]
SQL: SHOW COLUMNS FROM `video` [ RunTime:0.0100s ]
SQL: SHOW COLUMNS FROM `cate` [ RunTime:0.0080s ]
ERR: 非法操作:yingyue_files

[ 2017-06-20T21:35:30+08:00 ] ::1 /TPvideo/index.php/Home/Video/yingyue_files/player.css
INFO: [ app_init ] --START--
INFO: Run Behavior\BuildLiteBehavior [ RunTime:0.000000s ]
INFO: [ app_init ] --END-- [ RunTime:0.002000s ]
INFO: [ app_begin ] --START--
INFO: Run Behavior\ReadHtmlCacheBehavior [ RunTime:0.001000s ]
INFO: [ app_begin ] --END-- [ RunTime:0.001000s ]
SQL: SHOW COLUMNS FROM `video` [ RunTime:0.0060s ]
SQL: SHOW COLUMNS FROM `cate` [ RunTime:0.0050s ]
ERR: 非法操作:yingyue_files

[ 2017-06-20T21:35:30+08:00 ] ::1 /TPvideo/index.php/Home/Video/img/mplayer_error.png
INFO: [ app_init ] --START--
INFO: Run Behavior\BuildLiteBehavior [ RunTime:0.000000s ]
INFO: [ app_init ] --END-- [ RunTime:0.001000s ]

[ 2017-06-20T21:35:30+08:00 ] ::1 /TPvideo/index.php/Home/Video/yingyue_files/ugc.css
INFO: [ app_init ] --START--
INFO: Run Behavior\BuildLiteBehavior [ RunTime:0.000000s ]
INFO: [ app_init ] --END-- [ RunTime:0.001000s ]
INFO: [ app_begin ] --START--
INFO: Run Behavior\ReadHtmlCacheBehavior [ RunTime:0.001000s ]
INFO: [ app_begin ] --END-- [ RunTime:0.001000s ]
SQL: SHOW COLUMNS FROM `video` [ RunTime:0.0090s ]
SQL: SHOW COLUMNS FROM `cate` [ RunTime:0.0100s ]
ERR: 非法操作:yingyue_files

[ 2017-06-20T21:35:30+08:00 ] ::1 /TPvideo/index.php/Home/Video/yingyue_files/pageload.js
INFO: [ app_init ] --START--
INFO: Run Behavior\BuildLiteBehavior [ RunTime:0.000000s ]
INFO: [ app_init ] --END-- [ RunTime:0.001000s ]
INFO: [ app_begin ] --START--
INFO: Run Behavior\ReadHtmlCacheBehavior [ RunTime:0.001000s ]
INFO: [ app_begin ] --END-- [ RunTime:0.001000s ]
SQL: SHOW COLUMNS FROM `video` [ RunTime:0.0090s ]
SQL: SHOW COLUMNS FROM `cate` [ RunTime:0.0070s ]
ERR: 非法操作:yingyue_files

[ 2017-06-20T21:35:30+08:00 ] ::1 /TPvideo/index.php/Home/Video/yingyue_files/jquery.js
INFO: [ app_init ] --START--
INFO: Run Behavior\BuildLiteBehavior [ RunTime:0.000000s ]
INFO: [ app_init ] --END-- [ RunTime:0.001000s ]
INFO: [ app_begin ] --START--
INFO: Run Behavior\ReadHtmlCacheBehavior [ RunTime:0.001000s ]
INFO: [ app_begin ] --END-- [ RunTime:0.001000s ]
SQL: SHOW COLUMNS FROM `video` [ RunTime:0.0080s ]
SQL: SHOW COLUMNS FROM `cate` [ RunTime:0.0070s ]
ERR: 非法操作:yingyue_files

[ 2017-06-20T21:35:30+08:00 ] ::1 /TPvideo/index.php/Home/Video/yingyue_files/jquery.mCustomScrollbar.concat.min.js
INFO: [ app_init ] --START--
INFO: Run Behavior\BuildLiteBehavior [ RunTime:0.000000s ]
INFO: [ app_init ] --END-- [ RunTime:0.001000s ]
INFO: [ app_begin ] --START--
INFO: Run Behavior\ReadHtmlCacheBehavior [ RunTime:0.001000s ]
INFO: [ app_begin ] --END-- [ RunTime:0.002000s ]
SQL: SHOW COLUMNS FROM `video` [ RunTime:0.0070s ]
SQL: SHOW COLUMNS FROM `cate` [ RunTime:0.0090s ]
ERR: 非法操作:yingyue_files

[ 2017-06-20T21:35:30+08:00 ] ::1 /TPvideo/index.php/Home/Video/img/mplayer_error.png
INFO: [ app_init ] --START--
INFO: Run Behavior\BuildLiteBehavior [ RunTime:0.000000s ]
INFO: [ app_init ] --END-- [ RunTime:0.001000s ]

[ 2017-06-20T21:39:22+08:00 ] ::1 /TPvideo/index.php/Home/Video/yinyue.html
INFO: [ app_init ] --START--
INFO: Run Behavior\BuildLiteBehavior [ RunTime:0.000000s ]
INFO: [ app_init ] --END-- [ RunTime:0.000000s ]
INFO: [ app_begin ] --START--
INFO: Run Behavior\ReadHtmlCacheBehavior [ RunTime:0.001000s ]
INFO: [ app_begin ] --END-- [ RunTime:0.001000s ]
SQL: SHOW COLUMNS FROM `video` [ RunTime:0.0070s ]
SQL: SHOW COLUMNS FROM `cate` [ RunTime:0.0070s ]
INFO: [ view_parse ] --START--
NOTIC: [2] rename(./Runtime/Cache\wrt5949258ace0c0,./Runtime/Cache\4a6c06a4063115e1287a86be5197a20b5eadbd7a.file.yinyue.html.php):  C:\wamp\www\TPvideo\ThinkPHP\Library\Vendor\Smarty\sysplugins\smarty_internal_write_file.php 第 52 行.
ERR: unable to write file ./Runtime/Cache\4a6c06a4063115e1287a86be5197a20b5eadbd7a.file.yinyue.html.php

[ 2017-06-20T21:39:26+08:00 ] ::1 /TPvideo/index.php/Home/Video/yinyue.html
INFO: [ app_init ] --START--
INFO: Run Behavior\BuildLiteBehavior [ RunTime:0.000000s ]
INFO: [ app_init ] --END-- [ RunTime:0.001000s ]
INFO: [ app_begin ] --START--
INFO: Run Behavior\ReadHtmlCacheBehavior [ RunTime:0.001000s ]
INFO: [ app_begin ] --END-- [ RunTime:0.001000s ]
SQL: SHOW COLUMNS FROM `video` [ RunTime:0.0060s ]
SQL: SHOW COLUMNS FROM `cate` [ RunTime:0.0090s ]
INFO: [ view_parse ] --START--
NOTIC: [2] filemtime(): stat failed for ./Runtime/Cache\4a6c06a4063115e1287a86be5197a20b5eadbd7a.file.yinyue.html.php C:\wamp\www\TPvideo\ThinkPHP\Library\Vendor\Smarty\sysplugins\smarty_resource.php 第 683 行.
NOTIC: [2] unlink(./Runtime/Cache\4a6c06a4063115e1287a86be5197a20b5eadbd7a.file.yinyue.html.php): No such file or directory C:\wamp\www\TPvideo\ThinkPHP\Library\Vendor\Smarty\sysplugins\smarty_internal_write_file.php 第 49 行.
NOTIC: [8] Undefined index: user_name C:\wamp\www\TPvideo\Runtime\Cache\4a6c06a4063115e1287a86be5197a20b5eadbd7a.file.yinyue.html.php 第 115 行.
INFO: Run Behavior\ParseTemplateBehavior [ RunTime:2.239128s ]
INFO: [ view_parse ] --END-- [ RunTime:2.239128s ]
INFO: [ view_filter ] --START--
INFO: Run Behavior\WriteHtmlCacheBehavior [ RunTime:0.001000s ]
INFO: [ view_filter ] --END-- [ RunTime:0.001000s ]
INFO: [ app_end ] --START--
INFO: Run Behavior\ShowPageTraceBehavior [ RunTime:0.001000s ]
INFO: [ app_end ] --END-- [ RunTime:0.002000s ]

[ 2017-06-20T21:39:26+08:00 ] ::1 /TPvideo/index.php/Home/Video/img/mplayer_error.png
INFO: [ app_init ] --START--
INFO: Run Behavior\BuildLiteBehavior [ RunTime:0.000000s ]
INFO: [ app_init ] --END-- [ RunTime:0.001000s ]

[ 2017-06-20T21:39:26+08:00 ] ::1 /TPvideo/index.php/Home/Video/img/mplayer_error.png
INFO: [ app_init ] --START--
INFO: Run Behavior\BuildLiteBehavior [ RunTime:0.000000s ]
INFO: [ app_init ] --END-- [ RunTime:0.001000s ]

[ 2017-06-20T21:40:23+08:00 ] ::1 /TPvideo/index.php/Home/Video/yinyue.html
INFO: [ app_init ] --START--
INFO: Run Behavior\BuildLiteBehavior [ RunTime:0.000000s ]
INFO: [ app_init ] --END-- [ RunTime:0.001000s ]
INFO: [ app_begin ] --START--
INFO: Run Behavior\ReadHtmlCacheBehavior [ RunTime:0.001000s ]
INFO: [ app_begin ] --END-- [ RunTime:0.001000s ]
SQL: SHOW COLUMNS FROM `video` [ RunTime:0.0070s ]
SQL: SHOW COLUMNS FROM `cate` [ RunTime:0.2300s ]
INFO: [ view_parse ] --START--
NOTIC: [2] rename(./Runtime/Cache\wrt594925c7d5bc3,./Runtime/Cache\4a6c06a4063115e1287a86be5197a20b5eadbd7a.file.yinyue.html.php):  C:\wamp\www\TPvideo\ThinkPHP\Library\Vendor\Smarty\sysplugins\smarty_internal_write_file.php 第 52 行.
ERR: unable to write file ./Runtime/Cache\4a6c06a4063115e1287a86be5197a20b5eadbd7a.file.yinyue.html.php

[ 2017-06-20T21:40:27+08:00 ] ::1 /TPvideo/index.php/Home/Video/yinyue.html
INFO: [ app_init ] --START--
INFO: Run Behavior\BuildLiteBehavior [ RunTime:0.000000s ]
INFO: [ app_init ] --END-- [ RunTime:0.001000s ]
INFO: [ app_begin ] --START--
INFO: Run Behavior\ReadHtmlCacheBehavior [ RunTime:0.001001s ]
INFO: [ app_begin ] --END-- [ RunTime:0.001001s ]
SQL: SHOW COLUMNS FROM `video` [ RunTime:0.0070s ]
SQL: SHOW COLUMNS FROM `cate` [ RunTime:0.0060s ]
INFO: [ view_parse ] --START--
NOTIC: [2] filemtime(): stat failed for ./Runtime/Cache\4a6c06a4063115e1287a86be5197a20b5eadbd7a.file.yinyue.html.php C:\wamp\www\TPvideo\ThinkPHP\Library\Vendor\Smarty\sysplugins\smarty_resource.php 第 683 行.
NOTIC: [2] unlink(./Runtime/Cache\4a6c06a4063115e1287a86be5197a20b5eadbd7a.file.yinyue.html.php): No such file or directory C:\wamp\www\TPvideo\ThinkPHP\Library\Vendor\Smarty\sysplugins\smarty_internal_write_file.php 第 49 行.
NOTIC: [8] Undefined index: user_name C:\wamp\www\TPvideo\Runtime\Cache\4a6c06a4063115e1287a86be5197a20b5eadbd7a.file.yinyue.html.php 第 115 行.
INFO: Run Behavior\ParseTemplateBehavior [ RunTime:2.260129s ]
INFO: [ view_parse ] --END-- [ RunTime:2.260129s ]
INFO: [ view_filter ] --START--
INFO: Run Behavior\WriteHtmlCacheBehavior [ RunTime:0.001000s ]
INFO: [ view_filter ] --END-- [ RunTime:0.001000s ]
INFO: [ app_end ] --START--
INFO: Run Behavior\ShowPageTraceBehavior [ RunTime:0.001000s ]
INFO: [ app_end ] --END-- [ RunTime:0.001000s ]

[ 2017-06-20T21:44:14+08:00 ] ::1 /TPvideo/index.php/Home/Video/yinyue.html
INFO: [ app_init ] --START--
INFO: Run Behavior\BuildLiteBehavior [ RunTime:0.000000s ]
INFO: [ app_init ] --END-- [ RunTime:0.001000s ]
INFO: [ app_begin ] --START--
INFO: Run Behavior\ReadHtmlCacheBehavior [ RunTime:0.001000s ]
INFO: [ app_begin ] --END-- [ RunTime:0.002000s ]
SQL: SHOW COLUMNS FROM `video` [ RunTime:0.0070s ]
SQL: SHOW COLUMNS FROM `cate` [ RunTime:0.0070s ]
INFO: [ view_parse ] --START--
NOTIC: [8] Undefined index: user_name C:\wamp\www\TPvideo\Runtime\Cache\4a6c06a4063115e1287a86be5197a20b5eadbd7a.file.yinyue.html.php 第 115 行.
INFO: Run Behavior\ParseTemplateBehavior [ RunTime:0.017001s ]
INFO: [ view_parse ] --END-- [ RunTime:0.017001s ]
INFO: [ view_filter ] --START--
INFO: Run Behavior\WriteHtmlCacheBehavior [ RunTime:0.001000s ]
INFO: [ view_filter ] --END-- [ RunTime:0.001000s ]
INFO: [ app_end ] --START--
INFO: Run Behavior\ShowPageTraceBehavior [ RunTime:0.001000s ]
INFO: [ app_end ] --END-- [ RunTime:0.004001s ]

[ 2017-06-20T21:50:38+08:00 ] ::1 /TPvideo/index.php/Home/Video/yinyue.html
INFO: [ app_init ] --START--
INFO: Run Behavior\BuildLiteBehavior [ RunTime:0.000000s ]
INFO: [ app_init ] --END-- [ RunTime:0.001000s ]
INFO: [ app_begin ] --START--
INFO: Run Behavior\ReadHtmlCacheBehavior [ RunTime:0.001000s ]
INFO: [ app_begin ] --END-- [ RunTime:0.001000s ]
SQL: SHOW COLUMNS FROM `video` [ RunTime:0.0100s ]
SQL: SHOW COLUMNS FROM `cate` [ RunTime:0.0080s ]
INFO: [ view_parse ] --START--
NOTIC: [8] Undefined index: user_name C:\wamp\www\TPvideo\Runtime\Cache\4a6c06a4063115e1287a86be5197a20b5eadbd7a.file.yinyue.html.php 第 115 行.
INFO: Run Behavior\ParseTemplateBehavior [ RunTime:0.024001s ]
INFO: [ view_parse ] --END-- [ RunTime:0.024001s ]
INFO: [ view_filter ] --START--
INFO: Run Behavior\WriteHtmlCacheBehavior [ RunTime:0.001000s ]
INFO: [ view_filter ] --END-- [ RunTime:0.002000s ]
INFO: [ app_end ] --START--
INFO: Run Behavior\ShowPageTraceBehavior [ RunTime:0.001000s ]
INFO: [ app_end ] --END-- [ RunTime:0.002000s ]

[ 2017-06-20T22:32:32+08:00 ] ::1 /TPvideo/index.php/Home/Video/yinyue.html
INFO: [ app_init ] --START--
INFO: Run Behavior\BuildLiteBehavior [ RunTime:0.001001s ]
INFO: [ app_init ] --END-- [ RunTime:0.001001s ]
INFO: [ app_begin ] --START--
INFO: Run Behavior\ReadHtmlCacheBehavior [ RunTime:0.001000s ]
INFO: [ app_begin ] --END-- [ RunTime:0.001000s ]
SQL: SHOW COLUMNS FROM `video` [ RunTime:0.0150s ]
SQL: SHOW COLUMNS FROM `cate` [ RunTime:0.0070s ]
INFO: [ view_parse ] --START--
NOTIC: [8] Undefined index: user_name C:\wamp\www\TPvideo\Runtime\Cache\4a6c06a4063115e1287a86be5197a20b5eadbd7a.file.yinyue.html.php 第 115 行.
INFO: Run Behavior\ParseTemplateBehavior [ RunTime:0.017001s ]
INFO: [ view_parse ] --END-- [ RunTime:0.017001s ]
INFO: [ view_filter ] --START--
INFO: Run Behavior\WriteHtmlCacheBehavior [ RunTime:0.000000s ]
INFO: [ view_filter ] --END-- [ RunTime:0.001000s ]
INFO: [ app_end ] --START--
INFO: Run Behavior\ShowPageTraceBehavior [ RunTime:0.001000s ]
INFO: [ app_end ] --END-- [ RunTime:0.001000s ]

[ 2017-06-20T22:35:32+08:00 ] ::1 /TPvideo/index.php/Home/Video/yinyue.html
INFO: [ app_init ] --START--
INFO: Run Behavior\BuildLiteBehavior [ RunTime:0.000000s ]
INFO: [ app_init ] --END-- [ RunTime:0.001000s ]
INFO: [ app_begin ] --START--
INFO: Run Behavior\ReadHtmlCacheBehavior [ RunTime:0.001000s ]
INFO: [ app_begin ] --END-- [ RunTime:0.001000s ]
SQL: SHOW COLUMNS FROM `video` [ RunTime:0.0150s ]
SQL: SHOW COLUMNS FROM `cate` [ RunTime:0.0090s ]
INFO: [ view_parse ] --START--
NOTIC: [2] rename(./Runtime/Cache\wrt594932b447e32,./Runtime/Cache\4a6c06a4063115e1287a86be5197a20b5eadbd7a.file.yinyue.html.php):  C:\wamp\www\TPvideo\ThinkPHP\Library\Vendor\Smarty\sysplugins\smarty_internal_write_file.php 第 52 行.
ERR: unable to write file ./Runtime/Cache\4a6c06a4063115e1287a86be5197a20b5eadbd7a.file.yinyue.html.php

[ 2017-06-20T22:35:37+08:00 ] ::1 /TPvideo/index.php/Home/Video/yinyue.html
INFO: [ app_init ] --START--
INFO: Run Behavior\BuildLiteBehavior [ RunTime:0.000000s ]
INFO: [ app_init ] --END-- [ RunTime:0.001000s ]
INFO: [ app_begin ] --START--
INFO: Run Behavior\ReadHtmlCacheBehavior [ RunTime:0.002000s ]
INFO: [ app_begin ] --END-- [ RunTime:0.002000s ]
SQL: SHOW COLUMNS FROM `video` [ RunTime:0.0080s ]
SQL: SHOW COLUMNS FROM `cate` [ RunTime:0.0090s ]
INFO: [ view_parse ] --START--
NOTIC: [2] filemtime(): stat failed for ./Runtime/Cache\4a6c06a4063115e1287a86be5197a20b5eadbd7a.file.yinyue.html.php C:\wamp\www\TPvideo\ThinkPHP\Library\Vendor\Smarty\sysplugins\smarty_resource.php 第 683 行.
NOTIC: [2] unlink(./Runtime/Cache\4a6c06a4063115e1287a86be5197a20b5eadbd7a.file.yinyue.html.php): No such file or directory C:\wamp\www\TPvideo\ThinkPHP\Library\Vendor\Smarty\sysplugins\smarty_internal_write_file.php 第 49 行.
NOTIC: [8] Undefined index: user_name C:\wamp\www\TPvideo\Runtime\Cache\4a6c06a4063115e1287a86be5197a20b5eadbd7a.file.yinyue.html.php 第 115 行.
INFO: Run Behavior\ParseTemplateBehavior [ RunTime:1.993114s ]
INFO: [ view_parse ] --END-- [ RunTime:1.993114s ]
INFO: [ view_filter ] --START--
INFO: Run Behavior\WriteHtmlCacheBehavior [ RunTime:0.001000s ]
INFO: [ view_filter ] --END-- [ RunTime:0.001000s ]
INFO: [ app_end ] --START--
INFO: Run Behavior\ShowPageTraceBehavior [ RunTime:0.002000s ]
INFO: [ app_end ] --END-- [ RunTime:0.003000s ]

[ 2017-06-20T22:52:11+08:00 ] ::1 /TPvideo/index.php/Home/Video/yinyue.html
INFO: [ app_init ] --START--
INFO: Run Behavior\BuildLiteBehavior [ RunTime:0.001000s ]
INFO: [ app_init ] --END-- [ RunTime:0.001000s ]
INFO: [ app_begin ] --START--
INFO: Run Behavior\ReadHtmlCacheBehavior [ RunTime:0.001000s ]
INFO: [ app_begin ] --END-- [ RunTime:0.001000s ]
SQL: SHOW COLUMNS FROM `video` [ RunTime:0.0060s ]
SQL: SHOW COLUMNS FROM `cate` [ RunTime:0.0080s ]
INFO: [ view_parse ] --START--
NOTIC: [2] rename(./Runtime/Cache\wrt5949369b54211,./Runtime/Cache\4a6c06a4063115e1287a86be5197a20b5eadbd7a.file.yinyue.html.php):  C:\wamp\www\TPvideo\ThinkPHP\Library\Vendor\Smarty\sysplugins\smarty_internal_write_file.php 第 52 行.
ERR: unable to write file ./Runtime/Cache\4a6c06a4063115e1287a86be5197a20b5eadbd7a.file.yinyue.html.php

[ 2017-06-20T22:52:14+08:00 ] ::1 /TPvideo/index.php/Home/Video/yinyue.html
INFO: [ app_init ] --START--
INFO: Run Behavior\BuildLiteBehavior [ RunTime:0.000000s ]
INFO: [ app_init ] --END-- [ RunTime:0.001000s ]
INFO: [ app_begin ] --START--
INFO: Run Behavior\ReadHtmlCacheBehavior [ RunTime:0.001000s ]
INFO: [ app_begin ] --END-- [ RunTime:0.001000s ]
SQL: SHOW COLUMNS FROM `video` [ RunTime:0.0060s ]
SQL: SHOW COLUMNS FROM `cate` [ RunTime:0.0060s ]
INFO: [ view_parse ] --START--
NOTIC: [2] filemtime(): stat failed for ./Runtime/Cache\4a6c06a4063115e1287a86be5197a20b5eadbd7a.file.yinyue.html.php C:\wamp\www\TPvideo\ThinkPHP\Library\Vendor\Smarty\sysplugins\smarty_resource.php 第 683 行.
NOTIC: [2] unlink(./Runtime/Cache\4a6c06a4063115e1287a86be5197a20b5eadbd7a.file.yinyue.html.php): No such file or directory C:\wamp\www\TPvideo\ThinkPHP\Library\Vendor\Smarty\sysplugins\smarty_internal_write_file.php 第 49 行.
NOTIC: [8] Undefined index: user_name C:\wamp\www\TPvideo\Runtime\Cache\4a6c06a4063115e1287a86be5197a20b5eadbd7a.file.yinyue.html.php 第 107 行.
INFO: Run Behavior\ParseTemplateBehavior [ RunTime:2.205127s ]
INFO: [ view_parse ] --END-- [ RunTime:2.205127s ]
INFO: [ view_filter ] --START--
INFO: Run Behavior\WriteHtmlCacheBehavior [ RunTime:0.001000s ]
INFO: [ view_filter ] --END-- [ RunTime:0.002000s ]
INFO: [ app_end ] --START--
INFO: Run Behavior\ShowPageTraceBehavior [ RunTime:0.001000s ]
INFO: [ app_end ] --END-- [ RunTime:0.001000s ]

[ 2017-06-20T22:52:26+08:00 ] ::1 /TPvideo/index.php/Home/Video/yinyue.html
INFO: [ app_init ] --START--
INFO: Run Behavior\BuildLiteBehavior [ RunTime:0.000000s ]
INFO: [ app_init ] --END-- [ RunTime:0.000000s ]
INFO: [ app_begin ] --START--
INFO: Run Behavior\ReadHtmlCacheBehavior [ RunTime:0.001000s ]
INFO: [ app_begin ] --END-- [ RunTime:0.001000s ]
SQL: SHOW COLUMNS FROM `video` [ RunTime:0.0070s ]
SQL: SHOW COLUMNS FROM `cate` [ RunTime:0.0080s ]
INFO: [ view_parse ] --START--
NOTIC: [8] Undefined index: user_name C:\wamp\www\TPvideo\Runtime\Cache\4a6c06a4063115e1287a86be5197a20b5eadbd7a.file.yinyue.html.php 第 107 行.
INFO: Run Behavior\ParseTemplateBehavior [ RunTime:0.017001s ]
INFO: [ view_parse ] --END-- [ RunTime:0.017001s ]
INFO: [ view_filter ] --START--
INFO: Run Behavior\WriteHtmlCacheBehavior [ RunTime:0.001000s ]
INFO: [ view_filter ] --END-- [ RunTime:0.001000s ]
INFO: [ app_end ] --START--
INFO: Run Behavior\ShowPageTraceBehavior [ RunTime:0.001000s ]
INFO: [ app_end ] --END-- [ RunTime:0.001000s ]

