[ 2017-06-12T08:41:36+08:00 ] ::1 /TPvideo/index.php/Home/User/resetPw.html
INFO: [ app_begin ] --START--
INFO: Run Behavior\ReadHtmlCacheBehavior [ RunTime:0.001000s ]
INFO: [ app_begin ] --END-- [ RunTime:0.001000s ]
SQL: SHOW COLUMNS FROM `user` [ RunTime:0.0060s ]
SQL: SELECT * FROM `user` WHERE ( email='214693086@qq.com' ) LIMIT 1   [ RunTime:0.0380s ]

[ 2017-06-12T08:43:42+08:00 ] ::1 /TPvideo/index.php/Home/User/resetPw.html
INFO: [ app_begin ] --START--
INFO: Run Behavior\ReadHtmlCacheBehavior [ RunTime:0.001000s ]
INFO: [ app_begin ] --END-- [ RunTime:0.002000s ]
SQL: SHOW COLUMNS FROM `user` [ RunTime:0.0050s ]
SQL: SELECT * FROM `user` WHERE ( email='214693086@qq.com' ) LIMIT 1   [ RunTime:0.0010s ]
NOTIC: [8] Undefined variable: user C:\wamp\www\TPvideo\Application\Home\Controller\UserController.class.php 第 97 行.
NOTIC: [8] Undefined variable: info C:\wamp\www\TPvideo\Application\Home\Controller\UserController.class.php 第 98 行.

[ 2017-06-12T08:46:31+08:00 ] ::1 /TPvideo/index.php/Home/User/resetPw.html
INFO: [ app_begin ] --START--
INFO: Run Behavior\ReadHtmlCacheBehavior [ RunTime:0.001000s ]
INFO: [ app_begin ] --END-- [ RunTime:0.002000s ]
SQL: SHOW COLUMNS FROM `user` [ RunTime:0.0050s ]
SQL: SELECT * FROM `user` WHERE ( email='214693086@qq.com' ) LIMIT 1   [ RunTime:0.0000s ]
NOTIC: [8] Undefined variable: user C:\wamp\www\TPvideo\Application\Home\Controller\UserController.class.php 第 97 行.

[ 2017-06-12T08:54:47+08:00 ] ::1 /TPvideo/index.php/Home/User/resetPw.html
INFO: [ app_begin ] --START--
INFO: Run Behavior\ReadHtmlCacheBehavior [ RunTime:0.001000s ]
INFO: [ app_begin ] --END-- [ RunTime:0.002000s ]
SQL: SHOW COLUMNS FROM `user` [ RunTime:0.0060s ]
SQL: SELECT * FROM `user` WHERE ( email='214693086@qq.com' ) LIMIT 1   [ RunTime:0.0010s ]
NOTIC: [8] Undefined index: accessToken C:\wamp\www\TPvideo\Application\Home\Controller\UserController.class.php 第 97 行.

[ 2017-06-12T08:57:58+08:00 ] ::1 /TPvideo/index.php/Home/User/resetPw.html
INFO: [ app_begin ] --START--
INFO: Run Behavior\ReadHtmlCacheBehavior [ RunTime:0.001000s ]
INFO: [ app_begin ] --END-- [ RunTime:0.002000s ]
SQL: SHOW COLUMNS FROM `user` [ RunTime:0.0050s ]
SQL: SELECT * FROM `user` WHERE ( email='214693086@qq.com' ) LIMIT 1   [ RunTime:0.0010s ]
NOTIC: [8] Undefined index: accessToken C:\wamp\www\TPvideo\Application\Home\Controller\UserController.class.php 第 97 行.
NOTIC: [8] Undefined index: accessToken C:\wamp\www\TPvideo\Application\Home\Controller\UserController.class.php 第 98 行.

[ 2017-06-12T09:01:17+08:00 ] ::1 /TPvideo/index.php/Home/User/resetPw.html
INFO: [ app_begin ] --START--
INFO: Run Behavior\ReadHtmlCacheBehavior [ RunTime:0.001000s ]
INFO: [ app_begin ] --END-- [ RunTime:0.001000s ]
SQL: SHOW COLUMNS FROM `user` [ RunTime:0.0050s ]
SQL: SELECT * FROM `user` WHERE ( email='214693086@qq.com' ) LIMIT 1   [ RunTime:0.0010s ]
NOTIC: [8] Undefined index: accessToken C:\wamp\www\TPvideo\Application\Home\Controller\UserController.class.php 第 97 行.
NOTIC: [8] Undefined index: accessToken C:\wamp\www\TPvideo\Application\Home\Controller\UserController.class.php 第 98 行.

[ 2017-06-12T09:01:48+08:00 ] ::1 /TPvideo/index.php/Home/User/resetPw.html
INFO: [ app_begin ] --START--
INFO: Run Behavior\ReadHtmlCacheBehavior [ RunTime:0.002000s ]
INFO: [ app_begin ] --END-- [ RunTime:0.003000s ]
SQL: SHOW COLUMNS FROM `user` [ RunTime:0.0070s ]
SQL: SELECT * FROM `user` WHERE ( email='214693086@qq.com' ) LIMIT 1   [ RunTime:0.0030s ]
NOTIC: [8] Undefined index: accessToken C:\wamp\www\TPvideo\Application\Home\Controller\UserController.class.php 第 97 行.
NOTIC: [8] Undefined index: accessToken C:\wamp\www\TPvideo\Application\Home\Controller\UserController.class.php 第 98 行.

[ 2017-06-12T09:04:20+08:00 ] ::1 /TPvideo/index.php/Home/User/resetPw.html
INFO: [ app_begin ] --START--
INFO: Run Behavior\ReadHtmlCacheBehavior [ RunTime:0.001001s ]
INFO: [ app_begin ] --END-- [ RunTime:0.002001s ]
SQL: SHOW COLUMNS FROM `user` [ RunTime:0.0050s ]
SQL: SELECT * FROM `user` WHERE ( email='214693086@qq.com' ) LIMIT 1   [ RunTime:0.0000s ]
NOTIC: [8] Undefined index: accessToken C:\wamp\www\TPvideo\Application\Home\Controller\UserController.class.php 第 98 行.
NOTIC: [8] Undefined index: accessToken C:\wamp\www\TPvideo\Application\Home\Controller\UserController.class.php 第 100 行.

[ 2017-06-12T09:05:08+08:00 ] ::1 /TPvideo/index.php/Home/User/resetPw.html
INFO: [ app_begin ] --START--
INFO: Run Behavior\ReadHtmlCacheBehavior [ RunTime:0.001000s ]
INFO: [ app_begin ] --END-- [ RunTime:0.001000s ]
SQL: SHOW COLUMNS FROM `user` [ RunTime:0.0050s ]
SQL: SELECT * FROM `user` WHERE ( email='214693086@qq.com' ) LIMIT 1   [ RunTime:0.0000s ]
NOTIC: [8] Undefined index: accessToken C:\wamp\www\TPvideo\Application\Home\Controller\UserController.class.php 第 98 行.

[ 2017-06-12T09:06:05+08:00 ] ::1 /TPvideo/index.php/Home/User/resetPw.html
INFO: [ app_begin ] --START--
INFO: Run Behavior\ReadHtmlCacheBehavior [ RunTime:0.001000s ]
INFO: [ app_begin ] --END-- [ RunTime:0.001000s ]
SQL: SHOW COLUMNS FROM `user` [ RunTime:0.0050s ]
SQL: SELECT * FROM `user` WHERE ( email='214693086@qq.com' ) LIMIT 1   [ RunTime:0.0010s ]

[ 2017-06-12T09:08:46+08:00 ] ::1 /TPvideo/index.php/Home/User/resetPw.html
INFO: [ app_begin ] --START--
INFO: Run Behavior\ReadHtmlCacheBehavior [ RunTime:0.001000s ]
INFO: [ app_begin ] --END-- [ RunTime:0.002000s ]
SQL: SHOW COLUMNS FROM `user` [ RunTime:0.0050s ]
SQL: SELECT * FROM `user` WHERE ( email='214693086@qq.com' ) LIMIT 1   [ RunTime:0.0010s ]

[ 2017-06-12T09:12:32+08:00 ] ::1 /TPvideo/index.php/Home/User/resetPw.html
INFO: [ app_begin ] --START--
INFO: Run Behavior\ReadHtmlCacheBehavior [ RunTime:0.001000s ]
INFO: [ app_begin ] --END-- [ RunTime:0.001000s ]
SQL: SHOW COLUMNS FROM `user` [ RunTime:0.0090s ]
SQL: SELECT * FROM `user` WHERE ( email='214693086@qq.com' ) LIMIT 1   [ RunTime:0.0010s ]

[ 2017-06-12T09:52:00+08:00 ] ::1 /TPvideo/index.php/Home/User/resetPw.html
INFO: [ app_begin ] --START--
INFO: Run Behavior\ReadHtmlCacheBehavior [ RunTime:0.001000s ]
INFO: [ app_begin ] --END-- [ RunTime:0.001000s ]
SQL: SHOW COLUMNS FROM `user` [ RunTime:0.0050s ]
INFO: [ view_parse ] --START--
INFO: Run Behavior\ParseTemplateBehavior [ RunTime:0.013001s ]
INFO: [ view_parse ] --END-- [ RunTime:0.013001s ]
INFO: [ view_filter ] --START--
INFO: Run Behavior\WriteHtmlCacheBehavior [ RunTime:0.001000s ]
INFO: [ view_filter ] --END-- [ RunTime:0.001000s ]
INFO: [ app_end ] --START--
INFO: Run Behavior\ShowPageTraceBehavior [ RunTime:0.000000s ]
INFO: [ app_end ] --END-- [ RunTime:0.001000s ]

[ 2017-06-12T09:52:34+08:00 ] ::1 /TPvideo/index.php/Home/User/resetPw.html
INFO: [ app_begin ] --START--
INFO: Run Behavior\ReadHtmlCacheBehavior [ RunTime:0.000000s ]
INFO: [ app_begin ] --END-- [ RunTime:0.001000s ]
SQL: SHOW COLUMNS FROM `user` [ RunTime:0.0060s ]
INFO: [ view_parse ] --START--
INFO: Run Behavior\ParseTemplateBehavior [ RunTime:0.012001s ]
INFO: [ view_parse ] --END-- [ RunTime:0.012001s ]
INFO: [ view_filter ] --START--
INFO: Run Behavior\WriteHtmlCacheBehavior [ RunTime:0.000000s ]
INFO: [ view_filter ] --END-- [ RunTime:0.002000s ]
INFO: [ app_end ] --START--
INFO: Run Behavior\ShowPageTraceBehavior [ RunTime:0.001000s ]
INFO: [ app_end ] --END-- [ RunTime:0.001000s ]

[ 2017-06-12T09:55:51+08:00 ] ::1 /TPvideo/index.php/Home/User/resetPw.html
INFO: [ app_begin ] --START--
INFO: Run Behavior\ReadHtmlCacheBehavior [ RunTime:0.001000s ]
INFO: [ app_begin ] --END-- [ RunTime:0.002000s ]
SQL: SHOW COLUMNS FROM `user` [ RunTime:0.0040s ]
SQL: SELECT * FROM `user` WHERE ( email='214693086@qq.com' ) LIMIT 1   [ RunTime:0.0000s ]

[ 2017-06-12T09:56:12+08:00 ] ::1 /TPvideo/index.php/Home/User/resetPw.html
INFO: [ app_begin ] --START--
INFO: Run Behavior\ReadHtmlCacheBehavior [ RunTime:0.001000s ]
INFO: [ app_begin ] --END-- [ RunTime:0.001000s ]
SQL: SHOW COLUMNS FROM `user` [ RunTime:0.0050s ]

[ 2017-06-12T09:57:52+08:00 ] ::1 /TPvideo/index.php/Home/User/resetPw.html
INFO: [ app_begin ] --START--
INFO: Run Behavior\ReadHtmlCacheBehavior [ RunTime:0.001000s ]
INFO: [ app_begin ] --END-- [ RunTime:0.002000s ]
SQL: SHOW COLUMNS FROM `user` [ RunTime:0.0050s ]
SQL: SELECT * FROM `user` WHERE ( email='214693086@qq.com' ) LIMIT 1   [ RunTime:0.0000s ]

[ 2017-06-12T09:58:09+08:00 ] ::1 /TPvideo/index.php/Home/User/resetPw.html
INFO: [ app_begin ] --START--
INFO: Run Behavior\ReadHtmlCacheBehavior [ RunTime:0.000000s ]
INFO: [ app_begin ] --END-- [ RunTime:0.001000s ]
SQL: SHOW COLUMNS FROM `user` [ RunTime:0.0070s ]

[ 2017-06-12T09:59:44+08:00 ] ::1 /TPvideo/index.php/Home/User/resetPw.html
INFO: [ app_begin ] --START--
INFO: Run Behavior\ReadHtmlCacheBehavior [ RunTime:0.001000s ]
INFO: [ app_begin ] --END-- [ RunTime:0.002000s ]
SQL: SHOW COLUMNS FROM `user` [ RunTime:0.0070s ]

[ 2017-06-12T10:13:23+08:00 ] ::1 /TPvideo/index.php/Home/User/resetPw.html
INFO: [ app_begin ] --START--
INFO: Run Behavior\ReadHtmlCacheBehavior [ RunTime:0.001000s ]
INFO: [ app_begin ] --END-- [ RunTime:0.001000s ]
SQL: SHOW COLUMNS FROM `user` [ RunTime:0.0040s ]
SQL: SELECT * FROM `user` WHERE ( email='214693086@qq.com' ) LIMIT 1   [ RunTime:0.0010s ]

[ 2017-06-12T10:13:38+08:00 ] ::1 /TPvideo/index.php/Home/User/resetPw.html
INFO: [ app_begin ] --START--
INFO: Run Behavior\ReadHtmlCacheBehavior [ RunTime:0.001000s ]
INFO: [ app_begin ] --END-- [ RunTime:0.002000s ]
SQL: SHOW COLUMNS FROM `user` [ RunTime:0.0050s ]
SQL: SELECT * FROM `user` WHERE ( accessToken='4c4f9c78e004079aef0cf992354031ed' ) LIMIT 1   [ RunTime:0.0010s ]
NOTIC: [8] Undefined variable: user C:\wamp\www\TPvideo\Application\Home\Controller\UserController.class.php 第 110 行.

[ 2017-06-12T10:14:41+08:00 ] ::1 /TPvideo/index.php/Home/User/resetPw.html
INFO: [ app_begin ] --START--
INFO: Run Behavior\ReadHtmlCacheBehavior [ RunTime:0.001001s ]
INFO: [ app_begin ] --END-- [ RunTime:0.001001s ]
SQL: SHOW COLUMNS FROM `user` [ RunTime:0.0050s ]
SQL: SELECT * FROM `user` WHERE ( accessToken='4c4f9c78e004079aef0cf992354031ed' ) LIMIT 1   [ RunTime:0.0000s ]
NOTIC: [8] Undefined variable: user C:\wamp\www\TPvideo\Application\Home\Controller\UserController.class.php 第 110 行.

[ 2017-06-12T10:15:37+08:00 ] ::1 /TPvideo/index.php/Home/User/resetPw.html
INFO: [ app_begin ] --START--
INFO: Run Behavior\ReadHtmlCacheBehavior [ RunTime:0.001000s ]
INFO: [ app_begin ] --END-- [ RunTime:0.002001s ]
SQL: SHOW COLUMNS FROM `user` [ RunTime:0.0050s ]
SQL: SELECT * FROM `user` WHERE ( accessToken='4c4f9c78e004079aef0cf992354031ed' ) LIMIT 1   [ RunTime:0.0000s ]
NOTIC: [8] Undefined variable: user C:\wamp\www\TPvideo\Application\Home\Controller\UserController.class.php 第 110 行.

[ 2017-06-12T10:15:57+08:00 ] ::1 /TPvideo/index.php/Home/User/resetPw.html
INFO: [ app_begin ] --START--
INFO: Run Behavior\ReadHtmlCacheBehavior [ RunTime:0.001000s ]
INFO: [ app_begin ] --END-- [ RunTime:0.001000s ]
SQL: SHOW COLUMNS FROM `user` [ RunTime:0.0050s ]
SQL: SELECT * FROM `user` WHERE ( accessToken='4c4f9c78e004079aef0cf992354031ed' ) LIMIT 1   [ RunTime:0.0000s ]
NOTIC: [8] Undefined variable: user C:\wamp\www\TPvideo\Application\Home\Controller\UserController.class.php 第 110 行.

[ 2017-06-12T10:19:04+08:00 ] ::1 /TPvideo/index.php/Home/User/resetPw.html
INFO: [ app_begin ] --START--
INFO: Run Behavior\ReadHtmlCacheBehavior [ RunTime:0.001000s ]
INFO: [ app_begin ] --END-- [ RunTime:0.002000s ]
SQL: SHOW COLUMNS FROM `user` [ RunTime:0.0050s ]
SQL: SELECT * FROM `user` WHERE ( accessToken='4c4f9c78e004079aef0cf992354031ed' ) LIMIT 1   [ RunTime:0.0010s ]

[ 2017-06-12T10:20:06+08:00 ] ::1 /TPvideo/index.php/Home/User/resetPw.html
INFO: [ app_begin ] --START--
INFO: Run Behavior\ReadHtmlCacheBehavior [ RunTime:0.001000s ]
INFO: [ app_begin ] --END-- [ RunTime:0.002000s ]
SQL: SHOW COLUMNS FROM `user` [ RunTime:0.0040s ]
SQL: SELECT * FROM `user` WHERE ( accesstoken='4c4f9c78e004079aef0cf992354031ed' ) LIMIT 1   [ RunTime:0.0000s ]

[ 2017-06-12T10:20:35+08:00 ] ::1 /TPvideo/index.php/Home/User/resetPw.html
INFO: [ app_begin ] --START--
INFO: Run Behavior\ReadHtmlCacheBehavior [ RunTime:0.001000s ]
INFO: [ app_begin ] --END-- [ RunTime:0.001000s ]
SQL: SHOW COLUMNS FROM `user` [ RunTime:0.0050s ]
SQL: SELECT * FROM `user` WHERE ( accesstoken='4c4f9c78e004079aef0cf992354031ed' ) LIMIT 1   [ RunTime:0.0010s ]
SQL: UPDATE `user` SET `password`='123123' WHERE ( accesstoken='4c4f9c78e004079aef0cf992354031ed' ) [ RunTime:0.2680s ]

[ 2017-06-12T10:21:57+08:00 ] ::1 /TPvideo/index.php/Home/User/resetPw.html
INFO: [ app_begin ] --START--
INFO: Run Behavior\ReadHtmlCacheBehavior [ RunTime:0.001000s ]
INFO: [ app_begin ] --END-- [ RunTime:0.001000s ]
SQL: SHOW COLUMNS FROM `user` [ RunTime:0.0050s ]
SQL: SELECT * FROM `user` WHERE ( accesstoken='4c4f9c78e004079aef0cf992354031ed' ) LIMIT 1   [ RunTime:0.0010s ]
SQL: UPDATE `user` SET `password`='8d4646eb2d7067126eb08adb0672f7bb' WHERE ( accesstoken='4c4f9c78e004079aef0cf992354031ed' ) [ RunTime:0.0740s ]

[ 2017-06-12T10:22:17+08:00 ] ::1 /TPvideo/index.php/Home/User/resetPw.html
INFO: [ app_begin ] --START--
INFO: Run Behavior\ReadHtmlCacheBehavior [ RunTime:0.001000s ]
INFO: [ app_begin ] --END-- [ RunTime:0.002000s ]
SQL: SHOW COLUMNS FROM `user` [ RunTime:0.0040s ]
SQL: SELECT * FROM `user` WHERE ( email='214693086@qq.com' ) LIMIT 1   [ RunTime:0.0010s ]

[ 2017-06-12T10:22:38+08:00 ] ::1 /TPvideo/index.php/Home/User/resetPw.html
INFO: [ app_begin ] --START--
INFO: Run Behavior\ReadHtmlCacheBehavior [ RunTime:0.001000s ]
INFO: [ app_begin ] --END-- [ RunTime:0.002000s ]
SQL: SHOW COLUMNS FROM `user` [ RunTime:0.0050s ]
SQL: SELECT * FROM `user` WHERE ( accesstoken='4c4f9c78e004079aef0cf992354031ed' ) LIMIT 1   [ RunTime:0.0010s ]
SQL: UPDATE `user` SET `password`='8d4646eb2d7067126eb08adb0672f7bb' WHERE ( accesstoken='4c4f9c78e004079aef0cf992354031ed' ) [ RunTime:0.1070s ]

[ 2017-06-12T10:22:44+08:00 ] ::1 /TPvideo/index.php/Home/User/resetPw.html
INFO: [ app_begin ] --START--
INFO: Run Behavior\ReadHtmlCacheBehavior [ RunTime:0.001000s ]
INFO: [ app_begin ] --END-- [ RunTime:0.001000s ]
SQL: SHOW COLUMNS FROM `user` [ RunTime:0.0050s ]
SQL: SELECT * FROM `user` WHERE ( accesstoken='4c4f9c78e004079aef0cf992354031ed' ) LIMIT 1   [ RunTime:0.0000s ]
SQL: UPDATE `user` SET `password`='4297f44b13955235245b2497399d7a93' WHERE ( accesstoken='4c4f9c78e004079aef0cf992354031ed' ) [ RunTime:0.0810s ]

[ 2017-06-12T10:25:47+08:00 ] ::1 /TPvideo/index.php/Home/User/resetPw.html
INFO: [ app_begin ] --START--
INFO: Run Behavior\ReadHtmlCacheBehavior [ RunTime:0.001001s ]
INFO: [ app_begin ] --END-- [ RunTime:0.001001s ]
SQL: SHOW COLUMNS FROM `user` [ RunTime:0.0050s ]
SQL: SELECT * FROM `user` WHERE ( email='214693086@qq.com' ) LIMIT 1   [ RunTime:0.0010s ]

[ 2017-06-12T10:25:59+08:00 ] ::1 /TPvideo/index.php/Home/User/resetPw.html
INFO: [ app_begin ] --START--
INFO: Run Behavior\ReadHtmlCacheBehavior [ RunTime:0.001000s ]
INFO: [ app_begin ] --END-- [ RunTime:0.002000s ]
SQL: SHOW COLUMNS FROM `user` [ RunTime:0.0050s ]
SQL: SELECT * FROM `user` WHERE ( accesstoken='4c4f9c78e004079aef0cf992354031ed' ) LIMIT 1   [ RunTime:0.0010s ]
SQL: UPDATE `user` SET `password`='8d4646eb2d7067126eb08adb0672f7bb' WHERE ( accesstoken='4c4f9c78e004079aef0cf992354031ed' ) [ RunTime:0.0720s ]

[ 2017-06-12T10:26:22+08:00 ] ::1 /TPvideo/index.php/Home/User/resetPw.html
INFO: [ app_begin ] --START--
INFO: Run Behavior\ReadHtmlCacheBehavior [ RunTime:0.001001s ]
INFO: [ app_begin ] --END-- [ RunTime:0.001001s ]
SQL: SHOW COLUMNS FROM `user` [ RunTime:0.0050s ]
SQL: SELECT * FROM `user` WHERE ( accesstoken='4c4f9c78e004079aef0cf992354031ed' ) LIMIT 1   [ RunTime:0.0000s ]
SQL: UPDATE `user` SET `password`='8d4646eb2d7067126eb08adb0672f7bb' WHERE ( accesstoken='4c4f9c78e004079aef0cf992354031ed' ) [ RunTime:0.0900s ]

[ 2017-06-12T10:26:31+08:00 ] ::1 /TPvideo/index.php/Home/User/resetPw.html
INFO: [ app_begin ] --START--
INFO: Run Behavior\ReadHtmlCacheBehavior [ RunTime:0.001001s ]
INFO: [ app_begin ] --END-- [ RunTime:0.001001s ]
SQL: SHOW COLUMNS FROM `user` [ RunTime:0.0040s ]
SQL: SELECT * FROM `user` WHERE ( accesstoken='4c4f9c78e004079aef0cf992354031ed' ) LIMIT 1   [ RunTime:0.0010s ]
SQL: UPDATE `user` SET `password`='4297f44b13955235245b2497399d7a93' WHERE ( accesstoken='4c4f9c78e004079aef0cf992354031ed' ) [ RunTime:0.0700s ]

[ 2017-06-12T10:32:49+08:00 ] ::1 /TPvideo/index.php/Home/User/resetPw.html
INFO: [ app_begin ] --START--
INFO: Run Behavior\ReadHtmlCacheBehavior [ RunTime:0.000000s ]
INFO: [ app_begin ] --END-- [ RunTime:0.001000s ]
SQL: SHOW COLUMNS FROM `user` [ RunTime:0.0040s ]
INFO: [ view_parse ] --START--
INFO: Run Behavior\ParseTemplateBehavior [ RunTime:0.326019s ]
INFO: [ view_parse ] --END-- [ RunTime:0.326019s ]
INFO: [ view_filter ] --START--
INFO: Run Behavior\WriteHtmlCacheBehavior [ RunTime:0.001000s ]
INFO: [ view_filter ] --END-- [ RunTime:0.001000s ]
INFO: [ app_end ] --START--
INFO: Run Behavior\ShowPageTraceBehavior [ RunTime:0.001000s ]
INFO: [ app_end ] --END-- [ RunTime:0.001000s ]

[ 2017-06-12T11:11:02+08:00 ] ::1 /TPvideo/index.php/Home/User/sousuo/sousuo.php
ERR: 非法操作:sousuo

[ 2017-06-12T11:36:04+08:00 ] ::1 /TPvideo/index.php/Home/Index/jquery.min.js
ERR: 非法操作:jquery.min.js

[ 2017-06-12T12:00:04+08:00 ] ::1 /TPvideo/index.php/Home/Index/index.html
ERR: Syntax Error in template "./Template/default/Home\Index\index.html"  on line 571 "&lt;/html&gt;" unclosed {foreach} tag

[ 2017-06-12T18:09:43+08:00 ] ::1 /TPvideo/index.php/Home/Game/youxi.html
ERR: Syntax Error in template "./Template/default/Home\Game\youxi.html"  on line 323 "&lt;/body&gt;&lt;/html&gt;" unclosed {foreach} tag

[ 2017-06-12T19:09:22+08:00 ] ::1 /TPvideo/index.php/Home/Index/index.html
ERR: 1054:Unknown column 'numOfViwed' in 'order clause'
 [ SQL语句 ] : SELECT * FROM `video` WHERE ( isPassed=1 and isDelete=0 and isHomePage=1 ) ORDER BY numOfViwed desc LIMIT 8  

