[ 2017-06-25T00:46:37+08:00 ] ::1 /TPvideo/
INFO: [ app_init ] --START--
INFO: Run Behavior\BuildLiteBehavior [ RunTime:0.000000s ]
INFO: [ app_init ] --END-- [ RunTime:0.012000s ]
INFO: [ app_begin ] --START--
INFO: Run Behavior\ReadHtmlCacheBehavior [ RunTime:0.014001s ]
INFO: [ app_begin ] --END-- [ RunTime:0.014001s ]
SQL: SHOW COLUMNS FROM `video` [ RunTime:0.0080s ]
SQL: SELECT * FROM `video` WHERE ( isPassed=1 and isDelete=0 and isHomePage=1 ) ORDER BY numOfViewed desc LIMIT 8   [ RunTime:0.0020s ]
SQL: SELECT * FROM `video` INNER JOIN cate on video.vt_id=cate.vt_id  WHERE ( isPassed=1 and isDelete=0 and cate.level='1' ) ORDER BY video.vid desc LIMIT 4   [ RunTime:0.0310s ]
SQL: SELECT * FROM `video` INNER JOIN cate on video.vt_id=cate.vt_id  WHERE ( isPassed=1 and isDelete=0 and cate.level='15' ) ORDER BY video.vid desc LIMIT 8   [ RunTime:0.0050s ]
SQL: SELECT * FROM `video` INNER JOIN cate on video.vt_id=cate.vt_id  WHERE ( isPassed=1 and isDelete=0 and cate.level='2' ) ORDER BY video.vid desc LIMIT 8   [ RunTime:0.0060s ]
SQL: SELECT * FROM `video` INNER JOIN cate on video.vt_id=cate.vt_id  WHERE ( isPassed=1 and isDelete=0 and cate.level='22' ) ORDER BY video.vid desc LIMIT 4   [ RunTime:0.0050s ]
SQL: SELECT * FROM `video` INNER JOIN cate on video.vt_id=cate.vt_id  WHERE ( isPassed=1 and isDelete=0 and cate.vt_id='27' ) ORDER BY video.vid desc LIMIT 4   [ RunTime:0.0160s ]
SQL: SELECT * FROM `video` INNER JOIN cate on video.vt_id=cate.vt_id  WHERE ( isPassed=1 and isDelete=0 and cate.vt_id='31' ) ORDER BY video.vid desc LIMIT 4   [ RunTime:0.0010s ]
INFO: [ view_parse ] --START--
NOTIC: [8] Undefined index: user_name C:\wamp\www\TPvideo\Runtime\Cache\ec1d2a5469db5cd6d23ee29cfc5298f116c64000.file.index.html.php 第 100 行.
NOTIC: [8] Undefined index: publishedTime C:\wamp\www\TPvideo\Runtime\Cache\ec1d2a5469db5cd6d23ee29cfc5298f116c64000.file.index.html.php 第 485 行.
NOTIC: [8] Undefined index: publishedTime C:\wamp\www\TPvideo\Runtime\Cache\ec1d2a5469db5cd6d23ee29cfc5298f116c64000.file.index.html.php 第 485 行.
NOTIC: [8] Undefined index: publishedTime C:\wamp\www\TPvideo\Runtime\Cache\ec1d2a5469db5cd6d23ee29cfc5298f116c64000.file.index.html.php 第 485 行.
NOTIC: [8] Undefined index: publishedTime C:\wamp\www\TPvideo\Runtime\Cache\ec1d2a5469db5cd6d23ee29cfc5298f116c64000.file.index.html.php 第 485 行.
NOTIC: [8] Undefined index: publishedTime C:\wamp\www\TPvideo\Runtime\Cache\ec1d2a5469db5cd6d23ee29cfc5298f116c64000.file.index.html.php 第 485 行.
NOTIC: [8] Undefined index: publishedTime C:\wamp\www\TPvideo\Runtime\Cache\ec1d2a5469db5cd6d23ee29cfc5298f116c64000.file.index.html.php 第 485 行.
NOTIC: [8] Undefined index: publishedTime C:\wamp\www\TPvideo\Runtime\Cache\ec1d2a5469db5cd6d23ee29cfc5298f116c64000.file.index.html.php 第 485 行.
NOTIC: [8] Undefined index: publishedTime C:\wamp\www\TPvideo\Runtime\Cache\ec1d2a5469db5cd6d23ee29cfc5298f116c64000.file.index.html.php 第 541 行.
NOTIC: [8] Undefined index: publishedTime C:\wamp\www\TPvideo\Runtime\Cache\ec1d2a5469db5cd6d23ee29cfc5298f116c64000.file.index.html.php 第 541 行.
NOTIC: [8] Undefined index: publishedTime C:\wamp\www\TPvideo\Runtime\Cache\ec1d2a5469db5cd6d23ee29cfc5298f116c64000.file.index.html.php 第 541 行.
NOTIC: [8] Undefined index: publishedTime C:\wamp\www\TPvideo\Runtime\Cache\ec1d2a5469db5cd6d23ee29cfc5298f116c64000.file.index.html.php 第 541 行.
NOTIC: [8] Undefined index: publishedTime C:\wamp\www\TPvideo\Runtime\Cache\ec1d2a5469db5cd6d23ee29cfc5298f116c64000.file.index.html.php 第 541 行.
NOTIC: [8] Undefined index: publishedTime C:\wamp\www\TPvideo\Runtime\Cache\ec1d2a5469db5cd6d23ee29cfc5298f116c64000.file.index.html.php 第 588 行.
NOTIC: [8] Undefined index: publishedTime C:\wamp\www\TPvideo\Runtime\Cache\ec1d2a5469db5cd6d23ee29cfc5298f116c64000.file.index.html.php 第 588 行.
NOTIC: [8] Undefined index: publishedTime C:\wamp\www\TPvideo\Runtime\Cache\ec1d2a5469db5cd6d23ee29cfc5298f116c64000.file.index.html.php 第 588 行.
NOTIC: [8] Undefined index: publishedTime C:\wamp\www\TPvideo\Runtime\Cache\ec1d2a5469db5cd6d23ee29cfc5298f116c64000.file.index.html.php 第 588 行.
INFO: Run Behavior\ParseTemplateBehavior [ RunTime:0.195011s ]
INFO: [ view_parse ] --END-- [ RunTime:0.195011s ]
INFO: [ view_filter ] --START--
INFO: Run Behavior\WriteHtmlCacheBehavior [ RunTime:0.033002s ]
INFO: [ view_filter ] --END-- [ RunTime:0.033002s ]
INFO: [ app_end ] --START--
INFO: Run Behavior\ShowPageTraceBehavior [ RunTime:0.057003s ]
INFO: [ app_end ] --END-- [ RunTime:0.058003s ]

[ 2017-06-25T00:50:19+08:00 ] ::1 /TPvideo/index.php/Home/Music/yinyue.html
INFO: [ app_init ] --START--
INFO: Run Behavior\BuildLiteBehavior [ RunTime:0.000000s ]
INFO: [ app_init ] --END-- [ RunTime:0.000000s ]
INFO: [ app_begin ] --START--
INFO: Run Behavior\ReadHtmlCacheBehavior [ RunTime:0.001000s ]
INFO: [ app_begin ] --END-- [ RunTime:0.001000s ]
ERR: 无法加载控制器:Music

[ 2017-06-25T00:50:31+08:00 ] ::1 /TPvideo/index.php/Home/Video/yinyue
INFO: [ app_init ] --START--
INFO: Run Behavior\BuildLiteBehavior [ RunTime:0.000000s ]
INFO: [ app_init ] --END-- [ RunTime:0.001000s ]
INFO: [ app_begin ] --START--
INFO: Run Behavior\ReadHtmlCacheBehavior [ RunTime:0.002000s ]
INFO: [ app_begin ] --END-- [ RunTime:0.002000s ]
SQL: SHOW COLUMNS FROM `video` [ RunTime:0.0060s ]
SQL: SHOW COLUMNS FROM `cate` [ RunTime:0.0050s ]
INFO: [ view_parse ] --START--
NOTIC: [8] Undefined index: user_name C:\wamp\www\TPvideo\Runtime\Cache\4a6c06a4063115e1287a86be5197a20b5eadbd7a.file.yinyue.html.php 第 259 行.
INFO: Run Behavior\ParseTemplateBehavior [ RunTime:0.027002s ]
INFO: [ view_parse ] --END-- [ RunTime:0.028002s ]
INFO: [ view_filter ] --START--
INFO: Run Behavior\WriteHtmlCacheBehavior [ RunTime:0.001000s ]
INFO: [ view_filter ] --END-- [ RunTime:0.001000s ]
INFO: [ app_end ] --START--
INFO: Run Behavior\ShowPageTraceBehavior [ RunTime:0.001000s ]
INFO: [ app_end ] --END-- [ RunTime:0.002000s ]

[ 2017-06-25T00:50:53+08:00 ] ::1 /TPvideo/index.php/Home/User/login.html
INFO: [ app_init ] --START--
INFO: Run Behavior\BuildLiteBehavior [ RunTime:0.000000s ]
INFO: [ app_init ] --END-- [ RunTime:0.001000s ]
INFO: [ app_begin ] --START--
INFO: Run Behavior\ReadHtmlCacheBehavior [ RunTime:0.001000s ]
INFO: [ app_begin ] --END-- [ RunTime:0.002000s ]
SQL: SHOW COLUMNS FROM `user` [ RunTime:0.0090s ]
SQL: SELECT * FROM `user` WHERE ( email='214693086@qq.com' ) LIMIT 1   [ RunTime:0.0010s ]
SQL: SELECT * FROM `user` WHERE ( email='214693086@qq.com' ) LIMIT 1   [ RunTime:0.0010s ]
SQL: SELECT `userID` FROM `user` WHERE ( email='214693086@qq.com' ) LIMIT 1   [ RunTime:0.0010s ]
SQL: UPDATE `user` SET `lastLoginTime`='2017-06-25 00:50:53' WHERE `userID` = 42 [ RunTime:0.1170s ]
INFO: [ view_parse ] --START--
INFO: Run Behavior\ParseTemplateBehavior [ RunTime:0.035002s ]
INFO: [ view_parse ] --END-- [ RunTime:0.035002s ]
INFO: [ view_filter ] --START--
INFO: Run Behavior\WriteHtmlCacheBehavior [ RunTime:0.001000s ]
INFO: [ view_filter ] --END-- [ RunTime:0.002000s ]
INFO: [ app_end ] --START--
INFO: Run Behavior\ShowPageTraceBehavior [ RunTime:0.001000s ]
INFO: [ app_end ] --END-- [ RunTime:0.002000s ]

[ 2017-06-25T00:50:56+08:00 ] ::1 /TPvideo/index.php/Home/Video/yinyue
INFO: [ app_init ] --START--
INFO: Run Behavior\BuildLiteBehavior [ RunTime:0.000000s ]
INFO: [ app_init ] --END-- [ RunTime:0.001000s ]
INFO: [ app_begin ] --START--
INFO: Run Behavior\ReadHtmlCacheBehavior [ RunTime:0.001000s ]
INFO: [ app_begin ] --END-- [ RunTime:0.001000s ]
SQL: SHOW COLUMNS FROM `video` [ RunTime:0.0060s ]
SQL: SHOW COLUMNS FROM `cate` [ RunTime:0.0050s ]
INFO: [ view_parse ] --START--
INFO: Run Behavior\ParseTemplateBehavior [ RunTime:0.018001s ]
INFO: [ view_parse ] --END-- [ RunTime:0.018001s ]
INFO: [ view_filter ] --START--
INFO: Run Behavior\WriteHtmlCacheBehavior [ RunTime:0.001000s ]
INFO: [ view_filter ] --END-- [ RunTime:0.001000s ]
INFO: [ app_end ] --START--
INFO: Run Behavior\ShowPageTraceBehavior [ RunTime:0.001000s ]
INFO: [ app_end ] --END-- [ RunTime:0.001000s ]

[ 2017-06-25T00:51:02+08:00 ] ::1 /TPvideo/index.php/Home/Index/index.html
INFO: [ app_init ] --START--
INFO: Run Behavior\BuildLiteBehavior [ RunTime:0.000000s ]
INFO: [ app_init ] --END-- [ RunTime:0.001000s ]
INFO: [ app_begin ] --START--
INFO: Run Behavior\ReadHtmlCacheBehavior [ RunTime:0.001000s ]
INFO: [ app_begin ] --END-- [ RunTime:0.001000s ]
SQL: SHOW COLUMNS FROM `video` [ RunTime:0.0060s ]
SQL: SELECT * FROM `video` WHERE ( isPassed=1 and isDelete=0 and isHomePage=1 ) ORDER BY numOfViewed desc LIMIT 8   [ RunTime:0.0000s ]
SQL: SELECT * FROM `video` INNER JOIN cate on video.vt_id=cate.vt_id  WHERE ( isPassed=1 and isDelete=0 and cate.level='1' ) ORDER BY video.vid desc LIMIT 4   [ RunTime:0.0080s ]
SQL: SELECT * FROM `video` INNER JOIN cate on video.vt_id=cate.vt_id  WHERE ( isPassed=1 and isDelete=0 and cate.level='15' ) ORDER BY video.vid desc LIMIT 8   [ RunTime:0.0060s ]
SQL: SELECT * FROM `video` INNER JOIN cate on video.vt_id=cate.vt_id  WHERE ( isPassed=1 and isDelete=0 and cate.level='2' ) ORDER BY video.vid desc LIMIT 8   [ RunTime:0.0090s ]
SQL: SELECT * FROM `video` INNER JOIN cate on video.vt_id=cate.vt_id  WHERE ( isPassed=1 and isDelete=0 and cate.level='22' ) ORDER BY video.vid desc LIMIT 4   [ RunTime:0.0050s ]
SQL: SELECT * FROM `video` INNER JOIN cate on video.vt_id=cate.vt_id  WHERE ( isPassed=1 and isDelete=0 and cate.vt_id='27' ) ORDER BY video.vid desc LIMIT 4   [ RunTime:0.0010s ]
SQL: SELECT * FROM `video` INNER JOIN cate on video.vt_id=cate.vt_id  WHERE ( isPassed=1 and isDelete=0 and cate.vt_id='31' ) ORDER BY video.vid desc LIMIT 4   [ RunTime:0.0020s ]
INFO: [ view_parse ] --START--
NOTIC: [8] Undefined index: publishedTime C:\wamp\www\TPvideo\Runtime\Cache\ec1d2a5469db5cd6d23ee29cfc5298f116c64000.file.index.html.php 第 485 行.
NOTIC: [8] Undefined index: publishedTime C:\wamp\www\TPvideo\Runtime\Cache\ec1d2a5469db5cd6d23ee29cfc5298f116c64000.file.index.html.php 第 485 行.
NOTIC: [8] Undefined index: publishedTime C:\wamp\www\TPvideo\Runtime\Cache\ec1d2a5469db5cd6d23ee29cfc5298f116c64000.file.index.html.php 第 485 行.
NOTIC: [8] Undefined index: publishedTime C:\wamp\www\TPvideo\Runtime\Cache\ec1d2a5469db5cd6d23ee29cfc5298f116c64000.file.index.html.php 第 485 行.
NOTIC: [8] Undefined index: publishedTime C:\wamp\www\TPvideo\Runtime\Cache\ec1d2a5469db5cd6d23ee29cfc5298f116c64000.file.index.html.php 第 485 行.
NOTIC: [8] Undefined index: publishedTime C:\wamp\www\TPvideo\Runtime\Cache\ec1d2a5469db5cd6d23ee29cfc5298f116c64000.file.index.html.php 第 485 行.
NOTIC: [8] Undefined index: publishedTime C:\wamp\www\TPvideo\Runtime\Cache\ec1d2a5469db5cd6d23ee29cfc5298f116c64000.file.index.html.php 第 485 行.
NOTIC: [8] Undefined index: publishedTime C:\wamp\www\TPvideo\Runtime\Cache\ec1d2a5469db5cd6d23ee29cfc5298f116c64000.file.index.html.php 第 541 行.
NOTIC: [8] Undefined index: publishedTime C:\wamp\www\TPvideo\Runtime\Cache\ec1d2a5469db5cd6d23ee29cfc5298f116c64000.file.index.html.php 第 541 行.
NOTIC: [8] Undefined index: publishedTime C:\wamp\www\TPvideo\Runtime\Cache\ec1d2a5469db5cd6d23ee29cfc5298f116c64000.file.index.html.php 第 541 行.
NOTIC: [8] Undefined index: publishedTime C:\wamp\www\TPvideo\Runtime\Cache\ec1d2a5469db5cd6d23ee29cfc5298f116c64000.file.index.html.php 第 541 行.
NOTIC: [8] Undefined index: publishedTime C:\wamp\www\TPvideo\Runtime\Cache\ec1d2a5469db5cd6d23ee29cfc5298f116c64000.file.index.html.php 第 541 行.
NOTIC: [8] Undefined index: publishedTime C:\wamp\www\TPvideo\Runtime\Cache\ec1d2a5469db5cd6d23ee29cfc5298f116c64000.file.index.html.php 第 588 行.
NOTIC: [8] Undefined index: publishedTime C:\wamp\www\TPvideo\Runtime\Cache\ec1d2a5469db5cd6d23ee29cfc5298f116c64000.file.index.html.php 第 588 行.
NOTIC: [8] Undefined index: publishedTime C:\wamp\www\TPvideo\Runtime\Cache\ec1d2a5469db5cd6d23ee29cfc5298f116c64000.file.index.html.php 第 588 行.
NOTIC: [8] Undefined index: publishedTime C:\wamp\www\TPvideo\Runtime\Cache\ec1d2a5469db5cd6d23ee29cfc5298f116c64000.file.index.html.php 第 588 行.
INFO: Run Behavior\ParseTemplateBehavior [ RunTime:0.041002s ]
INFO: [ view_parse ] --END-- [ RunTime:0.041002s ]
INFO: [ view_filter ] --START--
INFO: Run Behavior\WriteHtmlCacheBehavior [ RunTime:0.001000s ]
INFO: [ view_filter ] --END-- [ RunTime:0.001000s ]
INFO: [ app_end ] --START--
INFO: Run Behavior\ShowPageTraceBehavior [ RunTime:0.002000s ]
INFO: [ app_end ] --END-- [ RunTime:0.002000s ]

[ 2017-06-25T00:51:05+08:00 ] ::1 /TPvideo/index.php/Home/User/userinfo.html
INFO: [ app_init ] --START--
INFO: Run Behavior\BuildLiteBehavior [ RunTime:0.000000s ]
INFO: [ app_init ] --END-- [ RunTime:0.002000s ]
INFO: [ app_begin ] --START--
INFO: Run Behavior\ReadHtmlCacheBehavior [ RunTime:0.001000s ]
INFO: [ app_begin ] --END-- [ RunTime:0.002000s ]
SQL: SHOW COLUMNS FROM `user` [ RunTime:0.0050s ]
INFO: [ view_parse ] --START--
INFO: Run Behavior\ParseTemplateBehavior [ RunTime:1.156066s ]
INFO: [ view_parse ] --END-- [ RunTime:1.156066s ]
INFO: [ view_filter ] --START--
INFO: Run Behavior\WriteHtmlCacheBehavior [ RunTime:0.001000s ]
INFO: [ view_filter ] --END-- [ RunTime:0.001000s ]
INFO: [ app_end ] --START--
INFO: Run Behavior\ShowPageTraceBehavior [ RunTime:0.001000s ]
INFO: [ app_end ] --END-- [ RunTime:0.001000s ]

[ 2017-06-25T00:52:16+08:00 ] ::1 /TPvideo/index.php/Home/User/userinfo.html
INFO: [ app_init ] --START--
INFO: Run Behavior\BuildLiteBehavior [ RunTime:0.000000s ]
INFO: [ app_init ] --END-- [ RunTime:0.001000s ]
INFO: [ app_begin ] --START--
INFO: Run Behavior\ReadHtmlCacheBehavior [ RunTime:0.001000s ]
INFO: [ app_begin ] --END-- [ RunTime:0.002000s ]
SQL: SHOW COLUMNS FROM `user` [ RunTime:0.0090s ]
INFO: [ view_parse ] --START--
INFO: Run Behavior\ParseTemplateBehavior [ RunTime:0.677038s ]
INFO: [ view_parse ] --END-- [ RunTime:0.678038s ]
INFO: [ view_filter ] --START--
INFO: Run Behavior\WriteHtmlCacheBehavior [ RunTime:0.001000s ]
INFO: [ view_filter ] --END-- [ RunTime:0.001000s ]
INFO: [ app_end ] --START--
INFO: Run Behavior\ShowPageTraceBehavior [ RunTime:0.001000s ]
INFO: [ app_end ] --END-- [ RunTime:0.002001s ]

[ 2017-06-25T00:53:12+08:00 ] ::1 /TPvideo/index.php/Home/User/userinfo.html
INFO: [ app_init ] --START--
INFO: Run Behavior\BuildLiteBehavior [ RunTime:0.000000s ]
INFO: [ app_init ] --END-- [ RunTime:0.001000s ]
INFO: [ app_begin ] --START--
INFO: Run Behavior\ReadHtmlCacheBehavior [ RunTime:0.001000s ]
INFO: [ app_begin ] --END-- [ RunTime:0.001000s ]
SQL: SHOW COLUMNS FROM `user` [ RunTime:0.0060s ]
INFO: [ view_parse ] --START--
INFO: Run Behavior\ParseTemplateBehavior [ RunTime:0.019002s ]
INFO: [ view_parse ] --END-- [ RunTime:0.019002s ]
INFO: [ view_filter ] --START--
INFO: Run Behavior\WriteHtmlCacheBehavior [ RunTime:0.001000s ]
INFO: [ view_filter ] --END-- [ RunTime:0.002000s ]
INFO: [ app_end ] --START--
INFO: Run Behavior\ShowPageTraceBehavior [ RunTime:0.001000s ]
INFO: [ app_end ] --END-- [ RunTime:0.002000s ]

