[ 2017-05-09T08:04:28+08:00 ] 127.0.0.1 /TPvideo/index.php/Admin/Video/videoupdate.html
INFO: [ app_begin ] --START--
INFO: Run Behavior\ReadHtmlCacheBehavior [ RunTime:0.002001s ]
INFO: [ app_begin ] --END-- [ RunTime:0.004001s ]
SQL: SHOW COLUMNS FROM `video` [ RunTime:0.0070s ]
SQL: SELECT * FROM `video` WHERE ( vid=22 ) LIMIT 1   [ RunTime:0.0000s ]

[ 2017-05-09T08:04:44+08:00 ] 127.0.0.1 /TPvideo/index.php/Admin/Video/videoupdate.html
INFO: [ app_begin ] --START--
INFO: Run Behavior\ReadHtmlCacheBehavior [ RunTime:0.001000s ]
INFO: [ app_begin ] --END-- [ RunTime:0.001000s ]
SQL: SHOW COLUMNS FROM `video` [ RunTime:0.0060s ]
SQL: SELECT * FROM `video` WHERE ( vid=22 ) LIMIT 1   [ RunTime:0.0010s ]

[ 2017-05-09T08:06:37+08:00 ] 127.0.0.1 /TPvideo/index.php/Admin/Video/videoupdate.html
INFO: [ app_begin ] --START--
INFO: Run Behavior\ReadHtmlCacheBehavior [ RunTime:0.001000s ]
INFO: [ app_begin ] --END-- [ RunTime:0.001000s ]
SQL: SHOW COLUMNS FROM `video` [ RunTime:0.0060s ]
SQL: SELECT * FROM `video` WHERE ( vid=18 ) LIMIT 1   [ RunTime:0.0000s ]

[ 2017-05-09T08:07:37+08:00 ] 127.0.0.1 /TPvideo/index.php/Admin/Video/videoupdate.html
INFO: [ app_begin ] --START--
INFO: Run Behavior\ReadHtmlCacheBehavior [ RunTime:0.001000s ]
INFO: [ app_begin ] --END-- [ RunTime:0.001000s ]
SQL: SHOW COLUMNS FROM `video` [ RunTime:0.0060s ]
SQL: SELECT * FROM `video` WHERE ( vid=20 ) LIMIT 1   [ RunTime:0.0010s ]

[ 2017-05-09T08:09:23+08:00 ] 127.0.0.1 /TPvideo/index.php/Admin/Video/videoupdate.html
INFO: [ app_begin ] --START--
INFO: Run Behavior\ReadHtmlCacheBehavior [ RunTime:0.001000s ]
INFO: [ app_begin ] --END-- [ RunTime:0.002000s ]
SQL: SHOW COLUMNS FROM `video` [ RunTime:0.0060s ]
SQL: SELECT * FROM `video` WHERE ( vid=20 ) LIMIT 1   [ RunTime:0.0010s ]

[ 2017-05-09T08:09:33+08:00 ] 127.0.0.1 /TPvideo/index.php/Admin/Video/videoupdate.html
INFO: [ app_begin ] --START--
INFO: Run Behavior\ReadHtmlCacheBehavior [ RunTime:0.001000s ]
INFO: [ app_begin ] --END-- [ RunTime:0.002000s ]
SQL: SHOW COLUMNS FROM `video` [ RunTime:0.0080s ]
SQL: SELECT * FROM `video` WHERE ( vid=21 ) LIMIT 1   [ RunTime:0.0010s ]

[ 2017-05-09T08:09:55+08:00 ] 127.0.0.1 /TPvideo/index.php/Admin/Video/videoupdate.html
INFO: [ app_begin ] --START--
INFO: Run Behavior\ReadHtmlCacheBehavior [ RunTime:0.001000s ]
INFO: [ app_begin ] --END-- [ RunTime:0.003001s ]
SQL: SHOW COLUMNS FROM `video` [ RunTime:0.0060s ]
SQL: SELECT * FROM `video` WHERE ( vid=20 ) LIMIT 1   [ RunTime:0.0000s ]

[ 2017-05-09T08:10:47+08:00 ] 127.0.0.1 /TPvideo/index.php/Admin/Video/videoupdate.html
INFO: [ app_begin ] --START--
INFO: Run Behavior\ReadHtmlCacheBehavior [ RunTime:0.001000s ]
INFO: [ app_begin ] --END-- [ RunTime:0.001000s ]
SQL: SHOW COLUMNS FROM `video` [ RunTime:0.0060s ]
SQL: SELECT * FROM `video` WHERE ( vid=20 ) LIMIT 1   [ RunTime:0.0010s ]

[ 2017-05-09T08:11:22+08:00 ] 127.0.0.1 /TPvideo/index.php/Admin/Video/videoupdate.html
INFO: [ app_begin ] --START--
INFO: Run Behavior\ReadHtmlCacheBehavior [ RunTime:0.000000s ]
INFO: [ app_begin ] --END-- [ RunTime:0.001000s ]
SQL: SHOW COLUMNS FROM `video` [ RunTime:0.0060s ]
SQL: SELECT * FROM `video` WHERE ( vid=20 ) LIMIT 1   [ RunTime:0.0010s ]

[ 2017-05-09T08:11:44+08:00 ] 127.0.0.1 /TPvideo/index.php/Admin/Video/videoupdate.html
INFO: [ app_begin ] --START--
INFO: Run Behavior\ReadHtmlCacheBehavior [ RunTime:0.001000s ]
INFO: [ app_begin ] --END-- [ RunTime:0.001000s ]
SQL: SHOW COLUMNS FROM `video` [ RunTime:0.0080s ]
SQL: SELECT * FROM `video` WHERE ( vid=20 ) LIMIT 1   [ RunTime:0.0000s ]

[ 2017-05-09T08:15:22+08:00 ] 127.0.0.1 /TPvideo/index.php/Admin/Video/videoupdate.html
INFO: [ app_begin ] --START--
INFO: Run Behavior\ReadHtmlCacheBehavior [ RunTime:0.001000s ]
INFO: [ app_begin ] --END-- [ RunTime:0.003001s ]
SQL: SHOW COLUMNS FROM `video` [ RunTime:0.0100s ]
SQL: SELECT * FROM `video` WHERE ( vid=20 ) LIMIT 1   [ RunTime:0.0010s ]

[ 2017-05-09T08:16:15+08:00 ] 127.0.0.1 /TPvideo/index.php/Admin/Video/videoupdate.html
INFO: [ app_begin ] --START--
INFO: Run Behavior\ReadHtmlCacheBehavior [ RunTime:0.000000s ]
INFO: [ app_begin ] --END-- [ RunTime:0.001000s ]
SQL: SHOW COLUMNS FROM `video` [ RunTime:0.0080s ]
SQL: SELECT * FROM `video` WHERE ( vid=20 ) LIMIT 1   [ RunTime:0.0020s ]

[ 2017-05-09T08:17:52+08:00 ] 127.0.0.1 /TPvideo/index.php/Admin/Video/videoupdate.html
INFO: [ app_begin ] --START--
INFO: Run Behavior\ReadHtmlCacheBehavior [ RunTime:0.001000s ]
INFO: [ app_begin ] --END-- [ RunTime:0.002000s ]
SQL: SHOW COLUMNS FROM `video` [ RunTime:0.0110s ]
SQL: SELECT * FROM `video` WHERE ( vid=18 ) LIMIT 1   [ RunTime:0.0000s ]

[ 2017-05-09T08:20:41+08:00 ] 127.0.0.1 /TPvideo/index.php/Admin/Video/videoupdate.html
INFO: [ app_begin ] --START--
INFO: Run Behavior\ReadHtmlCacheBehavior [ RunTime:0.001000s ]
INFO: [ app_begin ] --END-- [ RunTime:0.002000s ]
SQL: SHOW COLUMNS FROM `video` [ RunTime:0.0100s ]
SQL: SELECT * FROM `video` WHERE ( vid=20 ) LIMIT 1   [ RunTime:0.0090s ]

[ 2017-05-09T08:21:20+08:00 ] 127.0.0.1 /TPvideo/index.php/Admin/Video/videoupdate.html
INFO: [ app_begin ] --START--
INFO: Run Behavior\ReadHtmlCacheBehavior [ RunTime:0.002000s ]
INFO: [ app_begin ] --END-- [ RunTime:0.003000s ]
SQL: SHOW COLUMNS FROM `video` [ RunTime:0.0090s ]
SQL: SELECT * FROM `video` WHERE ( vid=20 ) LIMIT 1   [ RunTime:0.0010s ]

[ 2017-05-09T08:22:58+08:00 ] 127.0.0.1 /TPvideo/index.php/Admin/Video/videoupdate.html
INFO: [ app_begin ] --START--
INFO: Run Behavior\ReadHtmlCacheBehavior [ RunTime:0.001001s ]
INFO: [ app_begin ] --END-- [ RunTime:0.001001s ]
SQL: SHOW COLUMNS FROM `video` [ RunTime:0.0080s ]
SQL: SELECT * FROM `video` WHERE ( vid=18 ) LIMIT 1   [ RunTime:0.0010s ]

[ 2017-05-09T08:23:44+08:00 ] 127.0.0.1 /TPvideo/index.php/Admin/Video/videoupdate.html
INFO: [ app_begin ] --START--
INFO: Run Behavior\ReadHtmlCacheBehavior [ RunTime:0.001000s ]
INFO: [ app_begin ] --END-- [ RunTime:0.001000s ]
SQL: SHOW COLUMNS FROM `video` [ RunTime:0.0060s ]
SQL: SELECT * FROM `video` WHERE ( vid=20 ) LIMIT 1   [ RunTime:0.0000s ]

[ 2017-05-09T08:24:57+08:00 ] 127.0.0.1 /TPvideo/index.php/Admin/Video/videoupdate.html
INFO: [ app_begin ] --START--
INFO: Run Behavior\ReadHtmlCacheBehavior [ RunTime:0.000000s ]
INFO: [ app_begin ] --END-- [ RunTime:0.001000s ]
SQL: SHOW COLUMNS FROM `video` [ RunTime:0.0060s ]
SQL: SELECT * FROM `video` WHERE ( vid=20 ) LIMIT 1   [ RunTime:0.0010s ]

[ 2017-05-09T08:30:58+08:00 ] 127.0.0.1 /TPvideo/index.php/Admin/Video/videoupdate.html
INFO: [ app_begin ] --START--
INFO: Run Behavior\ReadHtmlCacheBehavior [ RunTime:0.001000s ]
INFO: [ app_begin ] --END-- [ RunTime:0.001000s ]
SQL: SHOW COLUMNS FROM `video` [ RunTime:0.0060s ]
SQL: SELECT * FROM `video` WHERE ( vid=20 ) LIMIT 1   [ RunTime:0.0010s ]

[ 2017-05-09T08:31:19+08:00 ] 127.0.0.1 /TPvideo/index.php/Admin/Video/videoupdate.html
INFO: [ app_begin ] --START--
INFO: Run Behavior\ReadHtmlCacheBehavior [ RunTime:0.001000s ]
INFO: [ app_begin ] --END-- [ RunTime:0.001000s ]
SQL: SHOW COLUMNS FROM `video` [ RunTime:0.0070s ]
SQL: SELECT * FROM `video` WHERE ( vid=23 ) LIMIT 1   [ RunTime:0.0010s ]

[ 2017-05-09T08:31:48+08:00 ] 127.0.0.1 /TPvideo/index.php/Admin/Video/videoupdate.html
INFO: [ app_begin ] --START--
INFO: Run Behavior\ReadHtmlCacheBehavior [ RunTime:0.002001s ]
INFO: [ app_begin ] --END-- [ RunTime:0.002001s ]
SQL: SHOW COLUMNS FROM `video` [ RunTime:0.0060s ]
SQL: SELECT * FROM `video` WHERE ( vid=23 ) LIMIT 1   [ RunTime:0.0010s ]

[ 2017-05-09T08:33:22+08:00 ] 127.0.0.1 /TPvideo/index.php/Admin/Video/videoupdate.html
INFO: [ app_begin ] --START--
INFO: Run Behavior\ReadHtmlCacheBehavior [ RunTime:0.001000s ]
INFO: [ app_begin ] --END-- [ RunTime:0.002000s ]
SQL: SHOW COLUMNS FROM `video` [ RunTime:0.0150s ]
SQL: SELECT * FROM `video` WHERE ( vid=20 ) LIMIT 1   [ RunTime:0.0000s ]

[ 2017-05-09T08:33:30+08:00 ] 127.0.0.1 /TPvideo/index.php/Admin/Video/videoupdate.html
INFO: [ app_begin ] --START--
INFO: Run Behavior\ReadHtmlCacheBehavior [ RunTime:0.001000s ]
INFO: [ app_begin ] --END-- [ RunTime:0.002000s ]
SQL: SHOW COLUMNS FROM `video` [ RunTime:0.0060s ]
SQL: SELECT * FROM `video` WHERE ( vid=23 ) LIMIT 1   [ RunTime:0.0010s ]

[ 2017-05-09T08:34:01+08:00 ] 127.0.0.1 /TPvideo/index.php/Admin/Video/videoupdate.html
INFO: [ app_begin ] --START--
INFO: Run Behavior\ReadHtmlCacheBehavior [ RunTime:0.001000s ]
INFO: [ app_begin ] --END-- [ RunTime:0.001000s ]
SQL: SHOW COLUMNS FROM `video` [ RunTime:0.0060s ]
SQL: SELECT * FROM `video` WHERE ( vid=20 ) LIMIT 1   [ RunTime:0.0000s ]

[ 2017-05-09T08:34:08+08:00 ] 127.0.0.1 /TPvideo/index.php/Admin/Video/videoupdate.html
INFO: [ app_begin ] --START--
INFO: Run Behavior\ReadHtmlCacheBehavior [ RunTime:0.001000s ]
INFO: [ app_begin ] --END-- [ RunTime:0.001000s ]
SQL: SHOW COLUMNS FROM `video` [ RunTime:0.0070s ]
SQL: SELECT * FROM `video` WHERE ( vid=24 ) LIMIT 1   [ RunTime:0.0000s ]

[ 2017-05-09T09:37:59+08:00 ] 127.0.0.1 /TPvideo/index.php/Admin/Video/videolist.html
ERR: Syntax Error in template "./Template/default/Admin\Video\videolist.html"  on line 60 "&lt;td&gt;&lt;value=&quot;1&quot;&gt;{if $v.ishomepage eq '1'}&lt;span class=&quot;fa fa-check&quot;&gt;&lt;/span&gt;{else} '1'{/if}{/if}&lt;/td&gt;" unclosed {foreach} tag

