[ 2017-05-06T12:06:42+08:00 ] ::1 /TPvideo/index.php/Admin/Video/js/laydate/laydate.js
ERR: 非法操作:js

[ 2017-05-06T12:14:15+08:00 ] ::1 /TPvideo/index.php/Admin/Video/js/laydate/laydate.js
ERR: 非法操作:js

[ 2017-05-06T12:17:57+08:00 ] ::1 /TPvideo/index.php/admin/video/videoupdate.html
ERR: 不存在的图像文件

[ 2017-05-06T12:22:13+08:00 ] ::1 /TPvideo/index.php/admin/video/videoupdate.html
ERR: 不存在的图像文件

[ 2017-05-06T12:23:42+08:00 ] ::1 /TPvideo/index.php/admin/video/videoupdate.html
ERR: 不存在的图像文件

[ 2017-05-06T12:37:24+08:00 ] ::1 /TPvideo/index.php/Admin/Video/js/laydate/laydate.js
ERR: 非法操作:js

[ 2017-05-06T13:09:34+08:00 ] ::1 /TPvideo/index.php/Admin/Video/js/laydate/laydate.js
ERR: 非法操作:js

[ 2017-05-06T13:11:59+08:00 ] ::1 /TPvideo/index.php/Admin/Video/js/laydate/laydate.js
ERR: 非法操作:js

[ 2017-05-06T13:12:03+08:00 ] ::1 /TPvideo/index.php/Admin/Video/js/laydate/laydate.js
ERR: 非法操作:js

[ 2017-05-06T13:24:03+08:00 ] ::1 /TPvideo/index.php/Admin/video/videoadd.html
ERR: Think\Controller:create方法不存在！

[ 2017-05-06T13:24:31+08:00 ] ::1 /TPvideo/index.php/Admin/video/videoadd.html
ERR: 1452:Cannot add or update a child row: a foreign key constraint fails (`video_web`.`video`, CONSTRAINT `video_ibfk_2` FOREIGN KEY (`uid`) REFERENCES `user` (`userID`))
 [ SQL语句 ] : INSERT INTO `video` (`videoName`,`vt_id`,`isHomePage`,`introduction`,`keywords`,`publishedTime`,`uid`,`ori_img`,`thumb_img`) VALUES ('大沙发','1','1','方式发送','11','1','1','./Upload/images/2017-05-06/590d5e0f57f61.png','./Upload/images/2017-05-06/thumb_590d5e0f57f61.png')

[ 2017-05-06T13:24:59+08:00 ] ::1 /TPvideo/index.php/Admin/Video/js/laydate/laydate.js
ERR: 非法操作:js

[ 2017-05-06T13:42:02+08:00 ] ::1 /TPvideo/index.php/Admin/Video/js/laydate/laydate.js
ERR: 非法操作:js

[ 2017-05-06T13:42:28+08:00 ] ::1 /TPvideo/index.php/Admin/Video/js/laydate/laydate.js
ERR: 非法操作:js

[ 2017-05-06T13:51:25+08:00 ] ::1 /TPvideo/index.php/Admin/Video/js/laydate/laydate.js
ERR: 非法操作:js

[ 2017-05-06T13:51:47+08:00 ] ::1 /TPvideo/index.php/Admin/Video/js/laydate/laydate.js
ERR: 非法操作:js

[ 2017-05-06T14:04:17+08:00 ] ::1 /TPvideo/index.php/Admin/Video/js/laydate/laydate.js
ERR: 非法操作:js

[ 2017-05-06T14:04:17+08:00 ] ::1 /TPvideo/index.php/Admin/Video/js/laydate/laydate.js
ERR: 非法操作:js

[ 2017-05-06T14:04:18+08:00 ] ::1 /TPvideo/index.php/Admin/Video/js/laydate/laydate.js
ERR: 非法操作:js

[ 2017-05-06T14:04:18+08:00 ] ::1 /TPvideo/index.php/Admin/Video/js/laydate/laydate.js
ERR: 非法操作:js

[ 2017-05-06T14:04:38+08:00 ] ::1 /TPvideo/index.php/Admin/video/videoadd.html
ERR: 不存在的图像文件

[ 2017-05-06T14:09:38+08:00 ] ::1 /TPvideo/index.php/Admin/Video/js/laydate/laydate.js
ERR: 非法操作:js

[ 2017-05-06T14:18:18+08:00 ] ::1 /TPvideo/index.php/Admin/video/videoadd.html
ERR: 不存在的图像文件

[ 2017-05-06T14:19:34+08:00 ] ::1 /TPvideo/index.php/Admin/Video/js/laydate/laydate.js
ERR: 非法操作:js

[ 2017-05-06T14:20:19+08:00 ] ::1 /TPvideo/index.php/Admin/Video/js/laydate/laydate.js
ERR: 非法操作:js

[ 2017-05-06T14:20:35+08:00 ] ::1 /TPvideo/index.php/Admin/Video/js/laydate/laydate.js
ERR: 非法操作:js

[ 2017-05-06T14:20:35+08:00 ] ::1 /TPvideo/index.php/Admin/Video/js/laydate/laydate.js
ERR: 非法操作:js

[ 2017-05-06T14:21:30+08:00 ] ::1 /TPvideo/index.php/Admin/Video/js/laydate/laydate.js
ERR: 非法操作:js

[ 2017-05-06T14:22:56+08:00 ] ::1 /TPvideo/index.php/Admin/Video/js/laydate/laydate.js
ERR: 非法操作:js

[ 2017-05-06T14:23:26+08:00 ] ::1 /TPvideo/index.php/Admin/video/js/laydate/laydate.js
ERR: 非法操作:js

[ 2017-05-06T14:25:14+08:00 ] ::1 /TPvideo/index.php/Admin/Video/js/laydate/laydate.js
ERR: 非法操作:js

[ 2017-05-06T14:27:06+08:00 ] ::1 /TPvideo/index.php/Admin/Video/js/laydate/laydate.js
ERR: 非法操作:js

[ 2017-05-06T14:27:25+08:00 ] ::1 /TPvideo/index.php/Admin/Video/js/laydate/laydate.js
ERR: 非法操作:js

[ 2017-05-06T14:31:06+08:00 ] ::1 /TPvideo/index.php/Admin/Video/js/laydate/laydate.js
ERR: 非法操作:js

[ 2017-05-06T14:31:52+08:00 ] ::1 /TPvideo/index.php/Admin/Video/js/laydate/laydate.js
ERR: 非法操作:js

[ 2017-05-06T14:31:56+08:00 ] ::1 /TPvideo/index.php/Admin/Video/js/laydate/laydate.js
ERR: 非法操作:js

[ 2017-05-06T14:31:59+08:00 ] ::1 /TPvideo/index.php/Admin/Video/js/laydate/laydate.js
ERR: 非法操作:js

[ 2017-05-06T14:32:02+08:00 ] ::1 /TPvideo/index.php/Admin/Video/js/laydate/laydate.js
ERR: 非法操作:js

[ 2017-05-06T14:32:05+08:00 ] ::1 /TPvideo/index.php/Admin/Video/js/laydate/laydate.js
ERR: 非法操作:js

[ 2017-05-06T14:48:07+08:00 ] ::1 /TPvideo/index.php/Admin/Video/js/laydate/laydate.js
ERR: 非法操作:js

[ 2017-05-06T14:50:24+08:00 ] ::1 /TPvideo/index.php/Admin/Video/js/laydate/laydate.js
ERR: 非法操作:js

[ 2017-05-06T14:50:40+08:00 ] ::1 /TPvideo/index.php/Admin/Video/js/laydate/laydate.js
ERR: 非法操作:js

[ 2017-05-06T14:51:07+08:00 ] ::1 /TPvideo/index.php/Admin/Video/js/laydate/laydate.js
ERR: 非法操作:js

[ 2017-05-06T14:51:56+08:00 ] ::1 /TPvideo/index.php/Admin/Video/js/laydate/laydate.js
ERR: 非法操作:js

[ 2017-05-06T15:01:48+08:00 ] ::1 /TPvideo/index.php/Admin/Video/js/laydate/laydate.js
ERR: 非法操作:js

[ 2017-05-06T15:02:22+08:00 ] ::1 /TPvideo/index.php/Admin/Video/js/laydate/laydate.js
ERR: 非法操作:js

[ 2017-05-06T15:07:37+08:00 ] ::1 /TPvideo/index.php/Admin/Video/js/laydate/laydate.js
ERR: 非法操作:js

[ 2017-05-06T15:07:42+08:00 ] ::1 /TPvideo/index.php/Admin/Video/videoupdate.html
INFO: [ app_begin ] --START--
INFO: Run Behavior\ReadHtmlCacheBehavior [ RunTime:0.001000s ]
INFO: [ app_begin ] --END-- [ RunTime:0.002001s ]
SQL: SHOW COLUMNS FROM `video` [ RunTime:0.0080s ]

[ 2017-05-06T15:09:27+08:00 ] ::1 /TPvideo/index.php/Admin/Video/js/laydate/laydate.js
ERR: 非法操作:js

[ 2017-05-06T15:09:29+08:00 ] ::1 /TPvideo/index.php/Admin/Video/videoupdate.html
INFO: [ app_begin ] --START--
INFO: Run Behavior\ReadHtmlCacheBehavior [ RunTime:0.000000s ]
INFO: [ app_begin ] --END-- [ RunTime:0.001000s ]
SQL: SHOW COLUMNS FROM `video` [ RunTime:0.0060s ]

[ 2017-05-06T15:09:38+08:00 ] ::1 /TPvideo/index.php/Admin/Video/js/laydate/laydate.js
ERR: 非法操作:js

[ 2017-05-06T15:09:41+08:00 ] ::1 /TPvideo/index.php/Admin/Video/videoupdate.html
INFO: [ app_begin ] --START--
INFO: Run Behavior\ReadHtmlCacheBehavior [ RunTime:0.002000s ]
INFO: [ app_begin ] --END-- [ RunTime:0.002000s ]
SQL: SHOW COLUMNS FROM `video` [ RunTime:0.0110s ]

[ 2017-05-06T15:10:01+08:00 ] ::1 /TPvideo/index.php/Admin/Video/js/laydate/laydate.js
ERR: 非法操作:js

[ 2017-05-06T15:10:03+08:00 ] ::1 /TPvideo/index.php/Admin/Video/videoupdate.html
INFO: [ app_begin ] --START--
INFO: Run Behavior\ReadHtmlCacheBehavior [ RunTime:0.001000s ]
INFO: [ app_begin ] --END-- [ RunTime:0.001000s ]
SQL: SHOW COLUMNS FROM `video` [ RunTime:0.0080s ]

[ 2017-05-06T15:13:20+08:00 ] ::1 /TPvideo/index.php/Admin/Video/js/laydate/laydate.js
ERR: 非法操作:js

[ 2017-05-06T15:13:22+08:00 ] ::1 /TPvideo/index.php/Admin/Video/videoupdate.html
INFO: [ app_begin ] --START--
INFO: Run Behavior\ReadHtmlCacheBehavior [ RunTime:0.001000s ]
INFO: [ app_begin ] --END-- [ RunTime:0.002000s ]
SQL: SHOW COLUMNS FROM `video` [ RunTime:0.0110s ]
SQL: SELECT * FROM `video` WHERE ( 2 )  [ RunTime:0.0810s ]
NOTIC: [8] Use of undefined constant status - assumed 'status' C:\wamp\www\TPvideo\Application\Admin\Controller\VideoController.class.php 第 72 行.

[ 2017-05-06T15:16:39+08:00 ] ::1 /TPvideo/index.php/Admin/Video/js/laydate/laydate.js
ERR: 非法操作:js

[ 2017-05-06T15:16:41+08:00 ] ::1 /TPvideo/index.php/Admin/Video/videoupdate.html
INFO: [ app_begin ] --START--
INFO: Run Behavior\ReadHtmlCacheBehavior [ RunTime:0.001000s ]
INFO: [ app_begin ] --END-- [ RunTime:0.001000s ]
SQL: SHOW COLUMNS FROM `video` [ RunTime:0.0080s ]
SQL: SELECT * FROM `video` WHERE ( 1 )  [ RunTime:0.0010s ]
NOTIC: [8] Use of undefined constant status - assumed 'status' C:\wamp\www\TPvideo\Application\Admin\Controller\VideoController.class.php 第 73 行.

[ 2017-05-06T15:17:54+08:00 ] ::1 /TPvideo/index.php/Admin/Video/js/laydate/laydate.js
ERR: 非法操作:js

[ 2017-05-06T15:17:54+08:00 ] ::1 /TPvideo/index.php/Admin/Video/js/laydate/laydate.js
ERR: 非法操作:js

[ 2017-05-06T15:17:57+08:00 ] ::1 /TPvideo/index.php/Admin/Video/videoupdate.html
INFO: [ app_begin ] --START--
INFO: Run Behavior\ReadHtmlCacheBehavior [ RunTime:0.001000s ]
INFO: [ app_begin ] --END-- [ RunTime:0.002000s ]
SQL: SHOW COLUMNS FROM `video` [ RunTime:0.0090s ]
SQL: SELECT * FROM `video` WHERE ( 2 )  [ RunTime:0.0010s ]
NOTIC: [8] Use of undefined constant vid - assumed 'vid' C:\wamp\www\TPvideo\Application\Admin\Controller\VideoController.class.php 第 72 行.
NOTIC: [8] Undefined index: vid C:\wamp\www\TPvideo\Application\Admin\Controller\VideoController.class.php 第 72 行.

[ 2017-05-06T15:19:34+08:00 ] 127.0.0.1 /TPvideo/index.php/Admin/Video/js/laydate/laydate.js
ERR: 非法操作:js

[ 2017-05-06T15:19:37+08:00 ] 127.0.0.1 /TPvideo/index.php/Admin/Video/videoupdate.html
INFO: [ app_begin ] --START--
INFO: Run Behavior\ReadHtmlCacheBehavior [ RunTime:0.001000s ]
INFO: [ app_begin ] --END-- [ RunTime:0.001000s ]
SQL: SHOW COLUMNS FROM `video` [ RunTime:0.0070s ]
SQL: SELECT * FROM `video` WHERE ( 2 )  [ RunTime:0.0010s ]
NOTIC: [8] Use of undefined constant vid - assumed 'vid' C:\wamp\www\TPvideo\Application\Admin\Controller\VideoController.class.php 第 72 行.
NOTIC: [8] Undefined index: vid C:\wamp\www\TPvideo\Application\Admin\Controller\VideoController.class.php 第 72 行.

[ 2017-05-06T15:19:46+08:00 ] 127.0.0.1 /TPvideo/index.php/Admin/Video/js/laydate/laydate.js
ERR: 非法操作:js

[ 2017-05-06T15:19:46+08:00 ] 127.0.0.1 /TPvideo/index.php/Admin/Video/js/laydate/laydate.js
ERR: 非法操作:js

[ 2017-05-06T15:21:50+08:00 ] 127.0.0.1 /TPvideo/index.php/Admin/Video/js/laydate/laydate.js
ERR: 非法操作:js

[ 2017-05-06T15:21:51+08:00 ] 127.0.0.1 /TPvideo/index.php/Admin/Video/js/laydate/laydate.js
ERR: 非法操作:js

[ 2017-05-06T15:21:52+08:00 ] 127.0.0.1 /TPvideo/index.php/Admin/Video/js/laydate/laydate.js
ERR: 非法操作:js

[ 2017-05-06T15:21:58+08:00 ] 127.0.0.1 /TPvideo/index.php/Admin/Video/videoupdate.html
INFO: [ app_begin ] --START--
INFO: Run Behavior\ReadHtmlCacheBehavior [ RunTime:0.001000s ]
INFO: [ app_begin ] --END-- [ RunTime:0.001000s ]
SQL: SHOW COLUMNS FROM `video` [ RunTime:0.0110s ]
SQL: SELECT * FROM `video` WHERE ( 2 )  [ RunTime:0.0010s ]
INFO: [ app_end ] --START--
INFO: Run Behavior\ShowPageTraceBehavior [ RunTime:0.002000s ]
INFO: [ app_end ] --END-- [ RunTime:0.002000s ]

