[ 2017-04-28T15:10:18+08:00 ] ::1 /TPvideo/index.php/Admin/Index/__ADMIN_FONTS__font-awesome.min.css
ERR: 非法操作:__ADMIN_FONTS__font-awesome.min.css

[ 2017-04-28T15:10:20+08:00 ] ::1 /TPvideo/index.php/Admin/Video/js/laydate/laydate.js
ERR: 非法操作:js

[ 2017-04-28T15:10:21+08:00 ] ::1 /TPvideo/index.php/Admin/User/userlist.html
ERR: Syntax Error in template "./Template/default/Admin\User\userlist.html"  on line 91 "layer.msg('已修改', {icon: 1});"  - Unexpected ": ", expected one of: "}" , " "

[ 2017-04-28T15:12:34+08:00 ] ::1 /TPvideo/index.php/Admin/Index/__ADMIN_FONTS__font-awesome.min.css
ERR: 非法操作:__ADMIN_FONTS__font-awesome.min.css

[ 2017-04-28T15:12:37+08:00 ] ::1 /TPvideo/index.php/Admin/User/userlist.html
ERR: Syntax Error in template "./Template/default/Admin\User\userlist.html"  on line 91 "layer.msg('已修改', {icon: 1});"  - Unexpected ": ", expected one of: "}" , " "

[ 2017-04-28T15:12:38+08:00 ] ::1 /TPvideo/index.php/Admin/Video/js/laydate/laydate.js
ERR: 非法操作:js

[ 2017-04-28T15:12:38+08:00 ] ::1 /TPvideo/index.php/Admin/User/userlist.html
ERR: Syntax Error in template "./Template/default/Admin\User\userlist.html"  on line 91 "layer.msg('已修改', {icon: 1});"  - Unexpected ": ", expected one of: "}" , " "

[ 2017-04-28T15:13:07+08:00 ] ::1 /TPvideo/index.php/Admin/Index/__ADMIN_FONTS__font-awesome.min.css
ERR: 非法操作:__ADMIN_FONTS__font-awesome.min.css

[ 2017-04-28T15:13:14+08:00 ] ::1 /TPvideo/index.php/Admin/Cate/catelist.html
ERR: Syntax Error in template "./Template/default/Admin\Cate\catelist.html"  on line 99 "$(&quot;html,body&quot;).animate({scrollTop:$(&quot;#edit&quot;).offset().top},300);"  - Unexpected ":", expected one of: "}" , " "

[ 2017-04-28T15:15:24+08:00 ] ::1 /TPvideo/index.php/Admin/Index/__ADMIN_FONTS__font-awesome.min.css
ERR: 非法操作:__ADMIN_FONTS__font-awesome.min.css

[ 2017-04-28T15:15:26+08:00 ] ::1 /TPvideo/index.php/Admin/Cate/catelist.html
ERR: Syntax Error in template "./Template/default/Admin\Cate\catelist.html"  on line 124 "layer.msg('已删除', {icon: 1});"  - Unexpected ": ", expected one of: "}" , " "

[ 2017-04-28T15:15:49+08:00 ] ::1 /TPvideo/index.php/Admin/Index/__ADMIN_FONTS__font-awesome.min.css
ERR: 非法操作:__ADMIN_FONTS__font-awesome.min.css

[ 2017-04-28T15:16:22+08:00 ] ::1 /TPvideo/index.php/Admin/Book/booklist.html
ERR: Syntax Error in template "./Template/default/Admin\Book\booklist.html"  on line 116 "layer.msg('已删除', {icon: 1});"  - Unexpected ": ", expected one of: "}" , " "

[ 2017-04-28T15:16:53+08:00 ] ::1 /TPvideo/index.php/Admin/Index/__ADMIN_FONTS__font-awesome.min.css
ERR: 非法操作:__ADMIN_FONTS__font-awesome.min.css

[ 2017-04-28T15:16:58+08:00 ] ::1 /TPvideo/index.php/Admin/Index/info.html
ERR: Syntax Error in template "./Template/default/Admin\Index\info.html"  on line 154 "layer.msg('上传成功', {icon: 1});"  - Unexpected ": ", expected one of: "}" , " "

[ 2017-04-28T15:19:00+08:00 ] ::1 /TPvideo/index.php/Admin/Login/index.html
ERR: 非法操作:index

[ 2017-04-28T15:20:10+08:00 ] ::1 /TPvideo/index.php/Admin/Login/index.html
ERR: 非法操作:index

[ 2017-04-28T15:20:52+08:00 ] ::1 /TPvideo/index.php/Admin/Login/index.html
ERR: 非法操作:index

[ 2017-04-28T15:22:36+08:00 ] ::1 /TPvideo/index.php/Admin/Login/U('Admin/Login/login')
ERR: 非法操作:U('Admin

[ 2017-04-28T15:24:20+08:00 ] ::1 /TPvideo/index.php/Admin/Login/U('Admin/Login/login')
ERR: 非法操作:U('Admin

[ 2017-04-28T15:39:31+08:00 ] ::1 /TPvideo/index.php/Admin/Login/login.html
ERR: Unable to load template file 'w\TPvideo\ThinkPHP/Tpl/dispatch_jump.tpl'

[ 2017-04-28T15:44:50+08:00 ] ::1 /TPvideo/index.php/Admin/Login/login.html
ERR: 模板不存在:./Template/default/Admin/Public/success.html

[ 2017-04-28T15:46:07+08:00 ] ::1 /TPvideo/index.php/Admin/Login/login.html
ERR: 模板不存在:./Template/default/Admin/Login/APP_PATH.html

[ 2017-04-28T15:46:13+08:00 ] ::1 /TPvideo/index.php/Admin/Login/login.html
ERR: 模板不存在:./Template/default/Admin/Login/APP_PATH.html

[ 2017-04-28T15:46:30+08:00 ] ::1 /TPvideo/index.php/Admin/Login/login.html
ERR: 模板不存在:./Template/default/Admin/./Application/.html

[ 2017-04-28T15:47:18+08:00 ] ::1 /TPvideo/index.php/Admin/Login/login.html
ERR: 模板不存在:./Template/default/Admin/Public/success.html

[ 2017-04-28T15:48:37+08:00 ] ::1 /TPvideo/index.php/Admin/Login/login.html
ERR: 模板不存在:./Template/default/Admin/Public/success.html

[ 2017-04-28T15:57:00+08:00 ] ::1 /TPvideo/index.php/Admin/Index/__ADMIN_FONTS__font-awesome.min.css
ERR: 非法操作:__ADMIN_FONTS__font-awesome.min.css

[ 2017-04-28T15:58:12+08:00 ] ::1 /TPvideo/index.php/Admin/Index/__ADMIN_FONTS__font-awesome.min.css
ERR: 非法操作:__ADMIN_FONTS__font-awesome.min.css

[ 2017-04-28T15:58:21+08:00 ] ::1 /TPvideo/index.php/Admin/Index/__ADMIN_FONTS__font-awesome.min.css
ERR: 非法操作:__ADMIN_FONTS__font-awesome.min.css

[ 2017-04-28T16:00:27+08:00 ] ::1 /TPvideo/index.php/Admin/Manager/login
ERR: 无法加载控制器:Manager

[ 2017-04-28T16:26:13+08:00 ] ::1 /TPvideo/index.php/Admin/Login/login.html
ERR: 无法加载数据库驱动: Think\Db\Driver\

[ 2017-04-28T16:33:34+08:00 ] ::1 /TPvideo/index.php/Admin/Login/login.html
ERR: Think\Model:checkNP方法不存在！

[ 2017-04-28T16:36:04+08:00 ] ::1 /TPvideo/index.php/Admin/Login/login.html
ERR: Think\Model:checkNP方法不存在！

[ 2017-04-28T16:41:36+08:00 ] ::1 /TPvideo/index.php/Admin/Login/login.html
ERR: Think\Model:checkNP方法不存在！

[ 2017-04-28T16:43:48+08:00 ] ::1 /TPvideo/index.php/Admin/TPvideo/index.php/Admin/Index/index.html
ERR: 无法加载控制器:TPvideo

[ 2017-04-28T16:45:35+08:00 ] ::1 /TPvideo/index.php/Admin/Index/__ADMIN_FONTS__font-awesome.min.css
ERR: 非法操作:__ADMIN_FONTS__font-awesome.min.css

[ 2017-04-28T17:02:32+08:00 ] ::1 /TPvideo/index.php/Admin/Index/__ADMIN_FONTS__font-awesome.min.css
ERR: 非法操作:__ADMIN_FONTS__font-awesome.min.css

[ 2017-04-28T17:05:12+08:00 ] ::1 /TPvideo/index.php/Admin/Video/js/laydate/laydate.js
ERR: 非法操作:js

[ 2017-04-28T17:05:15+08:00 ] ::1 /TPvideo/index.php/Admin/Video/js/laydate/laydate.js
ERR: 非法操作:js

[ 2017-04-28T17:05:53+08:00 ] ::1 /TPvideo/index.php/Admin/Video/js/laydate/laydate.js
ERR: 非法操作:js

[ 2017-04-28T17:13:43+08:00 ] ::1 /TPvideo/index.php/Admin/Login/passcode
ERR: 非法操作:passcode

[ 2017-04-28T17:13:43+08:00 ] ::1 /TPvideo/index.php/Admin/Login/passcode
ERR: 非法操作:passcode

[ 2017-04-28T17:13:44+08:00 ] ::1 /TPvideo/index.php/Admin/Login/passcode
ERR: 非法操作:passcode

[ 2017-04-28T17:16:33+08:00 ] ::1 /TPvideo/index.php/Admin/Login/login.html
ERR: Think\Model:checkNP方法不存在！

[ 2017-04-28T17:16:49+08:00 ] ::1 /TPvideo/index.php/Admin/Login/login.html
ERR: Think\Model:checkNP方法不存在！

[ 2017-04-28T17:22:39+08:00 ] ::1 /TPvideo/index.php/Admin/Index/__ADMIN_FONTS__font-awesome.min.css
ERR: 非法操作:__ADMIN_FONTS__font-awesome.min.css

