[ 2017-05-08T00:00:04+08:00 ] 127.0.0.1 /TPvideo/index.php/Admin/Cate/deleteCat.html
INFO: [ app_begin ] --START--
INFO: Run Behavior\ReadHtmlCacheBehavior [ RunTime:0.001000s ]
INFO: [ app_begin ] --END-- [ RunTime:0.002000s ]
SQL: SHOW COLUMNS FROM `cate` [ RunTime:0.0090s ]
NOTIC: [8] Use of undefined constant i - assumed 'i' C:\wamp\www\TPvideo\Application\Admin\Controller\CateController.class.php 第 62 行.
NOTIC: [8] Undefined index: i C:\wamp\www\TPvideo\Application\Admin\Controller\CateController.class.php 第 62 行.
SQL: SELECT * FROM `cate` WHERE ( level = '' )  [ RunTime:0.0010s ]
NOTIC: [8] Use of undefined constant i - assumed 'i' C:\wamp\www\TPvideo\Application\Admin\Controller\CateController.class.php 第 63 行.
NOTIC: [8] Undefined index: i C:\wamp\www\TPvideo\Application\Admin\Controller\CateController.class.php 第 63 行.
SQL: SELECT * FROM `cate` WHERE ( level = '' )  [ RunTime:0.0010s ]

[ 2017-05-08T00:04:01+08:00 ] 127.0.0.1 /TPvideo/index.php/Admin/Cate/deleteCat.html
INFO: [ app_begin ] --START--
INFO: Run Behavior\ReadHtmlCacheBehavior [ RunTime:0.001000s ]
INFO: [ app_begin ] --END-- [ RunTime:0.003000s ]
SQL: SHOW COLUMNS FROM `cate` [ RunTime:0.0080s ]
NOTIC: [8] Use of undefined constant i - assumed 'i' C:\wamp\www\TPvideo\Application\Admin\Controller\CateController.class.php 第 62 行.
NOTIC: [8] Undefined index: i C:\wamp\www\TPvideo\Application\Admin\Controller\CateController.class.php 第 62 行.
SQL: SELECT * FROM `cate` WHERE ( level = '' )  [ RunTime:0.0010s ]
NOTIC: [8] Use of undefined constant i - assumed 'i' C:\wamp\www\TPvideo\Application\Admin\Controller\CateController.class.php 第 63 行.
NOTIC: [8] Use of undefined constant i - assumed 'i' C:\wamp\www\TPvideo\Application\Admin\Controller\CateController.class.php 第 63 行.
NOTIC: [8] Undefined index: i C:\wamp\www\TPvideo\Application\Admin\Controller\CateController.class.php 第 63 行.
NOTIC: [8] Use of undefined constant i - assumed 'i' C:\wamp\www\TPvideo\Application\Admin\Controller\CateController.class.php 第 64 行.
NOTIC: [8] Undefined index: i C:\wamp\www\TPvideo\Application\Admin\Controller\CateController.class.php 第 64 行.
SQL: SELECT * FROM `cate` WHERE ( level = '' )  [ RunTime:0.0010s ]

[ 2017-05-08T00:05:17+08:00 ] 127.0.0.1 /TPvideo/index.php/Admin/Cate/deleteCat.html
INFO: [ app_begin ] --START--
INFO: Run Behavior\ReadHtmlCacheBehavior [ RunTime:0.000000s ]
INFO: [ app_begin ] --END-- [ RunTime:0.001000s ]
SQL: SHOW COLUMNS FROM `cate` [ RunTime:0.0120s ]
NOTIC: [8] Use of undefined constant i - assumed 'i' C:\wamp\www\TPvideo\Application\Admin\Controller\CateController.class.php 第 63 行.
NOTIC: [8] Undefined index: i C:\wamp\www\TPvideo\Application\Admin\Controller\CateController.class.php 第 63 行.
SQL: SELECT * FROM `cate` WHERE ( level = '' )  [ RunTime:0.0000s ]
NOTIC: [8] Use of undefined constant i - assumed 'i' C:\wamp\www\TPvideo\Application\Admin\Controller\CateController.class.php 第 64 行.
NOTIC: [8] Undefined index: i C:\wamp\www\TPvideo\Application\Admin\Controller\CateController.class.php 第 64 行.
NOTIC: [8] Use of undefined constant i - assumed 'i' C:\wamp\www\TPvideo\Application\Admin\Controller\CateController.class.php 第 65 行.
NOTIC: [8] Undefined index: i C:\wamp\www\TPvideo\Application\Admin\Controller\CateController.class.php 第 65 行.
SQL: SELECT * FROM `cate` WHERE ( level = '' )  [ RunTime:0.0000s ]

[ 2017-05-08T00:06:42+08:00 ] 127.0.0.1 /TPvideo/index.php/Admin/Cate/deleteCat.html
INFO: [ app_begin ] --START--
INFO: Run Behavior\ReadHtmlCacheBehavior [ RunTime:0.001000s ]
INFO: [ app_begin ] --END-- [ RunTime:0.002000s ]
SQL: SHOW COLUMNS FROM `cate` [ RunTime:0.0080s ]
NOTIC: [8] Use of undefined constant i - assumed 'i' C:\wamp\www\TPvideo\Application\Admin\Controller\CateController.class.php 第 63 行.
NOTIC: [8] Undefined index: i C:\wamp\www\TPvideo\Application\Admin\Controller\CateController.class.php 第 63 行.
SQL: SELECT * FROM `cate` WHERE ( level = '' )  [ RunTime:0.0020s ]
NOTIC: [8] Use of undefined constant i - assumed 'i' C:\wamp\www\TPvideo\Application\Admin\Controller\CateController.class.php 第 64 行.
NOTIC: [8] Undefined index: i C:\wamp\www\TPvideo\Application\Admin\Controller\CateController.class.php 第 64 行.
NOTIC: [8] Use of undefined constant i - assumed 'i' C:\wamp\www\TPvideo\Application\Admin\Controller\CateController.class.php 第 65 行.
NOTIC: [8] Undefined index: i C:\wamp\www\TPvideo\Application\Admin\Controller\CateController.class.php 第 65 行.
SQL: SELECT * FROM `cate` WHERE ( level = '' )  [ RunTime:0.0000s ]

[ 2017-05-08T00:07:29+08:00 ] 127.0.0.1 /TPvideo/index.php/Admin/Cate/deleteCat.html
INFO: [ app_begin ] --START--
INFO: Run Behavior\ReadHtmlCacheBehavior [ RunTime:0.001000s ]
INFO: [ app_begin ] --END-- [ RunTime:0.002000s ]
SQL: SHOW COLUMNS FROM `cate` [ RunTime:0.0100s ]
NOTIC: [8] Use of undefined constant i - assumed 'i' C:\wamp\www\TPvideo\Application\Admin\Controller\CateController.class.php 第 63 行.
NOTIC: [8] Undefined index: i C:\wamp\www\TPvideo\Application\Admin\Controller\CateController.class.php 第 63 行.
SQL: SELECT * FROM `cate` WHERE ( level = '' )  [ RunTime:0.0050s ]
NOTIC: [8] Use of undefined constant i - assumed 'i' C:\wamp\www\TPvideo\Application\Admin\Controller\CateController.class.php 第 64 行.
NOTIC: [8] Undefined index: i C:\wamp\www\TPvideo\Application\Admin\Controller\CateController.class.php 第 64 行.
NOTIC: [8] Use of undefined constant i - assumed 'i' C:\wamp\www\TPvideo\Application\Admin\Controller\CateController.class.php 第 65 行.
NOTIC: [8] Undefined index: i C:\wamp\www\TPvideo\Application\Admin\Controller\CateController.class.php 第 65 行.
SQL: SELECT * FROM `cate` WHERE ( level = '' )  [ RunTime:0.0010s ]

[ 2017-05-08T00:09:03+08:00 ] 127.0.0.1 /TPvideo/index.php/Admin/Cate/deleteCat.html
INFO: [ app_begin ] --START--
INFO: Run Behavior\ReadHtmlCacheBehavior [ RunTime:0.005000s ]
INFO: [ app_begin ] --END-- [ RunTime:0.006000s ]
SQL: SHOW COLUMNS FROM `cate` [ RunTime:0.0090s ]
NOTIC: [8] Use of undefined constant i - assumed 'i' C:\wamp\www\TPvideo\Application\Admin\Controller\CateController.class.php 第 63 行.
NOTIC: [8] Undefined index: i C:\wamp\www\TPvideo\Application\Admin\Controller\CateController.class.php 第 63 行.
SQL: SELECT * FROM `cate` WHERE ( level = '' )  [ RunTime:0.0020s ]
NOTIC: [8] Use of undefined constant i - assumed 'i' C:\wamp\www\TPvideo\Application\Admin\Controller\CateController.class.php 第 64 行.
NOTIC: [8] Undefined index: i C:\wamp\www\TPvideo\Application\Admin\Controller\CateController.class.php 第 64 行.
NOTIC: [8] Use of undefined constant i - assumed 'i' C:\wamp\www\TPvideo\Application\Admin\Controller\CateController.class.php 第 65 行.
NOTIC: [8] Undefined index: i C:\wamp\www\TPvideo\Application\Admin\Controller\CateController.class.php 第 65 行.
SQL: SELECT * FROM `cate` WHERE ( level = '' )  [ RunTime:0.0020s ]

[ 2017-05-08T00:11:41+08:00 ] 127.0.0.1 /TPvideo/index.php/Admin/Cate/deleteCat.html
INFO: [ app_begin ] --START--
INFO: Run Behavior\ReadHtmlCacheBehavior [ RunTime:0.001000s ]
INFO: [ app_begin ] --END-- [ RunTime:0.002000s ]
SQL: SHOW COLUMNS FROM `cate` [ RunTime:0.0120s ]
NOTIC: [8] Use of undefined constant i - assumed 'i' C:\wamp\www\TPvideo\Application\Admin\Controller\CateController.class.php 第 61 行.
NOTIC: [8] Undefined index: i C:\wamp\www\TPvideo\Application\Admin\Controller\CateController.class.php 第 61 行.
SQL: SELECT * FROM `cate` WHERE ( level = '' )  [ RunTime:0.0000s ]
NOTIC: [8] Use of undefined constant i - assumed 'i' C:\wamp\www\TPvideo\Application\Admin\Controller\CateController.class.php 第 62 行.
NOTIC: [8] Undefined index: i C:\wamp\www\TPvideo\Application\Admin\Controller\CateController.class.php 第 62 行.
NOTIC: [8] Use of undefined constant i - assumed 'i' C:\wamp\www\TPvideo\Application\Admin\Controller\CateController.class.php 第 63 行.
NOTIC: [8] Undefined index: i C:\wamp\www\TPvideo\Application\Admin\Controller\CateController.class.php 第 63 行.
SQL: SELECT * FROM `cate` WHERE ( level = '0' )  [ RunTime:0.0010s ]

[ 2017-05-08T00:12:35+08:00 ] 127.0.0.1 /TPvideo/index.php/Admin/Cate/deleteCat.html
INFO: [ app_begin ] --START--
INFO: Run Behavior\ReadHtmlCacheBehavior [ RunTime:0.001000s ]
INFO: [ app_begin ] --END-- [ RunTime:0.002000s ]
SQL: SHOW COLUMNS FROM `cate` [ RunTime:0.0180s ]
NOTIC: [8] Use of undefined constant i - assumed 'i' C:\wamp\www\TPvideo\Application\Admin\Controller\CateController.class.php 第 61 行.
NOTIC: [8] Undefined index: i C:\wamp\www\TPvideo\Application\Admin\Controller\CateController.class.php 第 61 行.
NOTIC: [8] Use of undefined constant i - assumed 'i' C:\wamp\www\TPvideo\Application\Admin\Controller\CateController.class.php 第 62 行.
NOTIC: [8] Undefined index: i C:\wamp\www\TPvideo\Application\Admin\Controller\CateController.class.php 第 62 行.
SQL: SELECT * FROM `cate` WHERE ( level = '' )  [ RunTime:0.0010s ]
NOTIC: [8] Use of undefined constant i - assumed 'i' C:\wamp\www\TPvideo\Application\Admin\Controller\CateController.class.php 第 64 行.
NOTIC: [8] Undefined index: i C:\wamp\www\TPvideo\Application\Admin\Controller\CateController.class.php 第 64 行.
SQL: SELECT * FROM `cate` WHERE ( level = '0' )  [ RunTime:0.0010s ]

[ 2017-05-08T00:12:36+08:00 ] 127.0.0.1 /TPvideo/index.php/Admin/Cate/deleteCat.html
INFO: [ app_begin ] --START--
INFO: Run Behavior\ReadHtmlCacheBehavior [ RunTime:0.001000s ]
INFO: [ app_begin ] --END-- [ RunTime:0.002000s ]
SQL: SHOW COLUMNS FROM `cate` [ RunTime:0.0120s ]
NOTIC: [8] Use of undefined constant i - assumed 'i' C:\wamp\www\TPvideo\Application\Admin\Controller\CateController.class.php 第 61 行.
NOTIC: [8] Undefined index: i C:\wamp\www\TPvideo\Application\Admin\Controller\CateController.class.php 第 61 行.
NOTIC: [8] Use of undefined constant i - assumed 'i' C:\wamp\www\TPvideo\Application\Admin\Controller\CateController.class.php 第 62 行.
NOTIC: [8] Undefined index: i C:\wamp\www\TPvideo\Application\Admin\Controller\CateController.class.php 第 62 行.
SQL: SELECT * FROM `cate` WHERE ( level = '' )  [ RunTime:0.0010s ]
NOTIC: [8] Use of undefined constant i - assumed 'i' C:\wamp\www\TPvideo\Application\Admin\Controller\CateController.class.php 第 64 行.
NOTIC: [8] Undefined index: i C:\wamp\www\TPvideo\Application\Admin\Controller\CateController.class.php 第 64 行.
SQL: SELECT * FROM `cate` WHERE ( level = '0' )  [ RunTime:0.0010s ]

[ 2017-05-08T00:13:54+08:00 ] 127.0.0.1 /TPvideo/index.php/Admin/Cate/deleteCat.html
INFO: [ app_begin ] --START--
INFO: Run Behavior\ReadHtmlCacheBehavior [ RunTime:0.001000s ]
INFO: [ app_begin ] --END-- [ RunTime:0.002000s ]
SQL: SHOW COLUMNS FROM `cate` [ RunTime:0.0110s ]
NOTIC: [8] Use of undefined constant i - assumed 'i' C:\wamp\www\TPvideo\Application\Admin\Controller\CateController.class.php 第 62 行.
NOTIC: [8] Undefined index: i C:\wamp\www\TPvideo\Application\Admin\Controller\CateController.class.php 第 62 行.
SQL: SELECT * FROM `cate` WHERE ( level = '' )  [ RunTime:0.0010s ]
NOTIC: [8] Use of undefined constant i - assumed 'i' C:\wamp\www\TPvideo\Application\Admin\Controller\CateController.class.php 第 64 行.
NOTIC: [8] Undefined index: i C:\wamp\www\TPvideo\Application\Admin\Controller\CateController.class.php 第 64 行.
SQL: SELECT * FROM `cate` WHERE ( level = '0' )  [ RunTime:0.0010s ]

[ 2017-05-08T00:14:54+08:00 ] 127.0.0.1 /TPvideo/index.php/Admin/Cate/deleteCat.html
INFO: [ app_begin ] --START--
INFO: Run Behavior\ReadHtmlCacheBehavior [ RunTime:0.001000s ]
INFO: [ app_begin ] --END-- [ RunTime:0.003000s ]
SQL: SHOW COLUMNS FROM `cate` [ RunTime:0.0090s ]
NOTIC: [8] Use of undefined constant i - assumed 'i' C:\wamp\www\TPvideo\Application\Admin\Controller\CateController.class.php 第 62 行.
NOTIC: [8] Undefined index: i C:\wamp\www\TPvideo\Application\Admin\Controller\CateController.class.php 第 62 行.
SQL: SELECT * FROM `cate` WHERE ( level = '' )  [ RunTime:0.0020s ]
SQL: SELECT * FROM `cate` WHERE ( level = '3' )  [ RunTime:0.0010s ]

[ 2017-05-08T00:15:20+08:00 ] 127.0.0.1 /TPvideo/index.php/Admin/Cate/deleteCat.html
INFO: [ app_begin ] --START--
INFO: Run Behavior\ReadHtmlCacheBehavior [ RunTime:0.001000s ]
INFO: [ app_begin ] --END-- [ RunTime:0.002000s ]
SQL: SHOW COLUMNS FROM `cate` [ RunTime:0.0080s ]
NOTIC: [8] Use of undefined constant i - assumed 'i' C:\wamp\www\TPvideo\Application\Admin\Controller\CateController.class.php 第 62 行.
NOTIC: [8] Undefined index: i C:\wamp\www\TPvideo\Application\Admin\Controller\CateController.class.php 第 62 行.
SQL: SELECT * FROM `cate` WHERE ( level = '' )  [ RunTime:0.0010s ]
SQL: SELECT * FROM `cate` WHERE ( level = '3' )  [ RunTime:0.0000s ]

[ 2017-05-08T00:15:45+08:00 ] 127.0.0.1 /TPvideo/index.php/Admin/Cate/deleteCat.html
INFO: [ app_begin ] --START--
INFO: Run Behavior\ReadHtmlCacheBehavior [ RunTime:0.001000s ]
INFO: [ app_begin ] --END-- [ RunTime:0.002000s ]
SQL: SHOW COLUMNS FROM `cate` [ RunTime:0.0110s ]
NOTIC: [8] Use of undefined constant i - assumed 'i' C:\wamp\www\TPvideo\Application\Admin\Controller\CateController.class.php 第 62 行.
NOTIC: [8] Undefined index: i C:\wamp\www\TPvideo\Application\Admin\Controller\CateController.class.php 第 62 行.
SQL: SELECT * FROM `cate` WHERE ( level = '' )  [ RunTime:0.0000s ]
SQL: SELECT * FROM `cate` WHERE ( level = '3' )  [ RunTime:0.0010s ]

[ 2017-05-08T00:16:23+08:00 ] 127.0.0.1 /TPvideo/index.php/Admin/Cate/deleteCat.html
INFO: [ app_begin ] --START--
INFO: Run Behavior\ReadHtmlCacheBehavior [ RunTime:0.001000s ]
INFO: [ app_begin ] --END-- [ RunTime:0.001000s ]
SQL: SHOW COLUMNS FROM `cate` [ RunTime:0.0080s ]
NOTIC: [8] Use of undefined constant i - assumed 'i' C:\wamp\www\TPvideo\Application\Admin\Controller\CateController.class.php 第 62 行.
NOTIC: [8] Undefined index: i C:\wamp\www\TPvideo\Application\Admin\Controller\CateController.class.php 第 62 行.
SQL: SELECT * FROM `cate` WHERE ( level = '' )  [ RunTime:0.0010s ]
NOTIC: [8] Use of undefined constant i - assumed 'i' C:\wamp\www\TPvideo\Application\Admin\Controller\CateController.class.php 第 64 行.
NOTIC: [8] Undefined index: i C:\wamp\www\TPvideo\Application\Admin\Controller\CateController.class.php 第 64 行.
SQL: SELECT * FROM `cate` WHERE ( level = '' )  [ RunTime:0.0010s ]

[ 2017-05-08T00:19:03+08:00 ] 127.0.0.1 /TPvideo/index.php/Admin/Cate/deleteCat.html
INFO: [ app_begin ] --START--
INFO: Run Behavior\ReadHtmlCacheBehavior [ RunTime:0.001000s ]
INFO: [ app_begin ] --END-- [ RunTime:0.002000s ]
SQL: SHOW COLUMNS FROM `cate` [ RunTime:0.0150s ]
NOTIC: [8] Use of undefined constant i - assumed 'i' C:\wamp\www\TPvideo\Application\Admin\Controller\CateController.class.php 第 62 行.
NOTIC: [8] Undefined index: i C:\wamp\www\TPvideo\Application\Admin\Controller\CateController.class.php 第 62 行.
SQL: SELECT * FROM `cate` WHERE ( level = '' )  [ RunTime:0.0010s ]
NOTIC: [8] Use of undefined constant i - assumed 'i' C:\wamp\www\TPvideo\Application\Admin\Controller\CateController.class.php 第 63 行.
NOTIC: [8] Undefined index: i C:\wamp\www\TPvideo\Application\Admin\Controller\CateController.class.php 第 63 行.
SQL: SELECT * FROM `cate` WHERE ( level = '0' )  [ RunTime:0.0020s ]

[ 2017-05-08T00:19:42+08:00 ] 127.0.0.1 /TPvideo/index.php/Admin/Cate/deleteCat.html
INFO: [ app_begin ] --START--
INFO: Run Behavior\ReadHtmlCacheBehavior [ RunTime:0.000000s ]
INFO: [ app_begin ] --END-- [ RunTime:0.002000s ]
SQL: SHOW COLUMNS FROM `cate` [ RunTime:0.0090s ]
NOTIC: [8] Use of undefined constant i - assumed 'i' C:\wamp\www\TPvideo\Application\Admin\Controller\CateController.class.php 第 62 行.
NOTIC: [8] Undefined index: i C:\wamp\www\TPvideo\Application\Admin\Controller\CateController.class.php 第 62 行.
SQL: SELECT * FROM `cate` WHERE ( level = '' )  [ RunTime:0.0020s ]
SQL: SELECT * FROM `cate` WHERE ( level = '0' )  [ RunTime:0.0010s ]

[ 2017-05-08T00:20:55+08:00 ] 127.0.0.1 /TPvideo/index.php/Admin/Cate/deleteCat.html
INFO: [ app_begin ] --START--
INFO: Run Behavior\ReadHtmlCacheBehavior [ RunTime:0.001000s ]
INFO: [ app_begin ] --END-- [ RunTime:0.002000s ]
SQL: SHOW COLUMNS FROM `cate` [ RunTime:0.0080s ]
NOTIC: [8] Use of undefined constant i - assumed 'i' C:\wamp\www\TPvideo\Application\Admin\Controller\CateController.class.php 第 62 行.
NOTIC: [8] Undefined index: i C:\wamp\www\TPvideo\Application\Admin\Controller\CateController.class.php 第 62 行.
ERR: 1064:You have an error in your SQL syntax; check the manual that corresponds to your MySQL server version for the right syntax to use near ')' at line 1
 [ SQL语句 ] : SELECT * FROM `cate` WHERE ( level =  ) 
ERR: 1064:You have an error in your SQL syntax; check the manual that corresponds to your MySQL server version for the right syntax to use near ')' at line 1
 [ SQL语句 ] : SELECT * FROM `cate` WHERE ( level =  ) 

[ 2017-05-08T00:20:55+08:00 ] 127.0.0.1 /TPvideo/index.php/Admin/Cate/deleteCat.html
INFO: [ app_begin ] --START--
INFO: Run Behavior\ReadHtmlCacheBehavior [ RunTime:0.001000s ]
INFO: [ app_begin ] --END-- [ RunTime:0.002000s ]
SQL: SHOW COLUMNS FROM `cate` [ RunTime:0.0110s ]
NOTIC: [8] Use of undefined constant i - assumed 'i' C:\wamp\www\TPvideo\Application\Admin\Controller\CateController.class.php 第 62 行.
NOTIC: [8] Undefined index: i C:\wamp\www\TPvideo\Application\Admin\Controller\CateController.class.php 第 62 行.
ERR: 1064:You have an error in your SQL syntax; check the manual that corresponds to your MySQL server version for the right syntax to use near ')' at line 1
 [ SQL语句 ] : SELECT * FROM `cate` WHERE ( level =  ) 
ERR: 1064:You have an error in your SQL syntax; check the manual that corresponds to your MySQL server version for the right syntax to use near ')' at line 1
 [ SQL语句 ] : SELECT * FROM `cate` WHERE ( level =  ) 

[ 2017-05-08T00:24:17+08:00 ] 127.0.0.1 /TPvideo/index.php/Admin/Cate/deleteCat.html
INFO: [ app_begin ] --START--
INFO: Run Behavior\ReadHtmlCacheBehavior [ RunTime:0.001000s ]
INFO: [ app_begin ] --END-- [ RunTime:0.002001s ]
SQL: SHOW COLUMNS FROM `cate` [ RunTime:0.0130s ]
NOTIC: [8] Use of undefined constant i - assumed 'i' C:\wamp\www\TPvideo\Application\Admin\Controller\CateController.class.php 第 62 行.
NOTIC: [8] Undefined index: i C:\wamp\www\TPvideo\Application\Admin\Controller\CateController.class.php 第 62 行.
ERR: 1064:You have an error in your SQL syntax; check the manual that corresponds to your MySQL server version for the right syntax to use near ')' at line 1
 [ SQL语句 ] : SELECT * FROM `cate` WHERE ( level =  ) 
ERR: 1064:You have an error in your SQL syntax; check the manual that corresponds to your MySQL server version for the right syntax to use near ')' at line 1
 [ SQL语句 ] : SELECT * FROM `cate` WHERE ( level =  ) 

[ 2017-05-08T00:25:24+08:00 ] 127.0.0.1 /TPvideo/index.php/Admin/Cate/deleteCat.html
INFO: [ app_begin ] --START--
INFO: Run Behavior\ReadHtmlCacheBehavior [ RunTime:0.000000s ]
INFO: [ app_begin ] --END-- [ RunTime:0.002000s ]
SQL: SHOW COLUMNS FROM `cate` [ RunTime:0.0120s ]
NOTIC: [8] Use of undefined constant i - assumed 'i' C:\wamp\www\TPvideo\Application\Admin\Controller\CateController.class.php 第 62 行.
NOTIC: [8] Undefined index: i C:\wamp\www\TPvideo\Application\Admin\Controller\CateController.class.php 第 62 行.
SQL: SELECT * FROM `cate` WHERE ( level = '' )  [ RunTime:0.0000s ]
SQL: SELECT * FROM `cate` WHERE ( level = '3' )  [ RunTime:0.0000s ]

[ 2017-05-08T00:26:17+08:00 ] 127.0.0.1 /TPvideo/index.php/Admin/Cate/deleteCat.html
INFO: [ app_begin ] --START--
INFO: Run Behavior\ReadHtmlCacheBehavior [ RunTime:0.001001s ]
INFO: [ app_begin ] --END-- [ RunTime:0.002001s ]
SQL: SHOW COLUMNS FROM `cate` [ RunTime:0.0120s ]
NOTIC: [8] Use of undefined constant i - assumed 'i' C:\wamp\www\TPvideo\Application\Admin\Controller\CateController.class.php 第 62 行.
NOTIC: [8] Undefined index: i C:\wamp\www\TPvideo\Application\Admin\Controller\CateController.class.php 第 62 行.
SQL: SELECT * FROM `cate` WHERE ( level = '' )  [ RunTime:0.0000s ]
NOTIC: [8] Use of undefined constant i - assumed 'i' C:\wamp\www\TPvideo\Application\Admin\Controller\CateController.class.php 第 63 行.
NOTIC: [8] Undefined index: i C:\wamp\www\TPvideo\Application\Admin\Controller\CateController.class.php 第 63 行.
SQL: SELECT * FROM `cate` WHERE ( level = '' )  [ RunTime:0.0000s ]

[ 2017-05-08T09:16:53+08:00 ] 127.0.0.1 /TPvideo/index.php/Admin/Cate/deleteCat.html
INFO: [ app_begin ] --START--
INFO: Run Behavior\ReadHtmlCacheBehavior [ RunTime:0.001000s ]
INFO: [ app_begin ] --END-- [ RunTime:0.002000s ]
SQL: SHOW COLUMNS FROM `cate` [ RunTime:0.0570s ]
NOTIC: [8] Use of undefined constant i - assumed 'i' C:\wamp\www\TPvideo\Application\Admin\Controller\CateController.class.php 第 62 行.
NOTIC: [8] Undefined index: i C:\wamp\www\TPvideo\Application\Admin\Controller\CateController.class.php 第 62 行.
SQL: SELECT * FROM `cate` WHERE ( level = '' )  [ RunTime:0.0010s ]
SQL: SELECT * FROM `cate` WHERE ( level = '$str[i]' )  [ RunTime:0.0330s ]

[ 2017-05-08T09:18:51+08:00 ] 127.0.0.1 /TPvideo/index.php/Admin/Cate/deleteCat.html
INFO: [ app_begin ] --START--
INFO: Run Behavior\ReadHtmlCacheBehavior [ RunTime:0.001000s ]
INFO: [ app_begin ] --END-- [ RunTime:0.002000s ]
SQL: SHOW COLUMNS FROM `cate` [ RunTime:0.0120s ]
NOTIC: [8] Use of undefined constant i - assumed 'i' C:\wamp\www\TPvideo\Application\Admin\Controller\CateController.class.php 第 62 行.
NOTIC: [8] Undefined index: i C:\wamp\www\TPvideo\Application\Admin\Controller\CateController.class.php 第 62 行.
SQL: SELECT * FROM `cate` WHERE ( level = '' )  [ RunTime:0.0010s ]
NOTIC: [8] Use of undefined constant i - assumed 'i' C:\wamp\www\TPvideo\Application\Admin\Controller\CateController.class.php 第 63 行.
NOTIC: [8] Undefined index: i C:\wamp\www\TPvideo\Application\Admin\Controller\CateController.class.php 第 63 行.
NOTIC: [8] Use of undefined constant i - assumed 'i' C:\wamp\www\TPvideo\Application\Admin\Controller\CateController.class.php 第 64 行.
NOTIC: [8] Undefined index: i C:\wamp\www\TPvideo\Application\Admin\Controller\CateController.class.php 第 64 行.
SQL: SELECT * FROM `cate` WHERE ( level = '' )  [ RunTime:0.0000s ]

[ 2017-05-08T09:18:51+08:00 ] 127.0.0.1 /TPvideo/index.php/Admin/Cate/deleteCat.html
INFO: [ app_begin ] --START--
INFO: Run Behavior\ReadHtmlCacheBehavior [ RunTime:0.001000s ]
INFO: [ app_begin ] --END-- [ RunTime:0.002000s ]
SQL: SHOW COLUMNS FROM `cate` [ RunTime:0.0090s ]
NOTIC: [8] Use of undefined constant i - assumed 'i' C:\wamp\www\TPvideo\Application\Admin\Controller\CateController.class.php 第 62 行.
NOTIC: [8] Undefined index: i C:\wamp\www\TPvideo\Application\Admin\Controller\CateController.class.php 第 62 行.
SQL: SELECT * FROM `cate` WHERE ( level = '' )  [ RunTime:0.0030s ]
NOTIC: [8] Use of undefined constant i - assumed 'i' C:\wamp\www\TPvideo\Application\Admin\Controller\CateController.class.php 第 63 行.
NOTIC: [8] Undefined index: i C:\wamp\www\TPvideo\Application\Admin\Controller\CateController.class.php 第 63 行.
NOTIC: [8] Use of undefined constant i - assumed 'i' C:\wamp\www\TPvideo\Application\Admin\Controller\CateController.class.php 第 64 行.
NOTIC: [8] Undefined index: i C:\wamp\www\TPvideo\Application\Admin\Controller\CateController.class.php 第 64 行.
SQL: SELECT * FROM `cate` WHERE ( level = '' )  [ RunTime:0.0010s ]

[ 2017-05-08T09:20:56+08:00 ] 127.0.0.1 /TPvideo/index.php/Admin/Cate/deleteCat.html
INFO: [ app_begin ] --START--
INFO: Run Behavior\ReadHtmlCacheBehavior [ RunTime:0.001001s ]
INFO: [ app_begin ] --END-- [ RunTime:0.002001s ]
SQL: SHOW COLUMNS FROM `cate` [ RunTime:0.0120s ]
NOTIC: [2] explode() expects parameter 2 to be string, array given C:\wamp\www\TPvideo\Application\Admin\Controller\CateController.class.php 第 58 行.

[ 2017-05-08T09:22:18+08:00 ] 127.0.0.1 /TPvideo/index.php/Admin/Cate/deleteCat.html
INFO: [ app_begin ] --START--
INFO: Run Behavior\ReadHtmlCacheBehavior [ RunTime:0.001000s ]
INFO: [ app_begin ] --END-- [ RunTime:0.002000s ]
SQL: SHOW COLUMNS FROM `cate` [ RunTime:0.0220s ]
NOTIC: [8] Undefined variable: str C:\wamp\www\TPvideo\Application\Admin\Controller\CateController.class.php 第 59 行.

[ 2017-05-08T09:23:57+08:00 ] 127.0.0.1 /TPvideo/index.php/Admin/Cate/deleteCat.html
INFO: [ app_begin ] --START--
INFO: Run Behavior\ReadHtmlCacheBehavior [ RunTime:0.001000s ]
INFO: [ app_begin ] --END-- [ RunTime:0.001000s ]
SQL: SHOW COLUMNS FROM `cate` [ RunTime:0.0190s ]
NOTIC: [8] Use of undefined constant i - assumed 'i' C:\wamp\www\TPvideo\Application\Admin\Controller\CateController.class.php 第 62 行.
NOTIC: [8] Undefined index: i C:\wamp\www\TPvideo\Application\Admin\Controller\CateController.class.php 第 62 行.
SQL: SELECT * FROM `cate` WHERE ( level = '' )  [ RunTime:0.0010s ]
NOTIC: [8] Use of undefined constant i - assumed 'i' C:\wamp\www\TPvideo\Application\Admin\Controller\CateController.class.php 第 63 行.
NOTIC: [8] Undefined index: i C:\wamp\www\TPvideo\Application\Admin\Controller\CateController.class.php 第 63 行.
NOTIC: [8] Use of undefined constant i - assumed 'i' C:\wamp\www\TPvideo\Application\Admin\Controller\CateController.class.php 第 64 行.
NOTIC: [8] Undefined index: i C:\wamp\www\TPvideo\Application\Admin\Controller\CateController.class.php 第 64 行.
SQL: SELECT * FROM `cate` WHERE ( level = '' )  [ RunTime:0.0000s ]

[ 2017-05-08T09:26:01+08:00 ] 127.0.0.1 /TPvideo/index.php/Admin/Cate/deleteCat.html
INFO: [ app_begin ] --START--
INFO: Run Behavior\ReadHtmlCacheBehavior [ RunTime:0.002000s ]
INFO: [ app_begin ] --END-- [ RunTime:0.002000s ]
SQL: SHOW COLUMNS FROM `cate` [ RunTime:0.0120s ]
NOTIC: [8] Use of undefined constant i - assumed 'i' C:\wamp\www\TPvideo\Application\Admin\Controller\CateController.class.php 第 62 行.
NOTIC: [8] Undefined index: i C:\wamp\www\TPvideo\Application\Admin\Controller\CateController.class.php 第 62 行.
SQL: SELECT * FROM `cate` WHERE ( level = '' )  [ RunTime:0.0010s ]
NOTIC: [8] Use of undefined constant i - assumed 'i' C:\wamp\www\TPvideo\Application\Admin\Controller\CateController.class.php 第 63 行.
NOTIC: [8] Undefined index: i C:\wamp\www\TPvideo\Application\Admin\Controller\CateController.class.php 第 63 行.
NOTIC: [8] Use of undefined constant i - assumed 'i' C:\wamp\www\TPvideo\Application\Admin\Controller\CateController.class.php 第 64 行.
NOTIC: [8] Undefined index: i C:\wamp\www\TPvideo\Application\Admin\Controller\CateController.class.php 第 64 行.
SQL: SELECT * FROM `cate` WHERE ( level = '' )  [ RunTime:0.0010s ]

[ 2017-05-08T09:59:31+08:00 ] 127.0.0.1 /TPvideo/index.php/Admin/Cate/deleteCat.html
INFO: [ app_begin ] --START--
INFO: Run Behavior\ReadHtmlCacheBehavior [ RunTime:0.001000s ]
INFO: [ app_begin ] --END-- [ RunTime:0.002000s ]
SQL: SHOW COLUMNS FROM `cate` [ RunTime:0.0130s ]
NOTIC: [8] Use of undefined constant i - assumed 'i' C:\wamp\www\TPvideo\Application\Admin\Controller\CateController.class.php 第 63 行.
NOTIC: [8] Undefined index: i C:\wamp\www\TPvideo\Application\Admin\Controller\CateController.class.php 第 63 行.
SQL: SELECT * FROM `cate` WHERE ( level = '' )  [ RunTime:0.0020s ]
NOTIC: [8] Use of undefined constant i - assumed 'i' C:\wamp\www\TPvideo\Application\Admin\Controller\CateController.class.php 第 65 行.
NOTIC: [8] Undefined index: i C:\wamp\www\TPvideo\Application\Admin\Controller\CateController.class.php 第 65 行.
SQL: SELECT * FROM `cate` WHERE ( level = '' )  [ RunTime:0.0010s ]

[ 2017-05-08T10:00:40+08:00 ] 127.0.0.1 /TPvideo/index.php/Admin/Cate/deleteCat.html
INFO: [ app_begin ] --START--
INFO: Run Behavior\ReadHtmlCacheBehavior [ RunTime:0.001000s ]
INFO: [ app_begin ] --END-- [ RunTime:0.002000s ]
SQL: SHOW COLUMNS FROM `cate` [ RunTime:0.0120s ]
NOTIC: [8] Use of undefined constant i - assumed 'i' C:\wamp\www\TPvideo\Application\Admin\Controller\CateController.class.php 第 64 行.
NOTIC: [8] Undefined index: i C:\wamp\www\TPvideo\Application\Admin\Controller\CateController.class.php 第 64 行.
SQL: SELECT * FROM `cate` WHERE ( level = '' )  [ RunTime:0.0000s ]
NOTIC: [8] Use of undefined constant i - assumed 'i' C:\wamp\www\TPvideo\Application\Admin\Controller\CateController.class.php 第 66 行.
NOTIC: [8] Undefined index: i C:\wamp\www\TPvideo\Application\Admin\Controller\CateController.class.php 第 66 行.
SQL: SELECT * FROM `cate` WHERE ( level = '' )  [ RunTime:0.0000s ]

[ 2017-05-08T10:04:58+08:00 ] 127.0.0.1 /TPvideo/index.php/Admin/Cate/deleteCat.html
INFO: [ app_begin ] --START--
INFO: Run Behavior\ReadHtmlCacheBehavior [ RunTime:0.000000s ]
INFO: [ app_begin ] --END-- [ RunTime:0.001000s ]
SQL: SHOW COLUMNS FROM `cate` [ RunTime:0.0080s ]
NOTIC: [2] json_decode() expects parameter 1 to be string, array given C:\wamp\www\TPvideo\Application\Admin\Controller\CateController.class.php 第 58 行.

[ 2017-05-08T10:06:37+08:00 ] 127.0.0.1 /TPvideo/index.php/Admin/Cate/deleteCat.html
INFO: [ app_begin ] --START--
INFO: Run Behavior\ReadHtmlCacheBehavior [ RunTime:0.001000s ]
INFO: [ app_begin ] --END-- [ RunTime:0.002000s ]
SQL: SHOW COLUMNS FROM `cate` [ RunTime:0.0160s ]
NOTIC: [2] json_decode() expects parameter 1 to be string, array given C:\wamp\www\TPvideo\Application\Admin\Controller\CateController.class.php 第 58 行.

[ 2017-05-08T10:08:26+08:00 ] 127.0.0.1 /TPvideo/index.php/Admin/Cate/deleteCat.html
INFO: [ app_begin ] --START--
INFO: Run Behavior\ReadHtmlCacheBehavior [ RunTime:0.003000s ]
INFO: [ app_begin ] --END-- [ RunTime:0.004000s ]
SQL: SHOW COLUMNS FROM `cate` [ RunTime:0.0110s ]
NOTIC: [2] json_decode() expects parameter 1 to be string, array given C:\wamp\www\TPvideo\Application\Admin\Controller\CateController.class.php 第 58 行.

[ 2017-05-08T10:14:33+08:00 ] 127.0.0.1 /TPvideo/index.php/Admin/Cate/deleteCat.html
INFO: [ app_begin ] --START--
INFO: Run Behavior\ReadHtmlCacheBehavior [ RunTime:0.001000s ]
INFO: [ app_begin ] --END-- [ RunTime:0.001000s ]
SQL: SHOW COLUMNS FROM `cate` [ RunTime:0.0120s ]
NOTIC: [2] json_decode() expects parameter 1 to be string, array given C:\wamp\www\TPvideo\Application\Admin\Controller\CateController.class.php 第 58 行.

[ 2017-05-08T10:17:05+08:00 ] 127.0.0.1 /TPvideo/index.php/Admin/Cate/deleteCat.html
INFO: [ app_begin ] --START--
INFO: Run Behavior\ReadHtmlCacheBehavior [ RunTime:0.001000s ]
INFO: [ app_begin ] --END-- [ RunTime:0.002000s ]
SQL: SHOW COLUMNS FROM `cate` [ RunTime:0.0090s ]
NOTIC: [2] json_decode() expects parameter 1 to be string, array given C:\wamp\www\TPvideo\Application\Admin\Controller\CateController.class.php 第 58 行.

[ 2017-05-08T10:23:28+08:00 ] 127.0.0.1 /TPvideo/index.php/Admin/Cate/deleteCat.html
INFO: [ app_begin ] --START--
INFO: Run Behavior\ReadHtmlCacheBehavior [ RunTime:0.002000s ]
INFO: [ app_begin ] --END-- [ RunTime:0.004000s ]
SQL: SHOW COLUMNS FROM `cate` [ RunTime:0.0110s ]
NOTIC: [2] json_decode() expects parameter 1 to be string, array given C:\wamp\www\TPvideo\Application\Admin\Controller\CateController.class.php 第 58 行.

[ 2017-05-08T10:24:09+08:00 ] 127.0.0.1 /TPvideo/index.php/Admin/Cate/deleteCat.html
INFO: [ app_begin ] --START--
INFO: Run Behavior\ReadHtmlCacheBehavior [ RunTime:0.001000s ]
INFO: [ app_begin ] --END-- [ RunTime:0.002000s ]
SQL: SHOW COLUMNS FROM `cate` [ RunTime:0.0160s ]
NOTIC: [8] Use of undefined constant i - assumed 'i' C:\wamp\www\TPvideo\Application\Admin\Controller\CateController.class.php 第 66 行.
NOTIC: [8] Undefined index: i C:\wamp\www\TPvideo\Application\Admin\Controller\CateController.class.php 第 66 行.
SQL: SELECT * FROM `cate` WHERE ( level = '' )  [ RunTime:0.0000s ]
NOTIC: [8] Use of undefined constant i - assumed 'i' C:\wamp\www\TPvideo\Application\Admin\Controller\CateController.class.php 第 68 行.
NOTIC: [8] Undefined index: i C:\wamp\www\TPvideo\Application\Admin\Controller\CateController.class.php 第 68 行.
SQL: SELECT * FROM `cate` WHERE ( level = '' )  [ RunTime:0.0000s ]

[ 2017-05-08T10:31:50+08:00 ] 127.0.0.1 /TPvideo/index.php/Admin/Cate/deleteCat.html
INFO: [ app_begin ] --START--
INFO: Run Behavior\ReadHtmlCacheBehavior [ RunTime:0.001000s ]
INFO: [ app_begin ] --END-- [ RunTime:0.002000s ]
SQL: SHOW COLUMNS FROM `cate` [ RunTime:0.0120s ]
NOTIC: [8] Use of undefined constant i - assumed 'i' C:\wamp\www\TPvideo\Application\Admin\Controller\CateController.class.php 第 65 行.
NOTIC: [8] Undefined index: i C:\wamp\www\TPvideo\Application\Admin\Controller\CateController.class.php 第 65 行.
SQL: SELECT * FROM `cate` WHERE ( level = '' )  [ RunTime:0.0010s ]
NOTIC: [8] Use of undefined constant i - assumed 'i' C:\wamp\www\TPvideo\Application\Admin\Controller\CateController.class.php 第 67 行.
NOTIC: [8] Undefined index: i C:\wamp\www\TPvideo\Application\Admin\Controller\CateController.class.php 第 67 行.
SQL: SELECT * FROM `cate` WHERE ( level = '' )  [ RunTime:0.0000s ]

[ 2017-05-08T10:32:28+08:00 ] 127.0.0.1 /TPvideo/index.php/Admin/Cate/deleteCat.html
INFO: [ app_begin ] --START--
INFO: Run Behavior\ReadHtmlCacheBehavior [ RunTime:0.006000s ]
INFO: [ app_begin ] --END-- [ RunTime:0.008000s ]
SQL: SHOW COLUMNS FROM `cate` [ RunTime:0.0090s ]
NOTIC: [8] Use of undefined constant i - assumed 'i' C:\wamp\www\TPvideo\Application\Admin\Controller\CateController.class.php 第 65 行.
NOTIC: [8] Undefined index: i C:\wamp\www\TPvideo\Application\Admin\Controller\CateController.class.php 第 65 行.
SQL: SELECT * FROM `cate` WHERE ( level = '3' )  [ RunTime:0.0020s ]
SQL: SHOW COLUMNS FROM `video` [ RunTime:0.0080s ]
NOTIC: [8] Undefined index: i C:\wamp\www\TPvideo\Application\Admin\Controller\CateController.class.php 第 71 行.
SQL: SELECT * FROM `video` WHERE ( vt_id='' )  [ RunTime:0.0230s ]
NOTIC: [8] Use of undefined constant i - assumed 'i' C:\wamp\www\TPvideo\Application\Admin\Controller\CateController.class.php 第 65 行.
NOTIC: [8] Undefined index: i C:\wamp\www\TPvideo\Application\Admin\Controller\CateController.class.php 第 65 行.
SQL: SELECT * FROM `cate` WHERE ( level = '3' )  [ RunTime:0.0010s ]
NOTIC: [8] Undefined index: i C:\wamp\www\TPvideo\Application\Admin\Controller\CateController.class.php 第 71 行.
SQL: SELECT * FROM `video` WHERE ( vt_id='' )  [ RunTime:0.0010s ]

[ 2017-05-08T10:35:27+08:00 ] 127.0.0.1 /TPvideo/index.php/Admin/Cate/deleteCat.html
INFO: [ app_begin ] --START--
INFO: Run Behavior\ReadHtmlCacheBehavior [ RunTime:0.001001s ]
INFO: [ app_begin ] --END-- [ RunTime:0.002001s ]
SQL: SHOW COLUMNS FROM `cate` [ RunTime:0.0130s ]
SQL: SELECT * FROM `cate` WHERE ( level = '3' )  [ RunTime:0.0010s ]
SQL: SHOW COLUMNS FROM `video` [ RunTime:0.0130s ]
NOTIC: [8] Undefined index: i C:\wamp\www\TPvideo\Application\Admin\Controller\CateController.class.php 第 71 行.
SQL: SELECT * FROM `video` WHERE ( vt_id='' )  [ RunTime:0.0010s ]

[ 2017-05-08T10:37:50+08:00 ] 127.0.0.1 /TPvideo/index.php/Admin/Cate/deleteCat.html
INFO: [ app_begin ] --START--
INFO: Run Behavior\ReadHtmlCacheBehavior [ RunTime:0.004001s ]
INFO: [ app_begin ] --END-- [ RunTime:0.005001s ]
SQL: SHOW COLUMNS FROM `cate` [ RunTime:0.0080s ]
SQL: SELECT * FROM `cate` WHERE ( level = '8' )  [ RunTime:0.0030s ]
SQL: SHOW COLUMNS FROM `video` [ RunTime:0.0110s ]
NOTIC: [8] Undefined index: i C:\wamp\www\TPvideo\Application\Admin\Controller\CateController.class.php 第 71 行.
SQL: SELECT * FROM `video` WHERE ( vt_id='' )  [ RunTime:0.0010s ]
SQL: SELECT * FROM `cate` WHERE ( level = '9' )  [ RunTime:0.0010s ]

[ 2017-05-08T10:39:59+08:00 ] 127.0.0.1 /TPvideo/index.php/Admin/Cate/deleteCat.html
INFO: [ app_begin ] --START--
INFO: Run Behavior\ReadHtmlCacheBehavior [ RunTime:0.002000s ]
INFO: [ app_begin ] --END-- [ RunTime:0.003001s ]
SQL: SHOW COLUMNS FROM `cate` [ RunTime:0.0130s ]
SQL: SELECT * FROM `cate` WHERE ( level = '3' )  [ RunTime:0.0010s ]
SQL: SHOW COLUMNS FROM `video` [ RunTime:0.0130s ]
NOTIC: [8] Undefined index: i C:\wamp\www\TPvideo\Application\Admin\Controller\CateController.class.php 第 71 行.
SQL: SELECT * FROM `video` WHERE ( vt_id='' )  [ RunTime:0.0000s ]

[ 2017-05-08T10:40:34+08:00 ] 127.0.0.1 /TPvideo/index.php/Admin/Cate/deleteCat.html
INFO: [ app_begin ] --START--
INFO: Run Behavior\ReadHtmlCacheBehavior [ RunTime:0.002000s ]
INFO: [ app_begin ] --END-- [ RunTime:0.002000s ]
SQL: SHOW COLUMNS FROM `cate` [ RunTime:0.0140s ]
SQL: SELECT * FROM `cate` WHERE ( level = '3' )  [ RunTime:0.0000s ]
SQL: SHOW COLUMNS FROM `video` [ RunTime:0.0100s ]
SQL: SELECT * FROM `video` WHERE ( vt_id='3' )  [ RunTime:0.0050s ]

[ 2017-05-08T10:45:39+08:00 ] 127.0.0.1 /TPvideo/index.php/Admin/Cate/deleteCat.html
INFO: [ app_begin ] --START--
INFO: Run Behavior\ReadHtmlCacheBehavior [ RunTime:0.001000s ]
INFO: [ app_begin ] --END-- [ RunTime:0.002000s ]
SQL: SHOW COLUMNS FROM `cate` [ RunTime:0.0100s ]
SQL: SELECT * FROM `cate` WHERE ( level = '3' )  [ RunTime:0.0000s ]
SQL: SHOW COLUMNS FROM `video` [ RunTime:0.0060s ]
SQL: SELECT * FROM `video` WHERE ( vt_id='3' )  [ RunTime:0.0010s ]

[ 2017-05-08T10:45:48+08:00 ] 127.0.0.1 /TPvideo/index.php/Admin/Cate/deleteCat.html
INFO: [ app_begin ] --START--
INFO: Run Behavior\ReadHtmlCacheBehavior [ RunTime:0.001000s ]
INFO: [ app_begin ] --END-- [ RunTime:0.002000s ]
SQL: SHOW COLUMNS FROM `cate` [ RunTime:0.0100s ]
SQL: SELECT * FROM `cate` WHERE ( level = '12' )  [ RunTime:0.0010s ]
SQL: SHOW COLUMNS FROM `video` [ RunTime:0.0100s ]
SQL: SELECT * FROM `video` WHERE ( vt_id='12' )  [ RunTime:0.0010s ]

[ 2017-05-08T10:46:04+08:00 ] 127.0.0.1 /TPvideo/index.php/Admin/Cate/deleteCat.html
INFO: [ app_begin ] --START--
INFO: Run Behavior\ReadHtmlCacheBehavior [ RunTime:0.001000s ]
INFO: [ app_begin ] --END-- [ RunTime:0.002000s ]
SQL: SHOW COLUMNS FROM `cate` [ RunTime:0.0070s ]
SQL: SELECT * FROM `cate` WHERE ( level = '10' )  [ RunTime:0.0010s ]

[ 2017-05-08T10:47:21+08:00 ] 127.0.0.1 /TPvideo/index.php/Admin/Cate/deleteCat.html
INFO: [ app_begin ] --START--
INFO: Run Behavior\ReadHtmlCacheBehavior [ RunTime:0.001000s ]
INFO: [ app_begin ] --END-- [ RunTime:0.002001s ]
SQL: SHOW COLUMNS FROM `cate` [ RunTime:0.0090s ]
SQL: SELECT * FROM `cate` WHERE ( level = '10' )  [ RunTime:0.0030s ]

[ 2017-05-08T10:48:13+08:00 ] 127.0.0.1 /TPvideo/index.php/Admin/Cate/deleteCat.html
INFO: [ app_begin ] --START--
INFO: Run Behavior\ReadHtmlCacheBehavior [ RunTime:0.000000s ]
INFO: [ app_begin ] --END-- [ RunTime:0.002000s ]
SQL: SHOW COLUMNS FROM `cate` [ RunTime:0.0110s ]
SQL: SELECT * FROM `cate` WHERE ( level = '10' )  [ RunTime:0.0310s ]
SQL: SELECT * FROM `cate` WHERE ( level = '10' )  [ RunTime:0.0010s ]

[ 2017-05-08T10:49:12+08:00 ] 127.0.0.1 /TPvideo/index.php/Admin/Cate/deleteCat.html
INFO: [ app_begin ] --START--
INFO: Run Behavior\ReadHtmlCacheBehavior [ RunTime:0.001000s ]
INFO: [ app_begin ] --END-- [ RunTime:0.010001s ]
SQL: SHOW COLUMNS FROM `cate` [ RunTime:0.0140s ]
SQL: SELECT * FROM `cate` WHERE ( level = '13' )  [ RunTime:0.0010s ]
SQL: SHOW COLUMNS FROM `video` [ RunTime:0.0100s ]
SQL: SELECT * FROM `video` WHERE ( vt_id='13' )  [ RunTime:0.0010s ]
NOTIC: [8] Undefined variable: id C:\wamp\www\TPvideo\Application\Admin\Controller\CateController.class.php 第 74 行.

[ 2017-05-08T10:50:40+08:00 ] 127.0.0.1 /TPvideo/index.php/Admin/Cate/deleteCat.html
INFO: [ app_begin ] --START--
INFO: Run Behavior\ReadHtmlCacheBehavior [ RunTime:0.001000s ]
INFO: [ app_begin ] --END-- [ RunTime:0.006000s ]
SQL: SHOW COLUMNS FROM `cate` [ RunTime:0.0160s ]
SQL: SELECT * FROM `cate` WHERE ( level = '13' )  [ RunTime:0.0010s ]
SQL: SHOW COLUMNS FROM `video` [ RunTime:0.0130s ]
SQL: SELECT * FROM `video` WHERE ( vt_id='13' )  [ RunTime:0.0010s ]
NOTIC: [2] explode() expects parameter 2 to be string, array given C:\wamp\www\TPvideo\Application\Admin\Controller\CateController.class.php 第 74 行.

[ 2017-05-08T10:51:28+08:00 ] 127.0.0.1 /TPvideo/index.php/Admin/Cate/deleteCat.html
INFO: [ app_begin ] --START--
INFO: Run Behavior\ReadHtmlCacheBehavior [ RunTime:0.002000s ]
INFO: [ app_begin ] --END-- [ RunTime:0.010000s ]
SQL: SHOW COLUMNS FROM `cate` [ RunTime:0.0080s ]
SQL: SELECT * FROM `cate` WHERE ( level = '13' )  [ RunTime:0.0010s ]
SQL: SHOW COLUMNS FROM `video` [ RunTime:0.0070s ]
SQL: SELECT * FROM `video` WHERE ( vt_id='13' )  [ RunTime:0.0010s ]
NOTIC: [2] explode() expects parameter 2 to be string, array given C:\wamp\www\TPvideo\Application\Admin\Controller\CateController.class.php 第 70 行.

[ 2017-05-08T10:51:30+08:00 ] 127.0.0.1 /TPvideo/index.php/Admin/Cate/deleteCat.html
INFO: [ app_begin ] --START--
INFO: Run Behavior\ReadHtmlCacheBehavior [ RunTime:0.001000s ]
INFO: [ app_begin ] --END-- [ RunTime:0.002000s ]
SQL: SHOW COLUMNS FROM `cate` [ RunTime:0.0090s ]
SQL: SELECT * FROM `cate` WHERE ( level = '13' )  [ RunTime:0.0010s ]
SQL: SHOW COLUMNS FROM `video` [ RunTime:0.0070s ]
SQL: SELECT * FROM `video` WHERE ( vt_id='13' )  [ RunTime:0.0000s ]
NOTIC: [2] explode() expects parameter 2 to be string, array given C:\wamp\www\TPvideo\Application\Admin\Controller\CateController.class.php 第 70 行.

[ 2017-05-08T10:51:31+08:00 ] 127.0.0.1 /TPvideo/index.php/Admin/Cate/deleteCat.html
INFO: [ app_begin ] --START--
INFO: Run Behavior\ReadHtmlCacheBehavior [ RunTime:0.001000s ]
INFO: [ app_begin ] --END-- [ RunTime:0.002000s ]
SQL: SHOW COLUMNS FROM `cate` [ RunTime:0.0090s ]
SQL: SELECT * FROM `cate` WHERE ( level = '13' )  [ RunTime:0.0010s ]
SQL: SHOW COLUMNS FROM `video` [ RunTime:0.0080s ]
SQL: SELECT * FROM `video` WHERE ( vt_id='13' )  [ RunTime:0.0010s ]
NOTIC: [2] explode() expects parameter 2 to be string, array given C:\wamp\www\TPvideo\Application\Admin\Controller\CateController.class.php 第 70 行.

[ 2017-05-08T10:51:31+08:00 ] 127.0.0.1 /TPvideo/index.php/Admin/Cate/deleteCat.html
INFO: [ app_begin ] --START--
INFO: Run Behavior\ReadHtmlCacheBehavior [ RunTime:0.000000s ]
INFO: [ app_begin ] --END-- [ RunTime:0.002001s ]
SQL: SHOW COLUMNS FROM `cate` [ RunTime:0.0090s ]
SQL: SELECT * FROM `cate` WHERE ( level = '13' )  [ RunTime:0.0010s ]
SQL: SHOW COLUMNS FROM `video` [ RunTime:0.0080s ]
SQL: SELECT * FROM `video` WHERE ( vt_id='13' )  [ RunTime:0.0010s ]
NOTIC: [2] explode() expects parameter 2 to be string, array given C:\wamp\www\TPvideo\Application\Admin\Controller\CateController.class.php 第 70 行.

[ 2017-05-08T10:52:52+08:00 ] 127.0.0.1 /TPvideo/index.php/Admin/Cate/deleteCat.html
INFO: [ app_begin ] --START--
INFO: Run Behavior\ReadHtmlCacheBehavior [ RunTime:0.001000s ]
INFO: [ app_begin ] --END-- [ RunTime:0.003000s ]
SQL: SHOW COLUMNS FROM `cate` [ RunTime:0.0130s ]
SQL: SELECT * FROM `cate` WHERE ( level = '3' )  [ RunTime:0.0010s ]
SQL: SHOW COLUMNS FROM `video` [ RunTime:0.0160s ]
SQL: SELECT * FROM `video` WHERE ( vt_id='3' )  [ RunTime:0.0020s ]

[ 2017-05-08T10:52:59+08:00 ] 127.0.0.1 /TPvideo/index.php/Admin/Cate/deleteCat.html
INFO: [ app_begin ] --START--
INFO: Run Behavior\ReadHtmlCacheBehavior [ RunTime:0.001000s ]
INFO: [ app_begin ] --END-- [ RunTime:0.002000s ]
SQL: SHOW COLUMNS FROM `cate` [ RunTime:0.0080s ]
SQL: SELECT * FROM `cate` WHERE ( level = '13' )  [ RunTime:0.0010s ]
SQL: SHOW COLUMNS FROM `video` [ RunTime:0.0190s ]
SQL: SELECT * FROM `video` WHERE ( vt_id='13' )  [ RunTime:0.0010s ]

[ 2017-05-08T10:53:00+08:00 ] 127.0.0.1 /TPvideo/index.php/Admin/Cate/deleteCat.html
INFO: [ app_begin ] --START--
INFO: Run Behavior\ReadHtmlCacheBehavior [ RunTime:0.001000s ]
INFO: [ app_begin ] --END-- [ RunTime:0.002001s ]
SQL: SHOW COLUMNS FROM `cate` [ RunTime:0.0090s ]
SQL: SELECT * FROM `cate` WHERE ( level = '13' )  [ RunTime:0.0010s ]
SQL: SHOW COLUMNS FROM `video` [ RunTime:0.0090s ]
SQL: SELECT * FROM `video` WHERE ( vt_id='13' )  [ RunTime:0.0000s ]

[ 2017-05-08T11:01:50+08:00 ] 127.0.0.1 /TPvideo/index.php/Admin/Cate/deleteCat.html
INFO: [ app_begin ] --START--
INFO: Run Behavior\ReadHtmlCacheBehavior [ RunTime:0.002000s ]
INFO: [ app_begin ] --END-- [ RunTime:0.002000s ]
SQL: SHOW COLUMNS FROM `cate` [ RunTime:0.0110s ]
SQL: SELECT * FROM `cate` WHERE ( level = '13' )  [ RunTime:0.0010s ]
SQL: SHOW COLUMNS FROM `video` [ RunTime:0.0070s ]
SQL: SELECT * FROM `video` WHERE ( vt_id='13' )  [ RunTime:0.0000s ]
SQL: DELETE FROM `cate` WHERE `vt_id` = 13 [ RunTime:0.2440s ]

[ 2017-05-08T11:02:12+08:00 ] 127.0.0.1 /TPvideo/index.php/Admin/Cate/deleteCat.html
INFO: [ app_begin ] --START--
INFO: Run Behavior\ReadHtmlCacheBehavior [ RunTime:0.001001s ]
INFO: [ app_begin ] --END-- [ RunTime:0.001001s ]
SQL: SHOW COLUMNS FROM `cate` [ RunTime:0.0090s ]
SQL: SELECT * FROM `cate` WHERE ( level = '3' )  [ RunTime:0.0010s ]
SQL: SHOW COLUMNS FROM `video` [ RunTime:0.0100s ]
SQL: SELECT * FROM `video` WHERE ( vt_id='3' )  [ RunTime:0.0010s ]

[ 2017-05-08T11:08:20+08:00 ] 127.0.0.1 /TPvideo/index.php/Admin/Cate/deleteCat.html
INFO: [ app_begin ] --START--
INFO: Run Behavior\ReadHtmlCacheBehavior [ RunTime:0.001000s ]
INFO: [ app_begin ] --END-- [ RunTime:0.002000s ]
SQL: SHOW COLUMNS FROM `cate` [ RunTime:0.0070s ]
SQL: SELECT * FROM `cate` WHERE ( level = '14' )  [ RunTime:0.0010s ]
SQL: SHOW COLUMNS FROM `video` [ RunTime:0.0090s ]
SQL: SELECT * FROM `video` WHERE ( vt_id='14' )  [ RunTime:0.0010s ]
NOTIC: [8] Use of undefined constant flase - assumed 'flase' C:\wamp\www\TPvideo\Application\Admin\Controller\CateController.class.php 第 65 行.
SQL: DELETE FROM `cate` WHERE `vt_id` = 14 [ RunTime:0.1270s ]
SQL: SELECT * FROM `cate` WHERE ( level = '15' )  [ RunTime:0.0000s ]
SQL: SELECT * FROM `video` WHERE ( vt_id='15' )  [ RunTime:0.0580s ]
NOTIC: [8] Use of undefined constant flase - assumed 'flase' C:\wamp\www\TPvideo\Application\Admin\Controller\CateController.class.php 第 65 行.
SQL: DELETE FROM `cate` WHERE `vt_id` = 15 [ RunTime:0.1190s ]

[ 2017-05-08T11:10:47+08:00 ] 127.0.0.1 /TPvideo/index.php/Admin/Cate/cateupdate.html
INFO: [ app_begin ] --START--
INFO: Run Behavior\ReadHtmlCacheBehavior [ RunTime:0.002000s ]
INFO: [ app_begin ] --END-- [ RunTime:0.003000s ]
SQL: SHOW COLUMNS FROM `cate` [ RunTime:0.0130s ]
SQL: SELECT * FROM `cate` WHERE ( vt_id=2 ) LIMIT 1   [ RunTime:0.0010s ]

[ 2017-05-08T11:10:54+08:00 ] 127.0.0.1 /TPvideo/index.php/Admin/Cate/cateupdate.html
INFO: [ app_begin ] --START--
INFO: Run Behavior\ReadHtmlCacheBehavior [ RunTime:0.002000s ]
INFO: [ app_begin ] --END-- [ RunTime:0.002000s ]
SQL: SHOW COLUMNS FROM `cate` [ RunTime:0.0090s ]
SQL: SELECT * FROM `cate` WHERE ( vt_id=8 ) LIMIT 1   [ RunTime:0.0040s ]

[ 2017-05-08T11:22:54+08:00 ] 127.0.0.1 /TPvideo/index.php/Admin/Cate/deleteCat.html
INFO: [ app_begin ] --START--
INFO: Run Behavior\ReadHtmlCacheBehavior [ RunTime:0.001000s ]
INFO: [ app_begin ] --END-- [ RunTime:0.002000s ]
SQL: SHOW COLUMNS FROM `cate` [ RunTime:0.0100s ]
SQL: SELECT * FROM `cate` WHERE ( level = '3' )  [ RunTime:0.0010s ]
SQL: SHOW COLUMNS FROM `video` [ RunTime:0.0100s ]
SQL: SELECT * FROM `video` WHERE ( vt_id='3' )  [ RunTime:0.0000s ]

[ 2017-05-08T11:38:37+08:00 ] 127.0.0.1 /TPvideo/index.php/Admin/Video/videoupdate.html
INFO: [ app_begin ] --START--
INFO: Run Behavior\ReadHtmlCacheBehavior [ RunTime:0.002000s ]
INFO: [ app_begin ] --END-- [ RunTime:0.007001s ]
SQL: SHOW COLUMNS FROM `video` [ RunTime:0.0100s ]
SQL: SELECT * FROM `video` WHERE ( vid=1 ) LIMIT 1   [ RunTime:0.0000s ]

[ 2017-05-08T11:38:41+08:00 ] 127.0.0.1 /TPvideo/index.php/Admin/Video/videoupdate.html
INFO: [ app_begin ] --START--
INFO: Run Behavior\ReadHtmlCacheBehavior [ RunTime:0.001000s ]
INFO: [ app_begin ] --END-- [ RunTime:0.001000s ]
SQL: SHOW COLUMNS FROM `video` [ RunTime:0.0110s ]
ERR: 1064:You have an error in your SQL syntax; check the manual that corresponds to your MySQL server version for the right syntax to use near ') LIMIT 1' at line 1
 [ SQL语句 ] : SELECT * FROM `video` WHERE ( vid= ) LIMIT 1  
ERR: 1064:You have an error in your SQL syntax; check the manual that corresponds to your MySQL server version for the right syntax to use near ') LIMIT 1' at line 1
 [ SQL语句 ] : SELECT * FROM `video` WHERE ( vid= ) LIMIT 1  

[ 2017-05-08T11:38:42+08:00 ] 127.0.0.1 /TPvideo/index.php/Admin/Video/videoupdate.html
INFO: [ app_begin ] --START--
INFO: Run Behavior\ReadHtmlCacheBehavior [ RunTime:0.000000s ]
INFO: [ app_begin ] --END-- [ RunTime:0.002000s ]
SQL: SHOW COLUMNS FROM `video` [ RunTime:0.0070s ]
ERR: 1064:You have an error in your SQL syntax; check the manual that corresponds to your MySQL server version for the right syntax to use near ') LIMIT 1' at line 1
 [ SQL语句 ] : SELECT * FROM `video` WHERE ( vid= ) LIMIT 1  
ERR: 1064:You have an error in your SQL syntax; check the manual that corresponds to your MySQL server version for the right syntax to use near ') LIMIT 1' at line 1
 [ SQL语句 ] : SELECT * FROM `video` WHERE ( vid= ) LIMIT 1  

[ 2017-05-08T11:39:53+08:00 ] 127.0.0.1 /TPvideo/index.php/Admin/Video/videoupdate.html
INFO: [ app_begin ] --START--
INFO: Run Behavior\ReadHtmlCacheBehavior [ RunTime:0.000000s ]
INFO: [ app_begin ] --END-- [ RunTime:0.001000s ]
SQL: SHOW COLUMNS FROM `video` [ RunTime:0.0150s ]
ERR: 1064:You have an error in your SQL syntax; check the manual that corresponds to your MySQL server version for the right syntax to use near ') LIMIT 1' at line 1
 [ SQL语句 ] : SELECT * FROM `video` WHERE ( vid= ) LIMIT 1  
ERR: 1064:You have an error in your SQL syntax; check the manual that corresponds to your MySQL server version for the right syntax to use near ') LIMIT 1' at line 1
 [ SQL语句 ] : SELECT * FROM `video` WHERE ( vid= ) LIMIT 1  

[ 2017-05-08T11:40:52+08:00 ] 127.0.0.1 /TPvideo/index.php/Admin/Video/videodelete.html
INFO: [ app_begin ] --START--
INFO: Run Behavior\ReadHtmlCacheBehavior [ RunTime:0.001000s ]
INFO: [ app_begin ] --END-- [ RunTime:0.002000s ]
SQL: SHOW COLUMNS FROM `video` [ RunTime:0.0080s ]
NOTIC: [8] Uninitialized string offset: 0 C:\wamp\www\TPvideo\Application\Admin\Controller\VideoController.class.php 第 107 行.
ERR: 1064:You have an error in your SQL syntax; check the manual that corresponds to your MySQL server version for the right syntax to use near ')' at line 1
 [ SQL语句 ] : UPDATE `video` SET `isDelete`='1' WHERE ( vid= )
ERR: 1064:You have an error in your SQL syntax; check the manual that corresponds to your MySQL server version for the right syntax to use near ')' at line 1
 [ SQL语句 ] : UPDATE `video` SET `isDelete`='1' WHERE ( vid= )

[ 2017-05-08T11:48:55+08:00 ] 127.0.0.1 /TPvideo/index.php/Admin/Video/videodelete.html
INFO: [ app_begin ] --START--
INFO: Run Behavior\ReadHtmlCacheBehavior [ RunTime:0.001000s ]
INFO: [ app_begin ] --END-- [ RunTime:0.003000s ]
SQL: SHOW COLUMNS FROM `video` [ RunTime:0.0150s ]
NOTIC: [8] Uninitialized string offset: 0 C:\wamp\www\TPvideo\Application\Admin\Controller\VideoController.class.php 第 107 行.
ERR: 1064:You have an error in your SQL syntax; check the manual that corresponds to your MySQL server version for the right syntax to use near ')' at line 1
 [ SQL语句 ] : UPDATE `video` SET `isDelete`='1' WHERE ( vid= )
ERR: 1064:You have an error in your SQL syntax; check the manual that corresponds to your MySQL server version for the right syntax to use near ')' at line 1
 [ SQL语句 ] : UPDATE `video` SET `isDelete`='1' WHERE ( vid= )

[ 2017-05-08T11:48:57+08:00 ] 127.0.0.1 /TPvideo/index.php/Admin/Video/videodelete.html
INFO: [ app_begin ] --START--
INFO: Run Behavior\ReadHtmlCacheBehavior [ RunTime:0.001000s ]
INFO: [ app_begin ] --END-- [ RunTime:0.001000s ]
SQL: SHOW COLUMNS FROM `video` [ RunTime:0.0120s ]
NOTIC: [8] Uninitialized string offset: 0 C:\wamp\www\TPvideo\Application\Admin\Controller\VideoController.class.php 第 107 行.
ERR: 1064:You have an error in your SQL syntax; check the manual that corresponds to your MySQL server version for the right syntax to use near ')' at line 1
 [ SQL语句 ] : UPDATE `video` SET `isDelete`='1' WHERE ( vid= )
ERR: 1064:You have an error in your SQL syntax; check the manual that corresponds to your MySQL server version for the right syntax to use near ')' at line 1
 [ SQL语句 ] : UPDATE `video` SET `isDelete`='1' WHERE ( vid= )

[ 2017-05-08T11:50:49+08:00 ] 127.0.0.1 /TPvideo/index.php/Admin/Video/videodelete.html
INFO: [ app_begin ] --START--
INFO: Run Behavior\ReadHtmlCacheBehavior [ RunTime:0.001000s ]
INFO: [ app_begin ] --END-- [ RunTime:0.002000s ]
SQL: SHOW COLUMNS FROM `video` [ RunTime:0.0120s ]
NOTIC: [2] Illegal string offset '$i' C:\wamp\www\TPvideo\Application\Admin\Controller\VideoController.class.php 第 107 行.
NOTIC: [8] Uninitialized string offset: 0 C:\wamp\www\TPvideo\Application\Admin\Controller\VideoController.class.php 第 107 行.
ERR: 1064:You have an error in your SQL syntax; check the manual that corresponds to your MySQL server version for the right syntax to use near ')' at line 1
 [ SQL语句 ] : UPDATE `video` SET `isDelete`='1' WHERE ( vid= )
ERR: 1064:You have an error in your SQL syntax; check the manual that corresponds to your MySQL server version for the right syntax to use near ')' at line 1
 [ SQL语句 ] : UPDATE `video` SET `isDelete`='1' WHERE ( vid= )

[ 2017-05-08T11:51:42+08:00 ] 127.0.0.1 /TPvideo/index.php/Admin/Video/videodelete.html
INFO: [ app_begin ] --START--
INFO: Run Behavior\ReadHtmlCacheBehavior [ RunTime:0.001000s ]
INFO: [ app_begin ] --END-- [ RunTime:0.002000s ]
SQL: SHOW COLUMNS FROM `video` [ RunTime:0.0120s ]
NOTIC: [8] Undefined index: $i C:\wamp\www\TPvideo\Application\Admin\Controller\VideoController.class.php 第 107 行.
ERR: 1064:You have an error in your SQL syntax; check the manual that corresponds to your MySQL server version for the right syntax to use near ')' at line 1
 [ SQL语句 ] : UPDATE `video` SET `isDelete`='1' WHERE ( vid= )
ERR: 1064:You have an error in your SQL syntax; check the manual that corresponds to your MySQL server version for the right syntax to use near ')' at line 1
 [ SQL语句 ] : UPDATE `video` SET `isDelete`='1' WHERE ( vid= )

[ 2017-05-08T11:51:45+08:00 ] 127.0.0.1 /TPvideo/index.php/Admin/Video/videodelete.html
INFO: [ app_begin ] --START--
INFO: Run Behavior\ReadHtmlCacheBehavior [ RunTime:0.000000s ]
INFO: [ app_begin ] --END-- [ RunTime:0.001000s ]
SQL: SHOW COLUMNS FROM `video` [ RunTime:0.0140s ]
NOTIC: [8] Undefined index: $i C:\wamp\www\TPvideo\Application\Admin\Controller\VideoController.class.php 第 107 行.
ERR: 1064:You have an error in your SQL syntax; check the manual that corresponds to your MySQL server version for the right syntax to use near ')' at line 1
 [ SQL语句 ] : UPDATE `video` SET `isDelete`='1' WHERE ( vid= )
ERR: 1064:You have an error in your SQL syntax; check the manual that corresponds to your MySQL server version for the right syntax to use near ')' at line 1
 [ SQL语句 ] : UPDATE `video` SET `isDelete`='1' WHERE ( vid= )

[ 2017-05-08T11:54:23+08:00 ] 127.0.0.1 /TPvideo/index.php/Admin/Video/videodelete.html
INFO: [ app_begin ] --START--
INFO: Run Behavior\ReadHtmlCacheBehavior [ RunTime:0.001000s ]
INFO: [ app_begin ] --END-- [ RunTime:0.002000s ]
SQL: SHOW COLUMNS FROM `video` [ RunTime:0.0120s ]
NOTIC: [8] Undefined index: $i C:\wamp\www\TPvideo\Application\Admin\Controller\VideoController.class.php 第 108 行.
ERR: 1064:You have an error in your SQL syntax; check the manual that corresponds to your MySQL server version for the right syntax to use near ')' at line 1
 [ SQL语句 ] : UPDATE `video` SET `isDelete`='1' WHERE ( vid= )
ERR: 1064:You have an error in your SQL syntax; check the manual that corresponds to your MySQL server version for the right syntax to use near ')' at line 1
 [ SQL语句 ] : UPDATE `video` SET `isDelete`='1' WHERE ( vid= )

[ 2017-05-08T11:54:57+08:00 ] 127.0.0.1 /TPvideo/index.php/Admin/Video/videodelete.html
INFO: [ app_begin ] --START--
INFO: Run Behavior\ReadHtmlCacheBehavior [ RunTime:0.001000s ]
INFO: [ app_begin ] --END-- [ RunTime:0.002000s ]
SQL: SHOW COLUMNS FROM `video` [ RunTime:0.0090s ]

[ 2017-05-08T11:56:52+08:00 ] 127.0.0.1 /TPvideo/index.php/Admin/Video/videodelete.html
INFO: [ app_begin ] --START--
INFO: Run Behavior\ReadHtmlCacheBehavior [ RunTime:0.000000s ]
INFO: [ app_begin ] --END-- [ RunTime:0.002001s ]
SQL: SHOW COLUMNS FROM `video` [ RunTime:0.0130s ]
SQL: UPDATE `video` SET `isDelete`='1' WHERE ( vid=1 ) [ RunTime:0.1150s ]

[ 2017-05-08T11:57:59+08:00 ] 127.0.0.1 /TPvideo/index.php/Admin/Video/videodelete.html
INFO: [ app_begin ] --START--
INFO: Run Behavior\ReadHtmlCacheBehavior [ RunTime:0.001000s ]
INFO: [ app_begin ] --END-- [ RunTime:0.001000s ]
SQL: SHOW COLUMNS FROM `video` [ RunTime:0.0230s ]
SQL: UPDATE `video` SET `isDelete`='1' WHERE ( vid=2 ) [ RunTime:0.0660s ]
SQL: UPDATE `video` SET `isDelete`='1' WHERE ( vid=3 ) [ RunTime:0.0580s ]
NOTIC: [8] Undefined offset: 2 C:\wamp\www\TPvideo\Application\Admin\Controller\VideoController.class.php 第 108 行.
ERR: 1064:You have an error in your SQL syntax; check the manual that corresponds to your MySQL server version for the right syntax to use near ')' at line 1
 [ SQL语句 ] : UPDATE `video` SET `isDelete`='1' WHERE ( vid= )
ERR: 1064:You have an error in your SQL syntax; check the manual that corresponds to your MySQL server version for the right syntax to use near ')' at line 1
 [ SQL语句 ] : UPDATE `video` SET `isDelete`='1' WHERE ( vid= )

[ 2017-05-08T12:00:59+08:00 ] 127.0.0.1 /TPvideo/index.php/Admin/Video/videodelete.html
INFO: [ app_begin ] --START--
INFO: Run Behavior\ReadHtmlCacheBehavior [ RunTime:0.000000s ]
INFO: [ app_begin ] --END-- [ RunTime:0.001000s ]
SQL: SHOW COLUMNS FROM `video` [ RunTime:0.0080s ]
SQL: UPDATE `video` SET `isDelete`='1' WHERE ( vid='6' ) [ RunTime:0.1040s ]
NOTIC: [8] Undefined offset: 1 C:\wamp\www\TPvideo\Application\Admin\Controller\VideoController.class.php 第 108 行.
SQL: UPDATE `video` SET `isDelete`='1' WHERE ( vid='' ) [ RunTime:0.0010s ]
NOTIC: [8] Undefined offset: 2 C:\wamp\www\TPvideo\Application\Admin\Controller\VideoController.class.php 第 108 行.
SQL: UPDATE `video` SET `isDelete`='1' WHERE ( vid='' ) [ RunTime:0.0010s ]

[ 2017-05-08T12:02:54+08:00 ] 127.0.0.1 /TPvideo/index.php/Admin/Video/videodelete.html
INFO: [ app_begin ] --START--
INFO: Run Behavior\ReadHtmlCacheBehavior [ RunTime:0.000000s ]
INFO: [ app_begin ] --END-- [ RunTime:0.002000s ]
SQL: SHOW COLUMNS FROM `video` [ RunTime:0.0160s ]
SQL: UPDATE `video` SET `isDelete`='1' WHERE ( vid='10' ) [ RunTime:0.1080s ]
NOTIC: [8] Undefined offset: 1 C:\wamp\www\TPvideo\Application\Admin\Controller\VideoController.class.php 第 108 行.
SQL: UPDATE `video` SET `isDelete`='1' WHERE ( vid='' ) [ RunTime:0.0000s ]
NOTIC: [8] Undefined offset: 2 C:\wamp\www\TPvideo\Application\Admin\Controller\VideoController.class.php 第 108 行.
SQL: UPDATE `video` SET `isDelete`='1' WHERE ( vid='' ) [ RunTime:0.0000s ]

[ 2017-05-08T12:05:54+08:00 ] 127.0.0.1 /TPvideo/index.php/Admin/Video/videodelete.html
INFO: [ app_begin ] --START--
INFO: Run Behavior\ReadHtmlCacheBehavior [ RunTime:0.001000s ]
INFO: [ app_begin ] --END-- [ RunTime:0.002001s ]
SQL: SHOW COLUMNS FROM `video` [ RunTime:0.0090s ]
SQL: UPDATE `video` SET `isDelete`='1' WHERE ( vid='9' ) [ RunTime:0.1360s ]
SQL: UPDATE `video` SET `isDelete`='1' WHERE ( vid='9' ) [ RunTime:0.0990s ]
NOTIC: [8] Undefined offset: 1 C:\wamp\www\TPvideo\Application\Admin\Controller\VideoController.class.php 第 108 行.
SQL: UPDATE `video` SET `isDelete`='1' WHERE ( vid='' ) [ RunTime:0.0000s ]
NOTIC: [8] Undefined offset: 2 C:\wamp\www\TPvideo\Application\Admin\Controller\VideoController.class.php 第 108 行.
SQL: UPDATE `video` SET `isDelete`='1' WHERE ( vid='' ) [ RunTime:0.0000s ]

[ 2017-05-08T12:07:41+08:00 ] 127.0.0.1 /TPvideo/index.php/Admin/Video/videodelete.html
INFO: [ app_begin ] --START--
INFO: Run Behavior\ReadHtmlCacheBehavior [ RunTime:0.000000s ]
INFO: [ app_begin ] --END-- [ RunTime:0.002000s ]
SQL: SHOW COLUMNS FROM `video` [ RunTime:0.0120s ]
SQL: UPDATE `video` SET `isDelete`='1' WHERE ( vid='4' ) [ RunTime:0.0630s ]
SQL: UPDATE `video` SET `isDelete`='1' WHERE ( vid='5' ) [ RunTime:0.0700s ]
NOTIC: [8] Undefined offset: 2 C:\wamp\www\TPvideo\Application\Admin\Controller\VideoController.class.php 第 107 行.
SQL: UPDATE `video` SET `isDelete`='1' WHERE ( vid='' ) [ RunTime:0.0010s ]

[ 2017-05-08T21:09:39+08:00 ] 127.0.0.1 /TPvideo/index.php/Admin/Video/videoupdate.html
INFO: [ app_begin ] --START--
INFO: Run Behavior\ReadHtmlCacheBehavior [ RunTime:0.001000s ]
INFO: [ app_begin ] --END-- [ RunTime:0.003000s ]
SQL: SHOW COLUMNS FROM `video` [ RunTime:0.0050s ]
SQL: SELECT * FROM `video` WHERE ( vid=14 ) LIMIT 1   [ RunTime:0.0010s ]

[ 2017-05-08T21:12:53+08:00 ] 127.0.0.1 /TPvideo/index.php/Admin/Cate/deleteCat.html
INFO: [ app_begin ] --START--
INFO: Run Behavior\ReadHtmlCacheBehavior [ RunTime:0.002000s ]
INFO: [ app_begin ] --END-- [ RunTime:0.002000s ]
SQL: SHOW COLUMNS FROM `cate` [ RunTime:0.0050s ]
SQL: SELECT * FROM `cate` WHERE ( level = '12' )  [ RunTime:0.0260s ]
SQL: SHOW COLUMNS FROM `video` [ RunTime:0.0050s ]
SQL: SELECT * FROM `video` WHERE ( vt_id='12' )  [ RunTime:0.0050s ]

[ 2017-05-08T21:13:16+08:00 ] 127.0.0.1 /TPvideo/index.php/Admin/Video/videodelete.html
INFO: [ app_begin ] --START--
INFO: Run Behavior\ReadHtmlCacheBehavior [ RunTime:0.001000s ]
INFO: [ app_begin ] --END-- [ RunTime:0.001000s ]
SQL: SHOW COLUMNS FROM `video` [ RunTime:0.0070s ]
SQL: UPDATE `video` SET `isDelete`='1' WHERE ( vid='14' ) [ RunTime:0.1150s ]
SQL: UPDATE `video` SET `isDelete`='1' WHERE ( vid='15' ) [ RunTime:0.0430s ]
NOTIC: [8] Undefined offset: 2 C:\wamp\www\TPvideo\Application\Admin\Controller\VideoController.class.php 第 107 行.
SQL: UPDATE `video` SET `isDelete`='1' WHERE ( vid='' ) [ RunTime:0.0000s ]

[ 2017-05-08T21:13:47+08:00 ] 127.0.0.1 /TPvideo/index.php/Admin/Video/videodelete.html
INFO: [ app_begin ] --START--
INFO: Run Behavior\ReadHtmlCacheBehavior [ RunTime:0.001000s ]
INFO: [ app_begin ] --END-- [ RunTime:0.001000s ]
SQL: SHOW COLUMNS FROM `video` [ RunTime:0.0090s ]
SQL: UPDATE `video` SET `isDelete`='1' WHERE ( vid='16' ) [ RunTime:0.0640s ]
NOTIC: [8] Undefined offset: 1 C:\wamp\www\TPvideo\Application\Admin\Controller\VideoController.class.php 第 107 行.
SQL: UPDATE `video` SET `isDelete`='1' WHERE ( vid='' ) [ RunTime:0.0000s ]

[ 2017-05-08T21:15:12+08:00 ] 127.0.0.1 /TPvideo/index.php/Admin/Video/videodelete.html
INFO: [ app_begin ] --START--
INFO: Run Behavior\ReadHtmlCacheBehavior [ RunTime:0.001000s ]
INFO: [ app_begin ] --END-- [ RunTime:0.001000s ]
SQL: SHOW COLUMNS FROM `video` [ RunTime:0.0070s ]
SQL: UPDATE `video` SET `isDelete`='1' WHERE ( vid='17' ) [ RunTime:0.0900s ]
NOTIC: [8] Undefined offset: 1 C:\wamp\www\TPvideo\Application\Admin\Controller\VideoController.class.php 第 107 行.
SQL: UPDATE `video` SET `isDelete`='1' WHERE ( vid='' ) [ RunTime:0.0000s ]

[ 2017-05-08T21:17:01+08:00 ] 127.0.0.1 /TPvideo/index.php/Admin/Video/videodelete.html
INFO: [ app_begin ] --START--
INFO: Run Behavior\ReadHtmlCacheBehavior [ RunTime:0.001000s ]
INFO: [ app_begin ] --END-- [ RunTime:0.002000s ]
SQL: SHOW COLUMNS FROM `video` [ RunTime:0.0050s ]
SQL: UPDATE `video` SET `isDelete`='1' WHERE ( vid='19' ) [ RunTime:0.1060s ]
NOTIC: [8] Undefined offset: 1 C:\wamp\www\TPvideo\Application\Admin\Controller\VideoController.class.php 第 107 行.
SQL: UPDATE `video` SET `isDelete`='1' WHERE ( vid='' ) [ RunTime:0.0000s ]

