[ 2017-06-07T08:48:15+08:00 ] ::1 /TPvideo/index.php/Admin/video/videoadd.html
ERR: 不支持的图片处理库类型

[ 2017-06-07T08:48:56+08:00 ] ::1 /TPvideo/index.php/Admin/video/videoadd.html
ERR: 不支持的图片处理库类型

[ 2017-06-07T08:51:26+08:00 ] ::1 /TPvideo/index.php/Admin/video/videoadd.html
ERR: 不支持的图片处理库类型

[ 2017-06-07T08:52:20+08:00 ] ::1 /TPvideo/index.php/Admin/video/videoadd.html
ERR: 不支持的图片处理库类型

[ 2017-06-07T14:12:22+08:00 ] ::1 /TPvideo/index.php/Admin/video/videoadd.html
ERR: 不支持的缩略图裁剪类型

[ 2017-06-07T17:27:23+08:00 ] ::1 /TPvideo/index.php/Admin/Video/videodelete.html
INFO: [ app_begin ] --START--
INFO: Run Behavior\ReadHtmlCacheBehavior [ RunTime:0.001000s ]
INFO: [ app_begin ] --END-- [ RunTime:0.002001s ]
SQL: SHOW COLUMNS FROM `video` [ RunTime:0.0060s ]
SQL: UPDATE `video` SET `isDelete`='1' WHERE ( vid='49' ) [ RunTime:0.0860s ]
SQL: UPDATE `video` SET `isDelete`='1' WHERE ( vid='50' ) [ RunTime:0.0420s ]
SQL: UPDATE `video` SET `isDelete`='1' WHERE ( vid='51' ) [ RunTime:0.0210s ]
SQL: UPDATE `video` SET `isDelete`='1' WHERE ( vid='52' ) [ RunTime:0.0220s ]
SQL: UPDATE `video` SET `isDelete`='1' WHERE ( vid='53' ) [ RunTime:0.0220s ]
NOTIC: [8] Undefined offset: 5 C:\wamp\www\TPvideo\Application\Admin\Controller\VideoController.class.php 第 112 行.
SQL: UPDATE `video` SET `isDelete`='1' WHERE ( vid='' ) [ RunTime:0.0010s ]

[ 2017-06-07T17:27:47+08:00 ] ::1 /TPvideo/index.php/Admin/Video/videodelete.html
INFO: [ app_begin ] --START--
INFO: Run Behavior\ReadHtmlCacheBehavior [ RunTime:0.001000s ]
INFO: [ app_begin ] --END-- [ RunTime:0.001000s ]
SQL: SHOW COLUMNS FROM `video` [ RunTime:0.0060s ]
SQL: UPDATE `video` SET `isDelete`='1' WHERE ( vid='43' ) [ RunTime:0.0870s ]
SQL: UPDATE `video` SET `isDelete`='1' WHERE ( vid='44' ) [ RunTime:0.0430s ]
SQL: UPDATE `video` SET `isDelete`='1' WHERE ( vid='45' ) [ RunTime:0.0330s ]
SQL: UPDATE `video` SET `isDelete`='1' WHERE ( vid='46' ) [ RunTime:0.0330s ]
SQL: UPDATE `video` SET `isDelete`='1' WHERE ( vid='47' ) [ RunTime:0.0310s ]
SQL: UPDATE `video` SET `isDelete`='1' WHERE ( vid='48' ) [ RunTime:0.0460s ]
NOTIC: [8] Undefined offset: 6 C:\wamp\www\TPvideo\Application\Admin\Controller\VideoController.class.php 第 112 行.
SQL: UPDATE `video` SET `isDelete`='1' WHERE ( vid='' ) [ RunTime:0.0000s ]

