[ 2017-05-11T10:10:04+08:00 ] ::1 /TPvideo/index.php/Admin/User/registe.html
ERR: 1062:Duplicate entry '0' for key 'PRIMARY'
 [ SQL语句 ] : INSERT INTO `user` (`username`,`password`,`email`,`registerTime`,`userstatus`,`userVio`) VALUES ('345','d81f9c1be2e08964bf9f24b15f0e4900','214693086@q',NULL,'0','0')

[ 2017-05-11T10:13:42+08:00 ] ::1 /TPvideo/index.php/Admin/User/registe.html
ERR: 1062:Duplicate entry '142211059' for key 'PRIMARY'
 [ SQL语句 ] : INSERT INTO `user` (`userID`,`username`,`password`,`email`,`registerTime`) VALUES ('142211059','mjl','4297f44b13955235245b2497399d7a93','214693086@QQ.COM','1494468822')

[ 2017-05-11T10:15:30+08:00 ] ::1 /TPvideo/index.php/Admin/User/registe.html
ERR: 1062:Duplicate entry '142211058' for key 'PRIMARY'
 [ SQL语句 ] : INSERT INTO `user` (`userID`,`username`,`password`,`email`,`registerTime`) VALUES ('142211058','mjl','4297f44b13955235245b2497399d7a93','214693086@QQ.COM','1494468930')

[ 2017-05-11T10:16:50+08:00 ] ::1 /TPvideo/index.php/Admin/User/activation?accessToken=
ERR: 1064:You have an error in your SQL syntax; check the manual that corresponds to your MySQL server version for the right syntax to use near ') LIMIT 1' at line 1
 [ SQL语句 ] : SELECT * FROM `user` WHERE ( accessToken= ) LIMIT 1  

[ 2017-05-11T10:19:22+08:00 ] ::1 /TPvideo/index.php/Admin/User/activation?accessToken=bbc1b1ff0c35e11743a8f9e4840d0a03
ERR: 1054:Unknown column 'accessToken' in 'where clause'
 [ SQL语句 ] : SELECT * FROM `user` WHERE ( accessToken=bbc1b1ff0c35e11743a8f9e4840d0a03 ) LIMIT 1  

[ 2017-05-11T10:21:30+08:00 ] ::1 /TPvideo/index.php/Admin/User/activation?accessToken=bbc1b1ff0c35e11743a8f9e4840d0a03
ERR: 1054:Unknown column 'bbc1b1ff0c35e11743a8f9e4840d0a03' in 'where clause'
 [ SQL语句 ] : SELECT * FROM `user` WHERE ( accessToken=bbc1b1ff0c35e11743a8f9e4840d0a03 ) LIMIT 1  

[ 2017-05-11T10:25:36+08:00 ] ::1 /TPvideo/index.php/Admin/User/registe.html
ERR: 1062:Duplicate entry '142211054' for key 'PRIMARY'
 [ SQL语句 ] : INSERT INTO `user` (`userID`,`username`,`password`,`email`,`accessToken`,`registerTime`) VALUES ('142211054','mjl','4297f44b13955235245b2497399d7a93','214693086@QQ.COM','bbc1b1ff0c35e11743a8f9e4840d0a03','1494469536')

[ 2017-05-11T10:25:52+08:00 ] ::1 /TPvideo/index.php/Admin/User/activation?accessToken=bbc1b1ff0c35e11743a8f9e4840d0a03
ERR: 1054:Unknown column 'bbc1b1ff0c35e11743a8f9e4840d0a03' in 'where clause'
 [ SQL语句 ] : SELECT * FROM `user` WHERE ( accessToken=bbc1b1ff0c35e11743a8f9e4840d0a03 ) LIMIT 1  

[ 2017-05-11T10:27:07+08:00 ] ::1 /TPvideo/index.php/Admin/User/activation?accessToken=bbc1b1ff0c35e11743a8f9e4840d0a03
ERR: 1054:Unknown column 'bbc1b1ff0c35e11743a8f9e4840d0a03' in 'where clause'
 [ SQL语句 ] : SELECT * FROM `user` WHERE ( accessToken=bbc1b1ff0c35e11743a8f9e4840d0a03 ) LIMIT 1  

[ 2017-05-11T10:30:59+08:00 ] ::1 /TPvideo/index.php/Admin/User/activation?accessToken=bbc1b1ff0c35e11743a8f9e4840d0a03
ERR: 1054:Unknown column 'bbc1b1ff0c35e11743a8f9e4840d0a03' in 'where clause'
 [ SQL语句 ] : SELECT * FROM `user` WHERE ( accessToken=bbc1b1ff0c35e11743a8f9e4840d0a03 ) LIMIT 1  

[ 2017-05-11T10:46:47+08:00 ] ::1 /TPvideo/index.php/Admin/User/activation?accessToken=7e49e1a2ace76b9c452d7389e29de318
ERR: 1064:You have an error in your SQL syntax; check the manual that corresponds to your MySQL server version for the right syntax to use near 'e1a2ace76b9c452d7389e29de318 )' at line 1
 [ SQL语句 ] : UPDATE `user` SET `userstatus`='2' WHERE ( accessToken=7e49e1a2ace76b9c452d7389e29de318 )

[ 2017-05-11T10:47:08+08:00 ] ::1 /TPvideo/index.php/Admin/User/activation?accessToken=7e49e1a2ace76b9c452d7389e29de318
ERR: 1064:You have an error in your SQL syntax; check the manual that corresponds to your MySQL server version for the right syntax to use near 'e1a2ace76b9c452d7389e29de318 )' at line 1
 [ SQL语句 ] : UPDATE `user` SET `userstatus`='2' WHERE ( accessToken=7e49e1a2ace76b9c452d7389e29de318 )

