[ 2017-04-29T10:50:10+08:00 ] ::1 /TPvideo/index.php/Admin/Index/__ADMIN_FONTS__font-awesome.min.css
ERR: 非法操作:__ADMIN_FONTS__font-awesome.min.css

[ 2017-04-29T10:50:14+08:00 ] ::1 /TPvideo/index.php/Admin/Video/js/laydate/laydate.js
ERR: 非法操作:js

[ 2017-04-29T12:50:03+08:00 ] ::1 /TPvideo/index.php/Admin/Index/__ADMIN_FONTS__font-awesome.min.css
ERR: 非法操作:__ADMIN_FONTS__font-awesome.min.css

[ 2017-04-29T13:26:25+08:00 ] ::1 /TPvideo/index.php/Admin/Index/__ADMIN_FONTS__font-awesome.min.css
ERR: 非法操作:__ADMIN_FONTS__font-awesome.min.css

[ 2017-04-29T13:30:53+08:00 ] ::1 /TPvideo/index.php/Admin/Index/__ADMIN_FONTS__font-awesome.min.css
ERR: 非法操作:__ADMIN_FONTS__font-awesome.min.css

[ 2017-04-29T13:30:56+08:00 ] ::1 /TPvideo/index.php/Admin/User/userlist.html
ERR: Syntax Error in template "./Template/default/Admin\User\userlist.html"  on line 135 "&lt;/html&gt;" unclosed {foreach} tag

[ 2017-04-29T13:31:29+08:00 ] ::1 /TPvideo/index.php/Admin/Index/__ADMIN_FONTS__font-awesome.min.css
ERR: 非法操作:__ADMIN_FONTS__font-awesome.min.css

[ 2017-04-29T13:32:36+08:00 ] ::1 /TPvideo/index.php/Admin/Index/__ADMIN_FONTS__font-awesome.min.css
ERR: 非法操作:__ADMIN_FONTS__font-awesome.min.css

[ 2017-04-29T13:33:39+08:00 ] ::1 /TPvideo/index.php/Admin/Index/__ADMIN_FONTS__font-awesome.min.css
ERR: 非法操作:__ADMIN_FONTS__font-awesome.min.css

[ 2017-04-29T13:33:54+08:00 ] ::1 /TPvideo/index.php/Admin/Index/__ADMIN_FONTS__font-awesome.min.css
ERR: 非法操作:__ADMIN_FONTS__font-awesome.min.css

[ 2017-04-29T13:36:43+08:00 ] ::1 /TPvideo/index.php/Admin/Index/__ADMIN_FONTS__font-awesome.min.css
ERR: 非法操作:__ADMIN_FONTS__font-awesome.min.css

[ 2017-04-29T13:55:51+08:00 ] ::1 /TPvideo/index.php/Admin/Index/__ADMIN_FONTS__font-awesome.min.css
ERR: 非法操作:__ADMIN_FONTS__font-awesome.min.css

[ 2017-04-29T13:56:29+08:00 ] ::1 /TPvideo/index.php/Admin/Index/__ADMIN_FONTS__font-awesome.min.css
ERR: 非法操作:__ADMIN_FONTS__font-awesome.min.css

[ 2017-04-29T14:00:15+08:00 ] ::1 /TPvideo/index.php/Admin/Index/__ADMIN_FONTS__font-awesome.min.css
ERR: 非法操作:__ADMIN_FONTS__font-awesome.min.css

[ 2017-04-29T14:06:11+08:00 ] ::1 /TPvideo/index.php/Admin/Index/__ADMIN_FONTS__font-awesome.min.css
ERR: 非法操作:__ADMIN_FONTS__font-awesome.min.css

[ 2017-04-29T14:06:14+08:00 ] ::1 /TPvideo/index.php/Admin/User/userlist.html
ERR: 1054:Unknown column 'id' in 'order clause'
 [ SQL语句 ] : SELECT * FROM `user` ORDER BY id desc LIMIT 0,1  

[ 2017-04-29T14:06:34+08:00 ] ::1 /TPvideo/index.php/Admin/Index/__ADMIN_FONTS__font-awesome.min.css
ERR: 非法操作:__ADMIN_FONTS__font-awesome.min.css

[ 2017-04-29T14:07:45+08:00 ] ::1 /TPvideo/index.php/Admin/Index/__ADMIN_FONTS__font-awesome.min.css
ERR: 非法操作:__ADMIN_FONTS__font-awesome.min.css

[ 2017-04-29T14:12:17+08:00 ] ::1 /TPvideo/index.php/Admin/Index/__ADMIN_FONTS__font-awesome.min.css
ERR: 非法操作:__ADMIN_FONTS__font-awesome.min.css

[ 2017-04-29T14:15:13+08:00 ] ::1 /TPvideo/index.php/Admin/Index/__ADMIN_FONTS__font-awesome.min.css
ERR: 非法操作:__ADMIN_FONTS__font-awesome.min.css

[ 2017-04-29T14:16:30+08:00 ] ::1 /TPvideo/index.php/Admin/Index/__ADMIN_FONTS__font-awesome.min.css
ERR: 非法操作:__ADMIN_FONTS__font-awesome.min.css

[ 2017-04-29T14:16:47+08:00 ] ::1 /TPvideo/index.php/Admin/Index/__ADMIN_FONTS__font-awesome.min.css
ERR: 非法操作:__ADMIN_FONTS__font-awesome.min.css

[ 2017-04-29T14:18:03+08:00 ] ::1 /TPvideo/index.php/Admin/Index/__ADMIN_FONTS__font-awesome.min.css
ERR: 非法操作:__ADMIN_FONTS__font-awesome.min.css

[ 2017-04-29T14:18:24+08:00 ] ::1 /TPvideo/index.php/Admin/Index/__ADMIN_FONTS__font-awesome.min.css
ERR: 非法操作:__ADMIN_FONTS__font-awesome.min.css

[ 2017-04-29T14:27:17+08:00 ] ::1 /TPvideo/index.php/Admin/Index/__ADMIN_FONTS__font-awesome.min.css
ERR: 非法操作:__ADMIN_FONTS__font-awesome.min.css

[ 2017-04-29T14:27:19+08:00 ] ::1 /TPvideo/index.php/Admin/User/userlist.html
ERR: Think\Controller:where方法不存在！

[ 2017-04-29T14:28:21+08:00 ] ::1 /TPvideo/index.php/Admin/Index/__ADMIN_FONTS__font-awesome.min.css
ERR: 非法操作:__ADMIN_FONTS__font-awesome.min.css

[ 2017-04-29T14:28:22+08:00 ] ::1 /TPvideo/index.php/Admin/User/userlist.html
ERR: Think\Controller:order方法不存在！

[ 2017-04-29T14:28:38+08:00 ] ::1 /TPvideo/index.php/Admin/Index/__ADMIN_FONTS__font-awesome.min.css
ERR: 非法操作:__ADMIN_FONTS__font-awesome.min.css

[ 2017-04-29T14:28:40+08:00 ] ::1 /TPvideo/index.php/Admin/User/userlist.html
ERR: Think\Controller:limit方法不存在！

[ 2017-04-29T14:28:59+08:00 ] ::1 /TPvideo/index.php/Admin/Index/__ADMIN_FONTS__font-awesome.min.css
ERR: 非法操作:__ADMIN_FONTS__font-awesome.min.css

[ 2017-04-29T14:29:01+08:00 ] ::1 /TPvideo/index.php/Admin/Video/js/laydate/laydate.js
ERR: 非法操作:js

[ 2017-04-29T14:29:20+08:00 ] ::1 /TPvideo/index.php/Admin/Index/__ADMIN_FONTS__font-awesome.min.css
ERR: 非法操作:__ADMIN_FONTS__font-awesome.min.css

[ 2017-04-29T14:30:05+08:00 ] ::1 /TPvideo/index.php/Admin/Index/__ADMIN_FONTS__font-awesome.min.css
ERR: 非法操作:__ADMIN_FONTS__font-awesome.min.css

[ 2017-04-29T14:30:31+08:00 ] ::1 /TPvideo/index.php/Admin/Index/__ADMIN_FONTS__font-awesome.min.css
ERR: 非法操作:__ADMIN_FONTS__font-awesome.min.css

[ 2017-04-29T14:31:05+08:00 ] ::1 /TPvideo/index.php/Admin/Index/__ADMIN_FONTS__font-awesome.min.css
ERR: 非法操作:__ADMIN_FONTS__font-awesome.min.css

[ 2017-04-29T14:31:33+08:00 ] ::1 /TPvideo/index.php/Admin/Index/__ADMIN_FONTS__font-awesome.min.css
ERR: 非法操作:__ADMIN_FONTS__font-awesome.min.css

[ 2017-04-29T15:02:00+08:00 ] ::1 /TPvideo/index.php/Admin/Index/__ADMIN_FONTS__font-awesome.min.css
ERR: 非法操作:__ADMIN_FONTS__font-awesome.min.css

[ 2017-04-29T15:07:31+08:00 ] ::1 /TPvideo/index.php/Admin/Index/__ADMIN_FONTS__font-awesome.min.css
ERR: 非法操作:__ADMIN_FONTS__font-awesome.min.css

[ 2017-04-29T15:10:18+08:00 ] ::1 /TPvideo/index.php/Admin/Index/__ADMIN_FONTS__font-awesome.min.css
ERR: 非法操作:__ADMIN_FONTS__font-awesome.min.css

[ 2017-04-29T15:10:34+08:00 ] ::1 /TPvideo/index.php/Admin/Index/__ADMIN_FONTS__font-awesome.min.css
ERR: 非法操作:__ADMIN_FONTS__font-awesome.min.css

[ 2017-04-29T15:10:46+08:00 ] ::1 /TPvideo/index.php/Admin/Index/__ADMIN_FONTS__font-awesome.min.css
ERR: 非法操作:__ADMIN_FONTS__font-awesome.min.css

[ 2017-04-29T15:10:57+08:00 ] ::1 /TPvideo/index.php/Admin/Index/__ADMIN_FONTS__font-awesome.min.css
ERR: 非法操作:__ADMIN_FONTS__font-awesome.min.css

[ 2017-04-29T15:12:22+08:00 ] ::1 /TPvideo/index.php/Admin/Index/__ADMIN_FONTS__font-awesome.min.css
ERR: 非法操作:__ADMIN_FONTS__font-awesome.min.css

[ 2017-04-29T15:17:19+08:00 ] ::1 /TPvideo/index.php/Admin/Index/__ADMIN_FONTS__font-awesome.min.css
ERR: 非法操作:__ADMIN_FONTS__font-awesome.min.css

[ 2017-04-29T15:17:45+08:00 ] ::1 /TPvideo/index.php/Admin/Index/__ADMIN_FONTS__font-awesome.min.css
ERR: 非法操作:__ADMIN_FONTS__font-awesome.min.css

[ 2017-04-29T15:18:17+08:00 ] ::1 /TPvideo/index.php/Admin/Index/__ADMIN_FONTS__font-awesome.min.css
ERR: 非法操作:__ADMIN_FONTS__font-awesome.min.css

[ 2017-04-29T15:19:05+08:00 ] ::1 /TPvideo/index.php/Admin/Index/__ADMIN_FONTS__font-awesome.min.css
ERR: 非法操作:__ADMIN_FONTS__font-awesome.min.css

[ 2017-04-29T15:19:40+08:00 ] ::1 /TPvideo/index.php/Admin/Index/__ADMIN_FONTS__font-awesome.min.css
ERR: 非法操作:__ADMIN_FONTS__font-awesome.min.css

[ 2017-04-29T15:20:25+08:00 ] ::1 /TPvideo/index.php/Admin/Index/__ADMIN_FONTS__font-awesome.min.css
ERR: 非法操作:__ADMIN_FONTS__font-awesome.min.css

[ 2017-04-29T15:20:28+08:00 ] ::1 /TPvideo/index.php/Admin/Video/js/laydate/laydate.js
ERR: 非法操作:js

[ 2017-04-29T15:21:18+08:00 ] ::1 /TPvideo/index.php/Admin/Index/__ADMIN_FONTS__font-awesome.min.css
ERR: 非法操作:__ADMIN_FONTS__font-awesome.min.css

[ 2017-04-29T15:29:34+08:00 ] ::1 /TPvideo/index.php/Admin/Index/__ADMIN_FONTS__font-awesome.min.css
ERR: 非法操作:__ADMIN_FONTS__font-awesome.min.css

[ 2017-04-29T15:29:39+08:00 ] ::1 /TPvideo/index.php/Admin/Video/js/laydate/laydate.js
ERR: 非法操作:js

[ 2017-04-29T15:30:39+08:00 ] ::1 /TPvideo/index.php/Admin/Index/__ADMIN_FONTS__font-awesome.min.css
ERR: 非法操作:__ADMIN_FONTS__font-awesome.min.css

[ 2017-04-29T15:32:10+08:00 ] ::1 /TPvideo/index.php/Admin/Index/__ADMIN_FONTS__font-awesome.min.css
ERR: 非法操作:__ADMIN_FONTS__font-awesome.min.css

[ 2017-04-29T15:36:03+08:00 ] ::1 /TPvideo/index.php/Admin/Index/__ADMIN_FONTS__font-awesome.min.css
ERR: 非法操作:__ADMIN_FONTS__font-awesome.min.css

[ 2017-04-29T15:36:10+08:00 ] ::1 /TPvideo/index.php/Admin/Video/js/laydate/laydate.js
ERR: 非法操作:js

[ 2017-04-29T15:36:39+08:00 ] ::1 /TPvideo/index.php/Admin/Index/__ADMIN_FONTS__font-awesome.min.css
ERR: 非法操作:__ADMIN_FONTS__font-awesome.min.css

[ 2017-04-29T15:36:54+08:00 ] ::1 /TPvideo/index.php/Admin/Index/__ADMIN_FONTS__font-awesome.min.css
ERR: 非法操作:__ADMIN_FONTS__font-awesome.min.css

[ 2017-04-29T15:37:49+08:00 ] ::1 /TPvideo/index.php/Admin/Index/__ADMIN_FONTS__font-awesome.min.css
ERR: 非法操作:__ADMIN_FONTS__font-awesome.min.css

[ 2017-04-29T15:39:07+08:00 ] ::1 /TPvideo/index.php/Admin/Index/__ADMIN_FONTS__font-awesome.min.css
ERR: 非法操作:__ADMIN_FONTS__font-awesome.min.css

[ 2017-04-29T15:41:14+08:00 ] ::1 /TPvideo/index.php/Admin/Index/__ADMIN_FONTS__font-awesome.min.css
ERR: 非法操作:__ADMIN_FONTS__font-awesome.min.css

[ 2017-04-29T15:47:30+08:00 ] ::1 /TPvideo/index.php/Admin/Index/__ADMIN_FONTS__font-awesome.min.css
ERR: 非法操作:__ADMIN_FONTS__font-awesome.min.css

[ 2017-04-29T15:47:58+08:00 ] ::1 /TPvideo/index.php/Admin/Index/__ADMIN_FONTS__font-awesome.min.css
ERR: 非法操作:__ADMIN_FONTS__font-awesome.min.css

[ 2017-04-29T15:48:18+08:00 ] ::1 /TPvideo/index.php/Admin/Index/__ADMIN_FONTS__font-awesome.min.css
ERR: 非法操作:__ADMIN_FONTS__font-awesome.min.css

[ 2017-04-29T15:48:19+08:00 ] ::1 /TPvideo/index.php/Admin/Video/js/laydate/laydate.js
ERR: 非法操作:js

[ 2017-04-29T15:50:10+08:00 ] ::1 /TPvideo/index.php/Admin/Index/__ADMIN_FONTS__font-awesome.min.css
ERR: 非法操作:__ADMIN_FONTS__font-awesome.min.css

[ 2017-04-29T15:50:45+08:00 ] ::1 /TPvideo/index.php/Admin/Index/__ADMIN_FONTS__font-awesome.min.css
ERR: 非法操作:__ADMIN_FONTS__font-awesome.min.css

[ 2017-04-29T15:54:43+08:00 ] ::1 /TPvideo/index.php/Admin/Index/__ADMIN_FONTS__font-awesome.min.css
ERR: 非法操作:__ADMIN_FONTS__font-awesome.min.css

[ 2017-04-29T15:55:22+08:00 ] ::1 /TPvideo/index.php/Admin/Index/__ADMIN_FONTS__font-awesome.min.css
ERR: 非法操作:__ADMIN_FONTS__font-awesome.min.css

[ 2017-04-29T15:58:21+08:00 ] ::1 /TPvideo/index.php/Admin/Index/__ADMIN_FONTS__font-awesome.min.css
ERR: 非法操作:__ADMIN_FONTS__font-awesome.min.css

[ 2017-04-29T16:00:13+08:00 ] ::1 /TPvideo/index.php/Admin/Index/__ADMIN_FONTS__font-awesome.min.css
ERR: 非法操作:__ADMIN_FONTS__font-awesome.min.css

[ 2017-04-29T16:00:15+08:00 ] ::1 /TPvideo/index.php/Admin/Video/js/laydate/laydate.js
ERR: 非法操作:js

[ 2017-04-29T16:07:07+08:00 ] ::1 /TPvideo/index.php/Admin/Index/__ADMIN_FONTS__font-awesome.min.css
ERR: 非法操作:__ADMIN_FONTS__font-awesome.min.css

[ 2017-04-29T16:09:38+08:00 ] ::1 /TPvideo/index.php/Admin/Index/__ADMIN_FONTS__font-awesome.min.css
ERR: 非法操作:__ADMIN_FONTS__font-awesome.min.css

[ 2017-04-29T16:10:06+08:00 ] ::1 /TPvideo/index.php/Admin/Index/__ADMIN_FONTS__font-awesome.min.css
ERR: 非法操作:__ADMIN_FONTS__font-awesome.min.css

[ 2017-04-29T16:10:18+08:00 ] ::1 /TPvideo/index.php/Admin/Index/__ADMIN_FONTS__font-awesome.min.css
ERR: 非法操作:__ADMIN_FONTS__font-awesome.min.css

[ 2017-04-29T16:11:11+08:00 ] ::1 /TPvideo/index.php/Admin/Index/__ADMIN_FONTS__font-awesome.min.css
ERR: 非法操作:__ADMIN_FONTS__font-awesome.min.css

[ 2017-04-29T16:12:12+08:00 ] ::1 /TPvideo/index.php/Admin/Index/__ADMIN_FONTS__font-awesome.min.css
ERR: 非法操作:__ADMIN_FONTS__font-awesome.min.css

[ 2017-04-29T16:12:44+08:00 ] ::1 /TPvideo/index.php/Admin/Index/__ADMIN_FONTS__font-awesome.min.css
ERR: 非法操作:__ADMIN_FONTS__font-awesome.min.css

[ 2017-04-29T16:13:39+08:00 ] ::1 /TPvideo/index.php/Admin/Index/__ADMIN_FONTS__font-awesome.min.css
ERR: 非法操作:__ADMIN_FONTS__font-awesome.min.css

[ 2017-04-29T16:14:44+08:00 ] ::1 /TPvideo/index.php/Admin/Index/__ADMIN_FONTS__font-awesome.min.css
ERR: 非法操作:__ADMIN_FONTS__font-awesome.min.css

[ 2017-04-29T16:14:52+08:00 ] ::1 /TPvideo/index.php/Admin/Index/__ADMIN_FONTS__font-awesome.min.css
ERR: 非法操作:__ADMIN_FONTS__font-awesome.min.css

[ 2017-04-29T16:15:26+08:00 ] ::1 /TPvideo/index.php/Admin/Index/__ADMIN_FONTS__font-awesome.min.css
ERR: 非法操作:__ADMIN_FONTS__font-awesome.min.css

[ 2017-04-29T16:16:29+08:00 ] ::1 /TPvideo/index.php/Admin/Index/__ADMIN_FONTS__font-awesome.min.css
ERR: 非法操作:__ADMIN_FONTS__font-awesome.min.css

[ 2017-04-29T16:18:40+08:00 ] ::1 /TPvideo/index.php/Admin/Index/__ADMIN_FONTS__font-awesome.min.css
ERR: 非法操作:__ADMIN_FONTS__font-awesome.min.css

[ 2017-04-29T16:20:28+08:00 ] ::1 /TPvideo/index.php/Admin/Index/__ADMIN_FONTS__font-awesome.min.css
ERR: 非法操作:__ADMIN_FONTS__font-awesome.min.css

[ 2017-04-29T16:21:44+08:00 ] ::1 /TPvideo/index.php/Admin/Index/__ADMIN_FONTS__font-awesome.min.css
ERR: 非法操作:__ADMIN_FONTS__font-awesome.min.css

[ 2017-04-29T16:21:48+08:00 ] ::1 /TPvideo/index.php/Admin/User/userlist.html
ERR: 1054:Unknown column '$userID' in 'where clause'
 [ SQL语句 ] : SELECT * FROM `user` WHERE ( userID=$userID ) 

[ 2017-04-29T16:23:22+08:00 ] ::1 /TPvideo/index.php/Admin/Index/__ADMIN_FONTS__font-awesome.min.css
ERR: 非法操作:__ADMIN_FONTS__font-awesome.min.css

[ 2017-04-29T16:25:16+08:00 ] ::1 /TPvideo/index.php/Admin/Index/__ADMIN_FONTS__font-awesome.min.css
ERR: 非法操作:__ADMIN_FONTS__font-awesome.min.css

[ 2017-04-29T16:29:03+08:00 ] ::1 /TPvideo/index.php/Admin/Index/__ADMIN_FONTS__font-awesome.min.css
ERR: 非法操作:__ADMIN_FONTS__font-awesome.min.css

[ 2017-04-29T16:48:50+08:00 ] ::1 /TPvideo/index.php/Admin/Index/__ADMIN_FONTS__font-awesome.min.css
ERR: 非法操作:__ADMIN_FONTS__font-awesome.min.css

[ 2017-04-29T17:13:29+08:00 ] ::1 /TPvideo/index.php/Admin/Index/__ADMIN_FONTS__font-awesome.min.css
ERR: 非法操作:__ADMIN_FONTS__font-awesome.min.css

[ 2017-04-29T17:13:56+08:00 ] ::1 /TPvideo/index.php/Admin/Video/js/laydate/laydate.js
ERR: 非法操作:js

[ 2017-04-29T17:15:58+08:00 ] ::1 /TPvideo/index.php/Admin/Index/__ADMIN_FONTS__font-awesome.min.css
ERR: 非法操作:__ADMIN_FONTS__font-awesome.min.css

[ 2017-04-29T17:19:47+08:00 ] ::1 /TPvideo/index.php/Admin/Index/__ADMIN_FONTS__font-awesome.min.css
ERR: 非法操作:__ADMIN_FONTS__font-awesome.min.css

[ 2017-04-29T17:20:35+08:00 ] ::1 /TPvideo/index.php/Admin/Index/__ADMIN_FONTS__font-awesome.min.css
ERR: 非法操作:__ADMIN_FONTS__font-awesome.min.css

[ 2017-04-29T17:22:21+08:00 ] ::1 /TPvideo/index.php/Admin/Index/__ADMIN_FONTS__font-awesome.min.css
ERR: 非法操作:__ADMIN_FONTS__font-awesome.min.css

[ 2017-04-29T17:23:38+08:00 ] ::1 /TPvideo/index.php/Admin/Index/__ADMIN_FONTS__font-awesome.min.css
ERR: 非法操作:__ADMIN_FONTS__font-awesome.min.css

[ 2017-04-29T17:23:45+08:00 ] ::1 /TPvideo/index.php/Admin/Index/__ADMIN_FONTS__font-awesome.min.css
ERR: 非法操作:__ADMIN_FONTS__font-awesome.min.css

[ 2017-04-29T17:25:30+08:00 ] ::1 /TPvideo/index.php/Admin/Index/__ADMIN_FONTS__font-awesome.min.css
ERR: 非法操作:__ADMIN_FONTS__font-awesome.min.css

[ 2017-04-29T17:27:38+08:00 ] ::1 /TPvideo/index.php/Admin/Index/__ADMIN_FONTS__font-awesome.min.css
ERR: 非法操作:__ADMIN_FONTS__font-awesome.min.css

[ 2017-04-29T17:29:19+08:00 ] ::1 /TPvideo/index.php/Admin/Index/__ADMIN_FONTS__font-awesome.min.css
ERR: 非法操作:__ADMIN_FONTS__font-awesome.min.css

[ 2017-04-29T17:31:06+08:00 ] ::1 /TPvideo/index.php/Admin/Index/__ADMIN_FONTS__font-awesome.min.css
ERR: 非法操作:__ADMIN_FONTS__font-awesome.min.css

[ 2017-04-29T17:33:23+08:00 ] ::1 /TPvideo/index.php/Admin/Video/js/laydate/laydate.js
ERR: 非法操作:js

