[ 2017-05-02T08:19:56+08:00 ] ::1 /TPvideo/index.php/Admin/Index/__ADMIN_FONTS__font-awesome.min.css
ERR: 非法操作:__ADMIN_FONTS__font-awesome.min.css

[ 2017-05-02T08:19:59+08:00 ] ::1 /TPvideo/index.php/Admin/Video/js/laydate/laydate.js
ERR: 非法操作:js

[ 2017-05-02T08:20:42+08:00 ] ::1 /TPvideo/index.php/Admin/Video/js/laydate/laydate.js
ERR: 非法操作:js

[ 2017-05-02T09:00:59+08:00 ] ::1 /TPvideo/index.php/Admin/Index/__ADMIN_FONTS__font-awesome.min.css
ERR: 非法操作:__ADMIN_FONTS__font-awesome.min.css

[ 2017-05-02T09:01:02+08:00 ] ::1 /TPvideo/index.php/Admin/Cate/catelist.html
ERR: Syntax Error in template "./Template/default/Admin\Cate\catelist.html"  on line 61 "$.post({U('Admin/Cate/ajaxadd')},{id:id},function(data){"  - Unexpected ":", expected one of: "}" , " "

[ 2017-05-02T09:01:40+08:00 ] ::1 /TPvideo/index.php/Admin/Index/__ADMIN_FONTS__font-awesome.min.css
ERR: 非法操作:__ADMIN_FONTS__font-awesome.min.css

[ 2017-05-02T09:01:42+08:00 ] ::1 /TPvideo/index.php/Admin/Cate/catelist.html
ERR: Syntax Error in template "./Template/default/Admin\Cate\catelist.html"  on line 70 "data:{id:id},"  - Unexpected ":", expected one of: "}" , " "

[ 2017-05-02T09:02:05+08:00 ] ::1 /TPvideo/index.php/Admin/Index/__ADMIN_FONTS__font-awesome.min.css
ERR: 非法操作:__ADMIN_FONTS__font-awesome.min.css

[ 2017-05-02T09:02:12+08:00 ] ::1 /TPvideo/index.php/Admin/Cate/add1.html
ERR: 非法操作:add1

[ 2017-05-02T09:02:34+08:00 ] ::1 /TPvideo/index.php/Admin/Index/__ADMIN_FONTS__font-awesome.min.css
ERR: 非法操作:__ADMIN_FONTS__font-awesome.min.css

[ 2017-05-02T09:03:21+08:00 ] ::1 /TPvideo/index.php/Admin/Index/__ADMIN_FONTS__font-awesome.min.css
ERR: 非法操作:__ADMIN_FONTS__font-awesome.min.css

[ 2017-05-02T09:04:08+08:00 ] ::1 /TPvideo/index.php/Admin/Index/__ADMIN_FONTS__font-awesome.min.css
ERR: 非法操作:__ADMIN_FONTS__font-awesome.min.css

[ 2017-05-02T09:04:23+08:00 ] ::1 /TPvideo/index.php/Admin/Index/__ADMIN_FONTS__font-awesome.min.css
ERR: 非法操作:__ADMIN_FONTS__font-awesome.min.css

[ 2017-05-02T09:05:09+08:00 ] ::1 /TPvideo/index.php/Admin/Index/__ADMIN_FONTS__font-awesome.min.css
ERR: 非法操作:__ADMIN_FONTS__font-awesome.min.css

[ 2017-05-02T09:05:41+08:00 ] ::1 /TPvideo/index.php/Admin/Index/__ADMIN_FONTS__font-awesome.min.css
ERR: 非法操作:__ADMIN_FONTS__font-awesome.min.css

[ 2017-05-02T09:06:42+08:00 ] ::1 /TPvideo/index.php/Admin/Index/__ADMIN_FONTS__font-awesome.min.css
ERR: 非法操作:__ADMIN_FONTS__font-awesome.min.css

[ 2017-05-02T09:07:12+08:00 ] ::1 /TPvideo/index.php/Admin/Index/__ADMIN_FONTS__font-awesome.min.css
ERR: 非法操作:__ADMIN_FONTS__font-awesome.min.css

[ 2017-05-02T09:07:49+08:00 ] ::1 /TPvideo/index.php/Admin/Index/__ADMIN_FONTS__font-awesome.min.css
ERR: 非法操作:__ADMIN_FONTS__font-awesome.min.css

[ 2017-05-02T09:13:15+08:00 ] ::1 /TPvideo/index.php/Admin/Index/__ADMIN_FONTS__font-awesome.min.css
ERR: 非法操作:__ADMIN_FONTS__font-awesome.min.css

[ 2017-05-02T09:13:19+08:00 ] ::1 /TPvideo/index.php/Admin/Index/__ADMIN_FONTS__font-awesome.min.css
ERR: 非法操作:__ADMIN_FONTS__font-awesome.min.css

[ 2017-05-02T09:16:29+08:00 ] ::1 /TPvideo/index.php/Admin/Index/__ADMIN_FONTS__font-awesome.min.css
ERR: 非法操作:__ADMIN_FONTS__font-awesome.min.css

[ 2017-05-02T09:16:40+08:00 ] ::1 /TPvideo/index.php/Admin/Index/__ADMIN_FONTS__font-awesome.min.css
ERR: 非法操作:__ADMIN_FONTS__font-awesome.min.css

[ 2017-05-02T09:17:20+08:00 ] ::1 /TPvideo/index.php/Admin/Index/__ADMIN_FONTS__font-awesome.min.css
ERR: 非法操作:__ADMIN_FONTS__font-awesome.min.css

[ 2017-05-02T09:18:34+08:00 ] ::1 /TPvideo/index.php/Admin/Index/__ADMIN_FONTS__font-awesome.min.css
ERR: 非法操作:__ADMIN_FONTS__font-awesome.min.css

[ 2017-05-02T09:18:40+08:00 ] ::1 /TPvideo/index.php/Admin/Index/__ADMIN_FONTS__font-awesome.min.css
ERR: 非法操作:__ADMIN_FONTS__font-awesome.min.css

[ 2017-05-02T09:20:03+08:00 ] ::1 /TPvideo/index.php/Admin/Index/__ADMIN_FONTS__font-awesome.min.css
ERR: 非法操作:__ADMIN_FONTS__font-awesome.min.css

[ 2017-05-02T09:20:27+08:00 ] ::1 /TPvideo/index.php/Admin/Index/__ADMIN_FONTS__font-awesome.min.css
ERR: 非法操作:__ADMIN_FONTS__font-awesome.min.css

[ 2017-05-02T09:23:05+08:00 ] ::1 /TPvideo/index.php/Admin/Index/__ADMIN_FONTS__font-awesome.min.css
ERR: 非法操作:__ADMIN_FONTS__font-awesome.min.css

[ 2017-05-02T09:24:35+08:00 ] ::1 /TPvideo/index.php/Admin/Index/__ADMIN_FONTS__font-awesome.min.css
ERR: 非法操作:__ADMIN_FONTS__font-awesome.min.css

[ 2017-05-02T09:24:41+08:00 ] ::1 /TPvideo/index.php/Admin/Cate/ajaxadd.html
INFO: [ app_begin ] --START--
INFO: Run Behavior\ReadHtmlCacheBehavior [ RunTime:0.000000s ]
INFO: [ app_begin ] --END-- [ RunTime:0.001000s ]
SQL: SHOW COLUMNS FROM `cate` [ RunTime:0.0060s ]
NOTIC: [8] Undefined variable: name C:\wamp\www\TPvideo\Application\Admin\Controller\CateController.class.php 第 39 行.

[ 2017-05-02T09:25:20+08:00 ] ::1 /TPvideo/index.php/Admin/Index/__ADMIN_FONTS__font-awesome.min.css
ERR: 非法操作:__ADMIN_FONTS__font-awesome.min.css

[ 2017-05-02T09:25:24+08:00 ] ::1 /TPvideo/index.php/Admin/Cate/ajaxadd.html
INFO: [ app_begin ] --START--
INFO: Run Behavior\ReadHtmlCacheBehavior [ RunTime:0.000000s ]
INFO: [ app_begin ] --END-- [ RunTime:0.001000s ]
SQL: SHOW COLUMNS FROM `cate` [ RunTime:0.0060s ]
NOTIC: [8] Undefined variable: name C:\wamp\www\TPvideo\Application\Admin\Controller\CateController.class.php 第 39 行.

[ 2017-05-02T09:28:50+08:00 ] ::1 /TPvideo/index.php/Admin/Index/__ADMIN_FONTS__font-awesome.min.css
ERR: 非法操作:__ADMIN_FONTS__font-awesome.min.css

[ 2017-05-02T09:29:11+08:00 ] ::1 /TPvideo/index.php/Admin/Cate/catelist.html
ERR: Syntax Error in template "./Template/default/Admin\Cate\catelist.html"  on line 58 "$.ajax({U('Admin/Cate/ajaxadd')},{id:id},function(data){"  - Unexpected ":", expected one of: "}" , " "

[ 2017-05-02T09:29:45+08:00 ] ::1 /TPvideo/index.php/Admin/Index/__ADMIN_FONTS__font-awesome.min.css
ERR: 非法操作:__ADMIN_FONTS__font-awesome.min.css

[ 2017-05-02T09:29:46+08:00 ] ::1 /TPvideo/index.php/Admin/Cate/catelist.html
ERR: Syntax Error in template "./Template/default/Admin\Cate\catelist.html"  on line 58 "$.ajax({U('Admin/Cate/ajaxadd')},{id:id},function(data){"  - Unexpected ":", expected one of: "}" , " "

[ 2017-05-02T09:30:04+08:00 ] ::1 /TPvideo/index.php/Admin/Cate/catelist.html
ERR: Syntax Error in template "./Template/default/Admin\Cate\catelist.html"  on line 58 "$.post({U('Admin/Cate/ajaxadd')},{id:id},function(data){"  - Unexpected ":", expected one of: "}" , " "

[ 2017-05-02T09:30:16+08:00 ] ::1 /TPvideo/index.php/Admin/Index/__ADMIN_FONTS__font-awesome.min.css
ERR: 非法操作:__ADMIN_FONTS__font-awesome.min.css

[ 2017-05-02T09:30:54+08:00 ] ::1 /TPvideo/index.php/Admin/Video/js/laydate/laydate.js
ERR: 非法操作:js

[ 2017-05-02T09:43:54+08:00 ] ::1 /TPvideo/index.php/Admin/Index/__ADMIN_FONTS__font-awesome.min.css
ERR: 非法操作:__ADMIN_FONTS__font-awesome.min.css

[ 2017-05-02T09:44:14+08:00 ] ::1 /TPvideo/index.php/Admin/Index/__ADMIN_FONTS__font-awesome.min.css
ERR: 非法操作:__ADMIN_FONTS__font-awesome.min.css

[ 2017-05-02T09:44:16+08:00 ] ::1 /TPvideo/index.php/Admin/Cate/catelist.html
ERR: Syntax Error in template "./Template/default/Admin\Cate\catelist.html"  on line 58 "$.post({U('Admin/Cate/ajaxadd')},{id : id},function(data){"  - Unexpected " : ", expected one of: "}" , " "

[ 2017-05-02T09:54:23+08:00 ] ::1 /TPvideo/index.php/Admin/Index/__ADMIN_FONTS__font-awesome.min.css
ERR: 非法操作:__ADMIN_FONTS__font-awesome.min.css

[ 2017-05-02T09:55:39+08:00 ] ::1 /TPvideo/index.php/Admin/Index/__ADMIN_FONTS__font-awesome.min.css
ERR: 非法操作:__ADMIN_FONTS__font-awesome.min.css

[ 2017-05-02T09:56:33+08:00 ] ::1 /TPvideo/index.php/Admin/Index/__ADMIN_FONTS__font-awesome.min.css
ERR: 非法操作:__ADMIN_FONTS__font-awesome.min.css

[ 2017-05-02T10:14:33+08:00 ] ::1 /TPvideo/index.php/Admin/Index/__ADMIN_FONTS__font-awesome.min.css
ERR: 非法操作:__ADMIN_FONTS__font-awesome.min.css

[ 2017-05-02T20:01:03+08:00 ] ::1 /TPvideo/index.php/Admin/Index/__ADMIN_FONTS__font-awesome.min.css
ERR: 非法操作:__ADMIN_FONTS__font-awesome.min.css

[ 2017-05-02T21:00:12+08:00 ] ::1 /TPvideo/index.php/Admin/Index/__ADMIN_FONTS__font-awesome.min.css
ERR: 非法操作:__ADMIN_FONTS__font-awesome.min.css

[ 2017-05-02T21:00:51+08:00 ] ::1 /TPvideo/index.php/Admin/Index/__ADMIN_FONTS__font-awesome.min.css
ERR: 非法操作:__ADMIN_FONTS__font-awesome.min.css

[ 2017-05-02T21:01:56+08:00 ] ::1 /TPvideo/index.php/Admin/Index/__ADMIN_FONTS__font-awesome.min.css
ERR: 非法操作:__ADMIN_FONTS__font-awesome.min.css

[ 2017-05-02T21:07:09+08:00 ] ::1 /TPvideo/index.php/Admin/Index/__ADMIN_FONTS__font-awesome.min.css
ERR: 非法操作:__ADMIN_FONTS__font-awesome.min.css

[ 2017-05-02T21:07:13+08:00 ] ::1 /TPvideo/index.php/Admin/Cate/catelist.html
ERR: Syntax Error in template "./Template/default/Admin\Cate\catelist.html"  on line 59 "data:{id:1},"  - Unexpected ":", expected one of: "}" , " "

[ 2017-05-02T21:07:35+08:00 ] ::1 /TPvideo/index.php/Admin/Index/__ADMIN_FONTS__font-awesome.min.css
ERR: 非法操作:__ADMIN_FONTS__font-awesome.min.css

[ 2017-05-02T21:07:37+08:00 ] ::1 /TPvideo/index.php/Admin/Cate/catelist.html
ERR: Syntax Error in template "./Template/default/Admin\Cate\catelist.html"  on line 59 "data:{ {id:1} },"  - Unexpected ":", expected one of: "}" , " "

[ 2017-05-02T21:07:45+08:00 ] ::1 /TPvideo/index.php/Admin/Index/__ADMIN_FONTS__font-awesome.min.css
ERR: 非法操作:__ADMIN_FONTS__font-awesome.min.css

[ 2017-05-02T21:07:58+08:00 ] ::1 /TPvideo/index.php/Admin/Index/__ADMIN_FONTS__font-awesome.min.css
ERR: 非法操作:__ADMIN_FONTS__font-awesome.min.css

[ 2017-05-02T21:08:08+08:00 ] ::1 /TPvideo/index.php/Admin/Index/__ADMIN_FONTS__font-awesome.min.css
ERR: 非法操作:__ADMIN_FONTS__font-awesome.min.css

[ 2017-05-02T21:08:36+08:00 ] ::1 /TPvideo/index.php/Admin/Index/__ADMIN_FONTS__font-awesome.min.css
ERR: 非法操作:__ADMIN_FONTS__font-awesome.min.css

[ 2017-05-02T21:08:56+08:00 ] ::1 /TPvideo/index.php/Admin/Index/__ADMIN_FONTS__font-awesome.min.css
ERR: 非法操作:__ADMIN_FONTS__font-awesome.min.css

[ 2017-05-02T21:09:05+08:00 ] ::1 /TPvideo/index.php/Admin/Index/__ADMIN_FONTS__font-awesome.min.css
ERR: 非法操作:__ADMIN_FONTS__font-awesome.min.css

[ 2017-05-02T21:09:06+08:00 ] ::1 /TPvideo/index.php/Admin/Index/__ADMIN_FONTS__font-awesome.min.css
ERR: 非法操作:__ADMIN_FONTS__font-awesome.min.css

[ 2017-05-02T21:09:06+08:00 ] ::1 /TPvideo/index.php/Admin/Index/__ADMIN_FONTS__font-awesome.min.css
ERR: 非法操作:__ADMIN_FONTS__font-awesome.min.css

[ 2017-05-02T21:09:06+08:00 ] ::1 /TPvideo/index.php/Admin/Index/__ADMIN_FONTS__font-awesome.min.css
ERR: 非法操作:__ADMIN_FONTS__font-awesome.min.css

[ 2017-05-02T21:38:12+08:00 ] ::1 /TPvideo/index.php/Admin/Index/__ADMIN_FONTS__font-awesome.min.css
ERR: 非法操作:__ADMIN_FONTS__font-awesome.min.css

[ 2017-05-02T21:38:16+08:00 ] ::1 /TPvideo/index.php/Admin/Cate/ajax.html
INFO: [ app_begin ] --START--
INFO: Run Behavior\ReadHtmlCacheBehavior [ RunTime:0.001001s ]
INFO: [ app_begin ] --END-- [ RunTime:0.002001s ]
SQL: SHOW COLUMNS FROM `cate` [ RunTime:0.0070s ]
NOTIC: [8] Undefined index: id C:\wamp\www\TPvideo\Application\Admin\Controller\CateController.class.php 第 36 行.

[ 2017-05-02T23:04:34+08:00 ] ::1 /TPvideo/index.php/Admin/Index/__ADMIN_FONTS__font-awesome.min.css
ERR: 非法操作:__ADMIN_FONTS__font-awesome.min.css

[ 2017-05-02T23:04:53+08:00 ] ::1 /TPvideo/index.php/Admin/Cate/ajax.html
INFO: [ app_begin ] --START--
INFO: Run Behavior\ReadHtmlCacheBehavior [ RunTime:0.002000s ]
INFO: [ app_begin ] --END-- [ RunTime:0.002000s ]
SQL: SHOW COLUMNS FROM `cate` [ RunTime:0.0110s ]
NOTIC: [8] Undefined index: id C:\wamp\www\TPvideo\Application\Admin\Controller\CateController.class.php 第 36 行.

[ 2017-05-02T23:05:59+08:00 ] ::1 /TPvideo/index.php/Admin/Index/__ADMIN_FONTS__font-awesome.min.css
ERR: 非法操作:__ADMIN_FONTS__font-awesome.min.css

[ 2017-05-02T23:06:04+08:00 ] ::1 /TPvideo/index.php/Admin/Cate/ajax.html
INFO: [ app_begin ] --START--
INFO: Run Behavior\ReadHtmlCacheBehavior [ RunTime:0.001000s ]
INFO: [ app_begin ] --END-- [ RunTime:0.003000s ]
SQL: SHOW COLUMNS FROM `cate` [ RunTime:0.0120s ]
NOTIC: [8] Undefined index: id C:\wamp\www\TPvideo\Application\Admin\Controller\CateController.class.php 第 36 行.

[ 2017-05-02T23:06:10+08:00 ] ::1 /TPvideo/index.php/Admin/Cate/ajax.html
INFO: [ app_begin ] --START--
INFO: Run Behavior\ReadHtmlCacheBehavior [ RunTime:0.002000s ]
INFO: [ app_begin ] --END-- [ RunTime:0.002000s ]
SQL: SHOW COLUMNS FROM `cate` [ RunTime:0.0210s ]
NOTIC: [8] Undefined index: id C:\wamp\www\TPvideo\Application\Admin\Controller\CateController.class.php 第 36 行.

[ 2017-05-02T23:07:33+08:00 ] ::1 /TPvideo/index.php/Admin/Index/__ADMIN_FONTS__font-awesome.min.css
ERR: 非法操作:__ADMIN_FONTS__font-awesome.min.css

[ 2017-05-02T23:07:36+08:00 ] ::1 /TPvideo/index.php/Admin/Cate/ajax.html
INFO: [ app_begin ] --START--
INFO: Run Behavior\ReadHtmlCacheBehavior [ RunTime:0.001000s ]
INFO: [ app_begin ] --END-- [ RunTime:0.003001s ]
SQL: SHOW COLUMNS FROM `cate` [ RunTime:0.0100s ]

[ 2017-05-02T23:08:59+08:00 ] ::1 /TPvideo/index.php/Admin/Video/js/laydate/laydate.js
ERR: 非法操作:js

[ 2017-05-02T23:10:57+08:00 ] ::1 /TPvideo/index.php/Admin/Index/__ADMIN_FONTS__font-awesome.min.css
ERR: 非法操作:__ADMIN_FONTS__font-awesome.min.css

[ 2017-05-02T23:26:43+08:00 ] ::1 /TPvideo/index.php/Admin/Index/__ADMIN_FONTS__font-awesome.min.css
ERR: 非法操作:__ADMIN_FONTS__font-awesome.min.css

[ 2017-05-02T23:30:59+08:00 ] ::1 /TPvideo/index.php/Admin/Index/__ADMIN_FONTS__font-awesome.min.css
ERR: 非法操作:__ADMIN_FONTS__font-awesome.min.css

[ 2017-05-02T23:37:27+08:00 ] ::1 /TPvideo/index.php/Admin/Index/__ADMIN_FONTS__font-awesome.min.css
ERR: 非法操作:__ADMIN_FONTS__font-awesome.min.css

[ 2017-05-02T23:40:54+08:00 ] ::1 /TPvideo/index.php/Admin/Index/__ADMIN_FONTS__font-awesome.min.css
ERR: 非法操作:__ADMIN_FONTS__font-awesome.min.css

[ 2017-05-02T23:46:11+08:00 ] ::1 /TPvideo/index.php/Admin/Index/__ADMIN_FONTS__font-awesome.min.css
ERR: 非法操作:__ADMIN_FONTS__font-awesome.min.css

[ 2017-05-02T23:48:24+08:00 ] ::1 /TPvideo/index.php/Admin/Index/__ADMIN_FONTS__font-awesome.min.css
ERR: 非法操作:__ADMIN_FONTS__font-awesome.min.css

[ 2017-05-02T23:49:48+08:00 ] ::1 /TPvideo/index.php/Admin/Index/__ADMIN_FONTS__font-awesome.min.css
ERR: 非法操作:__ADMIN_FONTS__font-awesome.min.css

[ 2017-05-02T23:50:21+08:00 ] ::1 /TPvideo/index.php/Admin/Cate/ajax.html
INFO: [ app_begin ] --START--
INFO: Run Behavior\ReadHtmlCacheBehavior [ RunTime:0.002000s ]
INFO: [ app_begin ] --END-- [ RunTime:0.002000s ]
SQL: SHOW COLUMNS FROM `cate` [ RunTime:0.0090s ]

[ 2017-05-02T23:53:45+08:00 ] ::1 /TPvideo/index.php/Admin/Index/__ADMIN_FONTS__font-awesome.min.css
ERR: 非法操作:__ADMIN_FONTS__font-awesome.min.css

[ 2017-05-02T23:58:13+08:00 ] ::1 /TPvideo/index.php/Admin/Cate/ajax.html
INFO: [ app_begin ] --START--
INFO: Run Behavior\ReadHtmlCacheBehavior [ RunTime:0.001000s ]
INFO: [ app_begin ] --END-- [ RunTime:0.002000s ]
SQL: SHOW COLUMNS FROM `cate` [ RunTime:0.0090s ]

