[ 2017-05-01T12:30:21+08:00 ] ::1 /TPvideo/index.php/Admin/Index/__ADMIN_FONTS__font-awesome.min.css
ERR: 非法操作:__ADMIN_FONTS__font-awesome.min.css

[ 2017-05-01T12:30:24+08:00 ] ::1 /TPvideo/index.php/Admin/Video/js/laydate/laydate.js
ERR: 非法操作:js

[ 2017-05-01T12:31:10+08:00 ] ::1 /TPvideo/index.php/Admin/Cate/catelist.html
ERR: Think\Controller:getCatTree方法不存在！

[ 2017-05-01T12:31:10+08:00 ] ::1 /TPvideo/index.php/Admin/Cate/catelist.html
ERR: Think\Controller:getCatTree方法不存在！

[ 2017-05-01T12:31:39+08:00 ] ::1 /TPvideo/index.php/Admin/Index/__ADMIN_FONTS__font-awesome.min.css
ERR: 非法操作:__ADMIN_FONTS__font-awesome.min.css

[ 2017-05-01T12:32:30+08:00 ] ::1 /TPvideo/index.php/Admin/Index/__ADMIN_FONTS__font-awesome.min.css
ERR: 非法操作:__ADMIN_FONTS__font-awesome.min.css

[ 2017-05-01T12:33:21+08:00 ] ::1 /TPvideo/index.php/Admin/Index/__ADMIN_FONTS__font-awesome.min.css
ERR: 非法操作:__ADMIN_FONTS__font-awesome.min.css

[ 2017-05-01T12:38:48+08:00 ] ::1 /TPvideo/index.php/Admin/Index/__ADMIN_FONTS__font-awesome.min.css
ERR: 非法操作:__ADMIN_FONTS__font-awesome.min.css

[ 2017-05-01T12:39:09+08:00 ] ::1 /TPvideo/index.php/Admin/Index/__ADMIN_FONTS__font-awesome.min.css
ERR: 非法操作:__ADMIN_FONTS__font-awesome.min.css

[ 2017-05-01T12:39:11+08:00 ] ::1 /TPvideo/index.php/Admin/Cate/catelist.html
ERR: Syntax Error in template "./Template/default/Admin\Cate\catelist.html"  on line 168 "{str_repeat('&amp;nbsp;', $v.lev),$v.typename}&lt;/option&gt;"  - Unexpected ",", expected one of: "}" , " "

[ 2017-05-01T12:48:08+08:00 ] ::1 /TPvideo/index.php/Admin/Index/__ADMIN_FONTS__font-awesome.min.css
ERR: 非法操作:__ADMIN_FONTS__font-awesome.min.css

[ 2017-05-01T12:48:58+08:00 ] ::1 /TPvideo/index.php/Admin/Index/__ADMIN_FONTS__font-awesome.min.css
ERR: 非法操作:__ADMIN_FONTS__font-awesome.min.css

[ 2017-05-01T13:01:39+08:00 ] ::1 /TPvideo/index.php/Admin/Index/__ADMIN_FONTS__font-awesome.min.css
ERR: 非法操作:__ADMIN_FONTS__font-awesome.min.css

[ 2017-05-01T13:02:19+08:00 ] ::1 /TPvideo/index.php/Admin/Index/__ADMIN_FONTS__font-awesome.min.css
ERR: 非法操作:__ADMIN_FONTS__font-awesome.min.css

[ 2017-05-01T13:02:25+08:00 ] ::1 /TPvideo/index.php/Admin/Index/__ADMIN_FONTS__font-awesome.min.css
ERR: 非法操作:__ADMIN_FONTS__font-awesome.min.css

[ 2017-05-01T13:02:26+08:00 ] ::1 /TPvideo/index.php/Admin/Index/__ADMIN_FONTS__font-awesome.min.css
ERR: 非法操作:__ADMIN_FONTS__font-awesome.min.css

[ 2017-05-01T13:02:29+08:00 ] ::1 /TPvideo/index.php/Admin/Index/__ADMIN_FONTS__font-awesome.min.css
ERR: 非法操作:__ADMIN_FONTS__font-awesome.min.css

[ 2017-05-01T13:02:53+08:00 ] ::1 /TPvideo/index.php/Admin/Index/__ADMIN_FONTS__font-awesome.min.css
ERR: 非法操作:__ADMIN_FONTS__font-awesome.min.css

[ 2017-05-01T13:05:29+08:00 ] ::1 /TPvideo/index.php/Admin/Index/__ADMIN_FONTS__font-awesome.min.css
ERR: 非法操作:__ADMIN_FONTS__font-awesome.min.css

[ 2017-05-01T13:06:52+08:00 ] ::1 /TPvideo/index.php/Admin/Index/__ADMIN_FONTS__font-awesome.min.css
ERR: 非法操作:__ADMIN_FONTS__font-awesome.min.css

[ 2017-05-01T13:07:43+08:00 ] ::1 /TPvideo/index.php/Admin/Index/__ADMIN_FONTS__font-awesome.min.css
ERR: 非法操作:__ADMIN_FONTS__font-awesome.min.css

[ 2017-05-01T13:08:24+08:00 ] ::1 /TPvideo/index.php/Admin/Index/__ADMIN_FONTS__font-awesome.min.css
ERR: 非法操作:__ADMIN_FONTS__font-awesome.min.css

[ 2017-05-01T13:15:13+08:00 ] ::1 /TPvideo/index.php/Admin/Index/__ADMIN_FONTS__font-awesome.min.css
ERR: 非法操作:__ADMIN_FONTS__font-awesome.min.css

[ 2017-05-01T13:23:32+08:00 ] ::1 /TPvideo/index.php/Admin/Index/__ADMIN_FONTS__font-awesome.min.css
ERR: 非法操作:__ADMIN_FONTS__font-awesome.min.css

[ 2017-05-01T13:23:50+08:00 ] ::1 /TPvideo/index.php/Admin/Index/__ADMIN_FONTS__font-awesome.min.css
ERR: 非法操作:__ADMIN_FONTS__font-awesome.min.css

[ 2017-05-01T13:25:13+08:00 ] ::1 /TPvideo/index.php/Admin/Index/__ADMIN_FONTS__font-awesome.min.css
ERR: 非法操作:__ADMIN_FONTS__font-awesome.min.css

[ 2017-05-01T13:25:13+08:00 ] ::1 /TPvideo/index.php/Admin/Index/__ADMIN_FONTS__font-awesome.min.css
ERR: 非法操作:__ADMIN_FONTS__font-awesome.min.css

[ 2017-05-01T13:25:15+08:00 ] ::1 /TPvideo/index.php/Admin/Index/__ADMIN_FONTS__font-awesome.min.css
ERR: 非法操作:__ADMIN_FONTS__font-awesome.min.css

[ 2017-05-01T13:25:36+08:00 ] ::1 /TPvideo/index.php/Admin/Index/__ADMIN_FONTS__font-awesome.min.css
ERR: 非法操作:__ADMIN_FONTS__font-awesome.min.css

[ 2017-05-01T13:26:07+08:00 ] ::1 /TPvideo/index.php/Admin/Index/__ADMIN_FONTS__font-awesome.min.css
ERR: 非法操作:__ADMIN_FONTS__font-awesome.min.css

[ 2017-05-01T13:26:22+08:00 ] ::1 /TPvideo/index.php/Admin/Index/__ADMIN_FONTS__font-awesome.min.css
ERR: 非法操作:__ADMIN_FONTS__font-awesome.min.css

[ 2017-05-01T13:27:52+08:00 ] ::1 /TPvideo/index.php/Admin/Index/__ADMIN_FONTS__font-awesome.min.css
ERR: 非法操作:__ADMIN_FONTS__font-awesome.min.css

[ 2017-05-01T13:32:09+08:00 ] ::1 /TPvideo/index.php/Admin/Index/__ADMIN_FONTS__font-awesome.min.css
ERR: 非法操作:__ADMIN_FONTS__font-awesome.min.css

[ 2017-05-01T13:32:30+08:00 ] ::1 /TPvideo/index.php/Admin/Index/__ADMIN_FONTS__font-awesome.min.css
ERR: 非法操作:__ADMIN_FONTS__font-awesome.min.css

[ 2017-05-01T13:32:43+08:00 ] ::1 /TPvideo/index.php/Admin/Index/__ADMIN_FONTS__font-awesome.min.css
ERR: 非法操作:__ADMIN_FONTS__font-awesome.min.css

[ 2017-05-01T13:33:04+08:00 ] ::1 /TPvideo/index.php/Admin/Index/__ADMIN_FONTS__font-awesome.min.css
ERR: 非法操作:__ADMIN_FONTS__font-awesome.min.css

[ 2017-05-01T13:35:18+08:00 ] ::1 /TPvideo/index.php/Admin/Index/__ADMIN_FONTS__font-awesome.min.css
ERR: 非法操作:__ADMIN_FONTS__font-awesome.min.css

[ 2017-05-01T13:35:21+08:00 ] ::1 /TPvideo/index.php/Admin/Cate/catelist.html
ERR: Syntax Error in template "./Template/default/Admin\Cate\catelist.html"  on line 169 "{$v.typename|indeng:'1'}" unknown modifier "indeng"

[ 2017-05-01T13:35:31+08:00 ] ::1 /TPvideo/index.php/Admin/Index/__ADMIN_FONTS__font-awesome.min.css
ERR: 非法操作:__ADMIN_FONTS__font-awesome.min.css

[ 2017-05-01T13:36:25+08:00 ] ::1 /TPvideo/index.php/Admin/Index/__ADMIN_FONTS__font-awesome.min.css
ERR: 非法操作:__ADMIN_FONTS__font-awesome.min.css

[ 2017-05-01T13:38:05+08:00 ] ::1 /TPvideo/index.php/Admin/Index/__ADMIN_FONTS__font-awesome.min.css
ERR: 非法操作:__ADMIN_FONTS__font-awesome.min.css

[ 2017-05-01T13:38:27+08:00 ] ::1 /TPvideo/index.php/Admin/Index/__ADMIN_FONTS__font-awesome.min.css
ERR: 非法操作:__ADMIN_FONTS__font-awesome.min.css

[ 2017-05-01T13:39:40+08:00 ] ::1 /TPvideo/index.php/Admin/Index/__ADMIN_FONTS__font-awesome.min.css
ERR: 非法操作:__ADMIN_FONTS__font-awesome.min.css

[ 2017-05-01T13:40:43+08:00 ] ::1 /TPvideo/index.php/Admin/Index/__ADMIN_FONTS__font-awesome.min.css
ERR: 非法操作:__ADMIN_FONTS__font-awesome.min.css

[ 2017-05-01T13:43:01+08:00 ] ::1 /TPvideo/index.php/Admin/Index/__ADMIN_FONTS__font-awesome.min.css
ERR: 非法操作:__ADMIN_FONTS__font-awesome.min.css

[ 2017-05-01T13:53:19+08:00 ] ::1 /TPvideo/index.php/Admin/Index/__ADMIN_FONTS__font-awesome.min.css
ERR: 非法操作:__ADMIN_FONTS__font-awesome.min.css

[ 2017-05-01T13:53:47+08:00 ] ::1 /TPvideo/index.php/Admin/Index/__ADMIN_FONTS__font-awesome.min.css
ERR: 非法操作:__ADMIN_FONTS__font-awesome.min.css

[ 2017-05-01T13:54:18+08:00 ] ::1 /TPvideo/index.php/Admin/Index/__ADMIN_FONTS__font-awesome.min.css
ERR: 非法操作:__ADMIN_FONTS__font-awesome.min.css

[ 2017-05-01T13:54:44+08:00 ] ::1 /TPvideo/index.php/Admin/Index/__ADMIN_FONTS__font-awesome.min.css
ERR: 非法操作:__ADMIN_FONTS__font-awesome.min.css

[ 2017-05-01T13:54:59+08:00 ] ::1 /TPvideo/index.php/Admin/Index/__ADMIN_FONTS__font-awesome.min.css
ERR: 非法操作:__ADMIN_FONTS__font-awesome.min.css

[ 2017-05-01T14:08:48+08:00 ] ::1 /TPvideo/index.php/Admin/Index/__ADMIN_FONTS__font-awesome.min.css
ERR: 非法操作:__ADMIN_FONTS__font-awesome.min.css

[ 2017-05-01T14:09:15+08:00 ] ::1 /TPvideo/index.php/Admin/Index/__ADMIN_FONTS__font-awesome.min.css
ERR: 非法操作:__ADMIN_FONTS__font-awesome.min.css

[ 2017-05-01T14:18:06+08:00 ] ::1 /TPvideo/index.php/Admin/Index/__ADMIN_FONTS__font-awesome.min.css
ERR: 非法操作:__ADMIN_FONTS__font-awesome.min.css

[ 2017-05-01T14:26:11+08:00 ] ::1 /TPvideo/index.php/Admin/Index/__ADMIN_FONTS__font-awesome.min.css
ERR: 非法操作:__ADMIN_FONTS__font-awesome.min.css

[ 2017-05-01T14:26:52+08:00 ] ::1 /TPvideo/index.php/Admin/Index/__ADMIN_FONTS__font-awesome.min.css
ERR: 非法操作:__ADMIN_FONTS__font-awesome.min.css

[ 2017-05-01T14:28:05+08:00 ] ::1 /TPvideo/index.php/Admin/Index/__ADMIN_FONTS__font-awesome.min.css
ERR: 非法操作:__ADMIN_FONTS__font-awesome.min.css

[ 2017-05-01T14:28:57+08:00 ] ::1 /TPvideo/index.php/Admin/Index/__ADMIN_FONTS__font-awesome.min.css
ERR: 非法操作:__ADMIN_FONTS__font-awesome.min.css

[ 2017-05-01T14:32:02+08:00 ] ::1 /TPvideo/index.php/Admin/Index/__ADMIN_FONTS__font-awesome.min.css
ERR: 非法操作:__ADMIN_FONTS__font-awesome.min.css

[ 2017-05-01T14:34:02+08:00 ] ::1 /TPvideo/index.php/Admin/Video/js/laydate/laydate.js
ERR: 非法操作:js

[ 2017-05-01T15:02:44+08:00 ] ::1 /TPvideo/index.php/Admin/Index/__ADMIN_FONTS__font-awesome.min.css
ERR: 非法操作:__ADMIN_FONTS__font-awesome.min.css

[ 2017-05-01T15:02:46+08:00 ] ::1 /TPvideo/index.php/Admin/Video/js/laydate/laydate.js
ERR: 非法操作:js

[ 2017-05-01T15:23:46+08:00 ] ::1 /TPvideo/index.php/Admin/Video/js/laydate/laydate.js
ERR: 非法操作:js

[ 2017-05-01T15:27:10+08:00 ] ::1 /TPvideo/index.php/Admin/Index/__ADMIN_FONTS__font-awesome.min.css
ERR: 非法操作:__ADMIN_FONTS__font-awesome.min.css

[ 2017-05-01T15:27:12+08:00 ] ::1 /TPvideo/index.php/Admin/Video/js/laydate/laydate.js
ERR: 非法操作:js

[ 2017-05-01T15:28:06+08:00 ] ::1 /TPvideo/index.php/Admin/Index/__ADMIN_FONTS__font-awesome.min.css
ERR: 非法操作:__ADMIN_FONTS__font-awesome.min.css

[ 2017-05-01T15:28:08+08:00 ] ::1 /TPvideo/index.php/Admin/Video/js/laydate/laydate.js
ERR: 非法操作:js

[ 2017-05-01T15:32:23+08:00 ] ::1 /TPvideo/index.php/Admin/Index/__ADMIN_FONTS__font-awesome.min.css
ERR: 非法操作:__ADMIN_FONTS__font-awesome.min.css

[ 2017-05-01T15:32:26+08:00 ] ::1 /TPvideo/index.php/Admin/Video/js/laydate/laydate.js
ERR: 非法操作:js

[ 2017-05-01T15:33:16+08:00 ] ::1 /TPvideo/index.php/Admin/Index/__ADMIN_FONTS__font-awesome.min.css
ERR: 非法操作:__ADMIN_FONTS__font-awesome.min.css

[ 2017-05-01T15:33:19+08:00 ] ::1 /TPvideo/index.php/Admin/Video/js/laydate/laydate.js
ERR: 非法操作:js

[ 2017-05-01T15:34:09+08:00 ] ::1 /TPvideo/index.php/Admin/Index/__ADMIN_FONTS__font-awesome.min.css
ERR: 非法操作:__ADMIN_FONTS__font-awesome.min.css

[ 2017-05-01T15:34:11+08:00 ] ::1 /TPvideo/index.php/Admin/Video/js/laydate/laydate.js
ERR: 非法操作:js

[ 2017-05-01T15:45:13+08:00 ] ::1 /TPvideo/index.php/Admin/Index/__ADMIN_FONTS__font-awesome.min.css
ERR: 非法操作:__ADMIN_FONTS__font-awesome.min.css

[ 2017-05-01T15:45:16+08:00 ] ::1 /TPvideo/index.php/Admin/Video/js/laydate/laydate.js
ERR: 非法操作:js

[ 2017-05-01T15:45:19+08:00 ] ::1 /TPvideo/index.php/Admin/Video/js/laydate/laydate.js
ERR: 非法操作:js

[ 2017-05-01T15:45:20+08:00 ] ::1 /TPvideo/index.php/Admin/Video/js/laydate/laydate.js
ERR: 非法操作:js

[ 2017-05-01T15:45:22+08:00 ] ::1 /TPvideo/index.php/Admin/Video/js/laydate/laydate.js
ERR: 非法操作:js

[ 2017-05-01T15:45:23+08:00 ] ::1 /TPvideo/index.php/Admin/Video/js/laydate/laydate.js
ERR: 非法操作:js

[ 2017-05-01T15:55:25+08:00 ] ::1 /TPvideo/index.php/Admin/Video/js/laydate/laydate.js
ERR: 非法操作:js

[ 2017-05-01T15:55:27+08:00 ] ::1 /TPvideo/index.php/Admin/Video/js/laydate/laydate.js
ERR: 非法操作:js

[ 2017-05-01T15:55:29+08:00 ] ::1 /TPvideo/index.php/Admin/Video/js/laydate/laydate.js
ERR: 非法操作:js

[ 2017-05-01T15:55:36+08:00 ] ::1 /TPvideo/index.php/Admin/Video/js/laydate/laydate.js
ERR: 非法操作:js

[ 2017-05-01T15:55:37+08:00 ] ::1 /TPvideo/index.php/Admin/Video/js/laydate/laydate.js
ERR: 非法操作:js

[ 2017-05-01T15:55:46+08:00 ] ::1 /TPvideo/index.php/Admin/Video/js/laydate/laydate.js
ERR: 非法操作:js

[ 2017-05-01T15:55:47+08:00 ] ::1 /TPvideo/index.php/Admin/Video/js/laydate/laydate.js
ERR: 非法操作:js

[ 2017-05-01T15:56:39+08:00 ] ::1 /TPvideo/index.php/Admin/Video/js/laydate/laydate.js
ERR: 非法操作:js

[ 2017-05-01T15:56:40+08:00 ] ::1 /TPvideo/index.php/Admin/Video/js/laydate/laydate.js
ERR: 非法操作:js

[ 2017-05-01T16:07:57+08:00 ] ::1 /TPvideo/index.php/Admin/Index/__ADMIN_FONTS__font-awesome.min.css
ERR: 非法操作:__ADMIN_FONTS__font-awesome.min.css

[ 2017-05-01T16:10:20+08:00 ] ::1 /TPvideo/index.php/Admin/Video/js/laydate/laydate.js
ERR: 非法操作:js

[ 2017-05-01T16:10:37+08:00 ] ::1 /TPvideo/index.php/Admin/Video/js/laydate/laydate.js
ERR: 非法操作:js

[ 2017-05-01T16:11:10+08:00 ] ::1 /TPvideo/index.php/Admin/Video/js/laydate/laydate.js
ERR: 非法操作:js

[ 2017-05-01T16:22:03+08:00 ] ::1 /TPvideo/index.php/Admin/Index/__ADMIN_FONTS__font-awesome.min.css
ERR: 非法操作:__ADMIN_FONTS__font-awesome.min.css

[ 2017-05-01T16:22:16+08:00 ] ::1 /TPvideo/index.php/Admin/Cate/catelist.html
ERR: Syntax Error in template "./Template/default/Admin\Cate\catelist.html"  on line 72 "$(&quot;html,body&quot;).animate({scrollTop:$(&quot;#edit&quot;).offset().top},300);"  - Unexpected ":", expected one of: "}" , " "

[ 2017-05-01T16:22:32+08:00 ] ::1 /TPvideo/index.php/Admin/Index/__ADMIN_FONTS__font-awesome.min.css
ERR: 非法操作:__ADMIN_FONTS__font-awesome.min.css

[ 2017-05-01T16:23:39+08:00 ] ::1 /TPvideo/index.php/Admin/Index/__ADMIN_FONTS__font-awesome.min.css
ERR: 非法操作:__ADMIN_FONTS__font-awesome.min.css

[ 2017-05-01T16:23:49+08:00 ] ::1 /TPvideo/index.php/Admin/Index/__ADMIN_FONTS__font-awesome.min.css
ERR: 非法操作:__ADMIN_FONTS__font-awesome.min.css

[ 2017-05-01T16:26:36+08:00 ] ::1 /TPvideo/index.php/Admin/Index/__ADMIN_FONTS__font-awesome.min.css
ERR: 非法操作:__ADMIN_FONTS__font-awesome.min.css

[ 2017-05-01T16:31:37+08:00 ] ::1 /TPvideo/index.php/Admin/Index/__ADMIN_FONTS__font-awesome.min.css
ERR: 非法操作:__ADMIN_FONTS__font-awesome.min.css

[ 2017-05-01T16:33:07+08:00 ] ::1 /TPvideo/index.php/Admin/Index/__ADMIN_FONTS__font-awesome.min.css
ERR: 非法操作:__ADMIN_FONTS__font-awesome.min.css

[ 2017-05-01T16:39:06+08:00 ] ::1 /TPvideo/index.php/Admin/Index/__ADMIN_FONTS__font-awesome.min.css
ERR: 非法操作:__ADMIN_FONTS__font-awesome.min.css

[ 2017-05-01T16:44:13+08:00 ] ::1 /TPvideo/index.php/Admin/Index/__ADMIN_FONTS__font-awesome.min.css
ERR: 非法操作:__ADMIN_FONTS__font-awesome.min.css

[ 2017-05-01T16:45:39+08:00 ] ::1 /TPvideo/index.php/Admin/Index/__ADMIN_FONTS__font-awesome.min.css
ERR: 非法操作:__ADMIN_FONTS__font-awesome.min.css

[ 2017-05-01T16:46:30+08:00 ] ::1 /TPvideo/index.php/Admin/Index/__ADMIN_FONTS__font-awesome.min.css
ERR: 非法操作:__ADMIN_FONTS__font-awesome.min.css

[ 2017-05-01T16:47:27+08:00 ] ::1 /TPvideo/index.php/Admin/Index/__ADMIN_FONTS__font-awesome.min.css
ERR: 非法操作:__ADMIN_FONTS__font-awesome.min.css

[ 2017-05-01T16:49:12+08:00 ] ::1 /TPvideo/index.php/Admin/Index/__ADMIN_FONTS__font-awesome.min.css
ERR: 非法操作:__ADMIN_FONTS__font-awesome.min.css

[ 2017-05-01T16:50:13+08:00 ] ::1 /TPvideo/index.php/Admin/Index/__ADMIN_FONTS__font-awesome.min.css
ERR: 非法操作:__ADMIN_FONTS__font-awesome.min.css

[ 2017-05-01T16:51:27+08:00 ] ::1 /TPvideo/index.php/Admin/Index/__ADMIN_FONTS__font-awesome.min.css
ERR: 非法操作:__ADMIN_FONTS__font-awesome.min.css

[ 2017-05-01T17:05:08+08:00 ] ::1 /TPvideo/index.php/Admin/Index/__ADMIN_FONTS__font-awesome.min.css
ERR: 非法操作:__ADMIN_FONTS__font-awesome.min.css

[ 2017-05-01T17:05:55+08:00 ] ::1 /TPvideo/index.php/Admin/Video/js/laydate/laydate.js
ERR: 非法操作:js

[ 2017-05-01T17:09:43+08:00 ] ::1 /TPvideo/index.php/Admin/Index/__ADMIN_FONTS__font-awesome.min.css
ERR: 非法操作:__ADMIN_FONTS__font-awesome.min.css

[ 2017-05-01T17:18:05+08:00 ] ::1 /TPvideo/index.php/Admin/Index/__ADMIN_FONTS__font-awesome.min.css
ERR: 非法操作:__ADMIN_FONTS__font-awesome.min.css

[ 2017-05-01T17:18:50+08:00 ] ::1 /TPvideo/index.php/Admin/Index/__ADMIN_FONTS__font-awesome.min.css
ERR: 非法操作:__ADMIN_FONTS__font-awesome.min.css

[ 2017-05-01T17:21:06+08:00 ] ::1 /TPvideo/index.php/Admin/Index/__ADMIN_FONTS__font-awesome.min.css
ERR: 非法操作:__ADMIN_FONTS__font-awesome.min.css

[ 2017-05-01T17:21:32+08:00 ] ::1 /TPvideo/index.php/Admin/Index/__ADMIN_FONTS__font-awesome.min.css
ERR: 非法操作:__ADMIN_FONTS__font-awesome.min.css

[ 2017-05-01T17:22:17+08:00 ] ::1 /TPvideo/index.php/Admin/Index/__ADMIN_FONTS__font-awesome.min.css
ERR: 非法操作:__ADMIN_FONTS__font-awesome.min.css

[ 2017-05-01T17:23:13+08:00 ] ::1 /TPvideo/index.php/Admin/Index/__ADMIN_FONTS__font-awesome.min.css
ERR: 非法操作:__ADMIN_FONTS__font-awesome.min.css

[ 2017-05-01T17:24:52+08:00 ] ::1 /TPvideo/index.php/Admin/Index/__ADMIN_FONTS__font-awesome.min.css
ERR: 非法操作:__ADMIN_FONTS__font-awesome.min.css

[ 2017-05-01T20:56:14+08:00 ] ::1 /TPvideo/index.php/Admin/Index/__ADMIN_FONTS__font-awesome.min.css
ERR: 非法操作:__ADMIN_FONTS__font-awesome.min.css

[ 2017-05-01T20:58:48+08:00 ] ::1 /TPvideo/index.php/Admin/Index/__ADMIN_FONTS__font-awesome.min.css
ERR: 非法操作:__ADMIN_FONTS__font-awesome.min.css

[ 2017-05-01T20:59:16+08:00 ] ::1 /TPvideo/index.php/Admin/Index/__ADMIN_FONTS__font-awesome.min.css
ERR: 非法操作:__ADMIN_FONTS__font-awesome.min.css

[ 2017-05-01T20:59:30+08:00 ] ::1 /TPvideo/index.php/Admin/Cate/up.html
ERR: 非法操作:up

[ 2017-05-01T21:00:05+08:00 ] ::1 /TPvideo/index.php/Admin/Video/js/laydate/laydate.js
ERR: 非法操作:js

[ 2017-05-01T21:00:09+08:00 ] ::1 /TPvideo/index.php/Admin/Video/js/laydate/laydate.js
ERR: 非法操作:js

[ 2017-05-01T21:00:13+08:00 ] ::1 /TPvideo/index.php/Admin/Video/js/laydate/laydate.js
ERR: 非法操作:js

[ 2017-05-01T21:00:15+08:00 ] ::1 /TPvideo/index.php/Admin/Video/js/laydate/laydate.js
ERR: 非法操作:js

[ 2017-05-01T21:00:40+08:00 ] ::1 /TPvideo/index.php/Admin/Video/js/laydate/laydate.js
ERR: 非法操作:js

[ 2017-05-01T21:00:54+08:00 ] ::1 /TPvideo/index.php/Admin/Video/js/laydate/laydate.js
ERR: 非法操作:js

[ 2017-05-01T21:52:59+08:00 ] ::1 /TPvideo/index.php/Admin/Index/__ADMIN_FONTS__font-awesome.min.css
ERR: 非法操作:__ADMIN_FONTS__font-awesome.min.css

[ 2017-05-01T21:53:09+08:00 ] ::1 /TPvideo/index.php/Admin/Cate/add1.html
INFO: [ app_begin ] --START--
INFO: Run Behavior\ReadHtmlCacheBehavior [ RunTime:0.002000s ]
INFO: [ app_begin ] --END-- [ RunTime:0.003000s ]
SQL: SHOW COLUMNS FROM `cate` [ RunTime:0.0100s ]
ERR: 1146:Table 'video_web.custom_menu' doesn't exist
 [ SQL语句 ] : SHOW COLUMNS FROM `custom_menu`
ERR: 1146:Table 'video_web.custom_menu' doesn't exist
 [ SQL语句 ] : SHOW COLUMNS FROM `custom_menu`

[ 2017-05-01T21:53:09+08:00 ] ::1 /TPvideo/index.php/Admin/Cate/add1.html
ERR: 1146:Table 'video_web.custom_menu' doesn't exist
 [ SQL语句 ] : SHOW COLUMNS FROM `custom_menu`

[ 2017-05-01T21:55:15+08:00 ] ::1 /TPvideo/index.php/Admin/Index/__ADMIN_FONTS__font-awesome.min.css
ERR: 非法操作:__ADMIN_FONTS__font-awesome.min.css

[ 2017-05-01T21:55:22+08:00 ] ::1 /TPvideo/index.php/Admin/Cate/add1.html
INFO: [ app_begin ] --START--
INFO: Run Behavior\ReadHtmlCacheBehavior [ RunTime:0.002001s ]
INFO: [ app_begin ] --END-- [ RunTime:0.002001s ]
SQL: SHOW COLUMNS FROM `cate` [ RunTime:0.0110s ]

[ 2017-05-01T21:56:37+08:00 ] ::1 /TPvideo/index.php/Admin/Index/__ADMIN_FONTS__font-awesome.min.css
ERR: 非法操作:__ADMIN_FONTS__font-awesome.min.css

[ 2017-05-01T21:56:47+08:00 ] ::1 /TPvideo/index.php/Admin/Cate/add1.html
INFO: [ app_begin ] --START--
INFO: Run Behavior\ReadHtmlCacheBehavior [ RunTime:0.002000s ]
INFO: [ app_begin ] --END-- [ RunTime:0.003000s ]
SQL: SHOW COLUMNS FROM `cate` [ RunTime:0.0080s ]

[ 2017-05-01T22:00:19+08:00 ] ::1 /TPvideo/index.php/Admin/Cate/add1.html
INFO: [ app_begin ] --START--
INFO: Run Behavior\ReadHtmlCacheBehavior [ RunTime:0.001000s ]
INFO: [ app_begin ] --END-- [ RunTime:0.002000s ]
SQL: SHOW COLUMNS FROM `cate` [ RunTime:0.0080s ]

[ 2017-05-01T22:39:32+08:00 ] ::1 /TPvideo/index.php/Admin/Index/__ADMIN_FONTS__font-awesome.min.css
ERR: 非法操作:__ADMIN_FONTS__font-awesome.min.css

[ 2017-05-01T22:39:41+08:00 ] ::1 /TPvideo/index.php/Admin/Cate/add1.html
INFO: [ app_begin ] --START--
INFO: Run Behavior\ReadHtmlCacheBehavior [ RunTime:0.002000s ]
INFO: [ app_begin ] --END-- [ RunTime:0.003001s ]
SQL: SHOW COLUMNS FROM `cate` [ RunTime:0.0100s ]

[ 2017-05-01T22:39:44+08:00 ] ::1 /TPvideo/index.php/Admin/Cate/json
ERR: 非法操作:json

[ 2017-05-01T22:40:07+08:00 ] ::1 /TPvideo/index.php/Admin/Cate/add1.html
INFO: [ app_begin ] --START--
INFO: Run Behavior\ReadHtmlCacheBehavior [ RunTime:0.002000s ]
INFO: [ app_begin ] --END-- [ RunTime:0.002000s ]
SQL: SHOW COLUMNS FROM `cate` [ RunTime:0.0080s ]

[ 2017-05-01T22:41:02+08:00 ] ::1 /TPvideo/index.php/Admin/Index/__ADMIN_FONTS__font-awesome.min.css
ERR: 非法操作:__ADMIN_FONTS__font-awesome.min.css

[ 2017-05-01T22:41:09+08:00 ] ::1 /TPvideo/index.php/Admin/Cate/add1.html
INFO: [ app_begin ] --START--
INFO: Run Behavior\ReadHtmlCacheBehavior [ RunTime:0.001000s ]
INFO: [ app_begin ] --END-- [ RunTime:0.002000s ]
SQL: SHOW COLUMNS FROM `cate` [ RunTime:0.0100s ]

[ 2017-05-01T22:41:26+08:00 ] ::1 /TPvideo/index.php/Admin/Cate/add1.html
INFO: [ app_begin ] --START--
INFO: Run Behavior\ReadHtmlCacheBehavior [ RunTime:0.001000s ]
INFO: [ app_begin ] --END-- [ RunTime:0.001000s ]
SQL: SHOW COLUMNS FROM `cate` [ RunTime:0.0080s ]

[ 2017-05-01T22:42:20+08:00 ] ::1 /TPvideo/index.php/Admin/Cate/add1.html
INFO: [ app_begin ] --START--
INFO: Run Behavior\ReadHtmlCacheBehavior [ RunTime:0.002000s ]
INFO: [ app_begin ] --END-- [ RunTime:0.002000s ]
SQL: SHOW COLUMNS FROM `cate` [ RunTime:0.0140s ]

[ 2017-05-01T22:47:58+08:00 ] ::1 /TPvideo/index.php/Admin/Index/__ADMIN_FONTS__font-awesome.min.css
ERR: 非法操作:__ADMIN_FONTS__font-awesome.min.css

[ 2017-05-01T22:48:05+08:00 ] ::1 /TPvideo/index.php/Admin/Cate/add1.html
INFO: [ app_begin ] --START--
INFO: Run Behavior\ReadHtmlCacheBehavior [ RunTime:0.001001s ]
INFO: [ app_begin ] --END-- [ RunTime:0.002001s ]
SQL: SHOW COLUMNS FROM `cate` [ RunTime:0.0100s ]

[ 2017-05-01T22:49:08+08:00 ] ::1 /TPvideo/index.php/Admin/Index/__ADMIN_FONTS__font-awesome.min.css
ERR: 非法操作:__ADMIN_FONTS__font-awesome.min.css

[ 2017-05-01T22:49:13+08:00 ] ::1 /TPvideo/index.php/Admin/Cate/add1.html
INFO: [ app_begin ] --START--
INFO: Run Behavior\ReadHtmlCacheBehavior [ RunTime:0.001000s ]
INFO: [ app_begin ] --END-- [ RunTime:0.002000s ]
SQL: SHOW COLUMNS FROM `cate` [ RunTime:0.0090s ]
INFO: [ app_end ] --START--
INFO: Run Behavior\ShowPageTraceBehavior [ RunTime:0.002000s ]
INFO: [ app_end ] --END-- [ RunTime:0.002000s ]

[ 2017-05-01T22:49:19+08:00 ] ::1 /TPvideo/index.php/Admin/Index/__ADMIN_FONTS__font-awesome.min.css
ERR: 非法操作:__ADMIN_FONTS__font-awesome.min.css

[ 2017-05-01T22:49:28+08:00 ] ::1 /TPvideo/index.php/Admin/Cate/add1.html
INFO: [ app_begin ] --START--
INFO: Run Behavior\ReadHtmlCacheBehavior [ RunTime:0.002000s ]
INFO: [ app_begin ] --END-- [ RunTime:0.002000s ]
SQL: SHOW COLUMNS FROM `cate` [ RunTime:0.0090s ]
INFO: [ app_end ] --START--
INFO: Run Behavior\ShowPageTraceBehavior [ RunTime:0.001000s ]
INFO: [ app_end ] --END-- [ RunTime:0.002001s ]

[ 2017-05-01T22:49:39+08:00 ] ::1 /TPvideo/index.php/Admin/Index/__ADMIN_FONTS__font-awesome.min.css
ERR: 非法操作:__ADMIN_FONTS__font-awesome.min.css

[ 2017-05-01T22:49:47+08:00 ] ::1 /TPvideo/index.php/Admin/Cate/add1.html
INFO: [ app_begin ] --START--
INFO: Run Behavior\ReadHtmlCacheBehavior [ RunTime:0.001000s ]
INFO: [ app_begin ] --END-- [ RunTime:0.001000s ]
SQL: SHOW COLUMNS FROM `cate` [ RunTime:0.0090s ]

[ 2017-05-01T22:50:02+08:00 ] ::1 /TPvideo/index.php/Admin/Index/__ADMIN_FONTS__font-awesome.min.css
ERR: 非法操作:__ADMIN_FONTS__font-awesome.min.css

[ 2017-05-01T22:50:09+08:00 ] ::1 /TPvideo/index.php/Admin/Cate/add1.html
INFO: [ app_begin ] --START--
INFO: Run Behavior\ReadHtmlCacheBehavior [ RunTime:0.001000s ]
INFO: [ app_begin ] --END-- [ RunTime:0.002000s ]
SQL: SHOW COLUMNS FROM `cate` [ RunTime:0.0080s ]

[ 2017-05-01T22:50:45+08:00 ] ::1 /TPvideo/index.php/Admin/Index/__ADMIN_FONTS__font-awesome.min.css
ERR: 非法操作:__ADMIN_FONTS__font-awesome.min.css

[ 2017-05-01T22:50:53+08:00 ] ::1 /TPvideo/index.php/Admin/Cate/add1.html
INFO: [ app_begin ] --START--
INFO: Run Behavior\ReadHtmlCacheBehavior [ RunTime:0.002000s ]
INFO: [ app_begin ] --END-- [ RunTime:0.003000s ]
SQL: SHOW COLUMNS FROM `cate` [ RunTime:0.0100s ]

[ 2017-05-01T22:51:15+08:00 ] ::1 /TPvideo/index.php/Admin/Index/__ADMIN_FONTS__font-awesome.min.css
ERR: 非法操作:__ADMIN_FONTS__font-awesome.min.css

[ 2017-05-01T22:51:22+08:00 ] ::1 /TPvideo/index.php/Admin/Cate/add1.html
INFO: [ app_begin ] --START--
INFO: Run Behavior\ReadHtmlCacheBehavior [ RunTime:0.001000s ]
INFO: [ app_begin ] --END-- [ RunTime:0.015001s ]
SQL: SHOW COLUMNS FROM `cate` [ RunTime:0.0090s ]

[ 2017-05-01T23:03:31+08:00 ] ::1 /TPvideo/index.php/Admin/Index/__ADMIN_FONTS__font-awesome.min.css
ERR: 非法操作:__ADMIN_FONTS__font-awesome.min.css

[ 2017-05-01T23:03:38+08:00 ] ::1 /TPvideo/index.php/Admin/Cate/add1.html
INFO: [ app_begin ] --START--
INFO: Run Behavior\ReadHtmlCacheBehavior [ RunTime:0.001000s ]
INFO: [ app_begin ] --END-- [ RunTime:0.002000s ]
SQL: SHOW COLUMNS FROM `cate` [ RunTime:0.0110s ]

[ 2017-05-01T23:05:51+08:00 ] ::1 /TPvideo/index.php/Admin/Index/__ADMIN_FONTS__font-awesome.min.css
ERR: 非法操作:__ADMIN_FONTS__font-awesome.min.css

[ 2017-05-01T23:05:59+08:00 ] ::1 /TPvideo/index.php/Admin/Cate/add1.html
INFO: [ app_begin ] --START--
INFO: Run Behavior\ReadHtmlCacheBehavior [ RunTime:0.001000s ]
INFO: [ app_begin ] --END-- [ RunTime:0.003000s ]
SQL: SHOW COLUMNS FROM `cate` [ RunTime:0.0080s ]

