[ 2017-06-08T16:32:54+08:00 ] ::1 /TPvideo/index.php/Admin/Cate/cateupdate.html
INFO: [ app_begin ] --START--
INFO: Run Behavior\ReadHtmlCacheBehavior [ RunTime:0.001000s ]
INFO: [ app_begin ] --END-- [ RunTime:0.003000s ]
SQL: SHOW COLUMNS FROM `cate` [ RunTime:0.0080s ]
SQL: SELECT * FROM `cate` WHERE ( vt_id=18 ) LIMIT 1   [ RunTime:0.0010s ]

[ 2017-06-08T16:33:16+08:00 ] ::1 /TPvideo/index.php/Admin/Cate/cateupdate.html
INFO: [ app_begin ] --START--
INFO: Run Behavior\ReadHtmlCacheBehavior [ RunTime:0.001000s ]
INFO: [ app_begin ] --END-- [ RunTime:0.002000s ]
SQL: SHOW COLUMNS FROM `cate` [ RunTime:0.0420s ]
SQL: SELECT * FROM `cate` WHERE ( vt_id=20 ) LIMIT 1   [ RunTime:0.0000s ]

[ 2017-06-08T16:33:39+08:00 ] ::1 /TPvideo/index.php/Admin/Cate/deleteCat.html
INFO: [ app_begin ] --START--
INFO: Run Behavior\ReadHtmlCacheBehavior [ RunTime:0.000000s ]
INFO: [ app_begin ] --END-- [ RunTime:0.001000s ]
SQL: SHOW COLUMNS FROM `cate` [ RunTime:0.0060s ]
SQL: SELECT * FROM `cate` WHERE ( level = '18' )  [ RunTime:0.0010s ]
SQL: SHOW COLUMNS FROM `video` [ RunTime:0.0060s ]
SQL: SELECT * FROM `video` WHERE ( vt_id='18' )  [ RunTime:0.0000s ]
NOTIC: [8] Use of undefined constant flase - assumed 'flase' C:\wamp\www\TPvideo\Application\Admin\Controller\CateController.class.php 第 55 行.
SQL: DELETE FROM `cate` WHERE `vt_id` = 18 [ RunTime:0.1090s ]
SQL: SELECT * FROM `cate` WHERE ( level = '20' )  [ RunTime:0.0010s ]
SQL: SELECT * FROM `video` WHERE ( vt_id='20' )  [ RunTime:0.0010s ]
NOTIC: [8] Use of undefined constant flase - assumed 'flase' C:\wamp\www\TPvideo\Application\Admin\Controller\CateController.class.php 第 55 行.
SQL: DELETE FROM `cate` WHERE `vt_id` = 20 [ RunTime:0.0370s ]

