[ 2017-05-07T12:50:47+08:00 ] 127.0.0.1 /TPvideo/index.php/Admin/Video/js/laydate/laydate.js
ERR: 非法操作:js

[ 2017-05-07T12:50:53+08:00 ] 127.0.0.1 /TPvideo/index.php/Admin/Video/videoupdate.html
INFO: [ app_begin ] --START--
INFO: Run Behavior\ReadHtmlCacheBehavior [ RunTime:0.001000s ]
INFO: [ app_begin ] --END-- [ RunTime:0.002000s ]
SQL: SHOW COLUMNS FROM `video` [ RunTime:0.0070s ]
SQL: SELECT * FROM `video` WHERE ( 2 )  [ RunTime:0.0010s ]
INFO: [ app_end ] --START--
INFO: Run Behavior\ShowPageTraceBehavior [ RunTime:0.001001s ]
INFO: [ app_end ] --END-- [ RunTime:0.001001s ]

[ 2017-05-07T12:51:41+08:00 ] 127.0.0.1 /TPvideo/index.php/Admin/Video/videoupdate.html
INFO: [ app_begin ] --START--
INFO: Run Behavior\ReadHtmlCacheBehavior [ RunTime:0.001000s ]
INFO: [ app_begin ] --END-- [ RunTime:0.002000s ]
SQL: SHOW COLUMNS FROM `video` [ RunTime:0.0060s ]
SQL: SELECT * FROM `video` WHERE ( 2 )  [ RunTime:0.0010s ]
INFO: [ app_end ] --START--
INFO: Run Behavior\ShowPageTraceBehavior [ RunTime:0.001000s ]
INFO: [ app_end ] --END-- [ RunTime:0.001000s ]

[ 2017-05-07T12:52:14+08:00 ] 127.0.0.1 /TPvideo/index.php/Admin/Video/videoupdate.html
INFO: [ app_begin ] --START--
INFO: Run Behavior\ReadHtmlCacheBehavior [ RunTime:0.001000s ]
INFO: [ app_begin ] --END-- [ RunTime:0.002000s ]
SQL: SHOW COLUMNS FROM `video` [ RunTime:0.0060s ]
SQL: SELECT * FROM `video` WHERE ( 2 )  [ RunTime:0.0030s ]
INFO: [ app_end ] --START--
INFO: Run Behavior\ShowPageTraceBehavior [ RunTime:0.000000s ]
INFO: [ app_end ] --END-- [ RunTime:0.001000s ]

[ 2017-05-07T12:55:44+08:00 ] 127.0.0.1 /TPvideo/index.php/Admin/Video/js/laydate/laydate.js
ERR: 非法操作:js

[ 2017-05-07T12:55:45+08:00 ] 127.0.0.1 /TPvideo/index.php/Admin/Video/js/laydate/laydate.js
ERR: 非法操作:js

[ 2017-05-07T12:55:49+08:00 ] 127.0.0.1 /TPvideo/index.php/Admin/Video/videoupdate.html
INFO: [ app_begin ] --START--
INFO: Run Behavior\ReadHtmlCacheBehavior [ RunTime:0.001000s ]
INFO: [ app_begin ] --END-- [ RunTime:0.001000s ]
SQL: SHOW COLUMNS FROM `video` [ RunTime:0.0060s ]
SQL: SELECT * FROM `video` WHERE ( 2 )  [ RunTime:0.0000s ]

[ 2017-05-07T12:58:18+08:00 ] 127.0.0.1 /TPvideo/index.php/Admin/Video/js/laydate/laydate.js
ERR: 非法操作:js

[ 2017-05-07T12:58:18+08:00 ] 127.0.0.1 /TPvideo/index.php/Admin/Video/js/laydate/laydate.js
ERR: 非法操作:js

[ 2017-05-07T12:58:21+08:00 ] 127.0.0.1 /TPvideo/index.php/Admin/Video/videoupdate.html
INFO: [ app_begin ] --START--
INFO: Run Behavior\ReadHtmlCacheBehavior [ RunTime:0.000000s ]
INFO: [ app_begin ] --END-- [ RunTime:0.001000s ]
SQL: SHOW COLUMNS FROM `video` [ RunTime:0.0080s ]
SQL: SELECT * FROM `video` WHERE ( 2 )  [ RunTime:0.0030s ]

[ 2017-05-07T13:00:07+08:00 ] 127.0.0.1 /TPvideo/index.php/Admin/Video/videoupdate.html
INFO: [ app_begin ] --START--
INFO: Run Behavior\ReadHtmlCacheBehavior [ RunTime:0.001000s ]
INFO: [ app_begin ] --END-- [ RunTime:0.001000s ]
SQL: SHOW COLUMNS FROM `video` [ RunTime:0.0350s ]
SQL: SELECT * FROM `video` WHERE ( 2 )  [ RunTime:0.0000s ]

[ 2017-05-07T13:04:01+08:00 ] 127.0.0.1 /TPvideo/index.php/Admin/Video/js/laydate/laydate.js
ERR: 非法操作:js

[ 2017-05-07T13:04:02+08:00 ] 127.0.0.1 /TPvideo/index.php/Admin/Video/js/laydate/laydate.js
ERR: 非法操作:js

[ 2017-05-07T13:04:05+08:00 ] 127.0.0.1 /TPvideo/index.php/Admin/Video/videoupdate.html
INFO: [ app_begin ] --START--
INFO: Run Behavior\ReadHtmlCacheBehavior [ RunTime:0.000000s ]
INFO: [ app_begin ] --END-- [ RunTime:0.001000s ]
SQL: SHOW COLUMNS FROM `video` [ RunTime:0.0080s ]
SQL: SELECT * FROM `video` WHERE ( vid=1 )  [ RunTime:0.0600s ]

[ 2017-05-07T13:05:18+08:00 ] 127.0.0.1 /TPvideo/index.php/Admin/Video/js/laydate/laydate.js
ERR: 非法操作:js

[ 2017-05-07T13:05:19+08:00 ] 127.0.0.1 /TPvideo/index.php/Admin/Video/js/laydate/laydate.js
ERR: 非法操作:js

[ 2017-05-07T13:05:22+08:00 ] 127.0.0.1 /TPvideo/index.php/Admin/Video/videoupdate.html
INFO: [ app_begin ] --START--
INFO: Run Behavior\ReadHtmlCacheBehavior [ RunTime:0.000000s ]
INFO: [ app_begin ] --END-- [ RunTime:0.002000s ]
SQL: SHOW COLUMNS FROM `video` [ RunTime:0.0080s ]
SQL: SELECT * FROM `video` WHERE ( vid=2 )  [ RunTime:0.0010s ]

[ 2017-05-07T13:12:34+08:00 ] 127.0.0.1 /TPvideo/index.php/Admin/Video/js/laydate/laydate.js
ERR: 非法操作:js

[ 2017-05-07T13:12:35+08:00 ] 127.0.0.1 /TPvideo/index.php/Admin/Video/js/laydate/laydate.js
ERR: 非法操作:js

[ 2017-05-07T13:14:00+08:00 ] 127.0.0.1 /TPvideo/index.php/Admin/Video/js/laydate/laydate.js
ERR: 非法操作:js

[ 2017-05-07T13:14:01+08:00 ] 127.0.0.1 /TPvideo/index.php/Admin/Video/js/laydate/laydate.js
ERR: 非法操作:js

[ 2017-05-07T13:14:02+08:00 ] 127.0.0.1 /TPvideo/index.php/Admin/Video/js/laydate/laydate.js
ERR: 非法操作:js

[ 2017-05-07T13:15:56+08:00 ] 127.0.0.1 /TPvideo/index.php/Admin/Video/js/laydate/laydate.js
ERR: 非法操作:js

[ 2017-05-07T13:15:57+08:00 ] 127.0.0.1 /TPvideo/index.php/Admin/Video/js/laydate/laydate.js
ERR: 非法操作:js

[ 2017-05-07T13:15:57+08:00 ] 127.0.0.1 /TPvideo/index.php/Admin/Video/js/laydate/laydate.js
ERR: 非法操作:js

[ 2017-05-07T13:16:04+08:00 ] 127.0.0.1 /TPvideo/index.php/Admin/Video/videoupdate.html
INFO: [ app_begin ] --START--
INFO: Run Behavior\ReadHtmlCacheBehavior [ RunTime:0.001000s ]
INFO: [ app_begin ] --END-- [ RunTime:0.002000s ]
SQL: SHOW COLUMNS FROM `video` [ RunTime:0.0130s ]
SQL: SELECT * FROM `video` WHERE ( vid=1 )  [ RunTime:0.0000s ]

[ 2017-05-07T13:16:52+08:00 ] 127.0.0.1 /TPvideo/index.php/Admin/Video/js/laydate/laydate.js
ERR: 非法操作:js

[ 2017-05-07T13:16:53+08:00 ] 127.0.0.1 /TPvideo/index.php/Admin/Video/js/laydate/laydate.js
ERR: 非法操作:js

[ 2017-05-07T13:16:56+08:00 ] 127.0.0.1 /TPvideo/index.php/Admin/Video/videoupdate.html
INFO: [ app_begin ] --START--
INFO: Run Behavior\ReadHtmlCacheBehavior [ RunTime:0.000000s ]
INFO: [ app_begin ] --END-- [ RunTime:0.001000s ]
SQL: SHOW COLUMNS FROM `video` [ RunTime:0.0070s ]
SQL: SELECT * FROM `video` WHERE ( vid=1 ) LIMIT 1   [ RunTime:0.0020s ]

[ 2017-05-07T13:17:26+08:00 ] 127.0.0.1 /TPvideo/index.php/Admin/Video/js/laydate/laydate.js
ERR: 非法操作:js

[ 2017-05-07T13:17:27+08:00 ] 127.0.0.1 /TPvideo/index.php/Admin/Video/js/laydate/laydate.js
ERR: 非法操作:js

[ 2017-05-07T13:17:30+08:00 ] 127.0.0.1 /TPvideo/index.php/Admin/Video/videoupdate.html
INFO: [ app_begin ] --START--
INFO: Run Behavior\ReadHtmlCacheBehavior [ RunTime:0.001000s ]
INFO: [ app_begin ] --END-- [ RunTime:0.001000s ]
SQL: SHOW COLUMNS FROM `video` [ RunTime:0.0080s ]
SQL: SELECT * FROM `video` WHERE ( vid=1 ) LIMIT 1   [ RunTime:0.0000s ]

[ 2017-05-07T13:19:13+08:00 ] 127.0.0.1 /TPvideo/index.php/Admin/Video/js/laydate/laydate.js
ERR: 非法操作:js

[ 2017-05-07T13:19:16+08:00 ] 127.0.0.1 /TPvideo/index.php/Admin/Video/videoupdate.html
INFO: [ app_begin ] --START--
INFO: Run Behavior\ReadHtmlCacheBehavior [ RunTime:0.001000s ]
INFO: [ app_begin ] --END-- [ RunTime:0.002000s ]
SQL: SHOW COLUMNS FROM `video` [ RunTime:0.0090s ]
SQL: SELECT * FROM `video` WHERE ( vid=1 ) LIMIT 1   [ RunTime:0.0000s ]

[ 2017-05-07T13:19:40+08:00 ] 127.0.0.1 /TPvideo/index.php/Admin/Video/videoupdate.html
INFO: [ app_begin ] --START--
INFO: Run Behavior\ReadHtmlCacheBehavior [ RunTime:0.000000s ]
INFO: [ app_begin ] --END-- [ RunTime:0.002000s ]
SQL: SHOW COLUMNS FROM `video` [ RunTime:0.0090s ]
SQL: SELECT * FROM `video` WHERE ( vid=1 ) LIMIT 1   [ RunTime:0.0010s ]

[ 2017-05-07T13:19:58+08:00 ] 127.0.0.1 /TPvideo/index.php/Admin/Video/js/laydate/laydate.js
ERR: 非法操作:js

[ 2017-05-07T13:19:59+08:00 ] 127.0.0.1 /TPvideo/index.php/Admin/Video/js/laydate/laydate.js
ERR: 非法操作:js

[ 2017-05-07T13:20:03+08:00 ] 127.0.0.1 /TPvideo/index.php/Admin/Video/videoupdate.html
INFO: [ app_begin ] --START--
INFO: Run Behavior\ReadHtmlCacheBehavior [ RunTime:0.000000s ]
INFO: [ app_begin ] --END-- [ RunTime:0.001000s ]
SQL: SHOW COLUMNS FROM `video` [ RunTime:0.0080s ]
SQL: SELECT * FROM `video` WHERE ( vid=2 ) LIMIT 1   [ RunTime:0.0020s ]

[ 2017-05-07T13:20:22+08:00 ] 127.0.0.1 /TPvideo/index.php/Admin/Video/js/laydate/laydate.js
ERR: 非法操作:js

[ 2017-05-07T13:20:25+08:00 ] 127.0.0.1 /TPvideo/index.php/Admin/Video/videoupdate.html
INFO: [ app_begin ] --START--
INFO: Run Behavior\ReadHtmlCacheBehavior [ RunTime:0.001000s ]
INFO: [ app_begin ] --END-- [ RunTime:0.002000s ]
SQL: SHOW COLUMNS FROM `video` [ RunTime:0.0070s ]
SQL: SELECT * FROM `video` WHERE ( vid=5 ) LIMIT 1   [ RunTime:0.0000s ]

[ 2017-05-07T13:20:53+08:00 ] 127.0.0.1 /TPvideo/index.php/Admin/Video/js/laydate/laydate.js
ERR: 非法操作:js

[ 2017-05-07T13:20:54+08:00 ] 127.0.0.1 /TPvideo/index.php/Admin/Video/js/laydate/laydate.js
ERR: 非法操作:js

[ 2017-05-07T13:20:58+08:00 ] 127.0.0.1 /TPvideo/index.php/Admin/Video/videoupdate.html
INFO: [ app_begin ] --START--
INFO: Run Behavior\ReadHtmlCacheBehavior [ RunTime:0.001000s ]
INFO: [ app_begin ] --END-- [ RunTime:0.001000s ]
SQL: SHOW COLUMNS FROM `video` [ RunTime:0.0080s ]
SQL: SELECT * FROM `video` WHERE ( vid=4 ) LIMIT 1   [ RunTime:0.0010s ]

[ 2017-05-07T13:27:22+08:00 ] 127.0.0.1 /TPvideo/index.php/Admin/Video/js/laydate/laydate.js
ERR: 非法操作:js

[ 2017-05-07T13:27:23+08:00 ] 127.0.0.1 /TPvideo/index.php/Admin/Video/js/laydate/laydate.js
ERR: 非法操作:js

[ 2017-05-07T13:27:23+08:00 ] 127.0.0.1 /TPvideo/index.php/Admin/Video/js/laydate/laydate.js
ERR: 非法操作:js

[ 2017-05-07T13:27:27+08:00 ] 127.0.0.1 /TPvideo/index.php/Admin/Video/videoupdate.html
INFO: [ app_begin ] --START--
INFO: Run Behavior\ReadHtmlCacheBehavior [ RunTime:0.001000s ]
INFO: [ app_begin ] --END-- [ RunTime:0.001000s ]
SQL: SHOW COLUMNS FROM `video` [ RunTime:0.0120s ]
SQL: SELECT * FROM `video` WHERE ( vid=1 ) LIMIT 1   [ RunTime:0.0010s ]

[ 2017-05-07T13:36:34+08:00 ] 127.0.0.1 /TPvideo/index.php/Admin/Video/js/laydate/laydate.js
ERR: 非法操作:js

[ 2017-05-07T13:36:34+08:00 ] 127.0.0.1 /TPvideo/index.php/Admin/Video/js/laydate/laydate.js
ERR: 非法操作:js

[ 2017-05-07T13:36:38+08:00 ] 127.0.0.1 /TPvideo/index.php/Admin/Video/videoupdate.html
INFO: [ app_begin ] --START--
INFO: Run Behavior\ReadHtmlCacheBehavior [ RunTime:0.001000s ]
INFO: [ app_begin ] --END-- [ RunTime:0.001000s ]
SQL: SHOW COLUMNS FROM `video` [ RunTime:0.0090s ]
SQL: SELECT * FROM `video` WHERE ( vid=1 ) LIMIT 1   [ RunTime:0.0020s ]
NOTIC: [2] urlencode() expects parameter 1 to be string, array given C:\wamp\www\TPvideo\Application\Admin\Controller\VideoController.class.php 第 72 行.

[ 2017-05-07T13:42:35+08:00 ] 127.0.0.1 /TPvideo/index.php/Admin/Video/js/laydate/laydate.js
ERR: 非法操作:js

[ 2017-05-07T13:42:35+08:00 ] 127.0.0.1 /TPvideo/index.php/Admin/Video/js/laydate/laydate.js
ERR: 非法操作:js

[ 2017-05-07T13:42:38+08:00 ] 127.0.0.1 /TPvideo/index.php/Admin/Video/videoupdate.html
INFO: [ app_begin ] --START--
INFO: Run Behavior\ReadHtmlCacheBehavior [ RunTime:0.000000s ]
INFO: [ app_begin ] --END-- [ RunTime:0.001000s ]
SQL: SHOW COLUMNS FROM `video` [ RunTime:0.0110s ]
SQL: SELECT * FROM `video` WHERE ( vid=1 ) LIMIT 1   [ RunTime:0.0010s ]

[ 2017-05-07T13:42:57+08:00 ] 127.0.0.1 /TPvideo/index.php/Admin/Video/videoupdate.html
INFO: [ app_begin ] --START--
INFO: Run Behavior\ReadHtmlCacheBehavior [ RunTime:0.001000s ]
INFO: [ app_begin ] --END-- [ RunTime:0.006001s ]
SQL: SHOW COLUMNS FROM `video` [ RunTime:0.0110s ]
SQL: SELECT * FROM `video` WHERE ( vid=10 ) LIMIT 1   [ RunTime:0.0010s ]

[ 2017-05-07T13:43:49+08:00 ] 127.0.0.1 /TPvideo/index.php/Admin/Video/js/laydate/laydate.js
ERR: 非法操作:js

[ 2017-05-07T13:43:50+08:00 ] 127.0.0.1 /TPvideo/index.php/Admin/Video/js/laydate/laydate.js
ERR: 非法操作:js

[ 2017-05-07T13:43:51+08:00 ] 127.0.0.1 /TPvideo/index.php/Admin/Video/js/laydate/laydate.js
ERR: 非法操作:js

[ 2017-05-07T13:43:51+08:00 ] 127.0.0.1 /TPvideo/index.php/Admin/Video/js/laydate/laydate.js
ERR: 非法操作:js

[ 2017-05-07T13:43:56+08:00 ] 127.0.0.1 /TPvideo/index.php/Admin/Video/videoupdate.html
INFO: [ app_begin ] --START--
INFO: Run Behavior\ReadHtmlCacheBehavior [ RunTime:0.004000s ]
INFO: [ app_begin ] --END-- [ RunTime:0.005000s ]
SQL: SHOW COLUMNS FROM `video` [ RunTime:0.0070s ]
SQL: SELECT * FROM `video` WHERE ( vid=9 ) LIMIT 1   [ RunTime:0.0040s ]

[ 2017-05-07T13:44:07+08:00 ] 127.0.0.1 /TPvideo/index.php/Admin/Video/js/laydate/laydate.js
ERR: 非法操作:js

[ 2017-05-07T13:44:09+08:00 ] 127.0.0.1 /TPvideo/index.php/Admin/Video/videoupdate.html
INFO: [ app_begin ] --START--
INFO: Run Behavior\ReadHtmlCacheBehavior [ RunTime:0.002000s ]
INFO: [ app_begin ] --END-- [ RunTime:0.003000s ]
SQL: SHOW COLUMNS FROM `video` [ RunTime:0.0080s ]
SQL: SELECT * FROM `video` WHERE ( vid=3 ) LIMIT 1   [ RunTime:0.0000s ]

[ 2017-05-07T13:44:18+08:00 ] 127.0.0.1 /TPvideo/index.php/Admin/Video/js/laydate/laydate.js
ERR: 非法操作:js

[ 2017-05-07T13:44:19+08:00 ] 127.0.0.1 /TPvideo/index.php/Admin/Video/videoupdate.html
INFO: [ app_begin ] --START--
INFO: Run Behavior\ReadHtmlCacheBehavior [ RunTime:0.001000s ]
INFO: [ app_begin ] --END-- [ RunTime:0.002000s ]
SQL: SHOW COLUMNS FROM `video` [ RunTime:0.0080s ]
SQL: SELECT * FROM `video` WHERE ( vid=2 ) LIMIT 1   [ RunTime:0.0030s ]

[ 2017-05-07T13:47:19+08:00 ] 127.0.0.1 /TPvideo/index.php/Admin/Video/js/laydate/laydate.js
ERR: 非法操作:js

[ 2017-05-07T13:47:21+08:00 ] 127.0.0.1 /TPvideo/index.php/Admin/Video/videoupdate.html
INFO: [ app_begin ] --START--
INFO: Run Behavior\ReadHtmlCacheBehavior [ RunTime:0.001001s ]
INFO: [ app_begin ] --END-- [ RunTime:0.003001s ]
SQL: SHOW COLUMNS FROM `video` [ RunTime:0.0060s ]
SQL: SELECT * FROM `video` WHERE ( vid=2 ) LIMIT 1   [ RunTime:0.0010s ]

[ 2017-05-07T13:47:52+08:00 ] 127.0.0.1 /TPvideo/index.php/Admin/Video/videoupdate.html
INFO: [ app_begin ] --START--
INFO: Run Behavior\ReadHtmlCacheBehavior [ RunTime:0.001000s ]
INFO: [ app_begin ] --END-- [ RunTime:0.001000s ]
SQL: SHOW COLUMNS FROM `video` [ RunTime:0.0080s ]
SQL: SELECT * FROM `video` WHERE ( vid=9 ) LIMIT 1   [ RunTime:0.0000s ]

[ 2017-05-07T13:52:41+08:00 ] 127.0.0.1 /TPvideo/index.php/Admin/Video/js/laydate/laydate.js
ERR: 非法操作:js

[ 2017-05-07T13:52:43+08:00 ] 127.0.0.1 /TPvideo/index.php/Admin/Video/videoupdate.html
INFO: [ app_begin ] --START--
INFO: Run Behavior\ReadHtmlCacheBehavior [ RunTime:0.001000s ]
INFO: [ app_begin ] --END-- [ RunTime:0.001000s ]
SQL: SHOW COLUMNS FROM `video` [ RunTime:0.0110s ]
SQL: SELECT * FROM `video` WHERE ( vid=2 ) LIMIT 1   [ RunTime:0.0010s ]

[ 2017-05-07T13:52:55+08:00 ] 127.0.0.1 /TPvideo/index.php/Admin/Video/js/laydate/laydate.js
ERR: 非法操作:js

[ 2017-05-07T13:53:01+08:00 ] 127.0.0.1 /TPvideo/index.php/Admin/Video/js/laydate/laydate.js
ERR: 非法操作:js

[ 2017-05-07T13:53:03+08:00 ] 127.0.0.1 /TPvideo/index.php/Admin/Video/videoupdate.html
INFO: [ app_begin ] --START--
INFO: Run Behavior\ReadHtmlCacheBehavior [ RunTime:0.002000s ]
INFO: [ app_begin ] --END-- [ RunTime:0.003000s ]
SQL: SHOW COLUMNS FROM `video` [ RunTime:0.0120s ]
SQL: SELECT * FROM `video` WHERE ( vid=3 ) LIMIT 1   [ RunTime:0.0010s ]

[ 2017-05-07T13:53:11+08:00 ] 127.0.0.1 /TPvideo/index.php/Admin/Video/js/laydate/laydate.js
ERR: 非法操作:js

[ 2017-05-07T13:53:13+08:00 ] 127.0.0.1 /TPvideo/index.php/Admin/Video/videoupdate.html
INFO: [ app_begin ] --START--
INFO: Run Behavior\ReadHtmlCacheBehavior [ RunTime:0.001001s ]
INFO: [ app_begin ] --END-- [ RunTime:0.002001s ]
SQL: SHOW COLUMNS FROM `video` [ RunTime:0.0070s ]
SQL: SELECT * FROM `video` WHERE ( vid=3 ) LIMIT 1   [ RunTime:0.0010s ]

[ 2017-05-07T13:53:28+08:00 ] 127.0.0.1 /TPvideo/index.php/Admin/Video/js/laydate/laydate.js
ERR: 非法操作:js

[ 2017-05-07T13:53:30+08:00 ] 127.0.0.1 /TPvideo/index.php/Admin/Video/videoupdate.html
INFO: [ app_begin ] --START--
INFO: Run Behavior\ReadHtmlCacheBehavior [ RunTime:0.001000s ]
INFO: [ app_begin ] --END-- [ RunTime:0.002000s ]
SQL: SHOW COLUMNS FROM `video` [ RunTime:0.0100s ]
SQL: SELECT * FROM `video` WHERE ( vid=3 ) LIMIT 1   [ RunTime:0.0000s ]

[ 2017-05-07T13:53:47+08:00 ] 127.0.0.1 /TPvideo/index.php/Admin/Video/js/laydate/laydate.js
ERR: 非法操作:js

[ 2017-05-07T13:53:49+08:00 ] 127.0.0.1 /TPvideo/index.php/Admin/Video/videoupdate.html
INFO: [ app_begin ] --START--
INFO: Run Behavior\ReadHtmlCacheBehavior [ RunTime:0.001000s ]
INFO: [ app_begin ] --END-- [ RunTime:0.002000s ]
SQL: SHOW COLUMNS FROM `video` [ RunTime:0.0120s ]
SQL: SELECT * FROM `video` WHERE ( vid=2 ) LIMIT 1   [ RunTime:0.0010s ]

[ 2017-05-07T13:54:27+08:00 ] 127.0.0.1 /TPvideo/index.php/Admin/Video/js/laydate/laydate.js
ERR: 非法操作:js

[ 2017-05-07T13:55:00+08:00 ] 127.0.0.1 /TPvideo/index.php/Admin/Video/js/laydate/laydate.js
ERR: 非法操作:js

[ 2017-05-07T13:55:00+08:00 ] 127.0.0.1 /TPvideo/index.php/Admin/Video/js/laydate/laydate.js
ERR: 非法操作:js

[ 2017-05-07T13:59:21+08:00 ] 127.0.0.1 /TPvideo/index.php/Admin/Video/js/laydate/laydate.js
ERR: 非法操作:js

[ 2017-05-07T13:59:21+08:00 ] 127.0.0.1 /TPvideo/index.php/Admin/Video/js/laydate/laydate.js
ERR: 非法操作:js

[ 2017-05-07T13:59:24+08:00 ] 127.0.0.1 /TPvideo/index.php/Admin/Video/videoupdate.html
INFO: [ app_begin ] --START--
INFO: Run Behavior\ReadHtmlCacheBehavior [ RunTime:0.000000s ]
INFO: [ app_begin ] --END-- [ RunTime:0.002000s ]
SQL: SHOW COLUMNS FROM `video` [ RunTime:0.1640s ]
SQL: SELECT * FROM `video` WHERE ( vid=2 ) LIMIT 1   [ RunTime:0.0010s ]

[ 2017-05-07T13:59:36+08:00 ] 127.0.0.1 /TPvideo/index.php/Admin/Video/js/laydate/laydate.js
ERR: 非法操作:js

[ 2017-05-07T13:59:37+08:00 ] 127.0.0.1 /TPvideo/index.php/Admin/Video/js/laydate/laydate.js
ERR: 非法操作:js

[ 2017-05-07T13:59:40+08:00 ] 127.0.0.1 /TPvideo/index.php/Admin/Video/videoupdate.html
INFO: [ app_begin ] --START--
INFO: Run Behavior\ReadHtmlCacheBehavior [ RunTime:0.001000s ]
INFO: [ app_begin ] --END-- [ RunTime:0.001000s ]
SQL: SHOW COLUMNS FROM `video` [ RunTime:0.0090s ]
SQL: SELECT * FROM `video` WHERE ( vid=1 ) LIMIT 1   [ RunTime:0.0050s ]

[ 2017-05-07T14:00:12+08:00 ] 127.0.0.1 /TPvideo/index.php/Admin/Video/js/laydate/laydate.js
ERR: 非法操作:js

[ 2017-05-07T14:00:13+08:00 ] 127.0.0.1 /TPvideo/index.php/Admin/Video/js/laydate/laydate.js
ERR: 非法操作:js

[ 2017-05-07T14:00:15+08:00 ] 127.0.0.1 /TPvideo/index.php/Admin/Video/videoupdate.html
INFO: [ app_begin ] --START--
INFO: Run Behavior\ReadHtmlCacheBehavior [ RunTime:0.001000s ]
INFO: [ app_begin ] --END-- [ RunTime:0.001000s ]
SQL: SHOW COLUMNS FROM `video` [ RunTime:0.0070s ]
SQL: SELECT * FROM `video` WHERE ( vid=1 ) LIMIT 1   [ RunTime:0.0010s ]

[ 2017-05-07T14:00:34+08:00 ] 127.0.0.1 /TPvideo/index.php/Admin/Video/js/laydate/laydate.js
ERR: 非法操作:js

[ 2017-05-07T14:00:34+08:00 ] 127.0.0.1 /TPvideo/index.php/Admin/Video/js/laydate/laydate.js
ERR: 非法操作:js

[ 2017-05-07T14:00:36+08:00 ] 127.0.0.1 /TPvideo/index.php/Admin/Video/videoupdate.html
INFO: [ app_begin ] --START--
INFO: Run Behavior\ReadHtmlCacheBehavior [ RunTime:0.001000s ]
INFO: [ app_begin ] --END-- [ RunTime:0.001000s ]
SQL: SHOW COLUMNS FROM `video` [ RunTime:0.0090s ]
SQL: SELECT * FROM `video` WHERE ( vid=1 ) LIMIT 1   [ RunTime:0.0020s ]

[ 2017-05-07T14:00:56+08:00 ] 127.0.0.1 /TPvideo/index.php/Admin/Video/js/laydate/laydate.js
ERR: 非法操作:js

[ 2017-05-07T14:00:56+08:00 ] 127.0.0.1 /TPvideo/index.php/Admin/Video/js/laydate/laydate.js
ERR: 非法操作:js

[ 2017-05-07T14:00:58+08:00 ] 127.0.0.1 /TPvideo/index.php/Admin/Video/videoupdate.html
INFO: [ app_begin ] --START--
INFO: Run Behavior\ReadHtmlCacheBehavior [ RunTime:0.001000s ]
INFO: [ app_begin ] --END-- [ RunTime:0.002000s ]
SQL: SHOW COLUMNS FROM `video` [ RunTime:0.0130s ]
SQL: SELECT * FROM `video` WHERE ( vid=1 ) LIMIT 1   [ RunTime:0.0000s ]

[ 2017-05-07T14:01:12+08:00 ] 127.0.0.1 /TPvideo/index.php/Admin/Video/js/laydate/laydate.js
ERR: 非法操作:js

[ 2017-05-07T14:01:15+08:00 ] 127.0.0.1 /TPvideo/index.php/Admin/Video/videoupdate.html
INFO: [ app_begin ] --START--
INFO: Run Behavior\ReadHtmlCacheBehavior [ RunTime:0.001000s ]
INFO: [ app_begin ] --END-- [ RunTime:0.002000s ]
SQL: SHOW COLUMNS FROM `video` [ RunTime:0.0060s ]
SQL: SELECT * FROM `video` WHERE ( vid=3 ) LIMIT 1   [ RunTime:0.0000s ]

[ 2017-05-07T14:03:41+08:00 ] 127.0.0.1 /TPvideo/index.php/Admin/Video/js/laydate/laydate.js
ERR: 非法操作:js

[ 2017-05-07T14:03:43+08:00 ] 127.0.0.1 /TPvideo/index.php/Admin/Video/videoupdate.html
INFO: [ app_begin ] --START--
INFO: Run Behavior\ReadHtmlCacheBehavior [ RunTime:0.001000s ]
INFO: [ app_begin ] --END-- [ RunTime:0.001000s ]
SQL: SHOW COLUMNS FROM `video` [ RunTime:0.0070s ]
SQL: SELECT * FROM `video` WHERE ( vid=2 ) LIMIT 1   [ RunTime:0.0010s ]

[ 2017-05-07T14:14:41+08:00 ] 127.0.0.1 /TPvideo/index.php/Admin/Video/videoupdate.html
INFO: [ app_begin ] --START--
INFO: Run Behavior\ReadHtmlCacheBehavior [ RunTime:0.001000s ]
INFO: [ app_begin ] --END-- [ RunTime:0.001000s ]
SQL: SHOW COLUMNS FROM `video` [ RunTime:0.1840s ]
SQL: SELECT * FROM `video` WHERE ( vid=4 ) LIMIT 1   [ RunTime:0.0040s ]

[ 2017-05-07T14:16:19+08:00 ] 127.0.0.1 /TPvideo/index.php/Admin/Video/videoupdate.html
INFO: [ app_begin ] --START--
INFO: Run Behavior\ReadHtmlCacheBehavior [ RunTime:0.001000s ]
INFO: [ app_begin ] --END-- [ RunTime:0.001000s ]
SQL: SHOW COLUMNS FROM `video` [ RunTime:0.0080s ]
SQL: SELECT * FROM `video` WHERE ( vid=22 ) LIMIT 1   [ RunTime:0.0000s ]

[ 2017-05-07T14:17:09+08:00 ] 127.0.0.1 /TPvideo/index.php/Admin/Video/videoupdate.html
INFO: [ app_begin ] --START--
INFO: Run Behavior\ReadHtmlCacheBehavior [ RunTime:0.000000s ]
INFO: [ app_begin ] --END-- [ RunTime:0.001000s ]
SQL: SHOW COLUMNS FROM `video` [ RunTime:0.0140s ]
SQL: SELECT * FROM `video` WHERE ( vid=22 ) LIMIT 1   [ RunTime:0.0010s ]

[ 2017-05-07T14:17:37+08:00 ] 127.0.0.1 /TPvideo/index.php/Admin/Video/videoupdate.html
INFO: [ app_begin ] --START--
INFO: Run Behavior\ReadHtmlCacheBehavior [ RunTime:0.001000s ]
INFO: [ app_begin ] --END-- [ RunTime:0.001000s ]
SQL: SHOW COLUMNS FROM `video` [ RunTime:0.0070s ]
SQL: SELECT * FROM `video` WHERE ( vid=22 ) LIMIT 1   [ RunTime:0.0010s ]

[ 2017-05-07T14:27:04+08:00 ] 127.0.0.1 /TPvideo/index.php/Admin/Video/videoupdate.html
INFO: [ app_begin ] --START--
INFO: Run Behavior\ReadHtmlCacheBehavior [ RunTime:0.001000s ]
INFO: [ app_begin ] --END-- [ RunTime:0.001000s ]
SQL: SHOW COLUMNS FROM `video` [ RunTime:0.0130s ]
SQL: SELECT * FROM `video` WHERE ( vid=22 ) LIMIT 1   [ RunTime:0.0000s ]

[ 2017-05-07T14:27:16+08:00 ] 127.0.0.1 /TPvideo/index.php/Admin/Video/videoupdate.html
INFO: [ app_begin ] --START--
INFO: Run Behavior\ReadHtmlCacheBehavior [ RunTime:0.001000s ]
INFO: [ app_begin ] --END-- [ RunTime:0.001000s ]
SQL: SHOW COLUMNS FROM `video` [ RunTime:0.0350s ]
SQL: SELECT * FROM `video` WHERE ( vid=22 ) LIMIT 1   [ RunTime:0.0000s ]

[ 2017-05-07T14:28:01+08:00 ] 127.0.0.1 /TPvideo/index.php/Admin/Video/videoupdate.html
INFO: [ app_begin ] --START--
INFO: Run Behavior\ReadHtmlCacheBehavior [ RunTime:0.001000s ]
INFO: [ app_begin ] --END-- [ RunTime:0.002000s ]
SQL: SHOW COLUMNS FROM `video` [ RunTime:0.0130s ]
SQL: SELECT * FROM `video` WHERE ( vid=22 ) LIMIT 1   [ RunTime:0.0010s ]

[ 2017-05-07T14:29:50+08:00 ] 127.0.0.1 /TPvideo/index.php/Admin/Video/videoupdate.html
INFO: [ app_begin ] --START--
INFO: Run Behavior\ReadHtmlCacheBehavior [ RunTime:0.001000s ]
INFO: [ app_begin ] --END-- [ RunTime:0.001000s ]
SQL: SHOW COLUMNS FROM `video` [ RunTime:0.0060s ]
SQL: SELECT * FROM `video` WHERE ( vid=22 ) LIMIT 1   [ RunTime:0.0020s ]

[ 2017-05-07T14:32:12+08:00 ] 127.0.0.1 /TPvideo/index.php/Admin/Video/videoupdate.html
INFO: [ app_begin ] --START--
INFO: Run Behavior\ReadHtmlCacheBehavior [ RunTime:0.002000s ]
INFO: [ app_begin ] --END-- [ RunTime:0.003001s ]
SQL: SHOW COLUMNS FROM `video` [ RunTime:0.0110s ]
SQL: SELECT * FROM `video` WHERE ( vid=22 ) LIMIT 1   [ RunTime:0.0010s ]

[ 2017-05-07T14:32:49+08:00 ] 127.0.0.1 /TPvideo/index.php/Admin/Video/videoupdate.html
INFO: [ app_begin ] --START--
INFO: Run Behavior\ReadHtmlCacheBehavior [ RunTime:0.001000s ]
INFO: [ app_begin ] --END-- [ RunTime:0.001000s ]
SQL: SHOW COLUMNS FROM `video` [ RunTime:0.0130s ]
SQL: SELECT * FROM `video` WHERE ( vid=2 ) LIMIT 1   [ RunTime:0.0000s ]

[ 2017-05-07T14:33:02+08:00 ] 127.0.0.1 /TPvideo/index.php/Admin/Video/videoupdate.html
INFO: [ app_begin ] --START--
INFO: Run Behavior\ReadHtmlCacheBehavior [ RunTime:0.001000s ]
INFO: [ app_begin ] --END-- [ RunTime:0.002000s ]
SQL: SHOW COLUMNS FROM `video` [ RunTime:0.0080s ]
SQL: SELECT * FROM `video` WHERE ( vid=3 ) LIMIT 1   [ RunTime:0.0030s ]

[ 2017-05-07T14:33:11+08:00 ] 127.0.0.1 /TPvideo/index.php/Admin/Video/videoupdate.html
INFO: [ app_begin ] --START--
INFO: Run Behavior\ReadHtmlCacheBehavior [ RunTime:0.001000s ]
INFO: [ app_begin ] --END-- [ RunTime:0.001000s ]
SQL: SHOW COLUMNS FROM `video` [ RunTime:0.0110s ]
SQL: SELECT * FROM `video` WHERE ( vid=22 ) LIMIT 1   [ RunTime:0.0010s ]

[ 2017-05-07T14:33:32+08:00 ] 127.0.0.1 /TPvideo/index.php/Admin/Video/videoupdate.html
INFO: [ app_begin ] --START--
INFO: Run Behavior\ReadHtmlCacheBehavior [ RunTime:0.000000s ]
INFO: [ app_begin ] --END-- [ RunTime:0.002000s ]
SQL: SHOW COLUMNS FROM `video` [ RunTime:0.0110s ]
SQL: SELECT * FROM `video` WHERE ( vid=3 ) LIMIT 1   [ RunTime:0.0030s ]

[ 2017-05-07T14:33:50+08:00 ] 127.0.0.1 /TPvideo/index.php/Admin/Video/videoupdate.html
INFO: [ app_begin ] --START--
INFO: Run Behavior\ReadHtmlCacheBehavior [ RunTime:0.002000s ]
INFO: [ app_begin ] --END-- [ RunTime:0.002000s ]
SQL: SHOW COLUMNS FROM `video` [ RunTime:0.0160s ]
SQL: SELECT * FROM `video` WHERE ( vid=3 ) LIMIT 1   [ RunTime:0.0020s ]

[ 2017-05-07T14:34:04+08:00 ] 127.0.0.1 /TPvideo/index.php/Admin/Video/videoupdate.html
INFO: [ app_begin ] --START--
INFO: Run Behavior\ReadHtmlCacheBehavior [ RunTime:0.002000s ]
INFO: [ app_begin ] --END-- [ RunTime:0.003000s ]
SQL: SHOW COLUMNS FROM `video` [ RunTime:0.0070s ]
SQL: SELECT * FROM `video` WHERE ( vid=2 ) LIMIT 1   [ RunTime:0.0020s ]

[ 2017-05-07T14:34:38+08:00 ] 127.0.0.1 /TPvideo/index.php/Admin/Video/videoupdate.html
INFO: [ app_begin ] --START--
INFO: Run Behavior\ReadHtmlCacheBehavior [ RunTime:0.000000s ]
INFO: [ app_begin ] --END-- [ RunTime:0.002000s ]
SQL: SHOW COLUMNS FROM `video` [ RunTime:0.0090s ]
SQL: SELECT * FROM `video` WHERE ( vid=2 ) LIMIT 1   [ RunTime:0.0010s ]

[ 2017-05-07T14:34:47+08:00 ] 127.0.0.1 /TPvideo/index.php/Admin/Video/videoupdate.html
INFO: [ app_begin ] --START--
INFO: Run Behavior\ReadHtmlCacheBehavior [ RunTime:0.001000s ]
INFO: [ app_begin ] --END-- [ RunTime:0.001000s ]
SQL: SHOW COLUMNS FROM `video` [ RunTime:0.0110s ]
SQL: SELECT * FROM `video` WHERE ( vid=22 ) LIMIT 1   [ RunTime:0.0000s ]

[ 2017-05-07T14:35:16+08:00 ] 127.0.0.1 /TPvideo/index.php/Admin/Video/videoupdate.html
INFO: [ app_begin ] --START--
INFO: Run Behavior\ReadHtmlCacheBehavior [ RunTime:0.000000s ]
INFO: [ app_begin ] --END-- [ RunTime:0.002000s ]
SQL: SHOW COLUMNS FROM `video` [ RunTime:0.0150s ]
SQL: SELECT * FROM `video` WHERE ( vid=22 ) LIMIT 1   [ RunTime:0.0010s ]

[ 2017-05-07T14:35:47+08:00 ] 127.0.0.1 /TPvideo/index.php/Admin/Video/videoupdate.html
INFO: [ app_begin ] --START--
INFO: Run Behavior\ReadHtmlCacheBehavior [ RunTime:0.001000s ]
INFO: [ app_begin ] --END-- [ RunTime:0.001000s ]
SQL: SHOW COLUMNS FROM `video` [ RunTime:0.0070s ]
SQL: SELECT * FROM `video` WHERE ( vid=22 ) LIMIT 1   [ RunTime:0.0010s ]

[ 2017-05-07T14:36:26+08:00 ] 127.0.0.1 /TPvideo/index.php/Admin/Video/videoupdate.html
INFO: [ app_begin ] --START--
INFO: Run Behavior\ReadHtmlCacheBehavior [ RunTime:0.000000s ]
INFO: [ app_begin ] --END-- [ RunTime:0.002000s ]
SQL: SHOW COLUMNS FROM `video` [ RunTime:0.0100s ]
SQL: SELECT * FROM `video` WHERE ( vid=22 ) LIMIT 1   [ RunTime:0.0010s ]

[ 2017-05-07T14:42:59+08:00 ] 127.0.0.1 /TPvideo/index.php/Admin/Video/videoupdate.html
INFO: [ app_begin ] --START--
INFO: Run Behavior\ReadHtmlCacheBehavior [ RunTime:0.001000s ]
INFO: [ app_begin ] --END-- [ RunTime:0.002000s ]
SQL: SHOW COLUMNS FROM `video` [ RunTime:0.0060s ]
SQL: SELECT * FROM `video` WHERE ( vid=22 ) LIMIT 1   [ RunTime:0.0010s ]

[ 2017-05-07T14:46:58+08:00 ] 127.0.0.1 /TPvideo/index.php/Admin/Video/videoupdate.html
INFO: [ app_begin ] --START--
INFO: Run Behavior\ReadHtmlCacheBehavior [ RunTime:0.000000s ]
INFO: [ app_begin ] --END-- [ RunTime:0.001000s ]
SQL: SHOW COLUMNS FROM `video` [ RunTime:0.0150s ]
SQL: SELECT * FROM `video` WHERE ( vid=22 ) LIMIT 1   [ RunTime:0.0010s ]

[ 2017-05-07T14:48:10+08:00 ] 127.0.0.1 /TPvideo/index.php/Admin/Video/videoupdate.html
INFO: [ app_begin ] --START--
INFO: Run Behavior\ReadHtmlCacheBehavior [ RunTime:0.000000s ]
INFO: [ app_begin ] --END-- [ RunTime:0.001000s ]
SQL: SHOW COLUMNS FROM `video` [ RunTime:0.0070s ]
SQL: SELECT * FROM `video` WHERE ( vid=22 ) LIMIT 1   [ RunTime:0.0020s ]

[ 2017-05-07T14:51:35+08:00 ] 127.0.0.1 /TPvideo/index.php/Admin/Video/videoupdate.html
INFO: [ app_begin ] --START--
INFO: Run Behavior\ReadHtmlCacheBehavior [ RunTime:0.001000s ]
INFO: [ app_begin ] --END-- [ RunTime:0.002000s ]
SQL: SHOW COLUMNS FROM `video` [ RunTime:0.0060s ]
SQL: SELECT * FROM `video` WHERE ( vid=22 ) LIMIT 1   [ RunTime:0.0000s ]

[ 2017-05-07T14:54:37+08:00 ] 127.0.0.1 /TPvideo/index.php/Admin/Video/videoupdate.html
INFO: [ app_begin ] --START--
INFO: Run Behavior\ReadHtmlCacheBehavior [ RunTime:0.001000s ]
INFO: [ app_begin ] --END-- [ RunTime:0.001000s ]
SQL: SHOW COLUMNS FROM `video` [ RunTime:0.0060s ]
SQL: SELECT * FROM `video` WHERE ( vid=10 ) LIMIT 1   [ RunTime:0.0030s ]

[ 2017-05-07T15:18:24+08:00 ] 127.0.0.1 /TPvideo/index.php/Admin/Video/videoupdate.html
INFO: [ app_begin ] --START--
INFO: Run Behavior\ReadHtmlCacheBehavior [ RunTime:0.000000s ]
INFO: [ app_begin ] --END-- [ RunTime:0.001000s ]
SQL: SHOW COLUMNS FROM `video` [ RunTime:0.0090s ]
SQL: SELECT * FROM `video` WHERE ( vid=10 ) LIMIT 1   [ RunTime:0.0010s ]

[ 2017-05-07T15:39:13+08:00 ] 127.0.0.1 /TPvideo/index.php/Admin/Video/videoupdate.html
INFO: [ app_begin ] --START--
INFO: Run Behavior\ReadHtmlCacheBehavior [ RunTime:0.000000s ]
INFO: [ app_begin ] --END-- [ RunTime:0.001000s ]
SQL: SHOW COLUMNS FROM `video` [ RunTime:0.0090s ]
SQL: SELECT * FROM `video` WHERE ( vid=10 ) LIMIT 1   [ RunTime:0.0010s ]

[ 2017-05-07T15:40:21+08:00 ] 127.0.0.1 /TPvideo/index.php/Admin/Video/videoupdate.html
INFO: [ app_begin ] --START--
INFO: Run Behavior\ReadHtmlCacheBehavior [ RunTime:0.001000s ]
INFO: [ app_begin ] --END-- [ RunTime:0.001000s ]
SQL: SHOW COLUMNS FROM `video` [ RunTime:0.0060s ]
SQL: SELECT * FROM `video` WHERE ( vid=10 ) LIMIT 1   [ RunTime:0.0000s ]

[ 2017-05-07T15:41:53+08:00 ] 127.0.0.1 /TPvideo/index.php/Admin/Video/videoupdate.html
INFO: [ app_begin ] --START--
INFO: Run Behavior\ReadHtmlCacheBehavior [ RunTime:0.001001s ]
INFO: [ app_begin ] --END-- [ RunTime:0.002001s ]
SQL: SHOW COLUMNS FROM `video` [ RunTime:0.0110s ]
SQL: SELECT * FROM `video` WHERE ( vid=10 ) LIMIT 1   [ RunTime:0.0010s ]

[ 2017-05-07T15:42:54+08:00 ] 127.0.0.1 /TPvideo/index.php/Admin/Video/videoupdate.html
INFO: [ app_begin ] --START--
INFO: Run Behavior\ReadHtmlCacheBehavior [ RunTime:0.001000s ]
INFO: [ app_begin ] --END-- [ RunTime:0.001000s ]
SQL: SHOW COLUMNS FROM `video` [ RunTime:0.0210s ]
SQL: SELECT * FROM `video` WHERE ( vid=10 ) LIMIT 1   [ RunTime:0.0010s ]

[ 2017-05-07T15:45:44+08:00 ] 127.0.0.1 /TPvideo/index.php/Admin/Video/videoupdate.html
INFO: [ app_begin ] --START--
INFO: Run Behavior\ReadHtmlCacheBehavior [ RunTime:0.000000s ]
INFO: [ app_begin ] --END-- [ RunTime:0.001000s ]
SQL: SHOW COLUMNS FROM `video` [ RunTime:0.0060s ]
SQL: SELECT * FROM `video` WHERE ( vid=1 ) LIMIT 1   [ RunTime:0.0020s ]

[ 2017-05-07T15:46:06+08:00 ] 127.0.0.1 /TPvideo/index.php/Admin/Video/videoupdate.html
INFO: [ app_begin ] --START--
INFO: Run Behavior\ReadHtmlCacheBehavior [ RunTime:0.001000s ]
INFO: [ app_begin ] --END-- [ RunTime:0.003000s ]
SQL: SHOW COLUMNS FROM `video` [ RunTime:0.0060s ]
SQL: SELECT * FROM `video` WHERE ( vid=2 ) LIMIT 1   [ RunTime:0.0000s ]

[ 2017-05-07T15:50:21+08:00 ] 127.0.0.1 /TPvideo/index.php/Admin/Video/videoupdate.html
INFO: [ app_begin ] --START--
INFO: Run Behavior\ReadHtmlCacheBehavior [ RunTime:0.001000s ]
INFO: [ app_begin ] --END-- [ RunTime:0.002000s ]
SQL: SHOW COLUMNS FROM `video` [ RunTime:0.0110s ]
SQL: SELECT * FROM `video` WHERE ( vid=1 ) LIMIT 1   [ RunTime:0.0010s ]

[ 2017-05-07T15:57:39+08:00 ] 127.0.0.1 /TPvideo/index.php/Admin/Cate/cateupdate.html
INFO: [ app_begin ] --START--
INFO: Run Behavior\ReadHtmlCacheBehavior [ RunTime:0.000000s ]
INFO: [ app_begin ] --END-- [ RunTime:0.002000s ]
SQL: SHOW COLUMNS FROM `cate` [ RunTime:0.0120s ]
SQL: UPDATE `cate` SET `typeName`='',`vt_key`='',`level`='0' WHERE `vt_id` = 0 [ RunTime:0.0010s ]

[ 2017-05-07T16:00:21+08:00 ] 127.0.0.1 /TPvideo/index.php/Admin/Cate/cateupdate.html
INFO: [ app_begin ] --START--
INFO: Run Behavior\ReadHtmlCacheBehavior [ RunTime:0.001000s ]
INFO: [ app_begin ] --END-- [ RunTime:0.001000s ]
SQL: SHOW COLUMNS FROM `cate` [ RunTime:0.0060s ]
SQL: SELECT * FROM `cate` WHERE ( vt_id ) LIMIT 1   [ RunTime:0.0010s ]

[ 2017-05-07T16:00:31+08:00 ] 127.0.0.1 /TPvideo/index.php/Admin/Cate/update.html
ERR: 非法操作:update

[ 2017-05-07T16:01:26+08:00 ] 127.0.0.1 /TPvideo/index.php/Admin/Cate/cateupdate.html
INFO: [ app_begin ] --START--
INFO: Run Behavior\ReadHtmlCacheBehavior [ RunTime:0.001001s ]
INFO: [ app_begin ] --END-- [ RunTime:0.001001s ]
SQL: SHOW COLUMNS FROM `cate` [ RunTime:0.0110s ]
SQL: SELECT * FROM `cate` WHERE ( vt_id ) LIMIT 1   [ RunTime:0.0010s ]

[ 2017-05-07T16:01:39+08:00 ] 127.0.0.1 /TPvideo/index.php/Admin/Cate/cateupdate.html
INFO: [ app_begin ] --START--
INFO: Run Behavior\ReadHtmlCacheBehavior [ RunTime:0.001000s ]
INFO: [ app_begin ] --END-- [ RunTime:0.001000s ]
SQL: SHOW COLUMNS FROM `cate` [ RunTime:0.0060s ]
SQL: SELECT * FROM `cate` WHERE ( vt_id ) LIMIT 1   [ RunTime:0.0000s ]

[ 2017-05-07T16:01:59+08:00 ] 127.0.0.1 /TPvideo/index.php/Admin/Cate/cateupdate.html
INFO: [ app_begin ] --START--
INFO: Run Behavior\ReadHtmlCacheBehavior [ RunTime:0.001000s ]
INFO: [ app_begin ] --END-- [ RunTime:0.002000s ]
SQL: SHOW COLUMNS FROM `cate` [ RunTime:0.0070s ]
ERR: 1064:You have an error in your SQL syntax; check the manual that corresponds to your MySQL server version for the right syntax to use near ') LIMIT 1' at line 1
 [ SQL语句 ] : SELECT * FROM `cate` WHERE ( vt_id= ) LIMIT 1  
ERR: 1064:You have an error in your SQL syntax; check the manual that corresponds to your MySQL server version for the right syntax to use near ') LIMIT 1' at line 1
 [ SQL语句 ] : SELECT * FROM `cate` WHERE ( vt_id= ) LIMIT 1  

[ 2017-05-07T16:02:35+08:00 ] 127.0.0.1 /TPvideo/index.php/Admin/Cate/cateupdate.html
INFO: [ app_begin ] --START--
INFO: Run Behavior\ReadHtmlCacheBehavior [ RunTime:0.002001s ]
INFO: [ app_begin ] --END-- [ RunTime:0.004001s ]
SQL: SHOW COLUMNS FROM `cate` [ RunTime:0.0090s ]
ERR: 1064:You have an error in your SQL syntax; check the manual that corresponds to your MySQL server version for the right syntax to use near ') LIMIT 1' at line 1
 [ SQL语句 ] : SELECT * FROM `cate` WHERE ( vt_id= ) LIMIT 1  
ERR: 1064:You have an error in your SQL syntax; check the manual that corresponds to your MySQL server version for the right syntax to use near ') LIMIT 1' at line 1
 [ SQL语句 ] : SELECT * FROM `cate` WHERE ( vt_id= ) LIMIT 1  

[ 2017-05-07T16:03:13+08:00 ] 127.0.0.1 /TPvideo/index.php/Admin/Cate/cateupdate.html
INFO: [ app_begin ] --START--
INFO: Run Behavior\ReadHtmlCacheBehavior [ RunTime:0.001000s ]
INFO: [ app_begin ] --END-- [ RunTime:0.004000s ]
SQL: SHOW COLUMNS FROM `cate` [ RunTime:0.0110s ]
ERR: 1064:You have an error in your SQL syntax; check the manual that corresponds to your MySQL server version for the right syntax to use near ') LIMIT 1' at line 1
 [ SQL语句 ] : SELECT * FROM `cate` WHERE ( vt_id= ) LIMIT 1  
ERR: 1064:You have an error in your SQL syntax; check the manual that corresponds to your MySQL server version for the right syntax to use near ') LIMIT 1' at line 1
 [ SQL语句 ] : SELECT * FROM `cate` WHERE ( vt_id= ) LIMIT 1  

[ 2017-05-07T16:04:11+08:00 ] 127.0.0.1 /TPvideo/index.php/Admin/Cate/cateupdate.html
INFO: [ app_begin ] --START--
INFO: Run Behavior\ReadHtmlCacheBehavior [ RunTime:0.002000s ]
INFO: [ app_begin ] --END-- [ RunTime:0.003000s ]
SQL: SHOW COLUMNS FROM `cate` [ RunTime:0.0080s ]
ERR: 1064:You have an error in your SQL syntax; check the manual that corresponds to your MySQL server version for the right syntax to use near ') LIMIT 1' at line 1
 [ SQL语句 ] : SELECT * FROM `cate` WHERE ( vt_id= ) LIMIT 1  
ERR: 1064:You have an error in your SQL syntax; check the manual that corresponds to your MySQL server version for the right syntax to use near ') LIMIT 1' at line 1
 [ SQL语句 ] : SELECT * FROM `cate` WHERE ( vt_id= ) LIMIT 1  

[ 2017-05-07T16:05:06+08:00 ] 127.0.0.1 /TPvideo/index.php/Admin/Cate/cateupdate.html
INFO: [ app_begin ] --START--
INFO: Run Behavior\ReadHtmlCacheBehavior [ RunTime:0.004000s ]
INFO: [ app_begin ] --END-- [ RunTime:0.006001s ]
SQL: SHOW COLUMNS FROM `cate` [ RunTime:0.0060s ]
SQL: SELECT * FROM `cate` WHERE ( vt_id=12 ) LIMIT 1   [ RunTime:0.0000s ]

[ 2017-05-07T16:06:15+08:00 ] 127.0.0.1 /TPvideo/index.php/Admin/Cate/cateupdate.html
INFO: [ app_begin ] --START--
INFO: Run Behavior\ReadHtmlCacheBehavior [ RunTime:0.000000s ]
INFO: [ app_begin ] --END-- [ RunTime:0.002000s ]
SQL: SHOW COLUMNS FROM `cate` [ RunTime:0.0080s ]
SQL: SELECT * FROM `cate` WHERE ( vt_id=12 ) LIMIT 1   [ RunTime:0.0010s ]

[ 2017-05-07T16:06:52+08:00 ] 127.0.0.1 /TPvideo/index.php/Admin/Cate/cateupdate.html
INFO: [ app_begin ] --START--
INFO: Run Behavior\ReadHtmlCacheBehavior [ RunTime:0.005001s ]
INFO: [ app_begin ] --END-- [ RunTime:0.006001s ]
SQL: SHOW COLUMNS FROM `cate` [ RunTime:0.0100s ]
SQL: SELECT * FROM `cate` WHERE ( vt_id=12 ) LIMIT 1   [ RunTime:0.0010s ]

[ 2017-05-07T16:06:52+08:00 ] 127.0.0.1 /TPvideo/index.php/Admin/Cate/cateupdate.html
INFO: [ app_begin ] --START--
INFO: Run Behavior\ReadHtmlCacheBehavior [ RunTime:0.001000s ]
INFO: [ app_begin ] --END-- [ RunTime:0.001000s ]
SQL: SHOW COLUMNS FROM `cate` [ RunTime:0.0060s ]
SQL: SELECT * FROM `cate` WHERE ( vt_id=12 ) LIMIT 1   [ RunTime:0.0010s ]

[ 2017-05-07T16:07:16+08:00 ] 127.0.0.1 /TPvideo/index.php/Admin/Cate/cateupdate.html
INFO: [ app_begin ] --START--
INFO: Run Behavior\ReadHtmlCacheBehavior [ RunTime:0.001001s ]
INFO: [ app_begin ] --END-- [ RunTime:0.001001s ]
SQL: SHOW COLUMNS FROM `cate` [ RunTime:0.0070s ]
SQL: SELECT * FROM `cate` WHERE ( vt_id=8 ) LIMIT 1   [ RunTime:0.0000s ]

[ 2017-05-07T16:18:44+08:00 ] 127.0.0.1 /TPvideo/index.php/Admin/Video/videoupdate.html
INFO: [ app_begin ] --START--
INFO: Run Behavior\ReadHtmlCacheBehavior [ RunTime:0.001000s ]
INFO: [ app_begin ] --END-- [ RunTime:0.001000s ]
SQL: SHOW COLUMNS FROM `video` [ RunTime:0.0070s ]
SQL: SELECT * FROM `video` WHERE ( vid=1 ) LIMIT 1   [ RunTime:0.0010s ]

[ 2017-05-07T16:19:07+08:00 ] 127.0.0.1 /TPvideo/index.php/Admin/Cate/cateupdate.html
INFO: [ app_begin ] --START--
INFO: Run Behavior\ReadHtmlCacheBehavior [ RunTime:0.001000s ]
INFO: [ app_begin ] --END-- [ RunTime:0.002000s ]
SQL: SHOW COLUMNS FROM `cate` [ RunTime:0.0110s ]
SQL: SELECT * FROM `cate` WHERE ( vt_id=1 ) LIMIT 1   [ RunTime:0.0010s ]

[ 2017-05-07T22:50:19+08:00 ] 127.0.0.1 /TPvideo/index.php/Admin/Cate/deleteCat.html
INFO: [ app_begin ] --START--
INFO: Run Behavior\ReadHtmlCacheBehavior [ RunTime:0.001000s ]
INFO: [ app_begin ] --END-- [ RunTime:0.002000s ]
SQL: SHOW COLUMNS FROM `cate` [ RunTime:0.0070s ]

[ 2017-05-07T22:52:15+08:00 ] 127.0.0.1 /TPvideo/index.php/Admin/Cate/deleteCat.html
INFO: [ app_begin ] --START--
INFO: Run Behavior\ReadHtmlCacheBehavior [ RunTime:0.001000s ]
INFO: [ app_begin ] --END-- [ RunTime:0.002000s ]
SQL: SHOW COLUMNS FROM `cate` [ RunTime:0.0070s ]

[ 2017-05-07T22:52:15+08:00 ] 127.0.0.1 /TPvideo/index.php/Admin/Cate/deleteCat.html
INFO: [ app_begin ] --START--
INFO: Run Behavior\ReadHtmlCacheBehavior [ RunTime:0.001000s ]
INFO: [ app_begin ] --END-- [ RunTime:0.003000s ]
SQL: SHOW COLUMNS FROM `cate` [ RunTime:0.0090s ]

[ 2017-05-07T22:52:15+08:00 ] 127.0.0.1 /TPvideo/index.php/Admin/Cate/deleteCat.html
INFO: [ app_begin ] --START--
INFO: Run Behavior\ReadHtmlCacheBehavior [ RunTime:0.000000s ]
INFO: [ app_begin ] --END-- [ RunTime:0.001000s ]
SQL: SHOW COLUMNS FROM `cate` [ RunTime:0.0100s ]

[ 2017-05-07T22:52:42+08:00 ] 127.0.0.1 /TPvideo/index.php/Admin/Cate/deleteCat.html
INFO: [ app_begin ] --START--
INFO: Run Behavior\ReadHtmlCacheBehavior [ RunTime:0.001000s ]
INFO: [ app_begin ] --END-- [ RunTime:0.002000s ]
SQL: SHOW COLUMNS FROM `cate` [ RunTime:0.0110s ]

[ 2017-05-07T22:55:33+08:00 ] 127.0.0.1 /TPvideo/index.php/Admin/Cate/deleteCat.html
INFO: [ app_begin ] --START--
INFO: Run Behavior\ReadHtmlCacheBehavior [ RunTime:0.008001s ]
INFO: [ app_begin ] --END-- [ RunTime:0.010001s ]
SQL: SHOW COLUMNS FROM `cate` [ RunTime:0.0140s ]

[ 2017-05-07T23:35:17+08:00 ] 127.0.0.1 /TPvideo/index.php/Admin/Cate/catelist.html
ERR: Think\Model:getAllDate方法不存在！

[ 2017-05-07T23:42:03+08:00 ] 127.0.0.1 /TPvideo/index.php/Admin/Cate/deleteCat.html
INFO: [ app_begin ] --START--
INFO: Run Behavior\ReadHtmlCacheBehavior [ RunTime:0.001000s ]
INFO: [ app_begin ] --END-- [ RunTime:0.008000s ]
SQL: SHOW COLUMNS FROM `cate` [ RunTime:0.0140s ]

[ 2017-05-07T23:43:52+08:00 ] 127.0.0.1 /TPvideo/index.php/Admin/Cate/deleteCat.html
INFO: [ app_begin ] --START--
INFO: Run Behavior\ReadHtmlCacheBehavior [ RunTime:0.001000s ]
INFO: [ app_begin ] --END-- [ RunTime:0.002000s ]
SQL: SHOW COLUMNS FROM `cate` [ RunTime:0.0080s ]
NOTIC: [8] Use of undefined constant i - assumed 'i' C:\wamp\www\TPvideo\Application\Admin\Controller\CateController.class.php 第 62 行.
NOTIC: [8] Undefined index: i C:\wamp\www\TPvideo\Application\Admin\Controller\CateController.class.php 第 62 行.
SQL: SELECT * FROM `cate` WHERE ( level = '' )  [ RunTime:0.0010s ]

[ 2017-05-07T23:44:20+08:00 ] 127.0.0.1 /TPvideo/index.php/Admin/Cate/deleteCat.html
INFO: [ app_begin ] --START--
INFO: Run Behavior\ReadHtmlCacheBehavior [ RunTime:0.002001s ]
INFO: [ app_begin ] --END-- [ RunTime:0.005001s ]
SQL: SHOW COLUMNS FROM `cate` [ RunTime:0.0120s ]
NOTIC: [8] Use of undefined constant i - assumed 'i' C:\wamp\www\TPvideo\Application\Admin\Controller\CateController.class.php 第 62 行.
NOTIC: [8] Undefined index: i C:\wamp\www\TPvideo\Application\Admin\Controller\CateController.class.php 第 62 行.
SQL: SELECT * FROM `cate` WHERE ( level = '' )  [ RunTime:0.0010s ]

[ 2017-05-07T23:46:09+08:00 ] 127.0.0.1 /TPvideo/index.php/Admin/Cate/deleteCat.html
INFO: [ app_begin ] --START--
INFO: Run Behavior\ReadHtmlCacheBehavior [ RunTime:0.001000s ]
INFO: [ app_begin ] --END-- [ RunTime:0.002000s ]
SQL: SHOW COLUMNS FROM `cate` [ RunTime:0.0100s ]
NOTIC: [8] Use of undefined constant i - assumed 'i' C:\wamp\www\TPvideo\Application\Admin\Controller\CateController.class.php 第 62 行.
NOTIC: [8] Undefined index: i C:\wamp\www\TPvideo\Application\Admin\Controller\CateController.class.php 第 62 行.
SQL: SELECT * FROM `cate` WHERE ( level = '' )  [ RunTime:0.0010s ]

[ 2017-05-07T23:46:33+08:00 ] 127.0.0.1 /TPvideo/index.php/Admin/Cate/deleteCat.html
INFO: [ app_begin ] --START--
INFO: Run Behavior\ReadHtmlCacheBehavior [ RunTime:0.001000s ]
INFO: [ app_begin ] --END-- [ RunTime:0.002000s ]
SQL: SHOW COLUMNS FROM `cate` [ RunTime:0.0120s ]
NOTIC: [8] Use of undefined constant i - assumed 'i' C:\wamp\www\TPvideo\Application\Admin\Controller\CateController.class.php 第 62 行.
NOTIC: [8] Undefined index: i C:\wamp\www\TPvideo\Application\Admin\Controller\CateController.class.php 第 62 行.
SQL: SELECT * FROM `cate` WHERE ( level = '' )  [ RunTime:0.0010s ]

[ 2017-05-07T23:47:37+08:00 ] 127.0.0.1 /TPvideo/index.php/Admin/Cate/deleteCat.html
INFO: [ app_begin ] --START--
INFO: Run Behavior\ReadHtmlCacheBehavior [ RunTime:0.002000s ]
INFO: [ app_begin ] --END-- [ RunTime:0.003000s ]
SQL: SHOW COLUMNS FROM `cate` [ RunTime:0.0110s ]
NOTIC: [8] Use of undefined constant i - assumed 'i' C:\wamp\www\TPvideo\Application\Admin\Controller\CateController.class.php 第 62 行.
NOTIC: [8] Undefined index: i C:\wamp\www\TPvideo\Application\Admin\Controller\CateController.class.php 第 62 行.
SQL: SELECT * FROM `cate` WHERE ( level = '' )  [ RunTime:0.0010s ]

[ 2017-05-07T23:47:49+08:00 ] 127.0.0.1 /TPvideo/index.php/Admin/Cate/deleteCat.html
INFO: [ app_begin ] --START--
INFO: Run Behavior\ReadHtmlCacheBehavior [ RunTime:0.002000s ]
INFO: [ app_begin ] --END-- [ RunTime:0.004000s ]
SQL: SHOW COLUMNS FROM `cate` [ RunTime:0.0110s ]
NOTIC: [8] Use of undefined constant i - assumed 'i' C:\wamp\www\TPvideo\Application\Admin\Controller\CateController.class.php 第 62 行.
NOTIC: [8] Undefined index: i C:\wamp\www\TPvideo\Application\Admin\Controller\CateController.class.php 第 62 行.
SQL: SELECT * FROM `cate` WHERE ( level = '' )  [ RunTime:0.0010s ]

[ 2017-05-07T23:50:55+08:00 ] 127.0.0.1 /TPvideo/index.php/Admin/Cate/deleteCat.html
INFO: [ app_begin ] --START--
INFO: Run Behavior\ReadHtmlCacheBehavior [ RunTime:0.001000s ]
INFO: [ app_begin ] --END-- [ RunTime:0.002001s ]
SQL: SHOW COLUMNS FROM `cate` [ RunTime:0.0110s ]
NOTIC: [8] Use of undefined constant i - assumed 'i' C:\wamp\www\TPvideo\Application\Admin\Controller\CateController.class.php 第 62 行.
NOTIC: [8] Undefined index: i C:\wamp\www\TPvideo\Application\Admin\Controller\CateController.class.php 第 62 行.
SQL: SELECT * FROM `cate` WHERE ( level = '' )  [ RunTime:0.0010s ]

[ 2017-05-07T23:53:20+08:00 ] 127.0.0.1 /TPvideo/index.php/Admin/Book/bookdelete.html
INFO: [ app_begin ] --START--
INFO: Run Behavior\ReadHtmlCacheBehavior [ RunTime:0.001000s ]
INFO: [ app_begin ] --END-- [ RunTime:0.002000s ]
SQL: SHOW COLUMNS FROM `review` [ RunTime:0.0100s ]
SQL: DELETE FROM `review` WHERE `ReID` IN ('2','3') [ RunTime:0.0860s ]

[ 2017-05-07T23:53:44+08:00 ] 127.0.0.1 /TPvideo/index.php/Admin/Cate/deleteCat.html
INFO: [ app_begin ] --START--
INFO: Run Behavior\ReadHtmlCacheBehavior [ RunTime:0.003001s ]
INFO: [ app_begin ] --END-- [ RunTime:0.005001s ]
SQL: SHOW COLUMNS FROM `cate` [ RunTime:0.0120s ]
NOTIC: [8] Use of undefined constant i - assumed 'i' C:\wamp\www\TPvideo\Application\Admin\Controller\CateController.class.php 第 62 行.
NOTIC: [8] Undefined index: i C:\wamp\www\TPvideo\Application\Admin\Controller\CateController.class.php 第 62 行.
SQL: SELECT * FROM `cate` WHERE ( level = '' )  [ RunTime:0.0010s ]

[ 2017-05-07T23:56:50+08:00 ] 127.0.0.1 /TPvideo/index.php/Admin/Cate/deleteCat.html
INFO: [ app_begin ] --START--
INFO: Run Behavior\ReadHtmlCacheBehavior [ RunTime:0.000000s ]
INFO: [ app_begin ] --END-- [ RunTime:0.001000s ]
SQL: SHOW COLUMNS FROM `cate` [ RunTime:0.0100s ]
NOTIC: [8] Use of undefined constant i - assumed 'i' C:\wamp\www\TPvideo\Application\Admin\Controller\CateController.class.php 第 62 行.
NOTIC: [8] Undefined index: i C:\wamp\www\TPvideo\Application\Admin\Controller\CateController.class.php 第 62 行.
SQL: SELECT * FROM `cate` WHERE ( level = '' )  [ RunTime:0.0010s ]
NOTIC: [8] Use of undefined constant i - assumed 'i' C:\wamp\www\TPvideo\Application\Admin\Controller\CateController.class.php 第 63 行.
NOTIC: [8] Undefined index: i C:\wamp\www\TPvideo\Application\Admin\Controller\CateController.class.php 第 63 行.
SQL: SELECT * FROM `cate` WHERE ( level = '' )  [ RunTime:0.0010s ]

[ 2017-05-07T23:57:34+08:00 ] 127.0.0.1 /TPvideo/index.php/Admin/Cate/deleteCat.html
INFO: [ app_begin ] --START--
INFO: Run Behavior\ReadHtmlCacheBehavior [ RunTime:0.001000s ]
INFO: [ app_begin ] --END-- [ RunTime:0.002000s ]
SQL: SHOW COLUMNS FROM `cate` [ RunTime:0.0100s ]
NOTIC: [8] Use of undefined constant i - assumed 'i' C:\wamp\www\TPvideo\Application\Admin\Controller\CateController.class.php 第 62 行.
NOTIC: [8] Undefined index: i C:\wamp\www\TPvideo\Application\Admin\Controller\CateController.class.php 第 62 行.
SQL: SELECT * FROM `cate` WHERE ( level = '' )  [ RunTime:0.0000s ]
NOTIC: [8] Use of undefined constant i - assumed 'i' C:\wamp\www\TPvideo\Application\Admin\Controller\CateController.class.php 第 63 行.
NOTIC: [8] Undefined index: i C:\wamp\www\TPvideo\Application\Admin\Controller\CateController.class.php 第 63 行.
SQL: SELECT * FROM `cate` WHERE ( level = '' )  [ RunTime:0.0030s ]

[ 2017-05-07T23:59:25+08:00 ] 127.0.0.1 /TPvideo/index.php/Admin/Cate/deleteCat.html
INFO: [ app_begin ] --START--
INFO: Run Behavior\ReadHtmlCacheBehavior [ RunTime:0.001000s ]
INFO: [ app_begin ] --END-- [ RunTime:0.002000s ]
SQL: SHOW COLUMNS FROM `cate` [ RunTime:0.0070s ]
NOTIC: [8] Use of undefined constant i - assumed 'i' C:\wamp\www\TPvideo\Application\Admin\Controller\CateController.class.php 第 62 行.
NOTIC: [8] Undefined index: i C:\wamp\www\TPvideo\Application\Admin\Controller\CateController.class.php 第 62 行.
SQL: SELECT * FROM `cate` WHERE ( level = '' )  [ RunTime:0.0010s ]
NOTIC: [8] Use of undefined constant i - assumed 'i' C:\wamp\www\TPvideo\Application\Admin\Controller\CateController.class.php 第 63 行.
NOTIC: [8] Undefined index: i C:\wamp\www\TPvideo\Application\Admin\Controller\CateController.class.php 第 63 行.
SQL: SELECT * FROM `cate` WHERE ( level = '' )  [ RunTime:0.0030s ]

